[0.571s] Invoking command in '/home/bestteamever/leo_sim_ws/src/navigation_demos': PYTHONPATH=/home/bestteamever/leo_sim_ws/build/navigation_demos/prefix_override:/usr/lib/python3/dist-packages/colcon_core/task/python/colcon_distutils_commands:/home/bestteamever/leo_sim_ws/install/navigation_demos/lib/python3.10/site-packages:${PYTHONPATH} /usr/bin/python3 -W ignore:setup.py install is deprecated -W ignore:easy_install command is deprecated setup.py egg_info --egg-base ../../build/navigation_demos build --build-base /home/bestteamever/leo_sim_ws/build/navigation_demos/build install --record /home/bestteamever/leo_sim_ws/build/navigation_demos/install.log --single-version-externally-managed install_data
[0.701s] running egg_info
[0.702s] writing ../../build/navigation_demos/navigation_demos.egg-info/PKG-INFO
[0.702s] writing dependency_links to ../../build/navigation_demos/navigation_demos.egg-info/dependency_links.txt
[0.702s] writing entry points to ../../build/navigation_demos/navigation_demos.egg-info/entry_points.txt
[0.702s] writing requirements to ../../build/navigation_demos/navigation_demos.egg-info/requires.txt
[0.702s] writing top-level names to ../../build/navigation_demos/navigation_demos.egg-info/top_level.txt
[0.703s] reading manifest file '../../build/navigation_demos/navigation_demos.egg-info/SOURCES.txt'
[0.704s] writing manifest file '../../build/navigation_demos/navigation_demos.egg-info/SOURCES.txt'
[0.704s] running build
[0.704s] running build_py
[0.704s] running install
[0.704s] running install_lib
[0.705s] running install_data
[0.705s] copying launch/nav_demo_1.launch.py -> /home/bestteamever/leo_sim_ws/install/navigation_demos/share/navigation_demos/launch
[0.706s] running install_egg_info
[0.707s] removing '/home/bestteamever/leo_sim_ws/install/navigation_demos/lib/python3.10/site-packages/navigation_demos-0.0.0-py3.10.egg-info' (and everything under it)
[0.707s] Copying ../../build/navigation_demos/navigation_demos.egg-info to /home/bestteamever/leo_sim_ws/install/navigation_demos/lib/python3.10/site-packages/navigation_demos-0.0.0-py3.10.egg-info
[0.707s] running install_scripts
[0.720s] Installing cube_detector script to /home/bestteamever/leo_sim_ws/install/navigation_demos/lib/navigation_demos
[0.720s] Installing exploration script to /home/bestteamever/leo_sim_ws/install/navigation_demos/lib/navigation_demos
[0.720s] Installing scan_malware script to /home/bestteamever/leo_sim_ws/install/navigation_demos/lib/navigation_demos
[0.720s] writing list of installed files to '/home/bestteamever/leo_sim_ws/build/navigation_demos/install.log'
[0.742s] Invoked command in '/home/bestteamever/leo_sim_ws/src/navigation_demos' returned '0': PYTHONPATH=/home/bestteamever/leo_sim_ws/build/navigation_demos/prefix_override:/usr/lib/python3/dist-packages/colcon_core/task/python/colcon_distutils_commands:/home/bestteamever/leo_sim_ws/install/navigation_demos/lib/python3.10/site-packages:${PYTHONPATH} /usr/bin/python3 -W ignore:setup.py install is deprecated -W ignore:easy_install command is deprecated setup.py egg_info --egg-base ../../build/navigation_demos build --build-base /home/bestteamever/leo_sim_ws/build/navigation_demos/build install --record /home/bestteamever/leo_sim_ws/build/navigation_demos/install.log --single-version-externally-managed install_data
