[0.317s] Invoking command in '/home/bestteamever/leo_sim_ws/build/ros2_laser_scan_merger': CMAKE_PREFIX_PATH=${CMAKE_PREFIX_PATH}:/home/bestteamever/leo_sim_ws/install/navigation_demos:/home/bestteamever/leo_sim_ws/install/leo_description:/opt/ros/humble /usr/bin/cmake /home/bestteamever/leo_sim_ws/src/ros2_laser_scan_merger -DCMAKE_INSTALL_PREFIX=/home/bestteamever/leo_sim_ws/install/ros2_laser_scan_merger
[0.351s] -- The C compiler identification is GNU 11.4.0
[0.398s] -- The CXX compiler identification is GNU 11.4.0
[0.405s] -- Detecting C compiler ABI info
[0.465s] -- Detecting C compiler ABI info - done
[0.472s] -- Check for working C compiler: /usr/bin/cc - skipped
[0.472s] -- Detecting C compile features
[0.473s] -- Detecting C compile features - done
[0.475s] -- Detecting CXX compiler ABI info
[0.537s] -- Detecting CXX compiler ABI info - done
[0.543s] -- Check for working CXX compiler: /usr/bin/c++ - skipped
[0.543s] -- Detecting CXX compile features
[0.543s] -- Detecting CXX compile features - done
[0.545s] -- Found ament_cmake: 1.3.11 (/opt/ros/humble/share/ament_cmake/cmake)
[0.649s] -- Found Python3: /usr/bin/python3 (found version "3.10.12") found components: Interpreter 
[0.716s] -- Found rclcpp: 16.0.11 (/opt/ros/humble/share/rclcpp/cmake)
[0.749s] -- Found rosidl_generator_c: 3.1.6 (/opt/ros/humble/share/rosidl_generator_c/cmake)
[0.752s] -- Found rosidl_adapter: 3.1.6 (/opt/ros/humble/share/rosidl_adapter/cmake)
[0.758s] -- Found rosidl_generator_cpp: 3.1.6 (/opt/ros/humble/share/rosidl_generator_cpp/cmake)
[0.765s] -- Using all available rosidl_typesupport_c: rosidl_typesupport_fastrtps_c;rosidl_typesupport_introspection_c
[0.775s] -- Using all available rosidl_typesupport_cpp: rosidl_typesupport_fastrtps_cpp;rosidl_typesupport_introspection_cpp
[0.801s] -- Found rmw_implementation_cmake: 6.1.2 (/opt/ros/humble/share/rmw_implementation_cmake/cmake)
[0.803s] -- Found rmw_fastrtps_cpp: 6.2.7 (/opt/ros/humble/share/rmw_fastrtps_cpp/cmake)
[0.863s] -- Found OpenSSL: /usr/lib/x86_64-linux-gnu/libcrypto.so (found version "3.0.2")  
[0.887s] -- Found FastRTPS: /opt/ros/humble/include  
[0.910s] -- Using RMW implementation 'rmw_fastrtps_cpp' as default
[0.915s] -- Looking for pthread.h
[0.970s] -- Looking for pthread.h - found
[0.970s] -- Performing Test CMAKE_HAVE_LIBC_PTHREAD
[1.021s] -- Performing Test CMAKE_HAVE_LIBC_PTHREAD - Success
[1.022s] -- Found Threads: TRUE  
[1.051s] -- Found sensor_msgs: 4.2.4 (/opt/ros/humble/share/sensor_msgs/cmake)
[1.068s] -- Found pcl_conversions: 2.4.5 (/opt/ros/humble/share/pcl_conversions/cmake)
[1.094s] -- Checking for module 'eigen3'
[1.104s] --   Found eigen3, version 3.4.0
[1.129s] -- Found Eigen: /usr/include/eigen3 (Required is at least version "3.1") 
[1.129s] -- Eigen found (include: /usr/include/eigen3, version: 3.4.0)
[1.154s] -- Checking for module 'flann'
[1.165s] --   Found flann, version 1.9.1
[1.193s] -- Found FLANN: /usr/lib/x86_64-linux-gnu/libflann_cpp.so  
[1.193s] -- FLANN found (include: /usr/include, lib: /usr/lib/x86_64-linux-gnu/libflann_cpp.so)
[1.834s] -- Checking for module 'libusb-1.0'
[1.843s] --   Found libusb-1.0, version 1.0.25
[1.871s] -- Found libusb: /usr/lib/x86_64-linux-gnu/libusb-1.0.so  
[1.871s] -- OpenNI found (version: 1.5.4.0, include: /usr/include/ni, lib: /usr/lib/libOpenNI.so;libusb::libusb)
[1.915s] -- OpenNI2 found (version: 2.2.0.33, include: /usr/include/openni2, lib: /usr/lib/x86_64-linux-gnu/libOpenNI2.so;libusb::libusb)
[2.009s] -- Eigen found (include: /usr/include/eigen3, version: 3.4.0)
[2.014s] -- OpenNI found (version: 1.5.4.0, include: /usr/include/ni, lib: /usr/lib/libOpenNI.so;libusb::libusb)
[2.018s] -- OpenNI2 found (version: 2.2.0.33, include: /usr/include/openni2, lib: /usr/lib/x86_64-linux-gnu/libOpenNI2.so;libusb::libusb)
[2.110s] -- Found Qhull version 8.0.2
[2.205s] -- OpenNI found (version: 1.5.4.0, include: /usr/include/ni, lib: /usr/lib/libOpenNI.so;libusb::libusb)
[2.303s] -- Found PCL_COMMON: /usr/lib/x86_64-linux-gnu/libpcl_common.so  
[2.304s] -- Found PCL_KDTREE: /usr/lib/x86_64-linux-gnu/libpcl_kdtree.so  
[2.304s] -- Found PCL_OCTREE: /usr/lib/x86_64-linux-gnu/libpcl_octree.so  
[2.305s] -- Found PCL_SEARCH: /usr/lib/x86_64-linux-gnu/libpcl_search.so  
[2.305s] -- Found PCL_SAMPLE_CONSENSUS: /usr/lib/x86_64-linux-gnu/libpcl_sample_consensus.so  
[2.306s] -- Found PCL_FILTERS: /usr/lib/x86_64-linux-gnu/libpcl_filters.so  
[2.306s] -- Found PCL_2D: /usr/include/pcl-1.12  
[2.306s] -- Found PCL_GEOMETRY: /usr/include/pcl-1.12  
[2.307s] -- Found PCL_IO: /usr/lib/x86_64-linux-gnu/libpcl_io.so  
[2.307s] -- Found PCL_FEATURES: /usr/lib/x86_64-linux-gnu/libpcl_features.so  
[2.308s] -- Found PCL_ML: /usr/lib/x86_64-linux-gnu/libpcl_ml.so  
[2.308s] -- Found PCL_SEGMENTATION: /usr/lib/x86_64-linux-gnu/libpcl_segmentation.so  
[2.309s] -- Found PCL_VISUALIZATION: /usr/lib/x86_64-linux-gnu/libpcl_visualization.so  
[2.309s] -- Found PCL_SURFACE: /usr/lib/x86_64-linux-gnu/libpcl_surface.so  
[2.310s] -- Found PCL_REGISTRATION: /usr/lib/x86_64-linux-gnu/libpcl_registration.so  
[2.311s] -- Found PCL_KEYPOINTS: /usr/lib/x86_64-linux-gnu/libpcl_keypoints.so  
[2.311s] -- Found PCL_TRACKING: /usr/lib/x86_64-linux-gnu/libpcl_tracking.so  
[2.312s] -- Found PCL_RECOGNITION: /usr/lib/x86_64-linux-gnu/libpcl_recognition.so  
[2.312s] -- Found PCL_STEREO: /usr/lib/x86_64-linux-gnu/libpcl_stereo.so  
[2.313s] -- Found PCL_APPS: /usr/lib/x86_64-linux-gnu/libpcl_apps.so  
[2.313s] -- Found PCL_IN_HAND_SCANNER: /usr/include/pcl-1.12  
[2.313s] -- Found PCL_MODELER: /usr/include/pcl-1.12  
[2.314s] -- Found PCL_POINT_CLOUD_EDITOR: /usr/include/pcl-1.12  
[2.314s] -- Found PCL_OUTOFCORE: /usr/lib/x86_64-linux-gnu/libpcl_outofcore.so  
[2.315s] -- Found PCL_PEOPLE: /usr/lib/x86_64-linux-gnu/libpcl_people.so  
[2.317s] -- Found tf2_geometry_msgs: 0.25.12 (/opt/ros/humble/share/tf2_geometry_msgs/cmake)
[2.326s] -- Found eigen3_cmake_module: 0.1.1 (/opt/ros/humble/share/eigen3_cmake_module/cmake)
[2.326s] -- Found Eigen3: TRUE (found version "3.4.0") 
[2.327s] -- Ensuring Eigen3 include directory is part of orocos-kdl CMake target
[2.384s] -- Found Boost: /usr/lib/x86_64-linux-gnu/cmake/Boost-1.74.0/BoostConfig.cmake (found version "1.74.0") found components: system 
[2.384s] [33mCMake Warning (dev) at CMakeLists.txt:29 (find_package):
[2.384s]   Policy CMP0074 is not set: find_package uses <PackageName>_ROOT variables.
[2.384s]   Run "cmake --help-policy CMP0074" for policy details.  Use the cmake_policy
[2.384s]   command to set the policy and suppress this warning.
[2.384s] 
[2.385s]   CMake variable PCL_ROOT is set to:
[2.385s] 
[2.385s]     /usr
[2.385s] 
[2.385s]   For compatibility, CMake is ignoring the variable.
[2.385s] This warning is for project developers.  Use -Wno-dev to suppress it.
[2.385s] [0m
[2.402s] -- Found ament_lint_auto: 0.12.11 (/opt/ros/humble/share/ament_lint_auto/cmake)
[2.456s] -- Added test 'copyright' to check source files copyright and LICENSE
[2.458s] -- Added test 'cppcheck' to perform static code analysis on C / C++ code
[2.458s] -- Configured cppcheck include dirs: /home/bestteamever/leo_sim_ws/src/ros2_laser_scan_merger/include
[2.458s] -- Configured cppcheck exclude dirs and/or files: 
[2.459s] -- Added test 'cpplint' to check C / C++ code against the Google style
[2.459s] -- Configured cpplint exclude dirs and/or files: 
[2.459s] -- Added test 'flake8' to check Python code syntax and style conventions
[2.460s] -- Added test 'lint_cmake' to check CMake code style
[2.460s] -- Added test 'pep257' to check Python code against some of the docstring style conventions in PEP 257
[2.461s] -- Added test 'uncrustify' to check C / C++ code style
[2.461s] -- Configured uncrustify additional arguments: 
[2.462s] -- Added test 'xmllint' to check XML markup files
[2.462s] -- Configuring done
[2.488s] -- Generating done
[2.493s] -- Build files have been written to: /home/bestteamever/leo_sim_ws/build/ros2_laser_scan_merger
[2.504s] Invoked command in '/home/bestteamever/leo_sim_ws/build/ros2_laser_scan_merger' returned '0': CMAKE_PREFIX_PATH=${CMAKE_PREFIX_PATH}:/home/bestteamever/leo_sim_ws/install/navigation_demos:/home/bestteamever/leo_sim_ws/install/leo_description:/opt/ros/humble /usr/bin/cmake /home/bestteamever/leo_sim_ws/src/ros2_laser_scan_merger -DCMAKE_INSTALL_PREFIX=/home/bestteamever/leo_sim_ws/install/ros2_laser_scan_merger
[2.505s] Invoking command in '/home/bestteamever/leo_sim_ws/build/ros2_laser_scan_merger': CMAKE_PREFIX_PATH=${CMAKE_PREFIX_PATH}:/home/bestteamever/leo_sim_ws/install/navigation_demos:/home/bestteamever/leo_sim_ws/install/leo_description:/opt/ros/humble /usr/bin/cmake --build /home/bestteamever/leo_sim_ws/build/ros2_laser_scan_merger -- -j16 -l16
[2.541s] [ 50%] [32mBuilding CXX object CMakeFiles/ros2_laser_scan_merger.dir/src/main.cpp.o[0m
[5.076s] [01m[K/home/bestteamever/leo_sim_ws/src/ros2_laser_scan_merger/src/main.cpp:[m[K In member function ‘[01m[Kvoid scanMerger::update_point_cloud_rgb()[m[K’:
[5.076s] [01m[K/home/bestteamever/leo_sim_ws/src/ros2_laser_scan_merger/src/main.cpp:76:57:[m[K [01;35m[Kwarning: [m[Kcomparison of integer expressions of different signedness: ‘[01m[Kint[m[K’ and ‘[01m[Kstd::vector<float>::size_type[m[K’ {aka ‘[01m[Klong unsigned int[m[K’} [[01;35m[K]8;;https://gcc.gnu.org/onlinedocs/gcc/Warning-Options.html#index-Wsign-compare-Wsign-compare]8;;[m[K]
[5.076s]    76 |       for (float i = temp_min_; i <= temp_max_ && [01;35m[Kcount < laser1_->ranges.size()[m[K;
[5.076s]       |                                                   [01;35m[K~~~~~~^~~~~~~~~~~~~~~~~~~~~~~~[m[K
[5.077s] [01m[K/home/bestteamever/leo_sim_ws/src/ros2_laser_scan_merger/src/main.cpp:150:57:[m[K [01;35m[Kwarning: [m[Kcomparison of integer expressions of different signedness: ‘[01m[Kint[m[K’ and ‘[01m[Kstd::vector<float>::size_type[m[K’ {aka ‘[01m[Klong unsigned int[m[K’} [[01;35m[K]8;;https://gcc.gnu.org/onlinedocs/gcc/Warning-Options.html#index-Wsign-compare-Wsign-compare]8;;[m[K]
[5.077s]   150 |       for (float i = temp_min_; i <= temp_max_ && [01;35m[Kcount < laser2_->ranges.size()[m[K;
[5.077s]       |                                                   [01;35m[K~~~~~~^~~~~~~~~~~~~~~~~~~~~~~~[m[K
[8.587s] [100%] [32m[1mLinking CXX executable ros2_laser_scan_merger[0m
[9.043s] [100%] Built target ros2_laser_scan_merger
[9.052s] Invoked command in '/home/bestteamever/leo_sim_ws/build/ros2_laser_scan_merger' returned '0': CMAKE_PREFIX_PATH=${CMAKE_PREFIX_PATH}:/home/bestteamever/leo_sim_ws/install/navigation_demos:/home/bestteamever/leo_sim_ws/install/leo_description:/opt/ros/humble /usr/bin/cmake --build /home/bestteamever/leo_sim_ws/build/ros2_laser_scan_merger -- -j16 -l16
[9.053s] Invoking command in '/home/bestteamever/leo_sim_ws/build/ros2_laser_scan_merger': CMAKE_PREFIX_PATH=${CMAKE_PREFIX_PATH}:/home/bestteamever/leo_sim_ws/install/navigation_demos:/home/bestteamever/leo_sim_ws/install/leo_description:/opt/ros/humble /usr/bin/cmake --install /home/bestteamever/leo_sim_ws/build/ros2_laser_scan_merger
[9.057s] -- Install configuration: ""
[9.057s] -- Installing: /home/bestteamever/leo_sim_ws/install/ros2_laser_scan_merger/share/ros2_laser_scan_merger/launch
[9.057s] -- Installing: /home/bestteamever/leo_sim_ws/install/ros2_laser_scan_merger/share/ros2_laser_scan_merger/launch/merge_2_scan.launch.py
[9.058s] -- Installing: /home/bestteamever/leo_sim_ws/install/ros2_laser_scan_merger/share/ros2_laser_scan_merger/launch/visualize_merge_2_scan.launch.py
[9.058s] -- Installing: /home/bestteamever/leo_sim_ws/install/ros2_laser_scan_merger/share/ros2_laser_scan_merger/config
[9.058s] -- Installing: /home/bestteamever/leo_sim_ws/install/ros2_laser_scan_merger/share/ros2_laser_scan_merger/config/params.yaml
[9.058s] -- Installing: /home/bestteamever/leo_sim_ws/install/ros2_laser_scan_merger/share/ros2_laser_scan_merger/rviz
[9.058s] -- Installing: /home/bestteamever/leo_sim_ws/install/ros2_laser_scan_merger/share/ros2_laser_scan_merger/rviz/ros2_laser_scan_merge.rviz
[9.058s] -- Installing: /home/bestteamever/leo_sim_ws/install/ros2_laser_scan_merger/lib/ros2_laser_scan_merger/ros2_laser_scan_merger
[9.060s] -- Set runtime path of "/home/bestteamever/leo_sim_ws/install/ros2_laser_scan_merger/lib/ros2_laser_scan_merger/ros2_laser_scan_merger" to ""
[9.060s] -- Installing: /home/bestteamever/leo_sim_ws/install/ros2_laser_scan_merger/share/ament_index/resource_index/package_run_dependencies/ros2_laser_scan_merger
[9.060s] -- Installing: /home/bestteamever/leo_sim_ws/install/ros2_laser_scan_merger/share/ament_index/resource_index/parent_prefix_path/ros2_laser_scan_merger
[9.060s] -- Installing: /home/bestteamever/leo_sim_ws/install/ros2_laser_scan_merger/share/ros2_laser_scan_merger/environment/ament_prefix_path.sh
[9.060s] -- Installing: /home/bestteamever/leo_sim_ws/install/ros2_laser_scan_merger/share/ros2_laser_scan_merger/environment/ament_prefix_path.dsv
[9.060s] -- Installing: /home/bestteamever/leo_sim_ws/install/ros2_laser_scan_merger/share/ros2_laser_scan_merger/environment/path.sh
[9.060s] -- Installing: /home/bestteamever/leo_sim_ws/install/ros2_laser_scan_merger/share/ros2_laser_scan_merger/environment/path.dsv
[9.060s] -- Installing: /home/bestteamever/leo_sim_ws/install/ros2_laser_scan_merger/share/ros2_laser_scan_merger/local_setup.bash
[9.060s] -- Installing: /home/bestteamever/leo_sim_ws/install/ros2_laser_scan_merger/share/ros2_laser_scan_merger/local_setup.sh
[9.060s] -- Installing: /home/bestteamever/leo_sim_ws/install/ros2_laser_scan_merger/share/ros2_laser_scan_merger/local_setup.zsh
[9.060s] -- Installing: /home/bestteamever/leo_sim_ws/install/ros2_laser_scan_merger/share/ros2_laser_scan_merger/local_setup.dsv
[9.060s] -- Installing: /home/bestteamever/leo_sim_ws/install/ros2_laser_scan_merger/share/ros2_laser_scan_merger/package.dsv
[9.060s] -- Installing: /home/bestteamever/leo_sim_ws/install/ros2_laser_scan_merger/share/ament_index/resource_index/packages/ros2_laser_scan_merger
[9.060s] -- Installing: /home/bestteamever/leo_sim_ws/install/ros2_laser_scan_merger/share/ros2_laser_scan_merger/cmake/ros2_laser_scan_mergerConfig.cmake
[9.060s] -- Installing: /home/bestteamever/leo_sim_ws/install/ros2_laser_scan_merger/share/ros2_laser_scan_merger/cmake/ros2_laser_scan_mergerConfig-version.cmake
[9.060s] -- Installing: /home/bestteamever/leo_sim_ws/install/ros2_laser_scan_merger/share/ros2_laser_scan_merger/package.xml
[9.062s] Invoked command in '/home/bestteamever/leo_sim_ws/build/ros2_laser_scan_merger' returned '0': CMAKE_PREFIX_PATH=${CMAKE_PREFIX_PATH}:/home/bestteamever/leo_sim_ws/install/navigation_demos:/home/bestteamever/leo_sim_ws/install/leo_description:/opt/ros/humble /usr/bin/cmake --install /home/bestteamever/leo_sim_ws/build/ros2_laser_scan_merger
