[0.019s] Invoking command in '/home/bestteamever/leo_sim_ws/build/laser_scan_merger': CMAKE_PREFIX_PATH=${CMAKE_PREFIX_PATH}:/home/bestteamever/leo_sim_ws/install/navigation_demos:/home/bestteamever/leo_sim_ws/install/leo_description:/opt/ros/humble /usr/bin/cmake --build /home/bestteamever/leo_sim_ws/build/laser_scan_merger -- -j16 -l16
[0.308s] [ 50%] Built target scans_merger
[0.308s] [100%] Built target scans_merger_node
[0.321s] Invoked command in '/home/bestteamever/leo_sim_ws/build/laser_scan_merger' returned '0': CMAKE_PREFIX_PATH=${CMAKE_PREFIX_PATH}:/home/bestteamever/leo_sim_ws/install/navigation_demos:/home/bestteamever/leo_sim_ws/install/leo_description:/opt/ros/humble /usr/bin/cmake --build /home/bestteamever/leo_sim_ws/build/laser_scan_merger -- -j16 -l16
[0.322s] Invoking command in '/home/bestteamever/leo_sim_ws/build/laser_scan_merger': CMAKE_PREFIX_PATH=${CMAKE_PREFIX_PATH}:/home/bestteamever/leo_sim_ws/install/navigation_demos:/home/bestteamever/leo_sim_ws/install/leo_description:/opt/ros/humble /usr/bin/cmake --install /home/bestteamever/leo_sim_ws/build/laser_scan_merger
[0.332s] -- Install configuration: ""
[0.332s] -- Up-to-date: /home/bestteamever/leo_sim_ws/install/laser_scan_merger/lib/libscans_merger.a
[0.333s] -- Up-to-date: /home/bestteamever/leo_sim_ws/install/laser_scan_merger/lib/laser_scan_merger/scans_merger_node
[0.333s] -- Up-to-date: /home/bestteamever/leo_sim_ws/install/laser_scan_merger/lib/laser_scan_merger/scans_merger_node
[0.333s] -- Up-to-date: /home/bestteamever/leo_sim_ws/install/laser_scan_merger/share/laser_scan_merger//launch
[0.333s] -- Up-to-date: /home/bestteamever/leo_sim_ws/install/laser_scan_merger/share/laser_scan_merger//launch/laser_scan_merger.launch.xml
[0.333s] -- Up-to-date: /home/bestteamever/leo_sim_ws/install/laser_scan_merger/share/ament_index/resource_index/package_run_dependencies/laser_scan_merger
[0.333s] -- Up-to-date: /home/bestteamever/leo_sim_ws/install/laser_scan_merger/share/ament_index/resource_index/parent_prefix_path/laser_scan_merger
[0.333s] -- Up-to-date: /home/bestteamever/leo_sim_ws/install/laser_scan_merger/share/laser_scan_merger/environment/ament_prefix_path.sh
[0.334s] -- Up-to-date: /home/bestteamever/leo_sim_ws/install/laser_scan_merger/share/laser_scan_merger/environment/ament_prefix_path.dsv
[0.334s] -- Up-to-date: /home/bestteamever/leo_sim_ws/install/laser_scan_merger/share/laser_scan_merger/environment/path.sh
[0.334s] -- Up-to-date: /home/bestteamever/leo_sim_ws/install/laser_scan_merger/share/laser_scan_merger/environment/path.dsv
[0.334s] -- Up-to-date: /home/bestteamever/leo_sim_ws/install/laser_scan_merger/share/laser_scan_merger/local_setup.bash
[0.334s] -- Up-to-date: /home/bestteamever/leo_sim_ws/install/laser_scan_merger/share/laser_scan_merger/local_setup.sh
[0.334s] -- Up-to-date: /home/bestteamever/leo_sim_ws/install/laser_scan_merger/share/laser_scan_merger/local_setup.zsh
[0.334s] -- Up-to-date: /home/bestteamever/leo_sim_ws/install/laser_scan_merger/share/laser_scan_merger/local_setup.dsv
[0.334s] -- Installing: /home/bestteamever/leo_sim_ws/install/laser_scan_merger/share/laser_scan_merger/package.dsv
[0.334s] -- Up-to-date: /home/bestteamever/leo_sim_ws/install/laser_scan_merger/share/ament_index/resource_index/packages/laser_scan_merger
[0.334s] -- Up-to-date: /home/bestteamever/leo_sim_ws/install/laser_scan_merger/share/laser_scan_merger/cmake/laser_scan_mergerConfig.cmake
[0.334s] -- Up-to-date: /home/bestteamever/leo_sim_ws/install/laser_scan_merger/share/laser_scan_merger/cmake/laser_scan_mergerConfig-version.cmake
[0.334s] -- Up-to-date: /home/bestteamever/leo_sim_ws/install/laser_scan_merger/share/laser_scan_merger/package.xml
[0.363s] Invoked command in '/home/bestteamever/leo_sim_ws/build/laser_scan_merger' returned '0': CMAKE_PREFIX_PATH=${CMAKE_PREFIX_PATH}:/home/bestteamever/leo_sim_ws/install/navigation_demos:/home/bestteamever/leo_sim_ws/install/leo_description:/opt/ros/humble /usr/bin/cmake --install /home/bestteamever/leo_sim_ws/build/laser_scan_merger
