/home/bestteamever/leo_sim_ws/install/navigation_demos/lib/python3.10/site-packages/navigation_demos/exploration.py
/home/bestteamever/leo_sim_ws/install/navigation_demos/lib/python3.10/site-packages/navigation_demos/cube_detector.py
/home/bestteamever/leo_sim_ws/install/navigation_demos/lib/python3.10/site-packages/navigation_demos/scan_malware.py
/home/bestteamever/leo_sim_ws/install/navigation_demos/lib/python3.10/site-packages/navigation_demos/__init__.py
/home/bestteamever/leo_sim_ws/install/navigation_demos/lib/python3.10/site-packages/navigation_demos/__pycache__/exploration.cpython-310.pyc
/home/bestteamever/leo_sim_ws/install/navigation_demos/lib/python3.10/site-packages/navigation_demos/__pycache__/cube_detector.cpython-310.pyc
/home/bestteamever/leo_sim_ws/install/navigation_demos/lib/python3.10/site-packages/navigation_demos/__pycache__/scan_malware.cpython-310.pyc
/home/bestteamever/leo_sim_ws/install/navigation_demos/lib/python3.10/site-packages/navigation_demos/__pycache__/__init__.cpython-310.pyc
/home/bestteamever/leo_sim_ws/install/navigation_demos/share/ament_index/resource_index/packages/navigation_demos
/home/bestteamever/leo_sim_ws/install/navigation_demos/share/navigation_demos/package.xml
/home/bestteamever/leo_sim_ws/install/navigation_demos/share/navigation_demos/launch/nav_merged_lidar_mitch.launch.py
/home/bestteamever/leo_sim_ws/install/navigation_demos/share/navigation_demos/launch/nav_demo_1.launch.py
/home/bestteamever/leo_sim_ws/install/navigation_demos/share/navigation_demos/launch/nav_merged_lidar.launch.py
/home/bestteamever/leo_sim_ws/install/navigation_demos/share/navigation_demos/config/bt_nav.yaml
/home/bestteamever/leo_sim_ws/install/navigation_demos/share/navigation_demos/config/slam_params.yaml
/home/bestteamever/leo_sim_ws/install/navigation_demos/share/navigation_demos/config/nav_params_for_merged.yaml
/home/bestteamever/leo_sim_ws/install/navigation_demos/share/navigation_demos/config/p2s_config.yaml
/home/bestteamever/leo_sim_ws/install/navigation_demos/share/navigation_demos/config/controller.yaml
/home/bestteamever/leo_sim_ws/install/navigation_demos/share/navigation_demos/config/nav_params.yaml
/home/bestteamever/leo_sim_ws/install/navigation_demos/share/navigation_demos/config/maze.yaml
/home/bestteamever/leo_sim_ws/install/navigation_demos/share/navigation_demos/config/planner.yaml
/home/bestteamever/leo_sim_ws/install/navigation_demos/lib/python3.10/site-packages/navigation_demos-0.0.0-py3.10.egg-info/requires.txt
/home/bestteamever/leo_sim_ws/install/navigation_demos/lib/python3.10/site-packages/navigation_demos-0.0.0-py3.10.egg-info/top_level.txt
/home/bestteamever/leo_sim_ws/install/navigation_demos/lib/python3.10/site-packages/navigation_demos-0.0.0-py3.10.egg-info/PKG-INFO
/home/bestteamever/leo_sim_ws/install/navigation_demos/lib/python3.10/site-packages/navigation_demos-0.0.0-py3.10.egg-info/zip-safe
/home/bestteamever/leo_sim_ws/install/navigation_demos/lib/python3.10/site-packages/navigation_demos-0.0.0-py3.10.egg-info/entry_points.txt
/home/bestteamever/leo_sim_ws/install/navigation_demos/lib/python3.10/site-packages/navigation_demos-0.0.0-py3.10.egg-info/dependency_links.txt
/home/bestteamever/leo_sim_ws/install/navigation_demos/lib/python3.10/site-packages/navigation_demos-0.0.0-py3.10.egg-info/SOURCES.txt
/home/bestteamever/leo_sim_ws/install/navigation_demos/lib/navigation_demos/cube_detector
/home/bestteamever/leo_sim_ws/install/navigation_demos/lib/navigation_demos/exploration
/home/bestteamever/leo_sim_ws/install/navigation_demos/lib/navigation_demos/scan_malware
