[0.293s] Invoking command in '/home/bestteamever/leo_sim_ws/build/ros2_laser_scan_merger': CMAKE_PREFIX_PATH=/opt/ros/humble /usr/bin/cmake --build /home/bestteamever/leo_sim_ws/build/ros2_laser_scan_merger -- -j16 -l16
[0.366s] [100%] Built target ros2_laser_scan_merger
[0.374s] Invoked command in '/home/bestteamever/leo_sim_ws/build/ros2_laser_scan_merger' returned '0': CMAKE_PREFIX_PATH=/opt/ros/humble /usr/bin/cmake --build /home/bestteamever/leo_sim_ws/build/ros2_laser_scan_merger -- -j16 -l16
[0.376s] Invoking command in '/home/bestteamever/leo_sim_ws/build/ros2_laser_scan_merger': CMAKE_PREFIX_PATH=/opt/ros/humble /usr/bin/cmake --install /home/bestteamever/leo_sim_ws/build/ros2_laser_scan_merger
[0.380s] -- Install configuration: ""
[0.380s] -- Up-to-date: /home/bestteamever/leo_sim_ws/install/ros2_laser_scan_merger/share/ros2_laser_scan_merger/launch
[0.380s] -- Up-to-date: /home/bestteamever/leo_sim_ws/install/ros2_laser_scan_merger/share/ros2_laser_scan_merger/launch/merge_2_scan.launch.py
[0.380s] -- Up-to-date: /home/bestteamever/leo_sim_ws/install/ros2_laser_scan_merger/share/ros2_laser_scan_merger/launch/visualize_merge_2_scan.launch.py
[0.380s] -- Up-to-date: /home/bestteamever/leo_sim_ws/install/ros2_laser_scan_merger/share/ros2_laser_scan_merger/config
[0.380s] -- Up-to-date: /home/bestteamever/leo_sim_ws/install/ros2_laser_scan_merger/share/ros2_laser_scan_merger/config/params.yaml
[0.380s] -- Up-to-date: /home/bestteamever/leo_sim_ws/install/ros2_laser_scan_merger/share/ros2_laser_scan_merger/rviz
[0.381s] -- Up-to-date: /home/bestteamever/leo_sim_ws/install/ros2_laser_scan_merger/share/ros2_laser_scan_merger/rviz/ros2_laser_scan_merge.rviz
[0.381s] -- Up-to-date: /home/bestteamever/leo_sim_ws/install/ros2_laser_scan_merger/lib/ros2_laser_scan_merger/ros2_laser_scan_merger
[0.381s] -- Up-to-date: /home/bestteamever/leo_sim_ws/install/ros2_laser_scan_merger/share/ament_index/resource_index/package_run_dependencies/ros2_laser_scan_merger
[0.381s] -- Up-to-date: /home/bestteamever/leo_sim_ws/install/ros2_laser_scan_merger/share/ament_index/resource_index/parent_prefix_path/ros2_laser_scan_merger
[0.382s] -- Up-to-date: /home/bestteamever/leo_sim_ws/install/ros2_laser_scan_merger/share/ros2_laser_scan_merger/environment/ament_prefix_path.sh
[0.382s] -- Up-to-date: /home/bestteamever/leo_sim_ws/install/ros2_laser_scan_merger/share/ros2_laser_scan_merger/environment/ament_prefix_path.dsv
[0.382s] -- Up-to-date: /home/bestteamever/leo_sim_ws/install/ros2_laser_scan_merger/share/ros2_laser_scan_merger/environment/path.sh
[0.382s] -- Up-to-date: /home/bestteamever/leo_sim_ws/install/ros2_laser_scan_merger/share/ros2_laser_scan_merger/environment/path.dsv
[0.382s] -- Up-to-date: /home/bestteamever/leo_sim_ws/install/ros2_laser_scan_merger/share/ros2_laser_scan_merger/local_setup.bash
[0.382s] -- Up-to-date: /home/bestteamever/leo_sim_ws/install/ros2_laser_scan_merger/share/ros2_laser_scan_merger/local_setup.sh
[0.382s] -- Up-to-date: /home/bestteamever/leo_sim_ws/install/ros2_laser_scan_merger/share/ros2_laser_scan_merger/local_setup.zsh
[0.382s] -- Up-to-date: /home/bestteamever/leo_sim_ws/install/ros2_laser_scan_merger/share/ros2_laser_scan_merger/local_setup.dsv
[0.382s] -- Installing: /home/bestteamever/leo_sim_ws/install/ros2_laser_scan_merger/share/ros2_laser_scan_merger/package.dsv
[0.382s] -- Up-to-date: /home/bestteamever/leo_sim_ws/install/ros2_laser_scan_merger/share/ament_index/resource_index/packages/ros2_laser_scan_merger
[0.382s] -- Up-to-date: /home/bestteamever/leo_sim_ws/install/ros2_laser_scan_merger/share/ros2_laser_scan_merger/cmake/ros2_laser_scan_mergerConfig.cmake
[0.382s] -- Up-to-date: /home/bestteamever/leo_sim_ws/install/ros2_laser_scan_merger/share/ros2_laser_scan_merger/cmake/ros2_laser_scan_mergerConfig-version.cmake
[0.382s] -- Up-to-date: /home/bestteamever/leo_sim_ws/install/ros2_laser_scan_merger/share/ros2_laser_scan_merger/package.xml
[0.383s] Invoked command in '/home/bestteamever/leo_sim_ws/build/ros2_laser_scan_merger' returned '0': CMAKE_PREFIX_PATH=/opt/ros/humble /usr/bin/cmake --install /home/bestteamever/leo_sim_ws/build/ros2_laser_scan_merger
