-- The C compiler identification is GNU 11.4.0
-- The CXX compiler identification is GNU 11.4.0
-- Detecting C compiler ABI info
-- Detecting C compiler ABI info - done
-- Check for working C compiler: /usr/bin/cc - skipped
-- Detecting C compile features
-- Detecting C compile features - done
-- Detecting CXX compiler ABI info
-- Detecting CXX compiler ABI info - done
-- Check for working CXX compiler: /usr/bin/c++ - skipped
-- Detecting CXX compile features
-- Detecting CXX compile features - done
-- Found ament_cmake: 1.3.11 (/opt/ros/humble/share/ament_cmake/cmake)
-- Found Python3: /usr/bin/python3 (found version "3.10.12") found components: Interpreter 
-- Found rclcpp: 16.0.11 (/opt/ros/humble/share/rclcpp/cmake)
-- Found rosidl_generator_c: 3.1.6 (/opt/ros/humble/share/rosidl_generator_c/cmake)
-- Found rosidl_adapter: 3.1.6 (/opt/ros/humble/share/rosidl_adapter/cmake)
-- Found rosidl_generator_cpp: 3.1.6 (/opt/ros/humble/share/rosidl_generator_cpp/cmake)
-- Using all available rosidl_typesupport_c: rosidl_typesupport_fastrtps_c;rosidl_typesupport_introspection_c
-- Using all available rosidl_typesupport_cpp: rosidl_typesupport_fastrtps_cpp;rosidl_typesupport_introspection_cpp
-- Found rmw_implementation_cmake: 6.1.2 (/opt/ros/humble/share/rmw_implementation_cmake/cmake)
-- Found rmw_fastrtps_cpp: 6.2.7 (/opt/ros/humble/share/rmw_fastrtps_cpp/cmake)
-- Found OpenSSL: /usr/lib/x86_64-linux-gnu/libcrypto.so (found version "3.0.2")  
-- Found FastRTPS: /opt/ros/humble/include  
-- Using RMW implementation 'rmw_fastrtps_cpp' as default
-- Looking for pthread.h
-- Looking for pthread.h - found
-- Performing Test CMAKE_HAVE_LIBC_PTHREAD
-- Performing Test CMAKE_HAVE_LIBC_PTHREAD - Success
-- Found Threads: TRUE  
-- Found geometry_msgs: 4.2.4 (/opt/ros/humble/share/geometry_msgs/cmake)
-- Found sensor_msgs: 4.2.4 (/opt/ros/humble/share/sensor_msgs/cmake)
-- Found std_srvs: 4.2.4 (/opt/ros/humble/share/std_srvs/cmake)
-- Found tf2: 0.25.12 (/opt/ros/humble/share/tf2/cmake)
-- Found tf2_ros: 0.25.12 (/opt/ros/humble/share/tf2_ros/cmake)
-- Found tf2_sensor_msgs: 0.25.12 (/opt/ros/humble/share/tf2_sensor_msgs/cmake)
-- Found tf2_geometry_msgs: 0.25.12 (/opt/ros/humble/share/tf2_geometry_msgs/cmake)
-- Found Eigen3: TRUE (found version "3.4.0") 
-- Ensuring Eigen3 include directory is part of orocos-kdl CMake target
-- Found laser_geometry: 2.4.0 (/opt/ros/humble/share/laser_geometry/cmake)
-- Found Boost: /usr/lib/x86_64-linux-gnu/cmake/Boost-1.74.0/BoostConfig.cmake (found suitable version "1.74.0", minimum required is "1.54.0") found components: system 
-- Configuring done
-- Generating done
-- Build files have been written to: /home/bestteamever/leo_sim_ws/build/laser_scan_merger
[ 25%] [32mBuilding CXX object CMakeFiles/scans_merger.dir/src/scans_merger.cpp.o[0m
[ 50%] [32m[1mLinking CXX static library libscans_merger.a[0m
[ 50%] Built target scans_merger
[ 75%] [32mBuilding CXX object CMakeFiles/scans_merger_node.dir/src/nodes/scans_merger_node.cpp.o[0m
[100%] [32m[1mLinking CXX executable scans_merger_node[0m
[100%] Built target scans_merger_node
-- Install configuration: ""
-- Installing: /home/bestteamever/leo_sim_ws/install/laser_scan_merger/lib/libscans_merger.a
-- Installing: /home/bestteamever/leo_sim_ws/install/laser_scan_merger/lib/laser_scan_merger/scans_merger_node
-- Set runtime path of "/home/bestteamever/leo_sim_ws/install/laser_scan_merger/lib/laser_scan_merger/scans_merger_node" to ""
-- Up-to-date: /home/bestteamever/leo_sim_ws/install/laser_scan_merger/lib/laser_scan_merger/scans_merger_node
-- Installing: /home/bestteamever/leo_sim_ws/install/laser_scan_merger/share/laser_scan_merger//launch
-- Installing: /home/bestteamever/leo_sim_ws/install/laser_scan_merger/share/laser_scan_merger//launch/laser_scan_merger.launch.xml
-- Installing: /home/bestteamever/leo_sim_ws/install/laser_scan_merger/share/ament_index/resource_index/package_run_dependencies/laser_scan_merger
-- Installing: /home/bestteamever/leo_sim_ws/install/laser_scan_merger/share/ament_index/resource_index/parent_prefix_path/laser_scan_merger
-- Installing: /home/bestteamever/leo_sim_ws/install/laser_scan_merger/share/laser_scan_merger/environment/ament_prefix_path.sh
-- Installing: /home/bestteamever/leo_sim_ws/install/laser_scan_merger/share/laser_scan_merger/environment/ament_prefix_path.dsv
-- Installing: /home/bestteamever/leo_sim_ws/install/laser_scan_merger/share/laser_scan_merger/environment/path.sh
-- Installing: /home/bestteamever/leo_sim_ws/install/laser_scan_merger/share/laser_scan_merger/environment/path.dsv
-- Installing: /home/bestteamever/leo_sim_ws/install/laser_scan_merger/share/laser_scan_merger/local_setup.bash
-- Installing: /home/bestteamever/leo_sim_ws/install/laser_scan_merger/share/laser_scan_merger/local_setup.sh
-- Installing: /home/bestteamever/leo_sim_ws/install/laser_scan_merger/share/laser_scan_merger/local_setup.zsh
-- Installing: /home/bestteamever/leo_sim_ws/install/laser_scan_merger/share/laser_scan_merger/local_setup.dsv
-- Installing: /home/bestteamever/leo_sim_ws/install/laser_scan_merger/share/laser_scan_merger/package.dsv
-- Installing: /home/bestteamever/leo_sim_ws/install/laser_scan_merger/share/ament_index/resource_index/packages/laser_scan_merger
-- Installing: /home/bestteamever/leo_sim_ws/install/laser_scan_merger/share/laser_scan_merger/cmake/laser_scan_mergerConfig.cmake
-- Installing: /home/bestteamever/leo_sim_ws/install/laser_scan_merger/share/laser_scan_merger/cmake/laser_scan_mergerConfig-version.cmake
-- Installing: /home/bestteamever/leo_sim_ws/install/laser_scan_merger/share/laser_scan_merger/package.xml
