[0.018s] Invoking command in '/home/bestteamever/leo_sim_ws/build/laser_scan_merger': CMAKE_PREFIX_PATH=${CMAKE_PREFIX_PATH}:/home/bestteamever/leo_sim_ws/install/navigation_demos:/home/bestteamever/leo_sim_ws/install/leo_description:/opt/ros/humble /usr/bin/cmake /home/bestteamever/leo_sim_ws/src/scan_merger_2 -DCMAKE_INSTALL_PREFIX=/home/bestteamever/leo_sim_ws/install/laser_scan_merger
[0.341s] -- The C compiler identification is GNU 11.4.0
[0.341s] -- The CXX compiler identification is GNU 11.4.0
[0.341s] -- Detecting C compiler ABI info
[0.341s] -- Detecting C compiler ABI info - done
[0.341s] -- Check for working C compiler: /usr/bin/cc - skipped
[0.341s] -- Detecting C compile features
[0.341s] -- Detecting C compile features - done
[0.341s] -- Detecting CXX compiler ABI info
[0.342s] -- Detecting CXX compiler ABI info - done
[0.342s] -- Check for working CXX compiler: /usr/bin/c++ - skipped
[0.342s] -- Detecting CXX compile features
[0.342s] -- Detecting CXX compile features - done
[0.342s] -- Found ament_cmake: 1.3.11 (/opt/ros/humble/share/ament_cmake/cmake)
[0.424s] -- Found Python3: /usr/bin/python3 (found version "3.10.12") found components: Interpreter 
[0.504s] -- Found rclcpp: 16.0.11 (/opt/ros/humble/share/rclcpp/cmake)
[0.547s] -- Found rosidl_generator_c: 3.1.6 (/opt/ros/humble/share/rosidl_generator_c/cmake)
[0.551s] -- Found rosidl_adapter: 3.1.6 (/opt/ros/humble/share/rosidl_adapter/cmake)
[0.558s] -- Found rosidl_generator_cpp: 3.1.6 (/opt/ros/humble/share/rosidl_generator_cpp/cmake)
[0.570s] -- Using all available rosidl_typesupport_c: rosidl_typesupport_fastrtps_c;rosidl_typesupport_introspection_c
[0.583s] -- Using all available rosidl_typesupport_cpp: rosidl_typesupport_fastrtps_cpp;rosidl_typesupport_introspection_cpp
[0.625s] -- Found rmw_implementation_cmake: 6.1.2 (/opt/ros/humble/share/rmw_implementation_cmake/cmake)
[0.628s] -- Found rmw_fastrtps_cpp: 6.2.7 (/opt/ros/humble/share/rmw_fastrtps_cpp/cmake)
[0.702s] -- Found OpenSSL: /usr/lib/x86_64-linux-gnu/libcrypto.so (found version "3.0.2")  
[0.724s] -- Found FastRTPS: /opt/ros/humble/include  
[0.753s] -- Using RMW implementation 'rmw_fastrtps_cpp' as default
[0.760s] -- Looking for pthread.h
[0.818s] -- Looking for pthread.h - found
[0.819s] -- Performing Test CMAKE_HAVE_LIBC_PTHREAD
[0.876s] -- Performing Test CMAKE_HAVE_LIBC_PTHREAD - Success
[0.877s] -- Found Threads: TRUE  
[0.917s] -- Found geometry_msgs: 4.2.4 (/opt/ros/humble/share/geometry_msgs/cmake)
[0.928s] -- Found sensor_msgs: 4.2.4 (/opt/ros/humble/share/sensor_msgs/cmake)
[0.942s] -- Found std_srvs: 4.2.4 (/opt/ros/humble/share/std_srvs/cmake)
[0.952s] -- Found tf2: 0.25.12 (/opt/ros/humble/share/tf2/cmake)
[0.960s] -- Found tf2_ros: 0.25.12 (/opt/ros/humble/share/tf2_ros/cmake)
[1.041s] -- Found tf2_sensor_msgs: 0.25.12 (/opt/ros/humble/share/tf2_sensor_msgs/cmake)
[1.054s] -- Found tf2_geometry_msgs: 0.25.12 (/opt/ros/humble/share/tf2_geometry_msgs/cmake)
[1.059s] -- Found Eigen3: TRUE (found version "3.4.0") 
[1.060s] -- Ensuring Eigen3 include directory is part of orocos-kdl CMake target
[1.061s] -- Found laser_geometry: 2.4.0 (/opt/ros/humble/share/laser_geometry/cmake)
[1.073s] -- Found Boost: /usr/lib/x86_64-linux-gnu/cmake/Boost-1.74.0/BoostConfig.cmake (found suitable version "1.74.0", minimum required is "1.54.0") found components: system 
[1.130s] -- Configuring done
[1.153s] -- Generating done
[1.158s] -- Build files have been written to: /home/bestteamever/leo_sim_ws/build/laser_scan_merger
[1.167s] Invoked command in '/home/bestteamever/leo_sim_ws/build/laser_scan_merger' returned '0': CMAKE_PREFIX_PATH=${CMAKE_PREFIX_PATH}:/home/bestteamever/leo_sim_ws/install/navigation_demos:/home/bestteamever/leo_sim_ws/install/leo_description:/opt/ros/humble /usr/bin/cmake /home/bestteamever/leo_sim_ws/src/scan_merger_2 -DCMAKE_INSTALL_PREFIX=/home/bestteamever/leo_sim_ws/install/laser_scan_merger
[1.168s] Invoking command in '/home/bestteamever/leo_sim_ws/build/laser_scan_merger': CMAKE_PREFIX_PATH=${CMAKE_PREFIX_PATH}:/home/bestteamever/leo_sim_ws/install/navigation_demos:/home/bestteamever/leo_sim_ws/install/leo_description:/opt/ros/humble /usr/bin/cmake --build /home/bestteamever/leo_sim_ws/build/laser_scan_merger -- -j16 -l16
[1.206s] [ 25%] [32mBuilding CXX object CMakeFiles/scans_merger.dir/src/scans_merger.cpp.o[0m
[9.713s] [ 50%] [32m[1mLinking CXX static library libscans_merger.a[0m
[9.813s] [ 50%] Built target scans_merger
[9.830s] [ 75%] [32mBuilding CXX object CMakeFiles/scans_merger_node.dir/src/nodes/scans_merger_node.cpp.o[0m
[12.761s] [100%] [32m[1mLinking CXX executable scans_merger_node[0m
[13.134s] [100%] Built target scans_merger_node
[13.144s] Invoked command in '/home/bestteamever/leo_sim_ws/build/laser_scan_merger' returned '0': CMAKE_PREFIX_PATH=${CMAKE_PREFIX_PATH}:/home/bestteamever/leo_sim_ws/install/navigation_demos:/home/bestteamever/leo_sim_ws/install/leo_description:/opt/ros/humble /usr/bin/cmake --build /home/bestteamever/leo_sim_ws/build/laser_scan_merger -- -j16 -l16
[13.146s] Invoking command in '/home/bestteamever/leo_sim_ws/build/laser_scan_merger': CMAKE_PREFIX_PATH=${CMAKE_PREFIX_PATH}:/home/bestteamever/leo_sim_ws/install/navigation_demos:/home/bestteamever/leo_sim_ws/install/leo_description:/opt/ros/humble /usr/bin/cmake --install /home/bestteamever/leo_sim_ws/build/laser_scan_merger
[13.151s] -- Install configuration: ""
[13.151s] -- Installing: /home/bestteamever/leo_sim_ws/install/laser_scan_merger/lib/libscans_merger.a
[13.157s] -- Installing: /home/bestteamever/leo_sim_ws/install/laser_scan_merger/lib/laser_scan_merger/scans_merger_node
[13.159s] -- Set runtime path of "/home/bestteamever/leo_sim_ws/install/laser_scan_merger/lib/laser_scan_merger/scans_merger_node" to ""
[13.159s] -- Up-to-date: /home/bestteamever/leo_sim_ws/install/laser_scan_merger/lib/laser_scan_merger/scans_merger_node
[13.159s] -- Installing: /home/bestteamever/leo_sim_ws/install/laser_scan_merger/share/laser_scan_merger//launch
[13.159s] -- Installing: /home/bestteamever/leo_sim_ws/install/laser_scan_merger/share/laser_scan_merger//launch/laser_scan_merger.launch.xml
[13.159s] -- Installing: /home/bestteamever/leo_sim_ws/install/laser_scan_merger/share/ament_index/resource_index/package_run_dependencies/laser_scan_merger
[13.160s] -- Installing: /home/bestteamever/leo_sim_ws/install/laser_scan_merger/share/ament_index/resource_index/parent_prefix_path/laser_scan_merger
[13.160s] -- Installing: /home/bestteamever/leo_sim_ws/install/laser_scan_merger/share/laser_scan_merger/environment/ament_prefix_path.sh
[13.160s] -- Installing: /home/bestteamever/leo_sim_ws/install/laser_scan_merger/share/laser_scan_merger/environment/ament_prefix_path.dsv
[13.160s] -- Installing: /home/bestteamever/leo_sim_ws/install/laser_scan_merger/share/laser_scan_merger/environment/path.sh
[13.160s] -- Installing: /home/bestteamever/leo_sim_ws/install/laser_scan_merger/share/laser_scan_merger/environment/path.dsv
[13.160s] -- Installing: /home/bestteamever/leo_sim_ws/install/laser_scan_merger/share/laser_scan_merger/local_setup.bash
[13.160s] -- Installing: /home/bestteamever/leo_sim_ws/install/laser_scan_merger/share/laser_scan_merger/local_setup.sh
[13.160s] -- Installing: /home/bestteamever/leo_sim_ws/install/laser_scan_merger/share/laser_scan_merger/local_setup.zsh
[13.160s] -- Installing: /home/bestteamever/leo_sim_ws/install/laser_scan_merger/share/laser_scan_merger/local_setup.dsv
[13.160s] -- Installing: /home/bestteamever/leo_sim_ws/install/laser_scan_merger/share/laser_scan_merger/package.dsv
[13.160s] -- Installing: /home/bestteamever/leo_sim_ws/install/laser_scan_merger/share/ament_index/resource_index/packages/laser_scan_merger
[13.160s] -- Installing: /home/bestteamever/leo_sim_ws/install/laser_scan_merger/share/laser_scan_merger/cmake/laser_scan_mergerConfig.cmake
[13.160s] -- Installing: /home/bestteamever/leo_sim_ws/install/laser_scan_merger/share/laser_scan_merger/cmake/laser_scan_mergerConfig-version.cmake
[13.160s] -- Installing: /home/bestteamever/leo_sim_ws/install/laser_scan_merger/share/laser_scan_merger/package.xml
[13.162s] Invoked command in '/home/bestteamever/leo_sim_ws/build/laser_scan_merger' returned '0': CMAKE_PREFIX_PATH=${CMAKE_PREFIX_PATH}:/home/bestteamever/leo_sim_ws/install/navigation_demos:/home/bestteamever/leo_sim_ws/install/leo_description:/opt/ros/humble /usr/bin/cmake --install /home/bestteamever/leo_sim_ws/build/laser_scan_merger
