[0.339s] DEBUG:colcon:Command line arguments: ['/home/mscrobotics2425laptop24/.local/bin/colcon', 'build', '--symlink-install']
[0.339s] DEBUG:colcon:Parsed command line arguments: Namespace(log_base=None, log_level=None, verb_name='build', build_base='build', install_base='install', merge_install=False, symlink_install=True, test_result_base=None, continue_on_error=False, executor='parallel', parallel_workers=12, event_handlers=None, ignore_user_meta=False, metas=['./colcon.meta'], base_paths=['.'], packages_ignore=None, packages_ignore_regex=None, paths=None, packages_up_to=None, packages_up_to_regex=None, packages_above=None, packages_above_and_dependencies=None, packages_above_depth=None, packages_select_by_dep=None, packages_skip_by_dep=None, packages_skip_up_to=None, packages_select_build_failed=False, packages_skip_build_finished=False, packages_select_test_failures=False, packages_skip_test_passed=False, packages_select=None, packages_skip=None, packages_select_regex=None, packages_skip_regex=None, packages_start=None, packages_end=None, allow_overriding=[], cmake_args=None, cmake_target=None, cmake_target_skip_unavailable=False, cmake_clean_cache=False, cmake_clean_first=False, cmake_force_configure=False, ament_cmake_args=None, catkin_cmake_args=None, catkin_skip_building_tests=False, verb_parser=<colcon_defaults.argument_parser.defaults.DefaultArgumentsDecorator object at 0x728bbe755000>, verb_extension=<colcon_core.verb.build.BuildVerb object at 0x728bbe8c6560>, main=<bound method BuildVerb.main of <colcon_core.verb.build.BuildVerb object at 0x728bbe8c6560>>)
[0.719s] Level 1:colcon.colcon_core.package_discovery:discover_packages(colcon_meta) check parameters
[0.719s] Level 1:colcon.colcon_core.package_discovery:discover_packages(recursive) check parameters
[0.719s] Level 1:colcon.colcon_core.package_discovery:discover_packages(ignore) check parameters
[0.719s] Level 1:colcon.colcon_core.package_discovery:discover_packages(path) check parameters
[0.719s] Level 1:colcon.colcon_core.package_discovery:discover_packages(colcon_meta) discover
[0.719s] Level 1:colcon.colcon_core.package_discovery:discover_packages(recursive) discover
[0.719s] INFO:colcon.colcon_core.package_discovery:Crawling recursively for packages in '/home/mscrobotics2425laptop24/Documents/Robotics_project/rp_ws'
[0.719s] Level 1:colcon.colcon_core.package_identification:_identify(.) by extensions ['ignore', 'ignore_ament_install']
[0.719s] Level 1:colcon.colcon_core.package_identification:_identify(.) by extension 'ignore'
[0.719s] Level 1:colcon.colcon_core.package_identification:_identify(.) by extension 'ignore_ament_install'
[0.719s] Level 1:colcon.colcon_core.package_identification:_identify(.) by extensions ['colcon_pkg']
[0.720s] Level 1:colcon.colcon_core.package_identification:_identify(.) by extension 'colcon_pkg'
[0.720s] Level 1:colcon.colcon_core.package_identification:_identify(.) by extensions ['colcon_meta']
[0.720s] Level 1:colcon.colcon_core.package_identification:_identify(.) by extension 'colcon_meta'
[0.720s] Level 1:colcon.colcon_core.package_identification:_identify(.) by extensions ['ros']
[0.720s] Level 1:colcon.colcon_core.package_identification:_identify(.) by extension 'ros'
[0.729s] Level 1:colcon.colcon_core.package_identification:_identify(.) by extensions ['cmake', 'python']
[0.729s] Level 1:colcon.colcon_core.package_identification:_identify(.) by extension 'cmake'
[0.729s] Level 1:colcon.colcon_core.package_identification:_identify(.) by extension 'python'
[0.729s] Level 1:colcon.colcon_core.package_identification:_identify(.) by extensions ['python_setup_py']
[0.729s] Level 1:colcon.colcon_core.package_identification:_identify(.) by extension 'python_setup_py'
[0.730s] Level 1:colcon.colcon_core.package_identification:_identify(build) by extensions ['ignore', 'ignore_ament_install']
[0.730s] Level 1:colcon.colcon_core.package_identification:_identify(build) by extension 'ignore'
[0.730s] Level 1:colcon.colcon_core.package_identification:_identify(build) ignored
[0.730s] Level 1:colcon.colcon_core.package_identification:_identify(install) by extensions ['ignore', 'ignore_ament_install']
[0.730s] Level 1:colcon.colcon_core.package_identification:_identify(install) by extension 'ignore'
[0.730s] Level 1:colcon.colcon_core.package_identification:_identify(install) ignored
[0.730s] Level 1:colcon.colcon_core.package_identification:_identify(log) by extensions ['ignore', 'ignore_ament_install']
[0.730s] Level 1:colcon.colcon_core.package_identification:_identify(log) by extension 'ignore'
[0.730s] Level 1:colcon.colcon_core.package_identification:_identify(log) ignored
[0.730s] Level 1:colcon.colcon_core.package_identification:_identify(src) by extensions ['ignore', 'ignore_ament_install']
[0.730s] Level 1:colcon.colcon_core.package_identification:_identify(src) by extension 'ignore'
[0.730s] Level 1:colcon.colcon_core.package_identification:_identify(src) by extension 'ignore_ament_install'
[0.730s] Level 1:colcon.colcon_core.package_identification:_identify(src) by extensions ['colcon_pkg']
[0.730s] Level 1:colcon.colcon_core.package_identification:_identify(src) by extension 'colcon_pkg'
[0.730s] Level 1:colcon.colcon_core.package_identification:_identify(src) by extensions ['colcon_meta']
[0.730s] Level 1:colcon.colcon_core.package_identification:_identify(src) by extension 'colcon_meta'
[0.730s] Level 1:colcon.colcon_core.package_identification:_identify(src) by extensions ['ros']
[0.730s] Level 1:colcon.colcon_core.package_identification:_identify(src) by extension 'ros'
[0.730s] Level 1:colcon.colcon_core.package_identification:_identify(src) by extensions ['cmake', 'python']
[0.730s] Level 1:colcon.colcon_core.package_identification:_identify(src) by extension 'cmake'
[0.730s] Level 1:colcon.colcon_core.package_identification:_identify(src) by extension 'python'
[0.730s] Level 1:colcon.colcon_core.package_identification:_identify(src) by extensions ['python_setup_py']
[0.730s] Level 1:colcon.colcon_core.package_identification:_identify(src) by extension 'python_setup_py'
[0.730s] Level 1:colcon.colcon_core.package_identification:_identify(src/build) by extensions ['ignore', 'ignore_ament_install']
[0.730s] Level 1:colcon.colcon_core.package_identification:_identify(src/build) by extension 'ignore'
[0.730s] Level 1:colcon.colcon_core.package_identification:_identify(src/build) ignored
[0.731s] Level 1:colcon.colcon_core.package_identification:_identify(src/install) by extensions ['ignore', 'ignore_ament_install']
[0.731s] Level 1:colcon.colcon_core.package_identification:_identify(src/install) by extension 'ignore'
[0.731s] Level 1:colcon.colcon_core.package_identification:_identify(src/install) ignored
[0.731s] Level 1:colcon.colcon_core.package_identification:_identify(src/log) by extensions ['ignore', 'ignore_ament_install']
[0.731s] Level 1:colcon.colcon_core.package_identification:_identify(src/log) by extension 'ignore'
[0.731s] Level 1:colcon.colcon_core.package_identification:_identify(src/log) ignored
[0.731s] Level 1:colcon.colcon_core.package_identification:_identify(src/rplidar_ros) by extensions ['ignore', 'ignore_ament_install']
[0.731s] Level 1:colcon.colcon_core.package_identification:_identify(src/rplidar_ros) by extension 'ignore'
[0.731s] Level 1:colcon.colcon_core.package_identification:_identify(src/rplidar_ros) by extension 'ignore_ament_install'
[0.731s] Level 1:colcon.colcon_core.package_identification:_identify(src/rplidar_ros) by extensions ['colcon_pkg']
[0.731s] Level 1:colcon.colcon_core.package_identification:_identify(src/rplidar_ros) by extension 'colcon_pkg'
[0.731s] Level 1:colcon.colcon_core.package_identification:_identify(src/rplidar_ros) by extensions ['colcon_meta']
[0.731s] Level 1:colcon.colcon_core.package_identification:_identify(src/rplidar_ros) by extension 'colcon_meta'
[0.731s] Level 1:colcon.colcon_core.package_identification:_identify(src/rplidar_ros) by extensions ['ros']
[0.731s] Level 1:colcon.colcon_core.package_identification:_identify(src/rplidar_ros) by extension 'ros'
[0.734s] DEBUG:colcon.colcon_core.package_identification:Package 'src/rplidar_ros' with type 'ros.ament_cmake' and name 'rplidar_ros'
[0.734s] Level 1:colcon.colcon_core.package_discovery:discover_packages(recursive) using defaults
[0.734s] Level 1:colcon.colcon_core.package_discovery:discover_packages(ignore) discover
[0.734s] Level 1:colcon.colcon_core.package_discovery:discover_packages(ignore) using defaults
[0.734s] Level 1:colcon.colcon_core.package_discovery:discover_packages(path) discover
[0.734s] Level 1:colcon.colcon_core.package_discovery:discover_packages(path) using defaults
[0.762s] Level 1:colcon.colcon_core.package_discovery:discover_packages(prefix_path) check parameters
[0.762s] Level 1:colcon.colcon_core.package_discovery:discover_packages(prefix_path) discover
[0.767s] DEBUG:colcon.colcon_installed_package_information.package_discovery:Found 34 installed packages in /home/mscrobotics2425laptop24/interbotix_ws/install
[0.767s] DEBUG:colcon.colcon_installed_package_information.package_discovery:Found 1 installed packages in /home/mscrobotics2425laptop24/Documents/Robotics_project/rp_ws/install
[0.767s] DEBUG:colcon.colcon_installed_package_information.package_discovery:Found 1 installed packages in /home/mscrobotics2425laptop24/apriltag_ws/install
[0.769s] DEBUG:colcon.colcon_installed_package_information.package_discovery:Found 356 installed packages in /opt/ros/humble
[0.777s] Level 1:colcon.colcon_core.package_discovery:discover_packages(prefix_path) using defaults
[0.820s] Level 5:colcon.colcon_core.verb:set package 'rplidar_ros' build argument 'cmake_args' from command line to 'None'
[0.820s] Level 5:colcon.colcon_core.verb:set package 'rplidar_ros' build argument 'cmake_target' from command line to 'None'
[0.820s] Level 5:colcon.colcon_core.verb:set package 'rplidar_ros' build argument 'cmake_target_skip_unavailable' from command line to 'False'
[0.820s] Level 5:colcon.colcon_core.verb:set package 'rplidar_ros' build argument 'cmake_clean_cache' from command line to 'False'
[0.820s] Level 5:colcon.colcon_core.verb:set package 'rplidar_ros' build argument 'cmake_clean_first' from command line to 'False'
[0.820s] Level 5:colcon.colcon_core.verb:set package 'rplidar_ros' build argument 'cmake_force_configure' from command line to 'False'
[0.820s] Level 5:colcon.colcon_core.verb:set package 'rplidar_ros' build argument 'ament_cmake_args' from command line to 'None'
[0.820s] Level 5:colcon.colcon_core.verb:set package 'rplidar_ros' build argument 'catkin_cmake_args' from command line to 'None'
[0.820s] Level 5:colcon.colcon_core.verb:set package 'rplidar_ros' build argument 'catkin_skip_building_tests' from command line to 'False'
[0.820s] DEBUG:colcon.colcon_core.verb:Building package 'rplidar_ros' with the following arguments: {'ament_cmake_args': None, 'build_base': '/home/mscrobotics2425laptop24/Documents/Robotics_project/rp_ws/build/rplidar_ros', 'catkin_cmake_args': None, 'catkin_skip_building_tests': False, 'cmake_args': None, 'cmake_clean_cache': False, 'cmake_clean_first': False, 'cmake_force_configure': False, 'cmake_target': None, 'cmake_target_skip_unavailable': False, 'install_base': '/home/mscrobotics2425laptop24/Documents/Robotics_project/rp_ws/install/rplidar_ros', 'merge_install': False, 'path': '/home/mscrobotics2425laptop24/Documents/Robotics_project/rp_ws/src/rplidar_ros', 'symlink_install': True, 'test_result_base': None}
[0.820s] INFO:colcon.colcon_core.executor:Executing jobs using 'parallel' executor
[0.821s] DEBUG:colcon.colcon_parallel_executor.executor.parallel:run_until_complete
[0.822s] INFO:colcon.colcon_ros.task.ament_cmake.build:Building ROS package in '/home/mscrobotics2425laptop24/Documents/Robotics_project/rp_ws/src/rplidar_ros' with build type 'ament_cmake'
[0.822s] INFO:colcon.colcon_cmake.task.cmake.build:Building CMake package in '/home/mscrobotics2425laptop24/Documents/Robotics_project/rp_ws/src/rplidar_ros'
[0.827s] INFO:colcon.colcon_core.plugin_system:Skipping extension 'colcon_core.shell.bat': Not used on non-Windows systems
[0.827s] INFO:colcon.colcon_core.shell:Skip shell extension 'powershell' for command environment: Not usable outside of PowerShell
[0.827s] DEBUG:colcon.colcon_core.shell:Skip shell extension 'dsv' for command environment
[0.848s] DEBUG:colcon.colcon_core.event_handler.log_command:Invoking command in '/home/mscrobotics2425laptop24/Documents/Robotics_project/rp_ws/build/rplidar_ros': CMAKE_PREFIX_PATH=${CMAKE_PREFIX_PATH}:/home/mscrobotics2425laptop24/interbotix_ws/install/interbotix_xs_modules:/home/mscrobotics2425laptop24/interbotix_ws/install/interbotix_perception_modules:/home/mscrobotics2425laptop24/interbotix_ws/install/interbotix_common_modules:/opt/ros/humble /usr/bin/cmake --build /home/mscrobotics2425laptop24/Documents/Robotics_project/rp_ws/build/rplidar_ros -- -j12 -l12
[14.977s] DEBUG:colcon.colcon_core.event_handler.log_command:Invoked command in '/home/mscrobotics2425laptop24/Documents/Robotics_project/rp_ws/build/rplidar_ros' returned '0': CMAKE_PREFIX_PATH=${CMAKE_PREFIX_PATH}:/home/mscrobotics2425laptop24/interbotix_ws/install/interbotix_xs_modules:/home/mscrobotics2425laptop24/interbotix_ws/install/interbotix_perception_modules:/home/mscrobotics2425laptop24/interbotix_ws/install/interbotix_common_modules:/opt/ros/humble /usr/bin/cmake --build /home/mscrobotics2425laptop24/Documents/Robotics_project/rp_ws/build/rplidar_ros -- -j12 -l12
[15.115s] DEBUG:colcon.colcon_core.event_handler.log_command:Invoking command in '/home/mscrobotics2425laptop24/Documents/Robotics_project/rp_ws/build/rplidar_ros': CMAKE_PREFIX_PATH=${CMAKE_PREFIX_PATH}:/home/mscrobotics2425laptop24/interbotix_ws/install/interbotix_xs_modules:/home/mscrobotics2425laptop24/interbotix_ws/install/interbotix_perception_modules:/home/mscrobotics2425laptop24/interbotix_ws/install/interbotix_common_modules:/opt/ros/humble /usr/bin/cmake --install /home/mscrobotics2425laptop24/Documents/Robotics_project/rp_ws/build/rplidar_ros
[15.156s] Level 1:colcon.colcon_core.environment:create_environment_scripts_only(rplidar_ros)
[15.157s] DEBUG:colcon.colcon_core.event_handler.log_command:Invoked command in '/home/mscrobotics2425laptop24/Documents/Robotics_project/rp_ws/build/rplidar_ros' returned '0': CMAKE_PREFIX_PATH=${CMAKE_PREFIX_PATH}:/home/mscrobotics2425laptop24/interbotix_ws/install/interbotix_xs_modules:/home/mscrobotics2425laptop24/interbotix_ws/install/interbotix_perception_modules:/home/mscrobotics2425laptop24/interbotix_ws/install/interbotix_common_modules:/opt/ros/humble /usr/bin/cmake --install /home/mscrobotics2425laptop24/Documents/Robotics_project/rp_ws/build/rplidar_ros
[15.165s] Level 1:colcon.colcon_core.environment:checking '/home/mscrobotics2425laptop24/Documents/Robotics_project/rp_ws/install/rplidar_ros' for CMake module files
[15.165s] Level 1:colcon.colcon_core.environment:checking '/home/mscrobotics2425laptop24/Documents/Robotics_project/rp_ws/install/rplidar_ros' for CMake config files
[15.166s] Level 1:colcon.colcon_core.shell:create_environment_hook('rplidar_ros', 'cmake_prefix_path')
[15.166s] INFO:colcon.colcon_core.shell:Creating environment hook '/home/mscrobotics2425laptop24/Documents/Robotics_project/rp_ws/install/rplidar_ros/share/rplidar_ros/hook/cmake_prefix_path.ps1'
[15.168s] INFO:colcon.colcon_core.shell:Creating environment descriptor '/home/mscrobotics2425laptop24/Documents/Robotics_project/rp_ws/install/rplidar_ros/share/rplidar_ros/hook/cmake_prefix_path.dsv'
[15.170s] INFO:colcon.colcon_core.shell:Creating environment hook '/home/mscrobotics2425laptop24/Documents/Robotics_project/rp_ws/install/rplidar_ros/share/rplidar_ros/hook/cmake_prefix_path.sh'
[15.173s] Level 1:colcon.colcon_core.environment:checking '/home/mscrobotics2425laptop24/Documents/Robotics_project/rp_ws/install/rplidar_ros/lib'
[15.174s] Level 1:colcon.colcon_core.environment:checking '/home/mscrobotics2425laptop24/Documents/Robotics_project/rp_ws/install/rplidar_ros/bin'
[15.174s] Level 1:colcon.colcon_core.environment:checking '/home/mscrobotics2425laptop24/Documents/Robotics_project/rp_ws/install/rplidar_ros/lib/pkgconfig/rplidar_ros.pc'
[15.175s] Level 1:colcon.colcon_core.environment:checking '/home/mscrobotics2425laptop24/Documents/Robotics_project/rp_ws/install/rplidar_ros/lib/python3.10/site-packages'
[15.176s] Level 1:colcon.colcon_core.environment:checking '/home/mscrobotics2425laptop24/Documents/Robotics_project/rp_ws/install/rplidar_ros/bin'
[15.177s] INFO:colcon.colcon_core.shell:Creating package script '/home/mscrobotics2425laptop24/Documents/Robotics_project/rp_ws/install/rplidar_ros/share/rplidar_ros/package.ps1'
[15.180s] INFO:colcon.colcon_core.shell:Creating package descriptor '/home/mscrobotics2425laptop24/Documents/Robotics_project/rp_ws/install/rplidar_ros/share/rplidar_ros/package.dsv'
[15.182s] INFO:colcon.colcon_core.shell:Creating package script '/home/mscrobotics2425laptop24/Documents/Robotics_project/rp_ws/install/rplidar_ros/share/rplidar_ros/package.sh'
[15.184s] INFO:colcon.colcon_core.shell:Creating package script '/home/mscrobotics2425laptop24/Documents/Robotics_project/rp_ws/install/rplidar_ros/share/rplidar_ros/package.bash'
[15.187s] INFO:colcon.colcon_core.shell:Creating package script '/home/mscrobotics2425laptop24/Documents/Robotics_project/rp_ws/install/rplidar_ros/share/rplidar_ros/package.zsh'
[15.189s] Level 1:colcon.colcon_core.environment:create_file_with_runtime_dependencies(/home/mscrobotics2425laptop24/Documents/Robotics_project/rp_ws/install/rplidar_ros/share/colcon-core/packages/rplidar_ros)
[15.324s] Level 1:colcon.colcon_core.environment:create_environment_scripts_only(rplidar_ros)
[15.325s] Level 1:colcon.colcon_core.environment:checking '/home/mscrobotics2425laptop24/Documents/Robotics_project/rp_ws/install/rplidar_ros' for CMake module files
[15.326s] Level 1:colcon.colcon_core.environment:checking '/home/mscrobotics2425laptop24/Documents/Robotics_project/rp_ws/install/rplidar_ros' for CMake config files
[15.327s] Level 1:colcon.colcon_core.shell:create_environment_hook('rplidar_ros', 'cmake_prefix_path')
[15.327s] INFO:colcon.colcon_core.shell:Creating environment hook '/home/mscrobotics2425laptop24/Documents/Robotics_project/rp_ws/install/rplidar_ros/share/rplidar_ros/hook/cmake_prefix_path.ps1'
[15.329s] INFO:colcon.colcon_core.shell:Creating environment descriptor '/home/mscrobotics2425laptop24/Documents/Robotics_project/rp_ws/install/rplidar_ros/share/rplidar_ros/hook/cmake_prefix_path.dsv'
[15.329s] INFO:colcon.colcon_core.shell:Creating environment hook '/home/mscrobotics2425laptop24/Documents/Robotics_project/rp_ws/install/rplidar_ros/share/rplidar_ros/hook/cmake_prefix_path.sh'
[15.330s] Level 1:colcon.colcon_core.environment:checking '/home/mscrobotics2425laptop24/Documents/Robotics_project/rp_ws/install/rplidar_ros/lib'
[15.330s] Level 1:colcon.colcon_core.environment:checking '/home/mscrobotics2425laptop24/Documents/Robotics_project/rp_ws/install/rplidar_ros/bin'
[15.330s] Level 1:colcon.colcon_core.environment:checking '/home/mscrobotics2425laptop24/Documents/Robotics_project/rp_ws/install/rplidar_ros/lib/pkgconfig/rplidar_ros.pc'
[15.331s] Level 1:colcon.colcon_core.environment:checking '/home/mscrobotics2425laptop24/Documents/Robotics_project/rp_ws/install/rplidar_ros/lib/python3.10/site-packages'
[15.331s] Level 1:colcon.colcon_core.environment:checking '/home/mscrobotics2425laptop24/Documents/Robotics_project/rp_ws/install/rplidar_ros/bin'
[15.332s] INFO:colcon.colcon_core.shell:Creating package script '/home/mscrobotics2425laptop24/Documents/Robotics_project/rp_ws/install/rplidar_ros/share/rplidar_ros/package.ps1'
[15.333s] INFO:colcon.colcon_core.shell:Creating package descriptor '/home/mscrobotics2425laptop24/Documents/Robotics_project/rp_ws/install/rplidar_ros/share/rplidar_ros/package.dsv'
[15.334s] INFO:colcon.colcon_core.shell:Creating package script '/home/mscrobotics2425laptop24/Documents/Robotics_project/rp_ws/install/rplidar_ros/share/rplidar_ros/package.sh'
[15.334s] INFO:colcon.colcon_core.shell:Creating package script '/home/mscrobotics2425laptop24/Documents/Robotics_project/rp_ws/install/rplidar_ros/share/rplidar_ros/package.bash'
[15.335s] INFO:colcon.colcon_core.shell:Creating package script '/home/mscrobotics2425laptop24/Documents/Robotics_project/rp_ws/install/rplidar_ros/share/rplidar_ros/package.zsh'
[15.336s] Level 1:colcon.colcon_core.environment:create_file_with_runtime_dependencies(/home/mscrobotics2425laptop24/Documents/Robotics_project/rp_ws/install/rplidar_ros/share/colcon-core/packages/rplidar_ros)
[15.336s] DEBUG:colcon.colcon_parallel_executor.executor.parallel:closing loop
[15.336s] DEBUG:colcon.colcon_parallel_executor.executor.parallel:loop closed
[15.337s] DEBUG:colcon.colcon_parallel_executor.executor.parallel:run_until_complete finished with '0'
[15.337s] DEBUG:colcon.colcon_core.event_reactor:joining thread
[15.379s] INFO:colcon.colcon_core.plugin_system:Skipping extension 'colcon_notification.desktop_notification.terminal_notifier': Not used on non-Darwin systems
[15.379s] INFO:colcon.colcon_core.plugin_system:Skipping extension 'colcon_notification.desktop_notification.win32': Not used on non-Windows systems
[15.379s] INFO:colcon.colcon_notification.desktop_notification:Sending desktop notification using 'notify2'
[15.410s] DEBUG:colcon.colcon_core.event_reactor:joined thread
[15.411s] INFO:colcon.colcon_core.shell:Creating prefix script '/home/mscrobotics2425laptop24/Documents/Robotics_project/rp_ws/install/local_setup.ps1'
[15.413s] INFO:colcon.colcon_core.shell:Creating prefix util module '/home/mscrobotics2425laptop24/Documents/Robotics_project/rp_ws/install/_local_setup_util_ps1.py'
[15.415s] INFO:colcon.colcon_core.shell:Creating prefix chain script '/home/mscrobotics2425laptop24/Documents/Robotics_project/rp_ws/install/setup.ps1'
[15.420s] INFO:colcon.colcon_core.shell:Creating prefix script '/home/mscrobotics2425laptop24/Documents/Robotics_project/rp_ws/install/local_setup.sh'
[15.422s] INFO:colcon.colcon_core.shell:Creating prefix util module '/home/mscrobotics2425laptop24/Documents/Robotics_project/rp_ws/install/_local_setup_util_sh.py'
[15.424s] INFO:colcon.colcon_core.shell:Creating prefix chain script '/home/mscrobotics2425laptop24/Documents/Robotics_project/rp_ws/install/setup.sh'
[15.429s] INFO:colcon.colcon_core.shell:Creating prefix script '/home/mscrobotics2425laptop24/Documents/Robotics_project/rp_ws/install/local_setup.bash'
[15.432s] INFO:colcon.colcon_core.shell:Creating prefix chain script '/home/mscrobotics2425laptop24/Documents/Robotics_project/rp_ws/install/setup.bash'
[15.439s] INFO:colcon.colcon_core.shell:Creating prefix script '/home/mscrobotics2425laptop24/Documents/Robotics_project/rp_ws/install/local_setup.zsh'
[15.441s] INFO:colcon.colcon_core.shell:Creating prefix chain script '/home/mscrobotics2425laptop24/Documents/Robotics_project/rp_ws/install/setup.zsh'
