[0.566s] Invoking command in '/home/bestteamever/leo_sim_ws/src/navigation_demos': PYTHONPATH=/home/bestteamever/leo_sim_ws/build/navigation_demos/prefix_override:/usr/lib/python3/dist-packages/colcon_core/task/python/colcon_distutils_commands:/home/bestteamever/leo_sim_ws/install/navigation_demos/lib/python3.10/site-packages:${PYTHONPATH} /usr/bin/python3 -W ignore:setup.py install is deprecated -W ignore:easy_install command is deprecated setup.py egg_info --egg-base ../../build/navigation_demos build --build-base /home/bestteamever/leo_sim_ws/build/navigation_demos/build install --record /home/bestteamever/leo_sim_ws/build/navigation_demos/install.log --single-version-externally-managed install_data
[0.696s] running egg_info
[0.696s] writing ../../build/navigation_demos/navigation_demos.egg-info/PKG-INFO
[0.696s] writing dependency_links to ../../build/navigation_demos/navigation_demos.egg-info/dependency_links.txt
[0.697s] writing entry points to ../../build/navigation_demos/navigation_demos.egg-info/entry_points.txt
[0.697s] writing requirements to ../../build/navigation_demos/navigation_demos.egg-info/requires.txt
[0.697s] writing top-level names to ../../build/navigation_demos/navigation_demos.egg-info/top_level.txt
[0.698s] reading manifest file '../../build/navigation_demos/navigation_demos.egg-info/SOURCES.txt'
[0.698s] writing manifest file '../../build/navigation_demos/navigation_demos.egg-info/SOURCES.txt'
[0.698s] running build
[0.698s] running build_py
[0.698s] running install
[0.698s] running install_lib
[0.699s] running install_data
[0.699s] running install_egg_info
[0.700s] removing '/home/bestteamever/leo_sim_ws/install/navigation_demos/lib/python3.10/site-packages/navigation_demos-0.0.0-py3.10.egg-info' (and everything under it)
[0.700s] Copying ../../build/navigation_demos/navigation_demos.egg-info to /home/bestteamever/leo_sim_ws/install/navigation_demos/lib/python3.10/site-packages/navigation_demos-0.0.0-py3.10.egg-info
[0.700s] running install_scripts
[0.712s] Installing cube_detector script to /home/bestteamever/leo_sim_ws/install/navigation_demos/lib/navigation_demos
[0.712s] Installing exploration script to /home/bestteamever/leo_sim_ws/install/navigation_demos/lib/navigation_demos
[0.712s] Installing scan_malware script to /home/bestteamever/leo_sim_ws/install/navigation_demos/lib/navigation_demos
[0.713s] writing list of installed files to '/home/bestteamever/leo_sim_ws/build/navigation_demos/install.log'
[0.728s] Invoked command in '/home/bestteamever/leo_sim_ws/src/navigation_demos' returned '0': PYTHONPATH=/home/bestteamever/leo_sim_ws/build/navigation_demos/prefix_override:/usr/lib/python3/dist-packages/colcon_core/task/python/colcon_distutils_commands:/home/bestteamever/leo_sim_ws/install/navigation_demos/lib/python3.10/site-packages:${PYTHONPATH} /usr/bin/python3 -W ignore:setup.py install is deprecated -W ignore:easy_install command is deprecated setup.py egg_info --egg-base ../../build/navigation_demos build --build-base /home/bestteamever/leo_sim_ws/build/navigation_demos/build install --record /home/bestteamever/leo_sim_ws/build/navigation_demos/install.log --single-version-externally-managed install_data
