[0.315s] DEBUG:colcon:Command line arguments: ['/home/mscrobotics2425laptop24/.local/bin/colcon', 'build', '--symlink-install']
[0.316s] DEBUG:colcon:Parsed command line arguments: Namespace(log_base=None, log_level=None, verb_name='build', build_base='build', install_base='install', merge_install=False, symlink_install=True, test_result_base=None, continue_on_error=False, executor='parallel', parallel_workers=12, event_handlers=None, ignore_user_meta=False, metas=['./colcon.meta'], base_paths=['.'], packages_ignore=None, packages_ignore_regex=None, paths=None, packages_up_to=None, packages_up_to_regex=None, packages_above=None, packages_above_and_dependencies=None, packages_above_depth=None, packages_select_by_dep=None, packages_skip_by_dep=None, packages_skip_up_to=None, packages_select_build_failed=False, packages_skip_build_finished=False, packages_select_test_failures=False, packages_skip_test_passed=False, packages_select=None, packages_skip=None, packages_select_regex=None, packages_skip_regex=None, packages_start=None, packages_end=None, allow_overriding=[], cmake_args=None, cmake_target=None, cmake_target_skip_unavailable=False, cmake_clean_cache=False, cmake_clean_first=False, cmake_force_configure=False, ament_cmake_args=None, catkin_cmake_args=None, catkin_skip_building_tests=False, verb_parser=<colcon_defaults.argument_parser.defaults.DefaultArgumentsDecorator object at 0x78377780c520>, verb_extension=<colcon_core.verb.build.BuildVerb object at 0x78377797dab0>, main=<bound method BuildVerb.main of <colcon_core.verb.build.BuildVerb object at 0x78377797dab0>>)
[0.648s] Level 1:colcon.colcon_core.package_discovery:discover_packages(colcon_meta) check parameters
[0.648s] Level 1:colcon.colcon_core.package_discovery:discover_packages(recursive) check parameters
[0.648s] Level 1:colcon.colcon_core.package_discovery:discover_packages(ignore) check parameters
[0.648s] Level 1:colcon.colcon_core.package_discovery:discover_packages(path) check parameters
[0.648s] Level 1:colcon.colcon_core.package_discovery:discover_packages(colcon_meta) discover
[0.648s] Level 1:colcon.colcon_core.package_discovery:discover_packages(recursive) discover
[0.648s] INFO:colcon.colcon_core.package_discovery:Crawling recursively for packages in '/home/mscrobotics2425laptop24/Documents/Robotics_project/rp_ws'
[0.648s] Level 1:colcon.colcon_core.package_identification:_identify(.) by extensions ['ignore', 'ignore_ament_install']
[0.649s] Level 1:colcon.colcon_core.package_identification:_identify(.) by extension 'ignore'
[0.649s] Level 1:colcon.colcon_core.package_identification:_identify(.) by extension 'ignore_ament_install'
[0.649s] Level 1:colcon.colcon_core.package_identification:_identify(.) by extensions ['colcon_pkg']
[0.649s] Level 1:colcon.colcon_core.package_identification:_identify(.) by extension 'colcon_pkg'
[0.649s] Level 1:colcon.colcon_core.package_identification:_identify(.) by extensions ['colcon_meta']
[0.649s] Level 1:colcon.colcon_core.package_identification:_identify(.) by extension 'colcon_meta'
[0.649s] Level 1:colcon.colcon_core.package_identification:_identify(.) by extensions ['ros']
[0.649s] Level 1:colcon.colcon_core.package_identification:_identify(.) by extension 'ros'
[0.661s] Level 1:colcon.colcon_core.package_identification:_identify(.) by extensions ['cmake', 'python']
[0.661s] Level 1:colcon.colcon_core.package_identification:_identify(.) by extension 'cmake'
[0.661s] Level 1:colcon.colcon_core.package_identification:_identify(.) by extension 'python'
[0.661s] Level 1:colcon.colcon_core.package_identification:_identify(.) by extensions ['python_setup_py']
[0.661s] Level 1:colcon.colcon_core.package_identification:_identify(.) by extension 'python_setup_py'
[0.661s] Level 1:colcon.colcon_core.package_identification:_identify(build) by extensions ['ignore', 'ignore_ament_install']
[0.661s] Level 1:colcon.colcon_core.package_identification:_identify(build) by extension 'ignore'
[0.661s] Level 1:colcon.colcon_core.package_identification:_identify(build) ignored
[0.661s] Level 1:colcon.colcon_core.package_identification:_identify(install) by extensions ['ignore', 'ignore_ament_install']
[0.661s] Level 1:colcon.colcon_core.package_identification:_identify(install) by extension 'ignore'
[0.661s] Level 1:colcon.colcon_core.package_identification:_identify(install) ignored
[0.661s] Level 1:colcon.colcon_core.package_identification:_identify(log) by extensions ['ignore', 'ignore_ament_install']
[0.661s] Level 1:colcon.colcon_core.package_identification:_identify(log) by extension 'ignore'
[0.661s] Level 1:colcon.colcon_core.package_identification:_identify(log) ignored
[0.661s] Level 1:colcon.colcon_core.package_identification:_identify(src) by extensions ['ignore', 'ignore_ament_install']
[0.662s] Level 1:colcon.colcon_core.package_identification:_identify(src) by extension 'ignore'
[0.662s] Level 1:colcon.colcon_core.package_identification:_identify(src) by extension 'ignore_ament_install'
[0.662s] Level 1:colcon.colcon_core.package_identification:_identify(src) by extensions ['colcon_pkg']
[0.662s] Level 1:colcon.colcon_core.package_identification:_identify(src) by extension 'colcon_pkg'
[0.662s] Level 1:colcon.colcon_core.package_identification:_identify(src) by extensions ['colcon_meta']
[0.662s] Level 1:colcon.colcon_core.package_identification:_identify(src) by extension 'colcon_meta'
[0.662s] Level 1:colcon.colcon_core.package_identification:_identify(src) by extensions ['ros']
[0.662s] Level 1:colcon.colcon_core.package_identification:_identify(src) by extension 'ros'
[0.662s] Level 1:colcon.colcon_core.package_identification:_identify(src) by extensions ['cmake', 'python']
[0.662s] Level 1:colcon.colcon_core.package_identification:_identify(src) by extension 'cmake'
[0.662s] Level 1:colcon.colcon_core.package_identification:_identify(src) by extension 'python'
[0.662s] Level 1:colcon.colcon_core.package_identification:_identify(src) by extensions ['python_setup_py']
[0.662s] Level 1:colcon.colcon_core.package_identification:_identify(src) by extension 'python_setup_py'
[0.662s] Level 1:colcon.colcon_core.package_identification:_identify(src/build) by extensions ['ignore', 'ignore_ament_install']
[0.662s] Level 1:colcon.colcon_core.package_identification:_identify(src/build) by extension 'ignore'
[0.662s] Level 1:colcon.colcon_core.package_identification:_identify(src/build) ignored
[0.662s] Level 1:colcon.colcon_core.package_identification:_identify(src/install) by extensions ['ignore', 'ignore_ament_install']
[0.662s] Level 1:colcon.colcon_core.package_identification:_identify(src/install) by extension 'ignore'
[0.662s] Level 1:colcon.colcon_core.package_identification:_identify(src/install) ignored
[0.662s] Level 1:colcon.colcon_core.package_identification:_identify(src/log) by extensions ['ignore', 'ignore_ament_install']
[0.662s] Level 1:colcon.colcon_core.package_identification:_identify(src/log) by extension 'ignore'
[0.662s] Level 1:colcon.colcon_core.package_identification:_identify(src/log) ignored
[0.662s] Level 1:colcon.colcon_core.package_identification:_identify(src/rplidar_ros) by extensions ['ignore', 'ignore_ament_install']
[0.662s] Level 1:colcon.colcon_core.package_identification:_identify(src/rplidar_ros) by extension 'ignore'
[0.662s] Level 1:colcon.colcon_core.package_identification:_identify(src/rplidar_ros) by extension 'ignore_ament_install'
[0.662s] Level 1:colcon.colcon_core.package_identification:_identify(src/rplidar_ros) by extensions ['colcon_pkg']
[0.663s] Level 1:colcon.colcon_core.package_identification:_identify(src/rplidar_ros) by extension 'colcon_pkg'
[0.663s] Level 1:colcon.colcon_core.package_identification:_identify(src/rplidar_ros) by extensions ['colcon_meta']
[0.663s] Level 1:colcon.colcon_core.package_identification:_identify(src/rplidar_ros) by extension 'colcon_meta'
[0.663s] Level 1:colcon.colcon_core.package_identification:_identify(src/rplidar_ros) by extensions ['ros']
[0.663s] Level 1:colcon.colcon_core.package_identification:_identify(src/rplidar_ros) by extension 'ros'
[0.666s] DEBUG:colcon.colcon_core.package_identification:Package 'src/rplidar_ros' with type 'ros.ament_cmake' and name 'rplidar_ros'
[0.666s] Level 1:colcon.colcon_core.package_discovery:discover_packages(recursive) using defaults
[0.666s] Level 1:colcon.colcon_core.package_discovery:discover_packages(ignore) discover
[0.666s] Level 1:colcon.colcon_core.package_discovery:discover_packages(ignore) using defaults
[0.666s] Level 1:colcon.colcon_core.package_discovery:discover_packages(path) discover
[0.666s] Level 1:colcon.colcon_core.package_discovery:discover_packages(path) using defaults
[0.699s] Level 1:colcon.colcon_core.package_discovery:discover_packages(prefix_path) check parameters
[0.699s] Level 1:colcon.colcon_core.package_discovery:discover_packages(prefix_path) discover
[0.710s] DEBUG:colcon.colcon_installed_package_information.package_discovery:Found 34 installed packages in /home/mscrobotics2425laptop24/interbotix_ws/install
[0.712s] DEBUG:colcon.colcon_installed_package_information.package_discovery:Found 1 installed packages in /home/mscrobotics2425laptop24/apriltag_ws/install
[0.715s] DEBUG:colcon.colcon_installed_package_information.package_discovery:Found 357 installed packages in /opt/ros/humble
[0.726s] Level 1:colcon.colcon_core.package_discovery:discover_packages(prefix_path) using defaults
[0.824s] Level 5:colcon.colcon_core.verb:set package 'rplidar_ros' build argument 'cmake_args' from command line to 'None'
[0.824s] Level 5:colcon.colcon_core.verb:set package 'rplidar_ros' build argument 'cmake_target' from command line to 'None'
[0.824s] Level 5:colcon.colcon_core.verb:set package 'rplidar_ros' build argument 'cmake_target_skip_unavailable' from command line to 'False'
[0.824s] Level 5:colcon.colcon_core.verb:set package 'rplidar_ros' build argument 'cmake_clean_cache' from command line to 'False'
[0.824s] Level 5:colcon.colcon_core.verb:set package 'rplidar_ros' build argument 'cmake_clean_first' from command line to 'False'
[0.824s] Level 5:colcon.colcon_core.verb:set package 'rplidar_ros' build argument 'cmake_force_configure' from command line to 'False'
[0.824s] Level 5:colcon.colcon_core.verb:set package 'rplidar_ros' build argument 'ament_cmake_args' from command line to 'None'
[0.824s] Level 5:colcon.colcon_core.verb:set package 'rplidar_ros' build argument 'catkin_cmake_args' from command line to 'None'
[0.824s] Level 5:colcon.colcon_core.verb:set package 'rplidar_ros' build argument 'catkin_skip_building_tests' from command line to 'False'
[0.824s] DEBUG:colcon.colcon_core.verb:Building package 'rplidar_ros' with the following arguments: {'ament_cmake_args': None, 'build_base': '/home/mscrobotics2425laptop24/Documents/Robotics_project/rp_ws/build/rplidar_ros', 'catkin_cmake_args': None, 'catkin_skip_building_tests': False, 'cmake_args': None, 'cmake_clean_cache': False, 'cmake_clean_first': False, 'cmake_force_configure': False, 'cmake_target': None, 'cmake_target_skip_unavailable': False, 'install_base': '/home/mscrobotics2425laptop24/Documents/Robotics_project/rp_ws/install/rplidar_ros', 'merge_install': False, 'path': '/home/mscrobotics2425laptop24/Documents/Robotics_project/rp_ws/src/rplidar_ros', 'symlink_install': True, 'test_result_base': None}
[0.825s] INFO:colcon.colcon_core.executor:Executing jobs using 'parallel' executor
[0.826s] DEBUG:colcon.colcon_parallel_executor.executor.parallel:run_until_complete
[0.827s] INFO:colcon.colcon_ros.task.ament_cmake.build:Building ROS package in '/home/mscrobotics2425laptop24/Documents/Robotics_project/rp_ws/src/rplidar_ros' with build type 'ament_cmake'
[0.827s] INFO:colcon.colcon_cmake.task.cmake.build:Building CMake package in '/home/mscrobotics2425laptop24/Documents/Robotics_project/rp_ws/src/rplidar_ros'
[0.836s] INFO:colcon.colcon_core.plugin_system:Skipping extension 'colcon_core.shell.bat': Not used on non-Windows systems
[0.837s] INFO:colcon.colcon_core.shell:Skip shell extension 'powershell' for command environment: Not usable outside of PowerShell
[0.837s] DEBUG:colcon.colcon_core.shell:Skip shell extension 'dsv' for command environment
[0.865s] DEBUG:colcon.colcon_core.event_handler.log_command:Invoking command in '/home/mscrobotics2425laptop24/Documents/Robotics_project/rp_ws/build/rplidar_ros': CMAKE_PREFIX_PATH=${CMAKE_PREFIX_PATH}:/home/mscrobotics2425laptop24/interbotix_ws/install/interbotix_xs_modules:/home/mscrobotics2425laptop24/interbotix_ws/install/interbotix_perception_modules:/home/mscrobotics2425laptop24/interbotix_ws/install/interbotix_common_modules:/opt/ros/humble /usr/bin/cmake /home/mscrobotics2425laptop24/Documents/Robotics_project/rp_ws/src/rplidar_ros -DAMENT_CMAKE_SYMLINK_INSTALL=1 -DCMAKE_INSTALL_PREFIX=/home/mscrobotics2425laptop24/Documents/Robotics_project/rp_ws/install/rplidar_ros
[3.561s] DEBUG:colcon.colcon_core.event_handler.log_command:Invoked command in '/home/mscrobotics2425laptop24/Documents/Robotics_project/rp_ws/build/rplidar_ros' returned '0': CMAKE_PREFIX_PATH=${CMAKE_PREFIX_PATH}:/home/mscrobotics2425laptop24/interbotix_ws/install/interbotix_xs_modules:/home/mscrobotics2425laptop24/interbotix_ws/install/interbotix_perception_modules:/home/mscrobotics2425laptop24/interbotix_ws/install/interbotix_common_modules:/opt/ros/humble /usr/bin/cmake /home/mscrobotics2425laptop24/Documents/Robotics_project/rp_ws/src/rplidar_ros -DAMENT_CMAKE_SYMLINK_INSTALL=1 -DCMAKE_INSTALL_PREFIX=/home/mscrobotics2425laptop24/Documents/Robotics_project/rp_ws/install/rplidar_ros
[3.569s] DEBUG:colcon.colcon_core.event_handler.log_command:Invoking command in '/home/mscrobotics2425laptop24/Documents/Robotics_project/rp_ws/build/rplidar_ros': CMAKE_PREFIX_PATH=${CMAKE_PREFIX_PATH}:/home/mscrobotics2425laptop24/interbotix_ws/install/interbotix_xs_modules:/home/mscrobotics2425laptop24/interbotix_ws/install/interbotix_perception_modules:/home/mscrobotics2425laptop24/interbotix_ws/install/interbotix_common_modules:/opt/ros/humble /usr/bin/cmake --build /home/mscrobotics2425laptop24/Documents/Robotics_project/rp_ws/build/rplidar_ros -- -j12 -l12
[18.471s] DEBUG:colcon.colcon_core.event_handler.log_command:Invoked command in '/home/mscrobotics2425laptop24/Documents/Robotics_project/rp_ws/build/rplidar_ros' returned '0': CMAKE_PREFIX_PATH=${CMAKE_PREFIX_PATH}:/home/mscrobotics2425laptop24/interbotix_ws/install/interbotix_xs_modules:/home/mscrobotics2425laptop24/interbotix_ws/install/interbotix_perception_modules:/home/mscrobotics2425laptop24/interbotix_ws/install/interbotix_common_modules:/opt/ros/humble /usr/bin/cmake --build /home/mscrobotics2425laptop24/Documents/Robotics_project/rp_ws/build/rplidar_ros -- -j12 -l12
[18.592s] DEBUG:colcon.colcon_core.event_handler.log_command:Invoking command in '/home/mscrobotics2425laptop24/Documents/Robotics_project/rp_ws/build/rplidar_ros': CMAKE_PREFIX_PATH=${CMAKE_PREFIX_PATH}:/home/mscrobotics2425laptop24/interbotix_ws/install/interbotix_xs_modules:/home/mscrobotics2425laptop24/interbotix_ws/install/interbotix_perception_modules:/home/mscrobotics2425laptop24/interbotix_ws/install/interbotix_common_modules:/opt/ros/humble /usr/bin/cmake --install /home/mscrobotics2425laptop24/Documents/Robotics_project/rp_ws/build/rplidar_ros
[19.108s] Level 1:colcon.colcon_core.environment:create_environment_scripts_only(rplidar_ros)
[19.109s] DEBUG:colcon.colcon_core.event_handler.log_command:Invoked command in '/home/mscrobotics2425laptop24/Documents/Robotics_project/rp_ws/build/rplidar_ros' returned '0': CMAKE_PREFIX_PATH=${CMAKE_PREFIX_PATH}:/home/mscrobotics2425laptop24/interbotix_ws/install/interbotix_xs_modules:/home/mscrobotics2425laptop24/interbotix_ws/install/interbotix_perception_modules:/home/mscrobotics2425laptop24/interbotix_ws/install/interbotix_common_modules:/opt/ros/humble /usr/bin/cmake --install /home/mscrobotics2425laptop24/Documents/Robotics_project/rp_ws/build/rplidar_ros
[19.117s] Level 1:colcon.colcon_core.environment:checking '/home/mscrobotics2425laptop24/Documents/Robotics_project/rp_ws/install/rplidar_ros' for CMake module files
[19.118s] Level 1:colcon.colcon_core.environment:checking '/home/mscrobotics2425laptop24/Documents/Robotics_project/rp_ws/install/rplidar_ros' for CMake config files
[19.119s] Level 1:colcon.colcon_core.shell:create_environment_hook('rplidar_ros', 'cmake_prefix_path')
[19.119s] INFO:colcon.colcon_core.shell:Creating environment hook '/home/mscrobotics2425laptop24/Documents/Robotics_project/rp_ws/install/rplidar_ros/share/rplidar_ros/hook/cmake_prefix_path.ps1'
[19.120s] INFO:colcon.colcon_core.shell:Creating environment descriptor '/home/mscrobotics2425laptop24/Documents/Robotics_project/rp_ws/install/rplidar_ros/share/rplidar_ros/hook/cmake_prefix_path.dsv'
[19.121s] INFO:colcon.colcon_core.shell:Creating environment hook '/home/mscrobotics2425laptop24/Documents/Robotics_project/rp_ws/install/rplidar_ros/share/rplidar_ros/hook/cmake_prefix_path.sh'
[19.125s] Level 1:colcon.colcon_core.environment:checking '/home/mscrobotics2425laptop24/Documents/Robotics_project/rp_ws/install/rplidar_ros/lib'
[19.126s] Level 1:colcon.colcon_core.environment:checking '/home/mscrobotics2425laptop24/Documents/Robotics_project/rp_ws/install/rplidar_ros/bin'
[19.126s] Level 1:colcon.colcon_core.environment:checking '/home/mscrobotics2425laptop24/Documents/Robotics_project/rp_ws/install/rplidar_ros/lib/pkgconfig/rplidar_ros.pc'
[19.127s] Level 1:colcon.colcon_core.environment:checking '/home/mscrobotics2425laptop24/Documents/Robotics_project/rp_ws/install/rplidar_ros/lib/python3.10/site-packages'
[19.128s] Level 1:colcon.colcon_core.environment:checking '/home/mscrobotics2425laptop24/Documents/Robotics_project/rp_ws/install/rplidar_ros/bin'
[19.129s] INFO:colcon.colcon_core.shell:Creating package script '/home/mscrobotics2425laptop24/Documents/Robotics_project/rp_ws/install/rplidar_ros/share/rplidar_ros/package.ps1'
[19.133s] INFO:colcon.colcon_core.shell:Creating package descriptor '/home/mscrobotics2425laptop24/Documents/Robotics_project/rp_ws/install/rplidar_ros/share/rplidar_ros/package.dsv'
[19.136s] INFO:colcon.colcon_core.shell:Creating package script '/home/mscrobotics2425laptop24/Documents/Robotics_project/rp_ws/install/rplidar_ros/share/rplidar_ros/package.sh'
[19.139s] INFO:colcon.colcon_core.shell:Creating package script '/home/mscrobotics2425laptop24/Documents/Robotics_project/rp_ws/install/rplidar_ros/share/rplidar_ros/package.bash'
[19.143s] INFO:colcon.colcon_core.shell:Creating package script '/home/mscrobotics2425laptop24/Documents/Robotics_project/rp_ws/install/rplidar_ros/share/rplidar_ros/package.zsh'
[19.147s] Level 1:colcon.colcon_core.environment:create_file_with_runtime_dependencies(/home/mscrobotics2425laptop24/Documents/Robotics_project/rp_ws/install/rplidar_ros/share/colcon-core/packages/rplidar_ros)
[19.279s] Level 1:colcon.colcon_core.environment:create_environment_scripts_only(rplidar_ros)
[19.279s] Level 1:colcon.colcon_core.environment:checking '/home/mscrobotics2425laptop24/Documents/Robotics_project/rp_ws/install/rplidar_ros' for CMake module files
[19.280s] Level 1:colcon.colcon_core.environment:checking '/home/mscrobotics2425laptop24/Documents/Robotics_project/rp_ws/install/rplidar_ros' for CMake config files
[19.281s] Level 1:colcon.colcon_core.shell:create_environment_hook('rplidar_ros', 'cmake_prefix_path')
[19.281s] INFO:colcon.colcon_core.shell:Creating environment hook '/home/mscrobotics2425laptop24/Documents/Robotics_project/rp_ws/install/rplidar_ros/share/rplidar_ros/hook/cmake_prefix_path.ps1'
[19.282s] INFO:colcon.colcon_core.shell:Creating environment descriptor '/home/mscrobotics2425laptop24/Documents/Robotics_project/rp_ws/install/rplidar_ros/share/rplidar_ros/hook/cmake_prefix_path.dsv'
[19.282s] INFO:colcon.colcon_core.shell:Creating environment hook '/home/mscrobotics2425laptop24/Documents/Robotics_project/rp_ws/install/rplidar_ros/share/rplidar_ros/hook/cmake_prefix_path.sh'
[19.284s] Level 1:colcon.colcon_core.environment:checking '/home/mscrobotics2425laptop24/Documents/Robotics_project/rp_ws/install/rplidar_ros/lib'
[19.284s] Level 1:colcon.colcon_core.environment:checking '/home/mscrobotics2425laptop24/Documents/Robotics_project/rp_ws/install/rplidar_ros/bin'
[19.285s] Level 1:colcon.colcon_core.environment:checking '/home/mscrobotics2425laptop24/Documents/Robotics_project/rp_ws/install/rplidar_ros/lib/pkgconfig/rplidar_ros.pc'
[19.286s] Level 1:colcon.colcon_core.environment:checking '/home/mscrobotics2425laptop24/Documents/Robotics_project/rp_ws/install/rplidar_ros/lib/python3.10/site-packages'
[19.287s] Level 1:colcon.colcon_core.environment:checking '/home/mscrobotics2425laptop24/Documents/Robotics_project/rp_ws/install/rplidar_ros/bin'
[19.287s] INFO:colcon.colcon_core.shell:Creating package script '/home/mscrobotics2425laptop24/Documents/Robotics_project/rp_ws/install/rplidar_ros/share/rplidar_ros/package.ps1'
[19.289s] INFO:colcon.colcon_core.shell:Creating package descriptor '/home/mscrobotics2425laptop24/Documents/Robotics_project/rp_ws/install/rplidar_ros/share/rplidar_ros/package.dsv'
[19.290s] INFO:colcon.colcon_core.shell:Creating package script '/home/mscrobotics2425laptop24/Documents/Robotics_project/rp_ws/install/rplidar_ros/share/rplidar_ros/package.sh'
[19.291s] INFO:colcon.colcon_core.shell:Creating package script '/home/mscrobotics2425laptop24/Documents/Robotics_project/rp_ws/install/rplidar_ros/share/rplidar_ros/package.bash'
[19.293s] INFO:colcon.colcon_core.shell:Creating package script '/home/mscrobotics2425laptop24/Documents/Robotics_project/rp_ws/install/rplidar_ros/share/rplidar_ros/package.zsh'
[19.295s] Level 1:colcon.colcon_core.environment:create_file_with_runtime_dependencies(/home/mscrobotics2425laptop24/Documents/Robotics_project/rp_ws/install/rplidar_ros/share/colcon-core/packages/rplidar_ros)
[19.297s] DEBUG:colcon.colcon_parallel_executor.executor.parallel:closing loop
[19.297s] DEBUG:colcon.colcon_parallel_executor.executor.parallel:loop closed
[19.300s] DEBUG:colcon.colcon_parallel_executor.executor.parallel:run_until_complete finished with '0'
[19.300s] DEBUG:colcon.colcon_core.event_reactor:joining thread
[19.334s] INFO:colcon.colcon_core.plugin_system:Skipping extension 'colcon_notification.desktop_notification.terminal_notifier': Not used on non-Darwin systems
[19.335s] INFO:colcon.colcon_core.plugin_system:Skipping extension 'colcon_notification.desktop_notification.win32': Not used on non-Windows systems
[19.335s] INFO:colcon.colcon_notification.desktop_notification:Sending desktop notification using 'notify2'
[19.353s] DEBUG:colcon.colcon_core.event_reactor:joined thread
[19.354s] INFO:colcon.colcon_core.shell:Creating prefix script '/home/mscrobotics2425laptop24/Documents/Robotics_project/rp_ws/install/local_setup.ps1'
[19.356s] INFO:colcon.colcon_core.shell:Creating prefix util module '/home/mscrobotics2425laptop24/Documents/Robotics_project/rp_ws/install/_local_setup_util_ps1.py'
[19.359s] INFO:colcon.colcon_core.shell:Creating prefix chain script '/home/mscrobotics2425laptop24/Documents/Robotics_project/rp_ws/install/setup.ps1'
[19.366s] INFO:colcon.colcon_core.shell:Creating prefix script '/home/mscrobotics2425laptop24/Documents/Robotics_project/rp_ws/install/local_setup.sh'
[19.369s] INFO:colcon.colcon_core.shell:Creating prefix util module '/home/mscrobotics2425laptop24/Documents/Robotics_project/rp_ws/install/_local_setup_util_sh.py'
[19.372s] INFO:colcon.colcon_core.shell:Creating prefix chain script '/home/mscrobotics2425laptop24/Documents/Robotics_project/rp_ws/install/setup.sh'
[19.380s] INFO:colcon.colcon_core.shell:Creating prefix script '/home/mscrobotics2425laptop24/Documents/Robotics_project/rp_ws/install/local_setup.bash'
[19.382s] INFO:colcon.colcon_core.shell:Creating prefix chain script '/home/mscrobotics2425laptop24/Documents/Robotics_project/rp_ws/install/setup.bash'
[19.388s] INFO:colcon.colcon_core.shell:Creating prefix script '/home/mscrobotics2425laptop24/Documents/Robotics_project/rp_ws/install/local_setup.zsh'
[19.390s] INFO:colcon.colcon_core.shell:Creating prefix chain script '/home/mscrobotics2425laptop24/Documents/Robotics_project/rp_ws/install/setup.zsh'
