[0.019s] Invoking command in '/home/bestteamever/leo_sim_ws/build/explore_lite': CMAKE_PREFIX_PATH=${CMAKE_PREFIX_PATH}:/home/bestteamever/leo_sim_ws/install/navigation_demos:/home/bestteamever/leo_sim_ws/install/leo_description:/opt/ros/humble /usr/bin/cmake /home/bestteamever/leo_sim_ws/src/m-explore-ros2/explore -DCMAKE_INSTALL_PREFIX=/home/bestteamever/leo_sim_ws/install/explore_lite
[0.347s] -- The C compiler identification is GNU 11.4.0
[0.347s] -- The CXX compiler identification is GNU 11.4.0
[0.347s] -- Detecting C compiler ABI info
[0.347s] -- Detecting C compiler ABI info - done
[0.347s] -- Check for working C compiler: /usr/bin/cc - skipped
[0.347s] -- Detecting C compile features
[0.347s] -- Detecting C compile features - done
[0.347s] -- Detecting CXX compiler ABI info
[0.347s] -- Detecting CXX compiler ABI info - done
[0.347s] -- Check for working CXX compiler: /usr/bin/c++ - skipped
[0.348s] -- Detecting CXX compile features
[0.348s] -- Detecting CXX compile features - done
[0.348s] -- BuilD for ROS2: humble
[0.348s] -- Found ament_cmake: 1.3.11 (/opt/ros/humble/share/ament_cmake/cmake)
[0.432s] -- Found Python3: /usr/bin/python3 (found version "3.10.12") found components: Interpreter 
[0.506s] -- Found rclcpp: 16.0.11 (/opt/ros/humble/share/rclcpp/cmake)
[0.551s] -- Found rosidl_generator_c: 3.1.6 (/opt/ros/humble/share/rosidl_generator_c/cmake)
[0.555s] -- Found rosidl_adapter: 3.1.6 (/opt/ros/humble/share/rosidl_adapter/cmake)
[0.563s] -- Found rosidl_generator_cpp: 3.1.6 (/opt/ros/humble/share/rosidl_generator_cpp/cmake)
[0.574s] -- Using all available rosidl_typesupport_c: rosidl_typesupport_fastrtps_c;rosidl_typesupport_introspection_c
[0.588s] -- Using all available rosidl_typesupport_cpp: rosidl_typesupport_fastrtps_cpp;rosidl_typesupport_introspection_cpp
[0.630s] -- Found rmw_implementation_cmake: 6.1.2 (/opt/ros/humble/share/rmw_implementation_cmake/cmake)
[0.632s] -- Found rmw_fastrtps_cpp: 6.2.7 (/opt/ros/humble/share/rmw_fastrtps_cpp/cmake)
[0.706s] -- Found OpenSSL: /usr/lib/x86_64-linux-gnu/libcrypto.so (found version "3.0.2")  
[0.732s] -- Found FastRTPS: /opt/ros/humble/include  
[0.767s] -- Using RMW implementation 'rmw_fastrtps_cpp' as default
[0.775s] -- Looking for pthread.h
[0.830s] -- Looking for pthread.h - found
[0.830s] -- Performing Test CMAKE_HAVE_LIBC_PTHREAD
[0.886s] -- Performing Test CMAKE_HAVE_LIBC_PTHREAD - Success
[0.887s] -- Found Threads: TRUE  
[0.937s] -- Found sensor_msgs: 4.2.4 (/opt/ros/humble/share/sensor_msgs/cmake)
[0.957s] -- Found tf2_ros: 0.25.12 (/opt/ros/humble/share/tf2_ros/cmake)
[1.039s] -- Found tf2_geometry_msgs: 0.25.12 (/opt/ros/humble/share/tf2_geometry_msgs/cmake)
[1.048s] -- Found eigen3_cmake_module: 0.1.1 (/opt/ros/humble/share/eigen3_cmake_module/cmake)
[1.049s] -- Found Eigen3: TRUE (found version "3.4.0") 
[1.049s] -- Ensuring Eigen3 include directory is part of orocos-kdl CMake target
[1.051s] -- Found nav2_msgs: 1.1.18 (/opt/ros/humble/share/nav2_msgs/cmake)
[1.081s] -- Found map_msgs: 2.1.0 (/opt/ros/humble/share/map_msgs/cmake)
[1.095s] -- Found visualization_msgs: 4.2.4 (/opt/ros/humble/share/visualization_msgs/cmake)
[1.110s] -- Found nav2_costmap_2d: 1.1.18 (/opt/ros/humble/share/nav2_costmap_2d/cmake)
[1.198s] -- Found ament_lint_auto: 0.12.11 (/opt/ros/humble/share/ament_lint_auto/cmake)
[1.251s] -- Found ament_cmake_gtest: 1.3.11 (/opt/ros/humble/share/ament_cmake_gtest/cmake)
[1.253s] -- Found gtest sources under '/opt/ros/humble/src/gtest_vendor': C++ tests using 'Google Test' will be built
[1.264s] -- Added test 'cppcheck' to perform static code analysis on C / C++ code
[1.264s] -- Configured cppcheck include dirs: /home/bestteamever/leo_sim_ws/src/m-explore-ros2/explore/include;$<BUILD_INTERFACE:/home/bestteamever/leo_sim_ws/src/m-explore-ros2/explore/include>
[1.264s] -- Configured cppcheck exclude dirs and/or files: 
[1.264s] -- Added test 'flake8' to check Python code syntax and style conventions
[1.265s] -- Added test 'lint_cmake' to check CMake code style
[1.265s] -- Added test 'pep257' to check Python code against some of the docstring style conventions in PEP 257
[1.266s] -- Added test 'uncrustify' to check C / C++ code style
[1.266s] -- Configured uncrustify additional arguments: 
[1.266s] -- Added test 'xmllint' to check XML markup files
[1.267s] -- Configuring done
[1.345s] -- Generating done
[1.354s] -- Build files have been written to: /home/bestteamever/leo_sim_ws/build/explore_lite
[1.362s] Invoked command in '/home/bestteamever/leo_sim_ws/build/explore_lite' returned '0': CMAKE_PREFIX_PATH=${CMAKE_PREFIX_PATH}:/home/bestteamever/leo_sim_ws/install/navigation_demos:/home/bestteamever/leo_sim_ws/install/leo_description:/opt/ros/humble /usr/bin/cmake /home/bestteamever/leo_sim_ws/src/m-explore-ros2/explore -DCMAKE_INSTALL_PREFIX=/home/bestteamever/leo_sim_ws/install/explore_lite
[1.364s] Invoking command in '/home/bestteamever/leo_sim_ws/build/explore_lite': CMAKE_PREFIX_PATH=${CMAKE_PREFIX_PATH}:/home/bestteamever/leo_sim_ws/install/navigation_demos:/home/bestteamever/leo_sim_ws/install/leo_description:/opt/ros/humble /usr/bin/cmake --build /home/bestteamever/leo_sim_ws/build/explore_lite -- -j16 -l16
[1.396s] [ 10%] [32mBuilding CXX object CMakeFiles/explore.dir/src/costmap_client.cpp.o[0m
[1.396s] [ 20%] [32mBuilding CXX object CMakeFiles/explore.dir/src/frontier_search.cpp.o[0m
[1.397s] [ 30%] [32mBuilding CXX object gtest/CMakeFiles/gtest.dir/src/gtest-all.cc.o[0m
[1.398s] [ 40%] [32mBuilding CXX object CMakeFiles/explore.dir/src/explore.cpp.o[0m
[1.399s] [ 50%] [32mBuilding CXX object gtest/CMakeFiles/gtest_main.dir/src/gtest_main.cc.o[0m
[2.035s] [ 60%] [32m[1mLinking CXX static library libgtest_main.a[0m
[2.070s] [ 60%] Built target gtest_main
[4.425s] [ 70%] [32m[1mLinking CXX static library libgtest.a[0m
[4.477s] [ 70%] Built target gtest
[4.496s] [ 80%] [32mBuilding CXX object CMakeFiles/test_explore.dir/test/test_explore.cpp.o[0m
[5.582s] [ 90%] [32m[1mLinking CXX executable test_explore[0m
[6.489s] [ 90%] Built target test_explore
[11.888s] [100%] [32m[1mLinking CXX executable explore[0m
[13.233s] [100%] Built target explore
[13.241s] Invoked command in '/home/bestteamever/leo_sim_ws/build/explore_lite' returned '0': CMAKE_PREFIX_PATH=${CMAKE_PREFIX_PATH}:/home/bestteamever/leo_sim_ws/install/navigation_demos:/home/bestteamever/leo_sim_ws/install/leo_description:/opt/ros/humble /usr/bin/cmake --build /home/bestteamever/leo_sim_ws/build/explore_lite -- -j16 -l16
[13.242s] Invoking command in '/home/bestteamever/leo_sim_ws/build/explore_lite': CMAKE_PREFIX_PATH=${CMAKE_PREFIX_PATH}:/home/bestteamever/leo_sim_ws/install/navigation_demos:/home/bestteamever/leo_sim_ws/install/leo_description:/opt/ros/humble /usr/bin/cmake --install /home/bestteamever/leo_sim_ws/build/explore_lite
[13.248s] -- Install configuration: ""
[13.248s] -- Installing: /home/bestteamever/leo_sim_ws/install/explore_lite/include/explore/
[13.248s] -- Installing: /home/bestteamever/leo_sim_ws/install/explore_lite/include/explore//costmap_client.h
[13.248s] -- Installing: /home/bestteamever/leo_sim_ws/install/explore_lite/include/explore//frontier_search.h
[13.248s] -- Installing: /home/bestteamever/leo_sim_ws/install/explore_lite/include/explore//explore.h
[13.248s] -- Installing: /home/bestteamever/leo_sim_ws/install/explore_lite/include/explore//costmap_tools.h
[13.248s] -- Installing: /home/bestteamever/leo_sim_ws/install/explore_lite/share/explore_lite/config
[13.248s] -- Installing: /home/bestteamever/leo_sim_ws/install/explore_lite/share/explore_lite/config/params.yaml
[13.248s] -- Installing: /home/bestteamever/leo_sim_ws/install/explore_lite/share/explore_lite/config/params_costmap.yaml
[13.248s] -- Installing: /home/bestteamever/leo_sim_ws/install/explore_lite/share/explore_lite/launch
[13.248s] -- Installing: /home/bestteamever/leo_sim_ws/install/explore_lite/share/explore_lite/launch/explore.launch.py
[13.248s] -- Installing: /home/bestteamever/leo_sim_ws/install/explore_lite/lib/explore_lite/explore
[13.252s] -- Set runtime path of "/home/bestteamever/leo_sim_ws/install/explore_lite/lib/explore_lite/explore" to ""
[13.252s] -- Installing: /home/bestteamever/leo_sim_ws/install/explore_lite/share/ament_index/resource_index/package_run_dependencies/explore_lite
[13.252s] -- Installing: /home/bestteamever/leo_sim_ws/install/explore_lite/share/ament_index/resource_index/parent_prefix_path/explore_lite
[13.252s] -- Installing: /home/bestteamever/leo_sim_ws/install/explore_lite/share/explore_lite/environment/ament_prefix_path.sh
[13.252s] -- Installing: /home/bestteamever/leo_sim_ws/install/explore_lite/share/explore_lite/environment/ament_prefix_path.dsv
[13.252s] -- Installing: /home/bestteamever/leo_sim_ws/install/explore_lite/share/explore_lite/environment/path.sh
[13.252s] -- Installing: /home/bestteamever/leo_sim_ws/install/explore_lite/share/explore_lite/environment/path.dsv
[13.252s] -- Installing: /home/bestteamever/leo_sim_ws/install/explore_lite/share/explore_lite/local_setup.bash
[13.252s] -- Installing: /home/bestteamever/leo_sim_ws/install/explore_lite/share/explore_lite/local_setup.sh
[13.252s] -- Installing: /home/bestteamever/leo_sim_ws/install/explore_lite/share/explore_lite/local_setup.zsh
[13.252s] -- Installing: /home/bestteamever/leo_sim_ws/install/explore_lite/share/explore_lite/local_setup.dsv
[13.252s] -- Installing: /home/bestteamever/leo_sim_ws/install/explore_lite/share/explore_lite/package.dsv
[13.252s] -- Installing: /home/bestteamever/leo_sim_ws/install/explore_lite/share/ament_index/resource_index/packages/explore_lite
[13.252s] -- Installing: /home/bestteamever/leo_sim_ws/install/explore_lite/share/explore_lite/cmake/ament_cmake_export_include_directories-extras.cmake
[13.252s] -- Installing: /home/bestteamever/leo_sim_ws/install/explore_lite/share/explore_lite/cmake/explore_liteConfig.cmake
[13.252s] -- Installing: /home/bestteamever/leo_sim_ws/install/explore_lite/share/explore_lite/cmake/explore_liteConfig-version.cmake
[13.252s] -- Installing: /home/bestteamever/leo_sim_ws/install/explore_lite/share/explore_lite/package.xml
[13.254s] Invoked command in '/home/bestteamever/leo_sim_ws/build/explore_lite' returned '0': CMAKE_PREFIX_PATH=${CMAKE_PREFIX_PATH}:/home/bestteamever/leo_sim_ws/install/navigation_demos:/home/bestteamever/leo_sim_ws/install/leo_description:/opt/ros/humble /usr/bin/cmake --install /home/bestteamever/leo_sim_ws/build/explore_lite
