[0.073s] DEBUG:colcon:Command line arguments: ['/home/mscrobotics2425laptop24/.local/bin/colcon', 'build', '--symlink-install']
[0.073s] DEBUG:colcon:Parsed command line arguments: Namespace(log_base=None, log_level=None, verb_name='build', build_base='build', install_base='install', merge_install=False, symlink_install=True, test_result_base=None, continue_on_error=False, executor='parallel', parallel_workers=12, event_handlers=None, ignore_user_meta=False, metas=['./colcon.meta'], base_paths=['.'], packages_ignore=None, packages_ignore_regex=None, paths=None, packages_up_to=None, packages_up_to_regex=None, packages_above=None, packages_above_and_dependencies=None, packages_above_depth=None, packages_select_by_dep=None, packages_skip_by_dep=None, packages_skip_up_to=None, packages_select_build_failed=False, packages_skip_build_finished=False, packages_select_test_failures=False, packages_skip_test_passed=False, packages_select=None, packages_skip=None, packages_select_regex=None, packages_skip_regex=None, packages_start=None, packages_end=None, allow_overriding=[], cmake_args=None, cmake_target=None, cmake_target_skip_unavailable=False, cmake_clean_cache=False, cmake_clean_first=False, cmake_force_configure=False, ament_cmake_args=None, catkin_cmake_args=None, catkin_skip_building_tests=False, verb_parser=<colcon_defaults.argument_parser.defaults.DefaultArgumentsDecorator object at 0x763bdac30370>, verb_extension=<colcon_core.verb.build.BuildVerb object at 0x763bdada1930>, main=<bound method BuildVerb.main of <colcon_core.verb.build.BuildVerb object at 0x763bdada1930>>)
[0.171s] Level 1:colcon.colcon_core.package_discovery:discover_packages(colcon_meta) check parameters
[0.172s] Level 1:colcon.colcon_core.package_discovery:discover_packages(recursive) check parameters
[0.172s] Level 1:colcon.colcon_core.package_discovery:discover_packages(ignore) check parameters
[0.172s] Level 1:colcon.colcon_core.package_discovery:discover_packages(path) check parameters
[0.172s] Level 1:colcon.colcon_core.package_discovery:discover_packages(colcon_meta) discover
[0.172s] Level 1:colcon.colcon_core.package_discovery:discover_packages(recursive) discover
[0.172s] INFO:colcon.colcon_core.package_discovery:Crawling recursively for packages in '/home/mscrobotics2425laptop24/Documents/Robotics_project/rp_ws/src'
[0.172s] Level 1:colcon.colcon_core.package_identification:_identify(.) by extensions ['ignore', 'ignore_ament_install']
[0.172s] Level 1:colcon.colcon_core.package_identification:_identify(.) by extension 'ignore'
[0.172s] Level 1:colcon.colcon_core.package_identification:_identify(.) by extension 'ignore_ament_install'
[0.172s] Level 1:colcon.colcon_core.package_identification:_identify(.) by extensions ['colcon_pkg']
[0.172s] Level 1:colcon.colcon_core.package_identification:_identify(.) by extension 'colcon_pkg'
[0.172s] Level 1:colcon.colcon_core.package_identification:_identify(.) by extensions ['colcon_meta']
[0.172s] Level 1:colcon.colcon_core.package_identification:_identify(.) by extension 'colcon_meta'
[0.172s] Level 1:colcon.colcon_core.package_identification:_identify(.) by extensions ['ros']
[0.172s] Level 1:colcon.colcon_core.package_identification:_identify(.) by extension 'ros'
[0.179s] Level 1:colcon.colcon_core.package_identification:_identify(.) by extensions ['cmake', 'python']
[0.179s] Level 1:colcon.colcon_core.package_identification:_identify(.) by extension 'cmake'
[0.179s] Level 1:colcon.colcon_core.package_identification:_identify(.) by extension 'python'
[0.179s] Level 1:colcon.colcon_core.package_identification:_identify(.) by extensions ['python_setup_py']
[0.179s] Level 1:colcon.colcon_core.package_identification:_identify(.) by extension 'python_setup_py'
[0.179s] Level 1:colcon.colcon_core.package_identification:_identify(build) by extensions ['ignore', 'ignore_ament_install']
[0.179s] Level 1:colcon.colcon_core.package_identification:_identify(build) by extension 'ignore'
[0.179s] Level 1:colcon.colcon_core.package_identification:_identify(build) ignored
[0.179s] Level 1:colcon.colcon_core.package_identification:_identify(install) by extensions ['ignore', 'ignore_ament_install']
[0.179s] Level 1:colcon.colcon_core.package_identification:_identify(install) by extension 'ignore'
[0.179s] Level 1:colcon.colcon_core.package_identification:_identify(install) ignored
[0.179s] Level 1:colcon.colcon_core.package_identification:_identify(log) by extensions ['ignore', 'ignore_ament_install']
[0.179s] Level 1:colcon.colcon_core.package_identification:_identify(log) by extension 'ignore'
[0.179s] Level 1:colcon.colcon_core.package_identification:_identify(log) ignored
[0.179s] Level 1:colcon.colcon_core.package_identification:_identify(rplidar_ros) by extensions ['ignore', 'ignore_ament_install']
[0.179s] Level 1:colcon.colcon_core.package_identification:_identify(rplidar_ros) by extension 'ignore'
[0.179s] Level 1:colcon.colcon_core.package_identification:_identify(rplidar_ros) by extension 'ignore_ament_install'
[0.179s] Level 1:colcon.colcon_core.package_identification:_identify(rplidar_ros) by extensions ['colcon_pkg']
[0.179s] Level 1:colcon.colcon_core.package_identification:_identify(rplidar_ros) by extension 'colcon_pkg'
[0.179s] Level 1:colcon.colcon_core.package_identification:_identify(rplidar_ros) by extensions ['colcon_meta']
[0.179s] Level 1:colcon.colcon_core.package_identification:_identify(rplidar_ros) by extension 'colcon_meta'
[0.179s] Level 1:colcon.colcon_core.package_identification:_identify(rplidar_ros) by extensions ['ros']
[0.179s] Level 1:colcon.colcon_core.package_identification:_identify(rplidar_ros) by extension 'ros'
[0.181s] DEBUG:colcon.colcon_core.package_identification:Package 'rplidar_ros' with type 'ros.ament_cmake' and name 'rplidar_ros'
[0.181s] Level 1:colcon.colcon_core.package_discovery:discover_packages(recursive) using defaults
[0.181s] Level 1:colcon.colcon_core.package_discovery:discover_packages(ignore) discover
[0.181s] Level 1:colcon.colcon_core.package_discovery:discover_packages(ignore) using defaults
[0.181s] Level 1:colcon.colcon_core.package_discovery:discover_packages(path) discover
[0.181s] Level 1:colcon.colcon_core.package_discovery:discover_packages(path) using defaults
[0.192s] Level 1:colcon.colcon_core.package_discovery:discover_packages(prefix_path) check parameters
[0.192s] Level 1:colcon.colcon_core.package_discovery:discover_packages(prefix_path) discover
[0.193s] DEBUG:colcon.colcon_installed_package_information.package_discovery:Found 34 installed packages in /home/mscrobotics2425laptop24/interbotix_ws/install
[0.194s] DEBUG:colcon.colcon_installed_package_information.package_discovery:Found 1 installed packages in /home/mscrobotics2425laptop24/apriltag_ws/install
[0.194s] DEBUG:colcon.colcon_installed_package_information.package_discovery:Found 353 installed packages in /opt/ros/humble
[0.196s] Level 1:colcon.colcon_core.package_discovery:discover_packages(prefix_path) using defaults
[0.224s] Level 5:colcon.colcon_core.verb:set package 'rplidar_ros' build argument 'cmake_args' from command line to 'None'
[0.224s] Level 5:colcon.colcon_core.verb:set package 'rplidar_ros' build argument 'cmake_target' from command line to 'None'
[0.224s] Level 5:colcon.colcon_core.verb:set package 'rplidar_ros' build argument 'cmake_target_skip_unavailable' from command line to 'False'
[0.224s] Level 5:colcon.colcon_core.verb:set package 'rplidar_ros' build argument 'cmake_clean_cache' from command line to 'False'
[0.224s] Level 5:colcon.colcon_core.verb:set package 'rplidar_ros' build argument 'cmake_clean_first' from command line to 'False'
[0.224s] Level 5:colcon.colcon_core.verb:set package 'rplidar_ros' build argument 'cmake_force_configure' from command line to 'False'
[0.224s] Level 5:colcon.colcon_core.verb:set package 'rplidar_ros' build argument 'ament_cmake_args' from command line to 'None'
[0.224s] Level 5:colcon.colcon_core.verb:set package 'rplidar_ros' build argument 'catkin_cmake_args' from command line to 'None'
[0.224s] Level 5:colcon.colcon_core.verb:set package 'rplidar_ros' build argument 'catkin_skip_building_tests' from command line to 'False'
[0.224s] DEBUG:colcon.colcon_core.verb:Building package 'rplidar_ros' with the following arguments: {'ament_cmake_args': None, 'build_base': '/home/mscrobotics2425laptop24/Documents/Robotics_project/rp_ws/src/build/rplidar_ros', 'catkin_cmake_args': None, 'catkin_skip_building_tests': False, 'cmake_args': None, 'cmake_clean_cache': False, 'cmake_clean_first': False, 'cmake_force_configure': False, 'cmake_target': None, 'cmake_target_skip_unavailable': False, 'install_base': '/home/mscrobotics2425laptop24/Documents/Robotics_project/rp_ws/src/install/rplidar_ros', 'merge_install': False, 'path': '/home/mscrobotics2425laptop24/Documents/Robotics_project/rp_ws/src/rplidar_ros', 'symlink_install': True, 'test_result_base': None}
[0.225s] INFO:colcon.colcon_core.executor:Executing jobs using 'parallel' executor
[0.225s] DEBUG:colcon.colcon_parallel_executor.executor.parallel:run_until_complete
[0.225s] INFO:colcon.colcon_ros.task.ament_cmake.build:Building ROS package in '/home/mscrobotics2425laptop24/Documents/Robotics_project/rp_ws/src/rplidar_ros' with build type 'ament_cmake'
[0.225s] INFO:colcon.colcon_cmake.task.cmake.build:Building CMake package in '/home/mscrobotics2425laptop24/Documents/Robotics_project/rp_ws/src/rplidar_ros'
[0.227s] INFO:colcon.colcon_core.plugin_system:Skipping extension 'colcon_core.shell.bat': Not used on non-Windows systems
[0.227s] INFO:colcon.colcon_core.shell:Skip shell extension 'powershell' for command environment: Not usable outside of PowerShell
[0.227s] DEBUG:colcon.colcon_core.shell:Skip shell extension 'dsv' for command environment
[0.239s] DEBUG:colcon.colcon_core.event_handler.log_command:Invoking command in '/home/mscrobotics2425laptop24/Documents/Robotics_project/rp_ws/src/build/rplidar_ros': CMAKE_PREFIX_PATH=${CMAKE_PREFIX_PATH}:/home/mscrobotics2425laptop24/interbotix_ws/install/interbotix_xs_modules:/home/mscrobotics2425laptop24/interbotix_ws/install/interbotix_perception_modules:/home/mscrobotics2425laptop24/interbotix_ws/install/interbotix_common_modules:/opt/ros/humble /usr/bin/cmake /home/mscrobotics2425laptop24/Documents/Robotics_project/rp_ws/src/rplidar_ros -DAMENT_CMAKE_SYMLINK_INSTALL=1 -DCMAKE_INSTALL_PREFIX=/home/mscrobotics2425laptop24/Documents/Robotics_project/rp_ws/src/install/rplidar_ros
[1.342s] DEBUG:colcon.colcon_core.event_handler.log_command:Invoked command in '/home/mscrobotics2425laptop24/Documents/Robotics_project/rp_ws/src/build/rplidar_ros' returned '0': CMAKE_PREFIX_PATH=${CMAKE_PREFIX_PATH}:/home/mscrobotics2425laptop24/interbotix_ws/install/interbotix_xs_modules:/home/mscrobotics2425laptop24/interbotix_ws/install/interbotix_perception_modules:/home/mscrobotics2425laptop24/interbotix_ws/install/interbotix_common_modules:/opt/ros/humble /usr/bin/cmake /home/mscrobotics2425laptop24/Documents/Robotics_project/rp_ws/src/rplidar_ros -DAMENT_CMAKE_SYMLINK_INSTALL=1 -DCMAKE_INSTALL_PREFIX=/home/mscrobotics2425laptop24/Documents/Robotics_project/rp_ws/src/install/rplidar_ros
[1.344s] DEBUG:colcon.colcon_core.event_handler.log_command:Invoking command in '/home/mscrobotics2425laptop24/Documents/Robotics_project/rp_ws/src/build/rplidar_ros': CMAKE_PREFIX_PATH=${CMAKE_PREFIX_PATH}:/home/mscrobotics2425laptop24/interbotix_ws/install/interbotix_xs_modules:/home/mscrobotics2425laptop24/interbotix_ws/install/interbotix_perception_modules:/home/mscrobotics2425laptop24/interbotix_ws/install/interbotix_common_modules:/opt/ros/humble /usr/bin/cmake --build /home/mscrobotics2425laptop24/Documents/Robotics_project/rp_ws/src/build/rplidar_ros -- -j12 -l12
[10.281s] DEBUG:colcon.colcon_core.event_handler.log_command:Invoked command in '/home/mscrobotics2425laptop24/Documents/Robotics_project/rp_ws/src/build/rplidar_ros' returned '0': CMAKE_PREFIX_PATH=${CMAKE_PREFIX_PATH}:/home/mscrobotics2425laptop24/interbotix_ws/install/interbotix_xs_modules:/home/mscrobotics2425laptop24/interbotix_ws/install/interbotix_perception_modules:/home/mscrobotics2425laptop24/interbotix_ws/install/interbotix_common_modules:/opt/ros/humble /usr/bin/cmake --build /home/mscrobotics2425laptop24/Documents/Robotics_project/rp_ws/src/build/rplidar_ros -- -j12 -l12
[10.349s] DEBUG:colcon.colcon_core.event_handler.log_command:Invoking command in '/home/mscrobotics2425laptop24/Documents/Robotics_project/rp_ws/src/build/rplidar_ros': CMAKE_PREFIX_PATH=${CMAKE_PREFIX_PATH}:/home/mscrobotics2425laptop24/interbotix_ws/install/interbotix_xs_modules:/home/mscrobotics2425laptop24/interbotix_ws/install/interbotix_perception_modules:/home/mscrobotics2425laptop24/interbotix_ws/install/interbotix_common_modules:/opt/ros/humble /usr/bin/cmake --install /home/mscrobotics2425laptop24/Documents/Robotics_project/rp_ws/src/build/rplidar_ros
[10.688s] Level 1:colcon.colcon_core.environment:create_environment_scripts_only(rplidar_ros)
[10.689s] DEBUG:colcon.colcon_core.event_handler.log_command:Invoked command in '/home/mscrobotics2425laptop24/Documents/Robotics_project/rp_ws/src/build/rplidar_ros' returned '0': CMAKE_PREFIX_PATH=${CMAKE_PREFIX_PATH}:/home/mscrobotics2425laptop24/interbotix_ws/install/interbotix_xs_modules:/home/mscrobotics2425laptop24/interbotix_ws/install/interbotix_perception_modules:/home/mscrobotics2425laptop24/interbotix_ws/install/interbotix_common_modules:/opt/ros/humble /usr/bin/cmake --install /home/mscrobotics2425laptop24/Documents/Robotics_project/rp_ws/src/build/rplidar_ros
[10.690s] Level 1:colcon.colcon_core.environment:checking '/home/mscrobotics2425laptop24/Documents/Robotics_project/rp_ws/src/install/rplidar_ros' for CMake module files
[10.690s] Level 1:colcon.colcon_core.environment:checking '/home/mscrobotics2425laptop24/Documents/Robotics_project/rp_ws/src/install/rplidar_ros' for CMake config files
[10.691s] Level 1:colcon.colcon_core.shell:create_environment_hook('rplidar_ros', 'cmake_prefix_path')
[10.691s] INFO:colcon.colcon_core.shell:Creating environment hook '/home/mscrobotics2425laptop24/Documents/Robotics_project/rp_ws/src/install/rplidar_ros/share/rplidar_ros/hook/cmake_prefix_path.ps1'
[10.691s] INFO:colcon.colcon_core.shell:Creating environment descriptor '/home/mscrobotics2425laptop24/Documents/Robotics_project/rp_ws/src/install/rplidar_ros/share/rplidar_ros/hook/cmake_prefix_path.dsv'
[10.691s] INFO:colcon.colcon_core.shell:Creating environment hook '/home/mscrobotics2425laptop24/Documents/Robotics_project/rp_ws/src/install/rplidar_ros/share/rplidar_ros/hook/cmake_prefix_path.sh'
[10.692s] Level 1:colcon.colcon_core.environment:checking '/home/mscrobotics2425laptop24/Documents/Robotics_project/rp_ws/src/install/rplidar_ros/lib'
[10.692s] Level 1:colcon.colcon_core.environment:checking '/home/mscrobotics2425laptop24/Documents/Robotics_project/rp_ws/src/install/rplidar_ros/bin'
[10.693s] Level 1:colcon.colcon_core.environment:checking '/home/mscrobotics2425laptop24/Documents/Robotics_project/rp_ws/src/install/rplidar_ros/lib/pkgconfig/rplidar_ros.pc'
[10.693s] Level 1:colcon.colcon_core.environment:checking '/home/mscrobotics2425laptop24/Documents/Robotics_project/rp_ws/src/install/rplidar_ros/lib/python3.10/site-packages'
[10.693s] Level 1:colcon.colcon_core.environment:checking '/home/mscrobotics2425laptop24/Documents/Robotics_project/rp_ws/src/install/rplidar_ros/bin'
[10.693s] INFO:colcon.colcon_core.shell:Creating package script '/home/mscrobotics2425laptop24/Documents/Robotics_project/rp_ws/src/install/rplidar_ros/share/rplidar_ros/package.ps1'
[10.694s] INFO:colcon.colcon_core.shell:Creating package descriptor '/home/mscrobotics2425laptop24/Documents/Robotics_project/rp_ws/src/install/rplidar_ros/share/rplidar_ros/package.dsv'
[10.694s] INFO:colcon.colcon_core.shell:Creating package script '/home/mscrobotics2425laptop24/Documents/Robotics_project/rp_ws/src/install/rplidar_ros/share/rplidar_ros/package.sh'
[10.694s] INFO:colcon.colcon_core.shell:Creating package script '/home/mscrobotics2425laptop24/Documents/Robotics_project/rp_ws/src/install/rplidar_ros/share/rplidar_ros/package.bash'
[10.695s] INFO:colcon.colcon_core.shell:Creating package script '/home/mscrobotics2425laptop24/Documents/Robotics_project/rp_ws/src/install/rplidar_ros/share/rplidar_ros/package.zsh'
[10.695s] Level 1:colcon.colcon_core.environment:create_file_with_runtime_dependencies(/home/mscrobotics2425laptop24/Documents/Robotics_project/rp_ws/src/install/rplidar_ros/share/colcon-core/packages/rplidar_ros)
[10.760s] Level 1:colcon.colcon_core.environment:create_environment_scripts_only(rplidar_ros)
[10.760s] Level 1:colcon.colcon_core.environment:checking '/home/mscrobotics2425laptop24/Documents/Robotics_project/rp_ws/src/install/rplidar_ros' for CMake module files
[10.761s] Level 1:colcon.colcon_core.environment:checking '/home/mscrobotics2425laptop24/Documents/Robotics_project/rp_ws/src/install/rplidar_ros' for CMake config files
[10.761s] Level 1:colcon.colcon_core.shell:create_environment_hook('rplidar_ros', 'cmake_prefix_path')
[10.761s] INFO:colcon.colcon_core.shell:Creating environment hook '/home/mscrobotics2425laptop24/Documents/Robotics_project/rp_ws/src/install/rplidar_ros/share/rplidar_ros/hook/cmake_prefix_path.ps1'
[10.762s] INFO:colcon.colcon_core.shell:Creating environment descriptor '/home/mscrobotics2425laptop24/Documents/Robotics_project/rp_ws/src/install/rplidar_ros/share/rplidar_ros/hook/cmake_prefix_path.dsv'
[10.762s] INFO:colcon.colcon_core.shell:Creating environment hook '/home/mscrobotics2425laptop24/Documents/Robotics_project/rp_ws/src/install/rplidar_ros/share/rplidar_ros/hook/cmake_prefix_path.sh'
[10.763s] Level 1:colcon.colcon_core.environment:checking '/home/mscrobotics2425laptop24/Documents/Robotics_project/rp_ws/src/install/rplidar_ros/lib'
[10.763s] Level 1:colcon.colcon_core.environment:checking '/home/mscrobotics2425laptop24/Documents/Robotics_project/rp_ws/src/install/rplidar_ros/bin'
[10.763s] Level 1:colcon.colcon_core.environment:checking '/home/mscrobotics2425laptop24/Documents/Robotics_project/rp_ws/src/install/rplidar_ros/lib/pkgconfig/rplidar_ros.pc'
[10.763s] Level 1:colcon.colcon_core.environment:checking '/home/mscrobotics2425laptop24/Documents/Robotics_project/rp_ws/src/install/rplidar_ros/lib/python3.10/site-packages'
[10.764s] Level 1:colcon.colcon_core.environment:checking '/home/mscrobotics2425laptop24/Documents/Robotics_project/rp_ws/src/install/rplidar_ros/bin'
[10.764s] INFO:colcon.colcon_core.shell:Creating package script '/home/mscrobotics2425laptop24/Documents/Robotics_project/rp_ws/src/install/rplidar_ros/share/rplidar_ros/package.ps1'
[10.765s] INFO:colcon.colcon_core.shell:Creating package descriptor '/home/mscrobotics2425laptop24/Documents/Robotics_project/rp_ws/src/install/rplidar_ros/share/rplidar_ros/package.dsv'
[10.765s] INFO:colcon.colcon_core.shell:Creating package script '/home/mscrobotics2425laptop24/Documents/Robotics_project/rp_ws/src/install/rplidar_ros/share/rplidar_ros/package.sh'
[10.766s] INFO:colcon.colcon_core.shell:Creating package script '/home/mscrobotics2425laptop24/Documents/Robotics_project/rp_ws/src/install/rplidar_ros/share/rplidar_ros/package.bash'
[10.766s] INFO:colcon.colcon_core.shell:Creating package script '/home/mscrobotics2425laptop24/Documents/Robotics_project/rp_ws/src/install/rplidar_ros/share/rplidar_ros/package.zsh'
[10.767s] Level 1:colcon.colcon_core.environment:create_file_with_runtime_dependencies(/home/mscrobotics2425laptop24/Documents/Robotics_project/rp_ws/src/install/rplidar_ros/share/colcon-core/packages/rplidar_ros)
[10.767s] DEBUG:colcon.colcon_parallel_executor.executor.parallel:closing loop
[10.768s] DEBUG:colcon.colcon_parallel_executor.executor.parallel:loop closed
[10.768s] DEBUG:colcon.colcon_parallel_executor.executor.parallel:run_until_complete finished with '0'
[10.768s] DEBUG:colcon.colcon_core.event_reactor:joining thread
[10.788s] INFO:colcon.colcon_core.plugin_system:Skipping extension 'colcon_notification.desktop_notification.terminal_notifier': Not used on non-Darwin systems
[10.788s] INFO:colcon.colcon_core.plugin_system:Skipping extension 'colcon_notification.desktop_notification.win32': Not used on non-Windows systems
[10.788s] INFO:colcon.colcon_notification.desktop_notification:Sending desktop notification using 'notify2'
[10.796s] DEBUG:colcon.colcon_core.event_reactor:joined thread
[10.796s] INFO:colcon.colcon_core.shell:Creating prefix script '/home/mscrobotics2425laptop24/Documents/Robotics_project/rp_ws/src/install/local_setup.ps1'
[10.797s] INFO:colcon.colcon_core.shell:Creating prefix util module '/home/mscrobotics2425laptop24/Documents/Robotics_project/rp_ws/src/install/_local_setup_util_ps1.py'
[10.799s] INFO:colcon.colcon_core.shell:Creating prefix chain script '/home/mscrobotics2425laptop24/Documents/Robotics_project/rp_ws/src/install/setup.ps1'
[10.801s] INFO:colcon.colcon_core.shell:Creating prefix script '/home/mscrobotics2425laptop24/Documents/Robotics_project/rp_ws/src/install/local_setup.sh'
[10.802s] INFO:colcon.colcon_core.shell:Creating prefix util module '/home/mscrobotics2425laptop24/Documents/Robotics_project/rp_ws/src/install/_local_setup_util_sh.py'
[10.803s] INFO:colcon.colcon_core.shell:Creating prefix chain script '/home/mscrobotics2425laptop24/Documents/Robotics_project/rp_ws/src/install/setup.sh'
[10.805s] INFO:colcon.colcon_core.shell:Creating prefix script '/home/mscrobotics2425laptop24/Documents/Robotics_project/rp_ws/src/install/local_setup.bash'
[10.806s] INFO:colcon.colcon_core.shell:Creating prefix chain script '/home/mscrobotics2425laptop24/Documents/Robotics_project/rp_ws/src/install/setup.bash'
[10.808s] INFO:colcon.colcon_core.shell:Creating prefix script '/home/mscrobotics2425laptop24/Documents/Robotics_project/rp_ws/src/install/local_setup.zsh'
[10.809s] INFO:colcon.colcon_core.shell:Creating prefix chain script '/home/mscrobotics2425laptop24/Documents/Robotics_project/rp_ws/src/install/setup.zsh'
