[0.078s] DEBUG:colcon:Command line arguments: ['/usr/bin/colcon', 'build']
[0.078s] DEBUG:colcon:Parsed command line arguments: Namespace(log_base=None, log_level=None, verb_name='build', build_base='build', install_base='install', merge_install=False, symlink_install=False, test_result_base=None, continue_on_error=False, executor='parallel', parallel_workers=16, event_handlers=None, ignore_user_meta=False, metas=['./colcon.meta'], base_paths=['.'], packages_ignore=None, packages_ignore_regex=None, paths=None, packages_up_to=None, packages_up_to_regex=None, packages_above=None, packages_above_and_dependencies=None, packages_above_depth=None, packages_select_by_dep=None, packages_skip_by_dep=None, packages_skip_up_to=None, packages_select_build_failed=False, packages_skip_build_finished=False, packages_select_test_failures=False, packages_skip_test_passed=False, packages_select=None, packages_skip=None, packages_select_regex=None, packages_skip_regex=None, packages_start=None, packages_end=None, allow_overriding=[], cmake_args=None, cmake_target=None, cmake_target_skip_unavailable=False, cmake_clean_cache=False, cmake_clean_first=False, cmake_force_configure=False, ament_cmake_args=None, catkin_cmake_args=None, catkin_skip_building_tests=False, mixin_files=None, mixin=None, verb_parser=<colcon_mixin.mixin.mixin_argument.MixinArgumentDecorator object at 0x7472ccb72d10>, verb_extension=<colcon_core.verb.build.BuildVerb object at 0x7472ccc8bbb0>, main=<bound method BuildVerb.main of <colcon_core.verb.build.BuildVerb object at 0x7472ccc8bbb0>>, mixin_verb=('build',))
[0.198s] Level 1:colcon.colcon_core.package_discovery:discover_packages(colcon_meta) check parameters
[0.198s] Level 1:colcon.colcon_core.package_discovery:discover_packages(recursive) check parameters
[0.198s] Level 1:colcon.colcon_core.package_discovery:discover_packages(ignore) check parameters
[0.198s] Level 1:colcon.colcon_core.package_discovery:discover_packages(path) check parameters
[0.198s] Level 1:colcon.colcon_core.package_discovery:discover_packages(colcon_meta) discover
[0.198s] Level 1:colcon.colcon_core.package_discovery:discover_packages(recursive) discover
[0.198s] INFO:colcon.colcon_core.package_discovery:Crawling recursively for packages in '/home/bestteamever/leo_sim_ws'
[0.198s] Level 1:colcon.colcon_core.package_identification:_identify(.) by extensions ['ignore', 'ignore_ament_install']
[0.198s] Level 1:colcon.colcon_core.package_identification:_identify(.) by extension 'ignore'
[0.198s] Level 1:colcon.colcon_core.package_identification:_identify(.) by extension 'ignore_ament_install'
[0.198s] Level 1:colcon.colcon_core.package_identification:_identify(.) by extensions ['colcon_pkg']
[0.198s] Level 1:colcon.colcon_core.package_identification:_identify(.) by extension 'colcon_pkg'
[0.198s] Level 1:colcon.colcon_core.package_identification:_identify(.) by extensions ['colcon_meta']
[0.198s] Level 1:colcon.colcon_core.package_identification:_identify(.) by extension 'colcon_meta'
[0.198s] Level 1:colcon.colcon_core.package_identification:_identify(.) by extensions ['ros']
[0.198s] Level 1:colcon.colcon_core.package_identification:_identify(.) by extension 'ros'
[0.204s] Level 1:colcon.colcon_core.package_identification:_identify(.) by extensions ['cmake', 'python']
[0.204s] Level 1:colcon.colcon_core.package_identification:_identify(.) by extension 'cmake'
[0.204s] Level 1:colcon.colcon_core.package_identification:_identify(.) by extension 'python'
[0.205s] Level 1:colcon.colcon_core.package_identification:_identify(.) by extensions ['python_setup_py']
[0.205s] Level 1:colcon.colcon_core.package_identification:_identify(.) by extension 'python_setup_py'
[0.205s] Level 1:colcon.colcon_core.package_identification:_identify(build) by extensions ['ignore', 'ignore_ament_install']
[0.205s] Level 1:colcon.colcon_core.package_identification:_identify(build) by extension 'ignore'
[0.205s] Level 1:colcon.colcon_core.package_identification:_identify(build) ignored
[0.205s] Level 1:colcon.colcon_core.package_identification:_identify(install) by extensions ['ignore', 'ignore_ament_install']
[0.205s] Level 1:colcon.colcon_core.package_identification:_identify(install) by extension 'ignore'
[0.205s] Level 1:colcon.colcon_core.package_identification:_identify(install) ignored
[0.205s] Level 1:colcon.colcon_core.package_identification:_identify(log) by extensions ['ignore', 'ignore_ament_install']
[0.205s] Level 1:colcon.colcon_core.package_identification:_identify(log) by extension 'ignore'
[0.205s] Level 1:colcon.colcon_core.package_identification:_identify(log) ignored
[0.205s] Level 1:colcon.colcon_core.package_identification:_identify(src) by extensions ['ignore', 'ignore_ament_install']
[0.205s] Level 1:colcon.colcon_core.package_identification:_identify(src) by extension 'ignore'
[0.205s] Level 1:colcon.colcon_core.package_identification:_identify(src) by extension 'ignore_ament_install'
[0.205s] Level 1:colcon.colcon_core.package_identification:_identify(src) by extensions ['colcon_pkg']
[0.205s] Level 1:colcon.colcon_core.package_identification:_identify(src) by extension 'colcon_pkg'
[0.205s] Level 1:colcon.colcon_core.package_identification:_identify(src) by extensions ['colcon_meta']
[0.205s] Level 1:colcon.colcon_core.package_identification:_identify(src) by extension 'colcon_meta'
[0.205s] Level 1:colcon.colcon_core.package_identification:_identify(src) by extensions ['ros']
[0.205s] Level 1:colcon.colcon_core.package_identification:_identify(src) by extension 'ros'
[0.205s] Level 1:colcon.colcon_core.package_identification:_identify(src) by extensions ['cmake', 'python']
[0.205s] Level 1:colcon.colcon_core.package_identification:_identify(src) by extension 'cmake'
[0.205s] Level 1:colcon.colcon_core.package_identification:_identify(src) by extension 'python'
[0.205s] Level 1:colcon.colcon_core.package_identification:_identify(src) by extensions ['python_setup_py']
[0.205s] Level 1:colcon.colcon_core.package_identification:_identify(src) by extension 'python_setup_py'
[0.205s] Level 1:colcon.colcon_core.package_identification:_identify(src/leo_description) by extensions ['ignore', 'ignore_ament_install']
[0.205s] Level 1:colcon.colcon_core.package_identification:_identify(src/leo_description) by extension 'ignore'
[0.205s] Level 1:colcon.colcon_core.package_identification:_identify(src/leo_description) by extension 'ignore_ament_install'
[0.205s] Level 1:colcon.colcon_core.package_identification:_identify(src/leo_description) by extensions ['colcon_pkg']
[0.205s] Level 1:colcon.colcon_core.package_identification:_identify(src/leo_description) by extension 'colcon_pkg'
[0.205s] Level 1:colcon.colcon_core.package_identification:_identify(src/leo_description) by extensions ['colcon_meta']
[0.205s] Level 1:colcon.colcon_core.package_identification:_identify(src/leo_description) by extension 'colcon_meta'
[0.205s] Level 1:colcon.colcon_core.package_identification:_identify(src/leo_description) by extensions ['ros']
[0.205s] Level 1:colcon.colcon_core.package_identification:_identify(src/leo_description) by extension 'ros'
[0.208s] DEBUG:colcon.colcon_core.package_identification:Package 'src/leo_description' with type 'ros.ament_python' and name 'leo_description'
[0.208s] Level 1:colcon.colcon_core.package_identification:_identify(src/leo_gz_plugins) by extensions ['ignore', 'ignore_ament_install']
[0.208s] Level 1:colcon.colcon_core.package_identification:_identify(src/leo_gz_plugins) by extension 'ignore'
[0.208s] Level 1:colcon.colcon_core.package_identification:_identify(src/leo_gz_plugins) by extension 'ignore_ament_install'
[0.208s] Level 1:colcon.colcon_core.package_identification:_identify(src/leo_gz_plugins) by extensions ['colcon_pkg']
[0.208s] Level 1:colcon.colcon_core.package_identification:_identify(src/leo_gz_plugins) by extension 'colcon_pkg'
[0.208s] Level 1:colcon.colcon_core.package_identification:_identify(src/leo_gz_plugins) by extensions ['colcon_meta']
[0.208s] Level 1:colcon.colcon_core.package_identification:_identify(src/leo_gz_plugins) by extension 'colcon_meta'
[0.208s] Level 1:colcon.colcon_core.package_identification:_identify(src/leo_gz_plugins) by extensions ['ros']
[0.208s] Level 1:colcon.colcon_core.package_identification:_identify(src/leo_gz_plugins) by extension 'ros'
[0.215s] DEBUG:colcon.colcon_core.package_identification:Package 'src/leo_gz_plugins' with type 'ros.ament_cmake' and name 'leo_gz_plugins'
[0.215s] Level 1:colcon.colcon_core.package_identification:_identify(src/m-explore-ros2) by extensions ['ignore', 'ignore_ament_install']
[0.215s] Level 1:colcon.colcon_core.package_identification:_identify(src/m-explore-ros2) by extension 'ignore'
[0.215s] Level 1:colcon.colcon_core.package_identification:_identify(src/m-explore-ros2) by extension 'ignore_ament_install'
[0.215s] Level 1:colcon.colcon_core.package_identification:_identify(src/m-explore-ros2) by extensions ['colcon_pkg']
[0.215s] Level 1:colcon.colcon_core.package_identification:_identify(src/m-explore-ros2) by extension 'colcon_pkg'
[0.215s] Level 1:colcon.colcon_core.package_identification:_identify(src/m-explore-ros2) by extensions ['colcon_meta']
[0.215s] Level 1:colcon.colcon_core.package_identification:_identify(src/m-explore-ros2) by extension 'colcon_meta'
[0.215s] Level 1:colcon.colcon_core.package_identification:_identify(src/m-explore-ros2) by extensions ['ros']
[0.215s] Level 1:colcon.colcon_core.package_identification:_identify(src/m-explore-ros2) by extension 'ros'
[0.215s] Level 1:colcon.colcon_core.package_identification:_identify(src/m-explore-ros2) by extensions ['cmake', 'python']
[0.215s] Level 1:colcon.colcon_core.package_identification:_identify(src/m-explore-ros2) by extension 'cmake'
[0.215s] Level 1:colcon.colcon_core.package_identification:_identify(src/m-explore-ros2) by extension 'python'
[0.215s] Level 1:colcon.colcon_core.package_identification:_identify(src/m-explore-ros2) by extensions ['python_setup_py']
[0.215s] Level 1:colcon.colcon_core.package_identification:_identify(src/m-explore-ros2) by extension 'python_setup_py'
[0.215s] Level 1:colcon.colcon_core.package_identification:_identify(src/m-explore-ros2/explore) by extensions ['ignore', 'ignore_ament_install']
[0.216s] Level 1:colcon.colcon_core.package_identification:_identify(src/m-explore-ros2/explore) by extension 'ignore'
[0.216s] Level 1:colcon.colcon_core.package_identification:_identify(src/m-explore-ros2/explore) by extension 'ignore_ament_install'
[0.216s] Level 1:colcon.colcon_core.package_identification:_identify(src/m-explore-ros2/explore) by extensions ['colcon_pkg']
[0.216s] Level 1:colcon.colcon_core.package_identification:_identify(src/m-explore-ros2/explore) by extension 'colcon_pkg'
[0.216s] Level 1:colcon.colcon_core.package_identification:_identify(src/m-explore-ros2/explore) by extensions ['colcon_meta']
[0.216s] Level 1:colcon.colcon_core.package_identification:_identify(src/m-explore-ros2/explore) by extension 'colcon_meta'
[0.216s] Level 1:colcon.colcon_core.package_identification:_identify(src/m-explore-ros2/explore) by extensions ['ros']
[0.216s] Level 1:colcon.colcon_core.package_identification:_identify(src/m-explore-ros2/explore) by extension 'ros'
[0.216s] DEBUG:colcon.colcon_core.package_identification:Package 'src/m-explore-ros2/explore' with type 'ros.ament_cmake' and name 'explore_lite'
[0.216s] Level 1:colcon.colcon_core.package_identification:_identify(src/navigation_demos) by extensions ['ignore', 'ignore_ament_install']
[0.217s] Level 1:colcon.colcon_core.package_identification:_identify(src/navigation_demos) by extension 'ignore'
[0.217s] Level 1:colcon.colcon_core.package_identification:_identify(src/navigation_demos) by extension 'ignore_ament_install'
[0.217s] Level 1:colcon.colcon_core.package_identification:_identify(src/navigation_demos) by extensions ['colcon_pkg']
[0.217s] Level 1:colcon.colcon_core.package_identification:_identify(src/navigation_demos) by extension 'colcon_pkg'
[0.217s] Level 1:colcon.colcon_core.package_identification:_identify(src/navigation_demos) by extensions ['colcon_meta']
[0.217s] Level 1:colcon.colcon_core.package_identification:_identify(src/navigation_demos) by extension 'colcon_meta'
[0.217s] Level 1:colcon.colcon_core.package_identification:_identify(src/navigation_demos) by extensions ['ros']
[0.217s] Level 1:colcon.colcon_core.package_identification:_identify(src/navigation_demos) by extension 'ros'
[0.217s] DEBUG:colcon.colcon_core.package_identification:Package 'src/navigation_demos' with type 'ros.ament_python' and name 'navigation_demos'
[0.217s] Level 1:colcon.colcon_core.package_identification:_identify(src/pointcloud_to_laserscan-humble) by extensions ['ignore', 'ignore_ament_install']
[0.217s] Level 1:colcon.colcon_core.package_identification:_identify(src/pointcloud_to_laserscan-humble) by extension 'ignore'
[0.217s] Level 1:colcon.colcon_core.package_identification:_identify(src/pointcloud_to_laserscan-humble) by extension 'ignore_ament_install'
[0.217s] Level 1:colcon.colcon_core.package_identification:_identify(src/pointcloud_to_laserscan-humble) by extensions ['colcon_pkg']
[0.217s] Level 1:colcon.colcon_core.package_identification:_identify(src/pointcloud_to_laserscan-humble) by extension 'colcon_pkg'
[0.217s] Level 1:colcon.colcon_core.package_identification:_identify(src/pointcloud_to_laserscan-humble) by extensions ['colcon_meta']
[0.217s] Level 1:colcon.colcon_core.package_identification:_identify(src/pointcloud_to_laserscan-humble) by extension 'colcon_meta'
[0.217s] Level 1:colcon.colcon_core.package_identification:_identify(src/pointcloud_to_laserscan-humble) by extensions ['ros']
[0.217s] Level 1:colcon.colcon_core.package_identification:_identify(src/pointcloud_to_laserscan-humble) by extension 'ros'
[0.218s] DEBUG:colcon.colcon_core.package_identification:Package 'src/pointcloud_to_laserscan-humble' with type 'ros.ament_cmake' and name 'pointcloud_to_laserscan'
[0.218s] Level 1:colcon.colcon_core.package_identification:_identify(src/ros2_laser_scan_merger) by extensions ['ignore', 'ignore_ament_install']
[0.218s] Level 1:colcon.colcon_core.package_identification:_identify(src/ros2_laser_scan_merger) by extension 'ignore'
[0.218s] Level 1:colcon.colcon_core.package_identification:_identify(src/ros2_laser_scan_merger) by extension 'ignore_ament_install'
[0.218s] Level 1:colcon.colcon_core.package_identification:_identify(src/ros2_laser_scan_merger) by extensions ['colcon_pkg']
[0.218s] Level 1:colcon.colcon_core.package_identification:_identify(src/ros2_laser_scan_merger) by extension 'colcon_pkg'
[0.218s] Level 1:colcon.colcon_core.package_identification:_identify(src/ros2_laser_scan_merger) by extensions ['colcon_meta']
[0.218s] Level 1:colcon.colcon_core.package_identification:_identify(src/ros2_laser_scan_merger) by extension 'colcon_meta'
[0.218s] Level 1:colcon.colcon_core.package_identification:_identify(src/ros2_laser_scan_merger) by extensions ['ros']
[0.218s] Level 1:colcon.colcon_core.package_identification:_identify(src/ros2_laser_scan_merger) by extension 'ros'
[0.219s] DEBUG:colcon.colcon_core.package_identification:Package 'src/ros2_laser_scan_merger' with type 'ros.ament_cmake' and name 'ros2_laser_scan_merger'
[0.219s] Level 1:colcon.colcon_core.package_identification:_identify(src/scan_merger_2) by extensions ['ignore', 'ignore_ament_install']
[0.219s] Level 1:colcon.colcon_core.package_identification:_identify(src/scan_merger_2) by extension 'ignore'
[0.219s] Level 1:colcon.colcon_core.package_identification:_identify(src/scan_merger_2) by extension 'ignore_ament_install'
[0.219s] Level 1:colcon.colcon_core.package_identification:_identify(src/scan_merger_2) by extensions ['colcon_pkg']
[0.219s] Level 1:colcon.colcon_core.package_identification:_identify(src/scan_merger_2) by extension 'colcon_pkg'
[0.219s] Level 1:colcon.colcon_core.package_identification:_identify(src/scan_merger_2) by extensions ['colcon_meta']
[0.219s] Level 1:colcon.colcon_core.package_identification:_identify(src/scan_merger_2) by extension 'colcon_meta'
[0.219s] Level 1:colcon.colcon_core.package_identification:_identify(src/scan_merger_2) by extensions ['ros']
[0.219s] Level 1:colcon.colcon_core.package_identification:_identify(src/scan_merger_2) by extension 'ros'
[0.220s] DEBUG:colcon.colcon_core.package_identification:Package 'src/scan_merger_2' with type 'ros.ament_cmake' and name 'laser_scan_merger'
[0.220s] Level 1:colcon.colcon_core.package_discovery:discover_packages(recursive) using defaults
[0.220s] Level 1:colcon.colcon_core.package_discovery:discover_packages(ignore) discover
[0.220s] Level 1:colcon.colcon_core.package_discovery:discover_packages(ignore) using defaults
[0.220s] Level 1:colcon.colcon_core.package_discovery:discover_packages(path) discover
[0.220s] Level 1:colcon.colcon_core.package_discovery:discover_packages(path) using defaults
[0.233s] Level 1:colcon.colcon_core.package_discovery:discover_packages(prefix_path) check parameters
[0.233s] Level 1:colcon.colcon_core.package_discovery:discover_packages(prefix_path) discover
[0.235s] DEBUG:colcon.colcon_installed_package_information.package_discovery:Found 7 installed packages in /home/bestteamever/leo_sim_ws/install
[0.236s] DEBUG:colcon.colcon_installed_package_information.package_discovery:Found 459 installed packages in /opt/ros/humble
[0.237s] Level 1:colcon.colcon_core.package_discovery:discover_packages(prefix_path) using defaults
[0.264s] Level 5:colcon.colcon_core.verb:set package 'explore_lite' build argument 'cmake_args' from command line to 'None'
[0.264s] Level 5:colcon.colcon_core.verb:set package 'explore_lite' build argument 'cmake_target' from command line to 'None'
[0.264s] Level 5:colcon.colcon_core.verb:set package 'explore_lite' build argument 'cmake_target_skip_unavailable' from command line to 'False'
[0.264s] Level 5:colcon.colcon_core.verb:set package 'explore_lite' build argument 'cmake_clean_cache' from command line to 'False'
[0.264s] Level 5:colcon.colcon_core.verb:set package 'explore_lite' build argument 'cmake_clean_first' from command line to 'False'
[0.264s] Level 5:colcon.colcon_core.verb:set package 'explore_lite' build argument 'cmake_force_configure' from command line to 'False'
[0.264s] Level 5:colcon.colcon_core.verb:set package 'explore_lite' build argument 'ament_cmake_args' from command line to 'None'
[0.264s] Level 5:colcon.colcon_core.verb:set package 'explore_lite' build argument 'catkin_cmake_args' from command line to 'None'
[0.264s] Level 5:colcon.colcon_core.verb:set package 'explore_lite' build argument 'catkin_skip_building_tests' from command line to 'False'
[0.265s] DEBUG:colcon.colcon_core.verb:Building package 'explore_lite' with the following arguments: {'ament_cmake_args': None, 'build_base': '/home/bestteamever/leo_sim_ws/build/explore_lite', 'catkin_cmake_args': None, 'catkin_skip_building_tests': False, 'cmake_args': None, 'cmake_clean_cache': False, 'cmake_clean_first': False, 'cmake_force_configure': False, 'cmake_target': None, 'cmake_target_skip_unavailable': False, 'install_base': '/home/bestteamever/leo_sim_ws/install/explore_lite', 'merge_install': False, 'path': '/home/bestteamever/leo_sim_ws/src/m-explore-ros2/explore', 'symlink_install': False, 'test_result_base': None}
[0.265s] Level 5:colcon.colcon_core.verb:set package 'laser_scan_merger' build argument 'cmake_args' from command line to 'None'
[0.265s] Level 5:colcon.colcon_core.verb:set package 'laser_scan_merger' build argument 'cmake_target' from command line to 'None'
[0.265s] Level 5:colcon.colcon_core.verb:set package 'laser_scan_merger' build argument 'cmake_target_skip_unavailable' from command line to 'False'
[0.265s] Level 5:colcon.colcon_core.verb:set package 'laser_scan_merger' build argument 'cmake_clean_cache' from command line to 'False'
[0.265s] Level 5:colcon.colcon_core.verb:set package 'laser_scan_merger' build argument 'cmake_clean_first' from command line to 'False'
[0.265s] Level 5:colcon.colcon_core.verb:set package 'laser_scan_merger' build argument 'cmake_force_configure' from command line to 'False'
[0.265s] Level 5:colcon.colcon_core.verb:set package 'laser_scan_merger' build argument 'ament_cmake_args' from command line to 'None'
[0.265s] Level 5:colcon.colcon_core.verb:set package 'laser_scan_merger' build argument 'catkin_cmake_args' from command line to 'None'
[0.265s] Level 5:colcon.colcon_core.verb:set package 'laser_scan_merger' build argument 'catkin_skip_building_tests' from command line to 'False'
[0.265s] DEBUG:colcon.colcon_core.verb:Building package 'laser_scan_merger' with the following arguments: {'ament_cmake_args': None, 'build_base': '/home/bestteamever/leo_sim_ws/build/laser_scan_merger', 'catkin_cmake_args': None, 'catkin_skip_building_tests': False, 'cmake_args': None, 'cmake_clean_cache': False, 'cmake_clean_first': False, 'cmake_force_configure': False, 'cmake_target': None, 'cmake_target_skip_unavailable': False, 'install_base': '/home/bestteamever/leo_sim_ws/install/laser_scan_merger', 'merge_install': False, 'path': '/home/bestteamever/leo_sim_ws/src/scan_merger_2', 'symlink_install': False, 'test_result_base': None}
[0.265s] Level 5:colcon.colcon_core.verb:set package 'leo_description' build argument 'cmake_args' from command line to 'None'
[0.265s] Level 5:colcon.colcon_core.verb:set package 'leo_description' build argument 'cmake_target' from command line to 'None'
[0.265s] Level 5:colcon.colcon_core.verb:set package 'leo_description' build argument 'cmake_target_skip_unavailable' from command line to 'False'
[0.265s] Level 5:colcon.colcon_core.verb:set package 'leo_description' build argument 'cmake_clean_cache' from command line to 'False'
[0.265s] Level 5:colcon.colcon_core.verb:set package 'leo_description' build argument 'cmake_clean_first' from command line to 'False'
[0.265s] Level 5:colcon.colcon_core.verb:set package 'leo_description' build argument 'cmake_force_configure' from command line to 'False'
[0.265s] Level 5:colcon.colcon_core.verb:set package 'leo_description' build argument 'ament_cmake_args' from command line to 'None'
[0.265s] Level 5:colcon.colcon_core.verb:set package 'leo_description' build argument 'catkin_cmake_args' from command line to 'None'
[0.265s] Level 5:colcon.colcon_core.verb:set package 'leo_description' build argument 'catkin_skip_building_tests' from command line to 'False'
[0.265s] DEBUG:colcon.colcon_core.verb:Building package 'leo_description' with the following arguments: {'ament_cmake_args': None, 'build_base': '/home/bestteamever/leo_sim_ws/build/leo_description', 'catkin_cmake_args': None, 'catkin_skip_building_tests': False, 'cmake_args': None, 'cmake_clean_cache': False, 'cmake_clean_first': False, 'cmake_force_configure': False, 'cmake_target': None, 'cmake_target_skip_unavailable': False, 'install_base': '/home/bestteamever/leo_sim_ws/install/leo_description', 'merge_install': False, 'path': '/home/bestteamever/leo_sim_ws/src/leo_description', 'symlink_install': False, 'test_result_base': None}
[0.265s] Level 5:colcon.colcon_core.verb:set package 'leo_gz_plugins' build argument 'cmake_args' from command line to 'None'
[0.265s] Level 5:colcon.colcon_core.verb:set package 'leo_gz_plugins' build argument 'cmake_target' from command line to 'None'
[0.265s] Level 5:colcon.colcon_core.verb:set package 'leo_gz_plugins' build argument 'cmake_target_skip_unavailable' from command line to 'False'
[0.265s] Level 5:colcon.colcon_core.verb:set package 'leo_gz_plugins' build argument 'cmake_clean_cache' from command line to 'False'
[0.265s] Level 5:colcon.colcon_core.verb:set package 'leo_gz_plugins' build argument 'cmake_clean_first' from command line to 'False'
[0.265s] Level 5:colcon.colcon_core.verb:set package 'leo_gz_plugins' build argument 'cmake_force_configure' from command line to 'False'
[0.265s] Level 5:colcon.colcon_core.verb:set package 'leo_gz_plugins' build argument 'ament_cmake_args' from command line to 'None'
[0.265s] Level 5:colcon.colcon_core.verb:set package 'leo_gz_plugins' build argument 'catkin_cmake_args' from command line to 'None'
[0.265s] Level 5:colcon.colcon_core.verb:set package 'leo_gz_plugins' build argument 'catkin_skip_building_tests' from command line to 'False'
[0.265s] DEBUG:colcon.colcon_core.verb:Building package 'leo_gz_plugins' with the following arguments: {'ament_cmake_args': None, 'build_base': '/home/bestteamever/leo_sim_ws/build/leo_gz_plugins', 'catkin_cmake_args': None, 'catkin_skip_building_tests': False, 'cmake_args': None, 'cmake_clean_cache': False, 'cmake_clean_first': False, 'cmake_force_configure': False, 'cmake_target': None, 'cmake_target_skip_unavailable': False, 'install_base': '/home/bestteamever/leo_sim_ws/install/leo_gz_plugins', 'merge_install': False, 'path': '/home/bestteamever/leo_sim_ws/src/leo_gz_plugins', 'symlink_install': False, 'test_result_base': None}
[0.265s] Level 5:colcon.colcon_core.verb:set package 'navigation_demos' build argument 'cmake_args' from command line to 'None'
[0.265s] Level 5:colcon.colcon_core.verb:set package 'navigation_demos' build argument 'cmake_target' from command line to 'None'
[0.265s] Level 5:colcon.colcon_core.verb:set package 'navigation_demos' build argument 'cmake_target_skip_unavailable' from command line to 'False'
[0.265s] Level 5:colcon.colcon_core.verb:set package 'navigation_demos' build argument 'cmake_clean_cache' from command line to 'False'
[0.265s] Level 5:colcon.colcon_core.verb:set package 'navigation_demos' build argument 'cmake_clean_first' from command line to 'False'
[0.265s] Level 5:colcon.colcon_core.verb:set package 'navigation_demos' build argument 'cmake_force_configure' from command line to 'False'
[0.265s] Level 5:colcon.colcon_core.verb:set package 'navigation_demos' build argument 'ament_cmake_args' from command line to 'None'
[0.266s] Level 5:colcon.colcon_core.verb:set package 'navigation_demos' build argument 'catkin_cmake_args' from command line to 'None'
[0.266s] Level 5:colcon.colcon_core.verb:set package 'navigation_demos' build argument 'catkin_skip_building_tests' from command line to 'False'
[0.266s] DEBUG:colcon.colcon_core.verb:Building package 'navigation_demos' with the following arguments: {'ament_cmake_args': None, 'build_base': '/home/bestteamever/leo_sim_ws/build/navigation_demos', 'catkin_cmake_args': None, 'catkin_skip_building_tests': False, 'cmake_args': None, 'cmake_clean_cache': False, 'cmake_clean_first': False, 'cmake_force_configure': False, 'cmake_target': None, 'cmake_target_skip_unavailable': False, 'install_base': '/home/bestteamever/leo_sim_ws/install/navigation_demos', 'merge_install': False, 'path': '/home/bestteamever/leo_sim_ws/src/navigation_demos', 'symlink_install': False, 'test_result_base': None}
[0.266s] Level 5:colcon.colcon_core.verb:set package 'pointcloud_to_laserscan' build argument 'cmake_args' from command line to 'None'
[0.266s] Level 5:colcon.colcon_core.verb:set package 'pointcloud_to_laserscan' build argument 'cmake_target' from command line to 'None'
[0.266s] Level 5:colcon.colcon_core.verb:set package 'pointcloud_to_laserscan' build argument 'cmake_target_skip_unavailable' from command line to 'False'
[0.266s] Level 5:colcon.colcon_core.verb:set package 'pointcloud_to_laserscan' build argument 'cmake_clean_cache' from command line to 'False'
[0.266s] Level 5:colcon.colcon_core.verb:set package 'pointcloud_to_laserscan' build argument 'cmake_clean_first' from command line to 'False'
[0.266s] Level 5:colcon.colcon_core.verb:set package 'pointcloud_to_laserscan' build argument 'cmake_force_configure' from command line to 'False'
[0.266s] Level 5:colcon.colcon_core.verb:set package 'pointcloud_to_laserscan' build argument 'ament_cmake_args' from command line to 'None'
[0.266s] Level 5:colcon.colcon_core.verb:set package 'pointcloud_to_laserscan' build argument 'catkin_cmake_args' from command line to 'None'
[0.266s] Level 5:colcon.colcon_core.verb:set package 'pointcloud_to_laserscan' build argument 'catkin_skip_building_tests' from command line to 'False'
[0.266s] DEBUG:colcon.colcon_core.verb:Building package 'pointcloud_to_laserscan' with the following arguments: {'ament_cmake_args': None, 'build_base': '/home/bestteamever/leo_sim_ws/build/pointcloud_to_laserscan', 'catkin_cmake_args': None, 'catkin_skip_building_tests': False, 'cmake_args': None, 'cmake_clean_cache': False, 'cmake_clean_first': False, 'cmake_force_configure': False, 'cmake_target': None, 'cmake_target_skip_unavailable': False, 'install_base': '/home/bestteamever/leo_sim_ws/install/pointcloud_to_laserscan', 'merge_install': False, 'path': '/home/bestteamever/leo_sim_ws/src/pointcloud_to_laserscan-humble', 'symlink_install': False, 'test_result_base': None}
[0.266s] Level 5:colcon.colcon_core.verb:set package 'ros2_laser_scan_merger' build argument 'cmake_args' from command line to 'None'
[0.266s] Level 5:colcon.colcon_core.verb:set package 'ros2_laser_scan_merger' build argument 'cmake_target' from command line to 'None'
[0.266s] Level 5:colcon.colcon_core.verb:set package 'ros2_laser_scan_merger' build argument 'cmake_target_skip_unavailable' from command line to 'False'
[0.266s] Level 5:colcon.colcon_core.verb:set package 'ros2_laser_scan_merger' build argument 'cmake_clean_cache' from command line to 'False'
[0.266s] Level 5:colcon.colcon_core.verb:set package 'ros2_laser_scan_merger' build argument 'cmake_clean_first' from command line to 'False'
[0.266s] Level 5:colcon.colcon_core.verb:set package 'ros2_laser_scan_merger' build argument 'cmake_force_configure' from command line to 'False'
[0.266s] Level 5:colcon.colcon_core.verb:set package 'ros2_laser_scan_merger' build argument 'ament_cmake_args' from command line to 'None'
[0.266s] Level 5:colcon.colcon_core.verb:set package 'ros2_laser_scan_merger' build argument 'catkin_cmake_args' from command line to 'None'
[0.266s] Level 5:colcon.colcon_core.verb:set package 'ros2_laser_scan_merger' build argument 'catkin_skip_building_tests' from command line to 'False'
[0.266s] DEBUG:colcon.colcon_core.verb:Building package 'ros2_laser_scan_merger' with the following arguments: {'ament_cmake_args': None, 'build_base': '/home/bestteamever/leo_sim_ws/build/ros2_laser_scan_merger', 'catkin_cmake_args': None, 'catkin_skip_building_tests': False, 'cmake_args': None, 'cmake_clean_cache': False, 'cmake_clean_first': False, 'cmake_force_configure': False, 'cmake_target': None, 'cmake_target_skip_unavailable': False, 'install_base': '/home/bestteamever/leo_sim_ws/install/ros2_laser_scan_merger', 'merge_install': False, 'path': '/home/bestteamever/leo_sim_ws/src/ros2_laser_scan_merger', 'symlink_install': False, 'test_result_base': None}
[0.266s] INFO:colcon.colcon_core.executor:Executing jobs using 'parallel' executor
[0.267s] DEBUG:colcon.colcon_parallel_executor.executor.parallel:run_until_complete
[0.267s] INFO:colcon.colcon_ros.task.ament_cmake.build:Building ROS package in '/home/bestteamever/leo_sim_ws/src/m-explore-ros2/explore' with build type 'ament_cmake'
[0.267s] INFO:colcon.colcon_cmake.task.cmake.build:Building CMake package in '/home/bestteamever/leo_sim_ws/src/m-explore-ros2/explore'
[0.269s] INFO:colcon.colcon_core.plugin_system:Skipping extension 'colcon_core.shell.bat': Not used on non-Windows systems
[0.269s] INFO:colcon.colcon_core.shell:Skip shell extension 'powershell' for command environment: Not usable outside of PowerShell
[0.269s] DEBUG:colcon.colcon_core.shell:Skip shell extension 'dsv' for command environment
[0.271s] INFO:colcon.colcon_ros.task.ament_cmake.build:Building ROS package in '/home/bestteamever/leo_sim_ws/src/scan_merger_2' with build type 'ament_cmake'
[0.271s] INFO:colcon.colcon_cmake.task.cmake.build:Building CMake package in '/home/bestteamever/leo_sim_ws/src/scan_merger_2'
[0.271s] INFO:colcon.colcon_core.shell:Skip shell extension 'powershell' for command environment: Not usable outside of PowerShell
[0.271s] DEBUG:colcon.colcon_core.shell:Skip shell extension 'dsv' for command environment
[0.273s] INFO:colcon.colcon_ros.task.ament_python.build:Building ROS package in '/home/bestteamever/leo_sim_ws/src/leo_description' with build type 'ament_python'
[0.273s] Level 1:colcon.colcon_core.shell:create_environment_hook('leo_description', 'ament_prefix_path')
[0.273s] INFO:colcon.colcon_core.shell:Creating environment hook '/home/bestteamever/leo_sim_ws/install/leo_description/share/leo_description/hook/ament_prefix_path.ps1'
[0.274s] INFO:colcon.colcon_core.shell:Creating environment descriptor '/home/bestteamever/leo_sim_ws/install/leo_description/share/leo_description/hook/ament_prefix_path.dsv'
[0.274s] INFO:colcon.colcon_core.shell:Creating environment hook '/home/bestteamever/leo_sim_ws/install/leo_description/share/leo_description/hook/ament_prefix_path.sh'
[0.275s] INFO:colcon.colcon_core.shell:Skip shell extension 'powershell' for command environment: Not usable outside of PowerShell
[0.275s] DEBUG:colcon.colcon_core.shell:Skip shell extension 'dsv' for command environment
[0.277s] INFO:colcon.colcon_ros.task.ament_cmake.build:Building ROS package in '/home/bestteamever/leo_sim_ws/src/leo_gz_plugins' with build type 'ament_cmake'
[0.277s] INFO:colcon.colcon_cmake.task.cmake.build:Building CMake package in '/home/bestteamever/leo_sim_ws/src/leo_gz_plugins'
[0.277s] INFO:colcon.colcon_core.shell:Skip shell extension 'powershell' for command environment: Not usable outside of PowerShell
[0.277s] DEBUG:colcon.colcon_core.shell:Skip shell extension 'dsv' for command environment
[0.279s] INFO:colcon.colcon_ros.task.ament_python.build:Building ROS package in '/home/bestteamever/leo_sim_ws/src/navigation_demos' with build type 'ament_python'
[0.279s] Level 1:colcon.colcon_core.shell:create_environment_hook('navigation_demos', 'ament_prefix_path')
[0.279s] INFO:colcon.colcon_core.shell:Creating environment hook '/home/bestteamever/leo_sim_ws/install/navigation_demos/share/navigation_demos/hook/ament_prefix_path.ps1'
[0.279s] INFO:colcon.colcon_core.shell:Creating environment descriptor '/home/bestteamever/leo_sim_ws/install/navigation_demos/share/navigation_demos/hook/ament_prefix_path.dsv'
[0.279s] INFO:colcon.colcon_core.shell:Creating environment hook '/home/bestteamever/leo_sim_ws/install/navigation_demos/share/navigation_demos/hook/ament_prefix_path.sh'
[0.280s] INFO:colcon.colcon_core.shell:Skip shell extension 'powershell' for command environment: Not usable outside of PowerShell
[0.280s] DEBUG:colcon.colcon_core.shell:Skip shell extension 'dsv' for command environment
[0.282s] INFO:colcon.colcon_ros.task.ament_cmake.build:Building ROS package in '/home/bestteamever/leo_sim_ws/src/pointcloud_to_laserscan-humble' with build type 'ament_cmake'
[0.282s] INFO:colcon.colcon_cmake.task.cmake.build:Building CMake package in '/home/bestteamever/leo_sim_ws/src/pointcloud_to_laserscan-humble'
[0.282s] INFO:colcon.colcon_core.shell:Skip shell extension 'powershell' for command environment: Not usable outside of PowerShell
[0.282s] DEBUG:colcon.colcon_core.shell:Skip shell extension 'dsv' for command environment
[0.284s] INFO:colcon.colcon_ros.task.ament_cmake.build:Building ROS package in '/home/bestteamever/leo_sim_ws/src/ros2_laser_scan_merger' with build type 'ament_cmake'
[0.284s] INFO:colcon.colcon_cmake.task.cmake.build:Building CMake package in '/home/bestteamever/leo_sim_ws/src/ros2_laser_scan_merger'
[0.284s] INFO:colcon.colcon_core.shell:Skip shell extension 'powershell' for command environment: Not usable outside of PowerShell
[0.284s] DEBUG:colcon.colcon_core.shell:Skip shell extension 'dsv' for command environment
[0.292s] DEBUG:colcon.colcon_core.event_handler.log_command:Invoking command in '/home/bestteamever/leo_sim_ws/build/explore_lite': CMAKE_PREFIX_PATH=${CMAKE_PREFIX_PATH}:/home/bestteamever/leo_sim_ws/install/navigation_demos:/home/bestteamever/leo_sim_ws/install/leo_description:/opt/ros/humble /usr/bin/cmake --build /home/bestteamever/leo_sim_ws/build/explore_lite -- -j16 -l16
[0.294s] DEBUG:colcon.colcon_core.event_handler.log_command:Invoking command in '/home/bestteamever/leo_sim_ws/build/laser_scan_merger': CMAKE_PREFIX_PATH=${CMAKE_PREFIX_PATH}:/home/bestteamever/leo_sim_ws/install/navigation_demos:/home/bestteamever/leo_sim_ws/install/leo_description:/opt/ros/humble /usr/bin/cmake --build /home/bestteamever/leo_sim_ws/build/laser_scan_merger -- -j16 -l16
[0.446s] INFO:colcon.colcon_core.task.python.build:Building Python package in '/home/bestteamever/leo_sim_ws/src/leo_description'
[0.446s] INFO:colcon.colcon_core.shell:Skip shell extension 'powershell' for command environment: Not usable outside of PowerShell
[0.446s] DEBUG:colcon.colcon_core.shell:Skip shell extension 'dsv' for command environment
[0.451s] DEBUG:colcon.colcon_core.event_handler.log_command:Invoking command in '/home/bestteamever/leo_sim_ws/build/leo_gz_plugins': CMAKE_PREFIX_PATH=${CMAKE_PREFIX_PATH}:/home/bestteamever/leo_sim_ws/install/navigation_demos:/home/bestteamever/leo_sim_ws/install/leo_description:/opt/ros/humble /usr/bin/cmake --build /home/bestteamever/leo_sim_ws/build/leo_gz_plugins -- -j16 -l16
[0.593s] INFO:colcon.colcon_core.task.python.build:Building Python package in '/home/bestteamever/leo_sim_ws/src/navigation_demos'
[0.593s] INFO:colcon.colcon_core.shell:Skip shell extension 'powershell' for command environment: Not usable outside of PowerShell
[0.593s] DEBUG:colcon.colcon_core.shell:Skip shell extension 'dsv' for command environment
[0.598s] DEBUG:colcon.colcon_core.event_handler.log_command:Invoking command in '/home/bestteamever/leo_sim_ws/build/pointcloud_to_laserscan': CMAKE_PREFIX_PATH=${CMAKE_PREFIX_PATH}:/home/bestteamever/leo_sim_ws/install/navigation_demos:/home/bestteamever/leo_sim_ws/install/leo_description:/opt/ros/humble /usr/bin/cmake --build /home/bestteamever/leo_sim_ws/build/pointcloud_to_laserscan -- -j16 -l16
[0.600s] DEBUG:colcon.colcon_core.event_handler.log_command:Invoking command in '/home/bestteamever/leo_sim_ws/build/ros2_laser_scan_merger': CMAKE_PREFIX_PATH=${CMAKE_PREFIX_PATH}:/home/bestteamever/leo_sim_ws/install/navigation_demos:/home/bestteamever/leo_sim_ws/install/leo_description:/opt/ros/humble /usr/bin/cmake --build /home/bestteamever/leo_sim_ws/build/ros2_laser_scan_merger -- -j16 -l16
[0.606s] DEBUG:colcon.colcon_core.event_handler.log_command:Invoked command in '/home/bestteamever/leo_sim_ws/build/leo_gz_plugins' returned '0': CMAKE_PREFIX_PATH=${CMAKE_PREFIX_PATH}:/home/bestteamever/leo_sim_ws/install/navigation_demos:/home/bestteamever/leo_sim_ws/install/leo_description:/opt/ros/humble /usr/bin/cmake --build /home/bestteamever/leo_sim_ws/build/leo_gz_plugins -- -j16 -l16
[0.614s] DEBUG:colcon.colcon_core.event_handler.log_command:Invoking command in '/home/bestteamever/leo_sim_ws/build/leo_gz_plugins': CMAKE_PREFIX_PATH=${CMAKE_PREFIX_PATH}:/home/bestteamever/leo_sim_ws/install/navigation_demos:/home/bestteamever/leo_sim_ws/install/leo_description:/opt/ros/humble /usr/bin/cmake --install /home/bestteamever/leo_sim_ws/build/leo_gz_plugins
[0.614s] DEBUG:colcon.colcon_core.event_handler.log_command:Invoked command in '/home/bestteamever/leo_sim_ws/build/laser_scan_merger' returned '0': CMAKE_PREFIX_PATH=${CMAKE_PREFIX_PATH}:/home/bestteamever/leo_sim_ws/install/navigation_demos:/home/bestteamever/leo_sim_ws/install/leo_description:/opt/ros/humble /usr/bin/cmake --build /home/bestteamever/leo_sim_ws/build/laser_scan_merger -- -j16 -l16
[0.616s] DEBUG:colcon.colcon_core.event_handler.log_command:Invoking command in '/home/bestteamever/leo_sim_ws/build/laser_scan_merger': CMAKE_PREFIX_PATH=${CMAKE_PREFIX_PATH}:/home/bestteamever/leo_sim_ws/install/navigation_demos:/home/bestteamever/leo_sim_ws/install/leo_description:/opt/ros/humble /usr/bin/cmake --install /home/bestteamever/leo_sim_ws/build/laser_scan_merger
[0.616s] DEBUG:colcon.colcon_core.event_handler.log_command:Invoked command in '/home/bestteamever/leo_sim_ws/build/explore_lite' returned '0': CMAKE_PREFIX_PATH=${CMAKE_PREFIX_PATH}:/home/bestteamever/leo_sim_ws/install/navigation_demos:/home/bestteamever/leo_sim_ws/install/leo_description:/opt/ros/humble /usr/bin/cmake --build /home/bestteamever/leo_sim_ws/build/explore_lite -- -j16 -l16
[0.618s] DEBUG:colcon.colcon_core.event_handler.log_command:Invoking command in '/home/bestteamever/leo_sim_ws/build/explore_lite': CMAKE_PREFIX_PATH=${CMAKE_PREFIX_PATH}:/home/bestteamever/leo_sim_ws/install/navigation_demos:/home/bestteamever/leo_sim_ws/install/leo_description:/opt/ros/humble /usr/bin/cmake --install /home/bestteamever/leo_sim_ws/build/explore_lite
[0.624s] Level 1:colcon.colcon_core.environment:create_environment_scripts_only(leo_gz_plugins)
[0.626s] DEBUG:colcon.colcon_core.event_handler.log_command:Invoked command in '/home/bestteamever/leo_sim_ws/build/leo_gz_plugins' returned '0': CMAKE_PREFIX_PATH=${CMAKE_PREFIX_PATH}:/home/bestteamever/leo_sim_ws/install/navigation_demos:/home/bestteamever/leo_sim_ws/install/leo_description:/opt/ros/humble /usr/bin/cmake --install /home/bestteamever/leo_sim_ws/build/leo_gz_plugins
[0.633s] Level 1:colcon.colcon_core.environment:checking '/home/bestteamever/leo_sim_ws/install/leo_gz_plugins' for CMake module files
[0.634s] Level 1:colcon.colcon_core.environment:checking '/home/bestteamever/leo_sim_ws/install/leo_gz_plugins' for CMake config files
[0.634s] Level 1:colcon.colcon_core.shell:create_environment_hook('leo_gz_plugins', 'cmake_prefix_path')
[0.635s] INFO:colcon.colcon_core.shell:Creating environment hook '/home/bestteamever/leo_sim_ws/install/leo_gz_plugins/share/leo_gz_plugins/hook/cmake_prefix_path.ps1'
[0.635s] INFO:colcon.colcon_core.shell:Creating environment descriptor '/home/bestteamever/leo_sim_ws/install/leo_gz_plugins/share/leo_gz_plugins/hook/cmake_prefix_path.dsv'
[0.635s] INFO:colcon.colcon_core.shell:Creating environment hook '/home/bestteamever/leo_sim_ws/install/leo_gz_plugins/share/leo_gz_plugins/hook/cmake_prefix_path.sh'
[0.636s] Level 1:colcon.colcon_core.environment:checking '/home/bestteamever/leo_sim_ws/install/leo_gz_plugins/lib'
[0.636s] Level 1:colcon.colcon_core.shell:create_environment_hook('leo_gz_plugins', 'ld_library_path_lib')
[0.637s] INFO:colcon.colcon_core.shell:Creating environment hook '/home/bestteamever/leo_sim_ws/install/leo_gz_plugins/share/leo_gz_plugins/hook/ld_library_path_lib.ps1'
[0.637s] INFO:colcon.colcon_core.shell:Creating environment descriptor '/home/bestteamever/leo_sim_ws/install/leo_gz_plugins/share/leo_gz_plugins/hook/ld_library_path_lib.dsv'
[0.637s] INFO:colcon.colcon_core.shell:Creating environment hook '/home/bestteamever/leo_sim_ws/install/leo_gz_plugins/share/leo_gz_plugins/hook/ld_library_path_lib.sh'
[0.638s] Level 1:colcon.colcon_core.environment:checking '/home/bestteamever/leo_sim_ws/install/leo_gz_plugins/bin'
[0.638s] Level 1:colcon.colcon_core.environment:checking '/home/bestteamever/leo_sim_ws/install/leo_gz_plugins/lib/pkgconfig/leo_gz_plugins.pc'
[0.638s] Level 1:colcon.colcon_core.environment:checking '/home/bestteamever/leo_sim_ws/install/leo_gz_plugins/lib/python3.10/site-packages'
[0.639s] Level 1:colcon.colcon_core.environment:checking '/home/bestteamever/leo_sim_ws/install/leo_gz_plugins/bin'
[0.639s] INFO:colcon.colcon_core.shell:Creating package script '/home/bestteamever/leo_sim_ws/install/leo_gz_plugins/share/leo_gz_plugins/package.ps1'
[0.640s] INFO:colcon.colcon_core.shell:Creating package descriptor '/home/bestteamever/leo_sim_ws/install/leo_gz_plugins/share/leo_gz_plugins/package.dsv'
[0.641s] INFO:colcon.colcon_core.shell:Creating package script '/home/bestteamever/leo_sim_ws/install/leo_gz_plugins/share/leo_gz_plugins/package.sh'
[0.641s] INFO:colcon.colcon_core.shell:Creating package script '/home/bestteamever/leo_sim_ws/install/leo_gz_plugins/share/leo_gz_plugins/package.bash'
[0.642s] INFO:colcon.colcon_core.shell:Creating package script '/home/bestteamever/leo_sim_ws/install/leo_gz_plugins/share/leo_gz_plugins/package.zsh'
[0.643s] Level 1:colcon.colcon_core.environment:create_file_with_runtime_dependencies(/home/bestteamever/leo_sim_ws/install/leo_gz_plugins/share/colcon-core/packages/leo_gz_plugins)
[0.644s] Level 1:colcon.colcon_core.environment:create_environment_scripts_only(leo_gz_plugins)
[0.644s] Level 1:colcon.colcon_core.environment:checking '/home/bestteamever/leo_sim_ws/install/leo_gz_plugins' for CMake module files
[0.645s] Level 1:colcon.colcon_core.environment:checking '/home/bestteamever/leo_sim_ws/install/leo_gz_plugins' for CMake config files
[0.645s] Level 1:colcon.colcon_core.shell:create_environment_hook('leo_gz_plugins', 'cmake_prefix_path')
[0.645s] INFO:colcon.colcon_core.shell:Creating environment hook '/home/bestteamever/leo_sim_ws/install/leo_gz_plugins/share/leo_gz_plugins/hook/cmake_prefix_path.ps1'
[0.646s] INFO:colcon.colcon_core.shell:Creating environment descriptor '/home/bestteamever/leo_sim_ws/install/leo_gz_plugins/share/leo_gz_plugins/hook/cmake_prefix_path.dsv'
[0.646s] INFO:colcon.colcon_core.shell:Creating environment hook '/home/bestteamever/leo_sim_ws/install/leo_gz_plugins/share/leo_gz_plugins/hook/cmake_prefix_path.sh'
[0.647s] Level 1:colcon.colcon_core.environment:checking '/home/bestteamever/leo_sim_ws/install/leo_gz_plugins/lib'
[0.647s] Level 1:colcon.colcon_core.shell:create_environment_hook('leo_gz_plugins', 'ld_library_path_lib')
[0.647s] INFO:colcon.colcon_core.shell:Creating environment hook '/home/bestteamever/leo_sim_ws/install/leo_gz_plugins/share/leo_gz_plugins/hook/ld_library_path_lib.ps1'
[0.648s] INFO:colcon.colcon_core.shell:Creating environment descriptor '/home/bestteamever/leo_sim_ws/install/leo_gz_plugins/share/leo_gz_plugins/hook/ld_library_path_lib.dsv'
[0.648s] INFO:colcon.colcon_core.shell:Creating environment hook '/home/bestteamever/leo_sim_ws/install/leo_gz_plugins/share/leo_gz_plugins/hook/ld_library_path_lib.sh'
[0.649s] Level 1:colcon.colcon_core.environment:checking '/home/bestteamever/leo_sim_ws/install/leo_gz_plugins/bin'
[0.649s] Level 1:colcon.colcon_core.environment:checking '/home/bestteamever/leo_sim_ws/install/leo_gz_plugins/lib/pkgconfig/leo_gz_plugins.pc'
[0.649s] Level 1:colcon.colcon_core.environment:checking '/home/bestteamever/leo_sim_ws/install/leo_gz_plugins/lib/python3.10/site-packages'
[0.649s] Level 1:colcon.colcon_core.environment:checking '/home/bestteamever/leo_sim_ws/install/leo_gz_plugins/bin'
[0.649s] INFO:colcon.colcon_core.shell:Creating package script '/home/bestteamever/leo_sim_ws/install/leo_gz_plugins/share/leo_gz_plugins/package.ps1'
[0.650s] INFO:colcon.colcon_core.shell:Creating package descriptor '/home/bestteamever/leo_sim_ws/install/leo_gz_plugins/share/leo_gz_plugins/package.dsv'
[0.651s] INFO:colcon.colcon_core.shell:Creating package script '/home/bestteamever/leo_sim_ws/install/leo_gz_plugins/share/leo_gz_plugins/package.sh'
[0.651s] INFO:colcon.colcon_core.shell:Creating package script '/home/bestteamever/leo_sim_ws/install/leo_gz_plugins/share/leo_gz_plugins/package.bash'
[0.651s] INFO:colcon.colcon_core.shell:Creating package script '/home/bestteamever/leo_sim_ws/install/leo_gz_plugins/share/leo_gz_plugins/package.zsh'
[0.652s] Level 1:colcon.colcon_core.environment:create_file_with_runtime_dependencies(/home/bestteamever/leo_sim_ws/install/leo_gz_plugins/share/colcon-core/packages/leo_gz_plugins)
[0.653s] Level 1:colcon.colcon_core.environment:create_environment_scripts_only(laser_scan_merger)
[0.654s] DEBUG:colcon.colcon_core.event_handler.log_command:Invoked command in '/home/bestteamever/leo_sim_ws/build/laser_scan_merger' returned '0': CMAKE_PREFIX_PATH=${CMAKE_PREFIX_PATH}:/home/bestteamever/leo_sim_ws/install/navigation_demos:/home/bestteamever/leo_sim_ws/install/leo_description:/opt/ros/humble /usr/bin/cmake --install /home/bestteamever/leo_sim_ws/build/laser_scan_merger
[0.654s] Level 1:colcon.colcon_core.environment:checking '/home/bestteamever/leo_sim_ws/install/laser_scan_merger' for CMake module files
[0.654s] Level 1:colcon.colcon_core.environment:checking '/home/bestteamever/leo_sim_ws/install/laser_scan_merger' for CMake config files
[0.655s] Level 1:colcon.colcon_core.shell:create_environment_hook('laser_scan_merger', 'cmake_prefix_path')
[0.655s] INFO:colcon.colcon_core.shell:Creating environment hook '/home/bestteamever/leo_sim_ws/install/laser_scan_merger/share/laser_scan_merger/hook/cmake_prefix_path.ps1'
[0.655s] INFO:colcon.colcon_core.shell:Creating environment descriptor '/home/bestteamever/leo_sim_ws/install/laser_scan_merger/share/laser_scan_merger/hook/cmake_prefix_path.dsv'
[0.656s] INFO:colcon.colcon_core.shell:Creating environment hook '/home/bestteamever/leo_sim_ws/install/laser_scan_merger/share/laser_scan_merger/hook/cmake_prefix_path.sh'
[0.656s] Level 1:colcon.colcon_core.environment:checking '/home/bestteamever/leo_sim_ws/install/laser_scan_merger/lib'
[0.656s] Level 1:colcon.colcon_core.environment:checking '/home/bestteamever/leo_sim_ws/install/laser_scan_merger/bin'
[0.656s] Level 1:colcon.colcon_core.environment:checking '/home/bestteamever/leo_sim_ws/install/laser_scan_merger/lib/pkgconfig/laser_scan_merger.pc'
[0.657s] Level 1:colcon.colcon_core.environment:checking '/home/bestteamever/leo_sim_ws/install/laser_scan_merger/lib/python3.10/site-packages'
[0.657s] Level 1:colcon.colcon_core.environment:checking '/home/bestteamever/leo_sim_ws/install/laser_scan_merger/bin'
[0.657s] INFO:colcon.colcon_core.shell:Creating package script '/home/bestteamever/leo_sim_ws/install/laser_scan_merger/share/laser_scan_merger/package.ps1'
[0.657s] INFO:colcon.colcon_core.shell:Creating package descriptor '/home/bestteamever/leo_sim_ws/install/laser_scan_merger/share/laser_scan_merger/package.dsv'
[0.658s] INFO:colcon.colcon_core.shell:Creating package script '/home/bestteamever/leo_sim_ws/install/laser_scan_merger/share/laser_scan_merger/package.sh'
[0.658s] INFO:colcon.colcon_core.shell:Creating package script '/home/bestteamever/leo_sim_ws/install/laser_scan_merger/share/laser_scan_merger/package.bash'
[0.659s] INFO:colcon.colcon_core.shell:Creating package script '/home/bestteamever/leo_sim_ws/install/laser_scan_merger/share/laser_scan_merger/package.zsh'
[0.659s] Level 1:colcon.colcon_core.environment:create_file_with_runtime_dependencies(/home/bestteamever/leo_sim_ws/install/laser_scan_merger/share/colcon-core/packages/laser_scan_merger)
[0.659s] Level 1:colcon.colcon_core.environment:create_environment_scripts_only(laser_scan_merger)
[0.660s] Level 1:colcon.colcon_core.environment:checking '/home/bestteamever/leo_sim_ws/install/laser_scan_merger' for CMake module files
[0.660s] Level 1:colcon.colcon_core.environment:checking '/home/bestteamever/leo_sim_ws/install/laser_scan_merger' for CMake config files
[0.660s] Level 1:colcon.colcon_core.shell:create_environment_hook('laser_scan_merger', 'cmake_prefix_path')
[0.660s] INFO:colcon.colcon_core.shell:Creating environment hook '/home/bestteamever/leo_sim_ws/install/laser_scan_merger/share/laser_scan_merger/hook/cmake_prefix_path.ps1'
[0.661s] INFO:colcon.colcon_core.shell:Creating environment descriptor '/home/bestteamever/leo_sim_ws/install/laser_scan_merger/share/laser_scan_merger/hook/cmake_prefix_path.dsv'
[0.661s] INFO:colcon.colcon_core.shell:Creating environment hook '/home/bestteamever/leo_sim_ws/install/laser_scan_merger/share/laser_scan_merger/hook/cmake_prefix_path.sh'
[0.661s] Level 1:colcon.colcon_core.environment:checking '/home/bestteamever/leo_sim_ws/install/laser_scan_merger/lib'
[0.661s] Level 1:colcon.colcon_core.environment:checking '/home/bestteamever/leo_sim_ws/install/laser_scan_merger/bin'
[0.661s] Level 1:colcon.colcon_core.environment:checking '/home/bestteamever/leo_sim_ws/install/laser_scan_merger/lib/pkgconfig/laser_scan_merger.pc'
[0.661s] Level 1:colcon.colcon_core.environment:checking '/home/bestteamever/leo_sim_ws/install/laser_scan_merger/lib/python3.10/site-packages'
[0.661s] Level 1:colcon.colcon_core.environment:checking '/home/bestteamever/leo_sim_ws/install/laser_scan_merger/bin'
[0.662s] INFO:colcon.colcon_core.shell:Creating package script '/home/bestteamever/leo_sim_ws/install/laser_scan_merger/share/laser_scan_merger/package.ps1'
[0.662s] INFO:colcon.colcon_core.shell:Creating package descriptor '/home/bestteamever/leo_sim_ws/install/laser_scan_merger/share/laser_scan_merger/package.dsv'
[0.662s] INFO:colcon.colcon_core.shell:Creating package script '/home/bestteamever/leo_sim_ws/install/laser_scan_merger/share/laser_scan_merger/package.sh'
[0.662s] INFO:colcon.colcon_core.shell:Creating package script '/home/bestteamever/leo_sim_ws/install/laser_scan_merger/share/laser_scan_merger/package.bash'
[0.663s] INFO:colcon.colcon_core.shell:Creating package script '/home/bestteamever/leo_sim_ws/install/laser_scan_merger/share/laser_scan_merger/package.zsh'
[0.663s] Level 1:colcon.colcon_core.environment:create_file_with_runtime_dependencies(/home/bestteamever/leo_sim_ws/install/laser_scan_merger/share/colcon-core/packages/laser_scan_merger)
[0.663s] Level 1:colcon.colcon_core.environment:create_environment_scripts_only(explore_lite)
[0.663s] Level 1:colcon.colcon_core.environment:checking '/home/bestteamever/leo_sim_ws/install/explore_lite' for CMake module files
[0.664s] DEBUG:colcon.colcon_core.event_handler.log_command:Invoked command in '/home/bestteamever/leo_sim_ws/build/explore_lite' returned '0': CMAKE_PREFIX_PATH=${CMAKE_PREFIX_PATH}:/home/bestteamever/leo_sim_ws/install/navigation_demos:/home/bestteamever/leo_sim_ws/install/leo_description:/opt/ros/humble /usr/bin/cmake --install /home/bestteamever/leo_sim_ws/build/explore_lite
[0.664s] Level 1:colcon.colcon_core.environment:checking '/home/bestteamever/leo_sim_ws/install/explore_lite' for CMake config files
[0.664s] Level 1:colcon.colcon_core.shell:create_environment_hook('explore_lite', 'cmake_prefix_path')
[0.664s] INFO:colcon.colcon_core.shell:Creating environment hook '/home/bestteamever/leo_sim_ws/install/explore_lite/share/explore_lite/hook/cmake_prefix_path.ps1'
[0.665s] INFO:colcon.colcon_core.shell:Creating environment descriptor '/home/bestteamever/leo_sim_ws/install/explore_lite/share/explore_lite/hook/cmake_prefix_path.dsv'
[0.665s] INFO:colcon.colcon_core.shell:Creating environment hook '/home/bestteamever/leo_sim_ws/install/explore_lite/share/explore_lite/hook/cmake_prefix_path.sh'
[0.665s] Level 1:colcon.colcon_core.environment:checking '/home/bestteamever/leo_sim_ws/install/explore_lite/lib'
[0.665s] Level 1:colcon.colcon_core.environment:checking '/home/bestteamever/leo_sim_ws/install/explore_lite/bin'
[0.665s] Level 1:colcon.colcon_core.environment:checking '/home/bestteamever/leo_sim_ws/install/explore_lite/lib/pkgconfig/explore_lite.pc'
[0.666s] Level 1:colcon.colcon_core.environment:checking '/home/bestteamever/leo_sim_ws/install/explore_lite/lib/python3.10/site-packages'
[0.666s] Level 1:colcon.colcon_core.environment:checking '/home/bestteamever/leo_sim_ws/install/explore_lite/bin'
[0.666s] INFO:colcon.colcon_core.shell:Creating package script '/home/bestteamever/leo_sim_ws/install/explore_lite/share/explore_lite/package.ps1'
[0.666s] INFO:colcon.colcon_core.shell:Creating package descriptor '/home/bestteamever/leo_sim_ws/install/explore_lite/share/explore_lite/package.dsv'
[0.666s] INFO:colcon.colcon_core.shell:Creating package script '/home/bestteamever/leo_sim_ws/install/explore_lite/share/explore_lite/package.sh'
[0.667s] INFO:colcon.colcon_core.shell:Creating package script '/home/bestteamever/leo_sim_ws/install/explore_lite/share/explore_lite/package.bash'
[0.667s] INFO:colcon.colcon_core.shell:Creating package script '/home/bestteamever/leo_sim_ws/install/explore_lite/share/explore_lite/package.zsh'
[0.667s] Level 1:colcon.colcon_core.environment:create_file_with_runtime_dependencies(/home/bestteamever/leo_sim_ws/install/explore_lite/share/colcon-core/packages/explore_lite)
[0.667s] Level 1:colcon.colcon_core.environment:create_environment_scripts_only(explore_lite)
[0.667s] Level 1:colcon.colcon_core.environment:checking '/home/bestteamever/leo_sim_ws/install/explore_lite' for CMake module files
[0.668s] Level 1:colcon.colcon_core.environment:checking '/home/bestteamever/leo_sim_ws/install/explore_lite' for CMake config files
[0.668s] Level 1:colcon.colcon_core.shell:create_environment_hook('explore_lite', 'cmake_prefix_path')
[0.668s] INFO:colcon.colcon_core.shell:Creating environment hook '/home/bestteamever/leo_sim_ws/install/explore_lite/share/explore_lite/hook/cmake_prefix_path.ps1'
[0.669s] INFO:colcon.colcon_core.shell:Creating environment descriptor '/home/bestteamever/leo_sim_ws/install/explore_lite/share/explore_lite/hook/cmake_prefix_path.dsv'
[0.669s] INFO:colcon.colcon_core.shell:Creating environment hook '/home/bestteamever/leo_sim_ws/install/explore_lite/share/explore_lite/hook/cmake_prefix_path.sh'
[0.670s] Level 1:colcon.colcon_core.environment:checking '/home/bestteamever/leo_sim_ws/install/explore_lite/lib'
[0.670s] Level 1:colcon.colcon_core.environment:checking '/home/bestteamever/leo_sim_ws/install/explore_lite/bin'
[0.670s] Level 1:colcon.colcon_core.environment:checking '/home/bestteamever/leo_sim_ws/install/explore_lite/lib/pkgconfig/explore_lite.pc'
[0.670s] Level 1:colcon.colcon_core.environment:checking '/home/bestteamever/leo_sim_ws/install/explore_lite/lib/python3.10/site-packages'
[0.670s] Level 1:colcon.colcon_core.environment:checking '/home/bestteamever/leo_sim_ws/install/explore_lite/bin'
[0.670s] INFO:colcon.colcon_core.shell:Creating package script '/home/bestteamever/leo_sim_ws/install/explore_lite/share/explore_lite/package.ps1'
[0.670s] INFO:colcon.colcon_core.shell:Creating package descriptor '/home/bestteamever/leo_sim_ws/install/explore_lite/share/explore_lite/package.dsv'
[0.671s] INFO:colcon.colcon_core.shell:Creating package script '/home/bestteamever/leo_sim_ws/install/explore_lite/share/explore_lite/package.sh'
[0.671s] INFO:colcon.colcon_core.shell:Creating package script '/home/bestteamever/leo_sim_ws/install/explore_lite/share/explore_lite/package.bash'
[0.671s] INFO:colcon.colcon_core.shell:Creating package script '/home/bestteamever/leo_sim_ws/install/explore_lite/share/explore_lite/package.zsh'
[0.672s] Level 1:colcon.colcon_core.environment:create_file_with_runtime_dependencies(/home/bestteamever/leo_sim_ws/install/explore_lite/share/colcon-core/packages/explore_lite)
[0.679s] DEBUG:colcon.colcon_core.event_handler.log_command:Invoked command in '/home/bestteamever/leo_sim_ws/build/ros2_laser_scan_merger' returned '0': CMAKE_PREFIX_PATH=${CMAKE_PREFIX_PATH}:/home/bestteamever/leo_sim_ws/install/navigation_demos:/home/bestteamever/leo_sim_ws/install/leo_description:/opt/ros/humble /usr/bin/cmake --build /home/bestteamever/leo_sim_ws/build/ros2_laser_scan_merger -- -j16 -l16
[0.681s] DEBUG:colcon.colcon_core.event_handler.log_command:Invoking command in '/home/bestteamever/leo_sim_ws/build/ros2_laser_scan_merger': CMAKE_PREFIX_PATH=${CMAKE_PREFIX_PATH}:/home/bestteamever/leo_sim_ws/install/navigation_demos:/home/bestteamever/leo_sim_ws/install/leo_description:/opt/ros/humble /usr/bin/cmake --install /home/bestteamever/leo_sim_ws/build/ros2_laser_scan_merger
[0.690s] Level 1:colcon.colcon_core.environment:create_environment_scripts_only(ros2_laser_scan_merger)
[0.691s] Level 1:colcon.colcon_core.environment:checking '/home/bestteamever/leo_sim_ws/install/ros2_laser_scan_merger' for CMake module files
[0.691s] DEBUG:colcon.colcon_core.event_handler.log_command:Invoked command in '/home/bestteamever/leo_sim_ws/build/ros2_laser_scan_merger' returned '0': CMAKE_PREFIX_PATH=${CMAKE_PREFIX_PATH}:/home/bestteamever/leo_sim_ws/install/navigation_demos:/home/bestteamever/leo_sim_ws/install/leo_description:/opt/ros/humble /usr/bin/cmake --install /home/bestteamever/leo_sim_ws/build/ros2_laser_scan_merger
[0.691s] Level 1:colcon.colcon_core.environment:checking '/home/bestteamever/leo_sim_ws/install/ros2_laser_scan_merger' for CMake config files
[0.692s] Level 1:colcon.colcon_core.shell:create_environment_hook('ros2_laser_scan_merger', 'cmake_prefix_path')
[0.692s] INFO:colcon.colcon_core.shell:Creating environment hook '/home/bestteamever/leo_sim_ws/install/ros2_laser_scan_merger/share/ros2_laser_scan_merger/hook/cmake_prefix_path.ps1'
[0.692s] INFO:colcon.colcon_core.shell:Creating environment descriptor '/home/bestteamever/leo_sim_ws/install/ros2_laser_scan_merger/share/ros2_laser_scan_merger/hook/cmake_prefix_path.dsv'
[0.693s] INFO:colcon.colcon_core.shell:Creating environment hook '/home/bestteamever/leo_sim_ws/install/ros2_laser_scan_merger/share/ros2_laser_scan_merger/hook/cmake_prefix_path.sh'
[0.693s] Level 1:colcon.colcon_core.environment:checking '/home/bestteamever/leo_sim_ws/install/ros2_laser_scan_merger/lib'
[0.693s] Level 1:colcon.colcon_core.environment:checking '/home/bestteamever/leo_sim_ws/install/ros2_laser_scan_merger/bin'
[0.693s] Level 1:colcon.colcon_core.environment:checking '/home/bestteamever/leo_sim_ws/install/ros2_laser_scan_merger/lib/pkgconfig/ros2_laser_scan_merger.pc'
[0.693s] Level 1:colcon.colcon_core.environment:checking '/home/bestteamever/leo_sim_ws/install/ros2_laser_scan_merger/lib/python3.10/site-packages'
[0.694s] Level 1:colcon.colcon_core.environment:checking '/home/bestteamever/leo_sim_ws/install/ros2_laser_scan_merger/bin'
[0.694s] INFO:colcon.colcon_core.shell:Creating package script '/home/bestteamever/leo_sim_ws/install/ros2_laser_scan_merger/share/ros2_laser_scan_merger/package.ps1'
[0.694s] INFO:colcon.colcon_core.shell:Creating package descriptor '/home/bestteamever/leo_sim_ws/install/ros2_laser_scan_merger/share/ros2_laser_scan_merger/package.dsv'
[0.694s] INFO:colcon.colcon_core.shell:Creating package script '/home/bestteamever/leo_sim_ws/install/ros2_laser_scan_merger/share/ros2_laser_scan_merger/package.sh'
[0.695s] INFO:colcon.colcon_core.shell:Creating package script '/home/bestteamever/leo_sim_ws/install/ros2_laser_scan_merger/share/ros2_laser_scan_merger/package.bash'
[0.695s] INFO:colcon.colcon_core.shell:Creating package script '/home/bestteamever/leo_sim_ws/install/ros2_laser_scan_merger/share/ros2_laser_scan_merger/package.zsh'
[0.695s] Level 1:colcon.colcon_core.environment:create_file_with_runtime_dependencies(/home/bestteamever/leo_sim_ws/install/ros2_laser_scan_merger/share/colcon-core/packages/ros2_laser_scan_merger)
[0.695s] Level 1:colcon.colcon_core.environment:create_environment_scripts_only(ros2_laser_scan_merger)
[0.695s] Level 1:colcon.colcon_core.environment:checking '/home/bestteamever/leo_sim_ws/install/ros2_laser_scan_merger' for CMake module files
[0.696s] Level 1:colcon.colcon_core.environment:checking '/home/bestteamever/leo_sim_ws/install/ros2_laser_scan_merger' for CMake config files
[0.696s] Level 1:colcon.colcon_core.shell:create_environment_hook('ros2_laser_scan_merger', 'cmake_prefix_path')
[0.696s] INFO:colcon.colcon_core.shell:Creating environment hook '/home/bestteamever/leo_sim_ws/install/ros2_laser_scan_merger/share/ros2_laser_scan_merger/hook/cmake_prefix_path.ps1'
[0.696s] INFO:colcon.colcon_core.shell:Creating environment descriptor '/home/bestteamever/leo_sim_ws/install/ros2_laser_scan_merger/share/ros2_laser_scan_merger/hook/cmake_prefix_path.dsv'
[0.696s] INFO:colcon.colcon_core.shell:Creating environment hook '/home/bestteamever/leo_sim_ws/install/ros2_laser_scan_merger/share/ros2_laser_scan_merger/hook/cmake_prefix_path.sh'
[0.696s] Level 1:colcon.colcon_core.environment:checking '/home/bestteamever/leo_sim_ws/install/ros2_laser_scan_merger/lib'
[0.696s] Level 1:colcon.colcon_core.environment:checking '/home/bestteamever/leo_sim_ws/install/ros2_laser_scan_merger/bin'
[0.697s] Level 1:colcon.colcon_core.environment:checking '/home/bestteamever/leo_sim_ws/install/ros2_laser_scan_merger/lib/pkgconfig/ros2_laser_scan_merger.pc'
[0.697s] Level 1:colcon.colcon_core.environment:checking '/home/bestteamever/leo_sim_ws/install/ros2_laser_scan_merger/lib/python3.10/site-packages'
[0.697s] Level 1:colcon.colcon_core.environment:checking '/home/bestteamever/leo_sim_ws/install/ros2_laser_scan_merger/bin'
[0.697s] INFO:colcon.colcon_core.shell:Creating package script '/home/bestteamever/leo_sim_ws/install/ros2_laser_scan_merger/share/ros2_laser_scan_merger/package.ps1'
[0.697s] INFO:colcon.colcon_core.shell:Creating package descriptor '/home/bestteamever/leo_sim_ws/install/ros2_laser_scan_merger/share/ros2_laser_scan_merger/package.dsv'
[0.697s] INFO:colcon.colcon_core.shell:Creating package script '/home/bestteamever/leo_sim_ws/install/ros2_laser_scan_merger/share/ros2_laser_scan_merger/package.sh'
[0.698s] INFO:colcon.colcon_core.shell:Creating package script '/home/bestteamever/leo_sim_ws/install/ros2_laser_scan_merger/share/ros2_laser_scan_merger/package.bash'
[0.698s] INFO:colcon.colcon_core.shell:Creating package script '/home/bestteamever/leo_sim_ws/install/ros2_laser_scan_merger/share/ros2_laser_scan_merger/package.zsh'
[0.698s] Level 1:colcon.colcon_core.environment:create_file_with_runtime_dependencies(/home/bestteamever/leo_sim_ws/install/ros2_laser_scan_merger/share/colcon-core/packages/ros2_laser_scan_merger)
[0.715s] DEBUG:colcon.colcon_core.event_handler.log_command:Invoked command in '/home/bestteamever/leo_sim_ws/build/pointcloud_to_laserscan' returned '0': CMAKE_PREFIX_PATH=${CMAKE_PREFIX_PATH}:/home/bestteamever/leo_sim_ws/install/navigation_demos:/home/bestteamever/leo_sim_ws/install/leo_description:/opt/ros/humble /usr/bin/cmake --build /home/bestteamever/leo_sim_ws/build/pointcloud_to_laserscan -- -j16 -l16
[0.716s] DEBUG:colcon.colcon_core.event_handler.log_command:Invoking command in '/home/bestteamever/leo_sim_ws/build/pointcloud_to_laserscan': CMAKE_PREFIX_PATH=${CMAKE_PREFIX_PATH}:/home/bestteamever/leo_sim_ws/install/navigation_demos:/home/bestteamever/leo_sim_ws/install/leo_description:/opt/ros/humble /usr/bin/cmake --install /home/bestteamever/leo_sim_ws/build/pointcloud_to_laserscan
[0.729s] Level 1:colcon.colcon_core.environment:create_environment_scripts_only(pointcloud_to_laserscan)
[0.729s] DEBUG:colcon.colcon_core.event_handler.log_command:Invoked command in '/home/bestteamever/leo_sim_ws/build/pointcloud_to_laserscan' returned '0': CMAKE_PREFIX_PATH=${CMAKE_PREFIX_PATH}:/home/bestteamever/leo_sim_ws/install/navigation_demos:/home/bestteamever/leo_sim_ws/install/leo_description:/opt/ros/humble /usr/bin/cmake --install /home/bestteamever/leo_sim_ws/build/pointcloud_to_laserscan
[0.730s] Level 1:colcon.colcon_core.environment:checking '/home/bestteamever/leo_sim_ws/install/pointcloud_to_laserscan' for CMake module files
[0.730s] Level 1:colcon.colcon_core.environment:checking '/home/bestteamever/leo_sim_ws/install/pointcloud_to_laserscan' for CMake config files
[0.731s] Level 1:colcon.colcon_core.shell:create_environment_hook('pointcloud_to_laserscan', 'cmake_prefix_path')
[0.731s] INFO:colcon.colcon_core.shell:Creating environment hook '/home/bestteamever/leo_sim_ws/install/pointcloud_to_laserscan/share/pointcloud_to_laserscan/hook/cmake_prefix_path.ps1'
[0.731s] INFO:colcon.colcon_core.shell:Creating environment descriptor '/home/bestteamever/leo_sim_ws/install/pointcloud_to_laserscan/share/pointcloud_to_laserscan/hook/cmake_prefix_path.dsv'
[0.731s] INFO:colcon.colcon_core.shell:Creating environment hook '/home/bestteamever/leo_sim_ws/install/pointcloud_to_laserscan/share/pointcloud_to_laserscan/hook/cmake_prefix_path.sh'
[0.732s] Level 1:colcon.colcon_core.environment:checking '/home/bestteamever/leo_sim_ws/install/pointcloud_to_laserscan/lib'
[0.732s] Level 1:colcon.colcon_core.shell:create_environment_hook('pointcloud_to_laserscan', 'ld_library_path_lib')
[0.732s] INFO:colcon.colcon_core.shell:Creating environment hook '/home/bestteamever/leo_sim_ws/install/pointcloud_to_laserscan/share/pointcloud_to_laserscan/hook/ld_library_path_lib.ps1'
[0.733s] INFO:colcon.colcon_core.shell:Creating environment descriptor '/home/bestteamever/leo_sim_ws/install/pointcloud_to_laserscan/share/pointcloud_to_laserscan/hook/ld_library_path_lib.dsv'
[0.733s] INFO:colcon.colcon_core.shell:Creating environment hook '/home/bestteamever/leo_sim_ws/install/pointcloud_to_laserscan/share/pointcloud_to_laserscan/hook/ld_library_path_lib.sh'
[0.733s] Level 1:colcon.colcon_core.environment:checking '/home/bestteamever/leo_sim_ws/install/pointcloud_to_laserscan/bin'
[0.733s] Level 1:colcon.colcon_core.environment:checking '/home/bestteamever/leo_sim_ws/install/pointcloud_to_laserscan/lib/pkgconfig/pointcloud_to_laserscan.pc'
[0.733s] Level 1:colcon.colcon_core.environment:checking '/home/bestteamever/leo_sim_ws/install/pointcloud_to_laserscan/lib/python3.10/site-packages'
[0.734s] Level 1:colcon.colcon_core.environment:checking '/home/bestteamever/leo_sim_ws/install/pointcloud_to_laserscan/bin'
[0.734s] INFO:colcon.colcon_core.shell:Creating package script '/home/bestteamever/leo_sim_ws/install/pointcloud_to_laserscan/share/pointcloud_to_laserscan/package.ps1'
[0.734s] INFO:colcon.colcon_core.shell:Creating package descriptor '/home/bestteamever/leo_sim_ws/install/pointcloud_to_laserscan/share/pointcloud_to_laserscan/package.dsv'
[0.735s] INFO:colcon.colcon_core.shell:Creating package script '/home/bestteamever/leo_sim_ws/install/pointcloud_to_laserscan/share/pointcloud_to_laserscan/package.sh'
[0.735s] INFO:colcon.colcon_core.shell:Creating package script '/home/bestteamever/leo_sim_ws/install/pointcloud_to_laserscan/share/pointcloud_to_laserscan/package.bash'
[0.735s] INFO:colcon.colcon_core.shell:Creating package script '/home/bestteamever/leo_sim_ws/install/pointcloud_to_laserscan/share/pointcloud_to_laserscan/package.zsh'
[0.736s] Level 1:colcon.colcon_core.environment:create_file_with_runtime_dependencies(/home/bestteamever/leo_sim_ws/install/pointcloud_to_laserscan/share/colcon-core/packages/pointcloud_to_laserscan)
[0.736s] Level 1:colcon.colcon_core.environment:create_environment_scripts_only(pointcloud_to_laserscan)
[0.736s] Level 1:colcon.colcon_core.environment:checking '/home/bestteamever/leo_sim_ws/install/pointcloud_to_laserscan' for CMake module files
[0.737s] Level 1:colcon.colcon_core.environment:checking '/home/bestteamever/leo_sim_ws/install/pointcloud_to_laserscan' for CMake config files
[0.737s] Level 1:colcon.colcon_core.shell:create_environment_hook('pointcloud_to_laserscan', 'cmake_prefix_path')
[0.737s] INFO:colcon.colcon_core.shell:Creating environment hook '/home/bestteamever/leo_sim_ws/install/pointcloud_to_laserscan/share/pointcloud_to_laserscan/hook/cmake_prefix_path.ps1'
[0.737s] INFO:colcon.colcon_core.shell:Creating environment descriptor '/home/bestteamever/leo_sim_ws/install/pointcloud_to_laserscan/share/pointcloud_to_laserscan/hook/cmake_prefix_path.dsv'
[0.738s] INFO:colcon.colcon_core.shell:Creating environment hook '/home/bestteamever/leo_sim_ws/install/pointcloud_to_laserscan/share/pointcloud_to_laserscan/hook/cmake_prefix_path.sh'
[0.738s] Level 1:colcon.colcon_core.environment:checking '/home/bestteamever/leo_sim_ws/install/pointcloud_to_laserscan/lib'
[0.738s] Level 1:colcon.colcon_core.shell:create_environment_hook('pointcloud_to_laserscan', 'ld_library_path_lib')
[0.738s] INFO:colcon.colcon_core.shell:Creating environment hook '/home/bestteamever/leo_sim_ws/install/pointcloud_to_laserscan/share/pointcloud_to_laserscan/hook/ld_library_path_lib.ps1'
[0.739s] INFO:colcon.colcon_core.shell:Creating environment descriptor '/home/bestteamever/leo_sim_ws/install/pointcloud_to_laserscan/share/pointcloud_to_laserscan/hook/ld_library_path_lib.dsv'
[0.739s] INFO:colcon.colcon_core.shell:Creating environment hook '/home/bestteamever/leo_sim_ws/install/pointcloud_to_laserscan/share/pointcloud_to_laserscan/hook/ld_library_path_lib.sh'
[0.740s] Level 1:colcon.colcon_core.environment:checking '/home/bestteamever/leo_sim_ws/install/pointcloud_to_laserscan/bin'
[0.740s] Level 1:colcon.colcon_core.environment:checking '/home/bestteamever/leo_sim_ws/install/pointcloud_to_laserscan/lib/pkgconfig/pointcloud_to_laserscan.pc'
[0.740s] Level 1:colcon.colcon_core.environment:checking '/home/bestteamever/leo_sim_ws/install/pointcloud_to_laserscan/lib/python3.10/site-packages'
[0.740s] Level 1:colcon.colcon_core.environment:checking '/home/bestteamever/leo_sim_ws/install/pointcloud_to_laserscan/bin'
[0.740s] INFO:colcon.colcon_core.shell:Creating package script '/home/bestteamever/leo_sim_ws/install/pointcloud_to_laserscan/share/pointcloud_to_laserscan/package.ps1'
[0.741s] INFO:colcon.colcon_core.shell:Creating package descriptor '/home/bestteamever/leo_sim_ws/install/pointcloud_to_laserscan/share/pointcloud_to_laserscan/package.dsv'
[0.741s] INFO:colcon.colcon_core.shell:Creating package script '/home/bestteamever/leo_sim_ws/install/pointcloud_to_laserscan/share/pointcloud_to_laserscan/package.sh'
[0.742s] INFO:colcon.colcon_core.shell:Creating package script '/home/bestteamever/leo_sim_ws/install/pointcloud_to_laserscan/share/pointcloud_to_laserscan/package.bash'
[0.742s] INFO:colcon.colcon_core.shell:Creating package script '/home/bestteamever/leo_sim_ws/install/pointcloud_to_laserscan/share/pointcloud_to_laserscan/package.zsh'
[0.742s] Level 1:colcon.colcon_core.environment:create_file_with_runtime_dependencies(/home/bestteamever/leo_sim_ws/install/pointcloud_to_laserscan/share/colcon-core/packages/pointcloud_to_laserscan)
[0.851s] DEBUG:colcon.colcon_core.event_handler.log_command:Invoking command in '/home/bestteamever/leo_sim_ws/src/leo_description': PYTHONPATH=/home/bestteamever/leo_sim_ws/build/leo_description/prefix_override:/usr/lib/python3/dist-packages/colcon_core/task/python/colcon_distutils_commands:/home/bestteamever/leo_sim_ws/install/leo_description/lib/python3.10/site-packages:${PYTHONPATH} /usr/bin/python3 -W ignore:setup.py install is deprecated -W ignore:easy_install command is deprecated setup.py egg_info --egg-base ../../build/leo_description build --build-base /home/bestteamever/leo_sim_ws/build/leo_description/build install --record /home/bestteamever/leo_sim_ws/build/leo_description/install.log --single-version-externally-managed install_data
[0.851s] DEBUG:colcon.colcon_core.event_handler.log_command:Invoking command in '/home/bestteamever/leo_sim_ws/src/navigation_demos': PYTHONPATH=/home/bestteamever/leo_sim_ws/build/navigation_demos/prefix_override:/usr/lib/python3/dist-packages/colcon_core/task/python/colcon_distutils_commands:/home/bestteamever/leo_sim_ws/install/navigation_demos/lib/python3.10/site-packages:${PYTHONPATH} /usr/bin/python3 -W ignore:setup.py install is deprecated -W ignore:easy_install command is deprecated setup.py egg_info --egg-base ../../build/navigation_demos build --build-base /home/bestteamever/leo_sim_ws/build/navigation_demos/build install --record /home/bestteamever/leo_sim_ws/build/navigation_demos/install.log --single-version-externally-managed install_data
[1.015s] Level 1:colcon.colcon_core.environment:checking '/home/bestteamever/leo_sim_ws/install/leo_description' for CMake module files
[1.016s] DEBUG:colcon.colcon_core.event_handler.log_command:Invoked command in '/home/bestteamever/leo_sim_ws/src/leo_description' returned '0': PYTHONPATH=/home/bestteamever/leo_sim_ws/build/leo_description/prefix_override:/usr/lib/python3/dist-packages/colcon_core/task/python/colcon_distutils_commands:/home/bestteamever/leo_sim_ws/install/leo_description/lib/python3.10/site-packages:${PYTHONPATH} /usr/bin/python3 -W ignore:setup.py install is deprecated -W ignore:easy_install command is deprecated setup.py egg_info --egg-base ../../build/leo_description build --build-base /home/bestteamever/leo_sim_ws/build/leo_description/build install --record /home/bestteamever/leo_sim_ws/build/leo_description/install.log --single-version-externally-managed install_data
[1.016s] Level 1:colcon.colcon_core.environment:checking '/home/bestteamever/leo_sim_ws/install/leo_description' for CMake config files
[1.017s] Level 1:colcon.colcon_core.environment:checking '/home/bestteamever/leo_sim_ws/install/leo_description/lib'
[1.017s] Level 1:colcon.colcon_core.environment:checking '/home/bestteamever/leo_sim_ws/install/leo_description/bin'
[1.017s] Level 1:colcon.colcon_core.environment:checking '/home/bestteamever/leo_sim_ws/install/leo_description/lib/pkgconfig/leo_description.pc'
[1.017s] Level 1:colcon.colcon_core.environment:checking '/home/bestteamever/leo_sim_ws/install/leo_description/lib/python3.10/site-packages'
[1.017s] Level 1:colcon.colcon_core.shell:create_environment_hook('leo_description', 'pythonpath')
[1.018s] INFO:colcon.colcon_core.shell:Creating environment hook '/home/bestteamever/leo_sim_ws/install/leo_description/share/leo_description/hook/pythonpath.ps1'
[1.018s] INFO:colcon.colcon_core.shell:Creating environment descriptor '/home/bestteamever/leo_sim_ws/install/leo_description/share/leo_description/hook/pythonpath.dsv'
[1.018s] INFO:colcon.colcon_core.shell:Creating environment hook '/home/bestteamever/leo_sim_ws/install/leo_description/share/leo_description/hook/pythonpath.sh'
[1.019s] Level 1:colcon.colcon_core.environment:checking '/home/bestteamever/leo_sim_ws/install/leo_description/bin'
[1.019s] Level 1:colcon.colcon_core.environment:create_environment_scripts_only(leo_description)
[1.019s] INFO:colcon.colcon_core.shell:Creating package script '/home/bestteamever/leo_sim_ws/install/leo_description/share/leo_description/package.ps1'
[1.020s] INFO:colcon.colcon_core.shell:Creating package descriptor '/home/bestteamever/leo_sim_ws/install/leo_description/share/leo_description/package.dsv'
[1.020s] INFO:colcon.colcon_core.shell:Creating package script '/home/bestteamever/leo_sim_ws/install/leo_description/share/leo_description/package.sh'
[1.020s] INFO:colcon.colcon_core.shell:Creating package script '/home/bestteamever/leo_sim_ws/install/leo_description/share/leo_description/package.bash'
[1.021s] INFO:colcon.colcon_core.shell:Creating package script '/home/bestteamever/leo_sim_ws/install/leo_description/share/leo_description/package.zsh'
[1.021s] Level 1:colcon.colcon_core.environment:create_file_with_runtime_dependencies(/home/bestteamever/leo_sim_ws/install/leo_description/share/colcon-core/packages/leo_description)
[1.022s] Level 1:colcon.colcon_core.environment:checking '/home/bestteamever/leo_sim_ws/install/navigation_demos' for CMake module files
[1.022s] DEBUG:colcon.colcon_core.event_handler.log_command:Invoked command in '/home/bestteamever/leo_sim_ws/src/navigation_demos' returned '0': PYTHONPATH=/home/bestteamever/leo_sim_ws/build/navigation_demos/prefix_override:/usr/lib/python3/dist-packages/colcon_core/task/python/colcon_distutils_commands:/home/bestteamever/leo_sim_ws/install/navigation_demos/lib/python3.10/site-packages:${PYTHONPATH} /usr/bin/python3 -W ignore:setup.py install is deprecated -W ignore:easy_install command is deprecated setup.py egg_info --egg-base ../../build/navigation_demos build --build-base /home/bestteamever/leo_sim_ws/build/navigation_demos/build install --record /home/bestteamever/leo_sim_ws/build/navigation_demos/install.log --single-version-externally-managed install_data
[1.022s] Level 1:colcon.colcon_core.environment:checking '/home/bestteamever/leo_sim_ws/install/navigation_demos' for CMake config files
[1.023s] Level 1:colcon.colcon_core.environment:checking '/home/bestteamever/leo_sim_ws/install/navigation_demos/lib'
[1.023s] Level 1:colcon.colcon_core.environment:checking '/home/bestteamever/leo_sim_ws/install/navigation_demos/bin'
[1.023s] Level 1:colcon.colcon_core.environment:checking '/home/bestteamever/leo_sim_ws/install/navigation_demos/lib/pkgconfig/navigation_demos.pc'
[1.023s] Level 1:colcon.colcon_core.environment:checking '/home/bestteamever/leo_sim_ws/install/navigation_demos/lib/python3.10/site-packages'
[1.023s] Level 1:colcon.colcon_core.shell:create_environment_hook('navigation_demos', 'pythonpath')
[1.024s] INFO:colcon.colcon_core.shell:Creating environment hook '/home/bestteamever/leo_sim_ws/install/navigation_demos/share/navigation_demos/hook/pythonpath.ps1'
[1.024s] INFO:colcon.colcon_core.shell:Creating environment descriptor '/home/bestteamever/leo_sim_ws/install/navigation_demos/share/navigation_demos/hook/pythonpath.dsv'
[1.024s] INFO:colcon.colcon_core.shell:Creating environment hook '/home/bestteamever/leo_sim_ws/install/navigation_demos/share/navigation_demos/hook/pythonpath.sh'
[1.025s] Level 1:colcon.colcon_core.environment:checking '/home/bestteamever/leo_sim_ws/install/navigation_demos/bin'
[1.025s] Level 1:colcon.colcon_core.environment:create_environment_scripts_only(navigation_demos)
[1.025s] INFO:colcon.colcon_core.shell:Creating package script '/home/bestteamever/leo_sim_ws/install/navigation_demos/share/navigation_demos/package.ps1'
[1.025s] INFO:colcon.colcon_core.shell:Creating package descriptor '/home/bestteamever/leo_sim_ws/install/navigation_demos/share/navigation_demos/package.dsv'
[1.026s] INFO:colcon.colcon_core.shell:Creating package script '/home/bestteamever/leo_sim_ws/install/navigation_demos/share/navigation_demos/package.sh'
[1.026s] INFO:colcon.colcon_core.shell:Creating package script '/home/bestteamever/leo_sim_ws/install/navigation_demos/share/navigation_demos/package.bash'
[1.027s] INFO:colcon.colcon_core.shell:Creating package script '/home/bestteamever/leo_sim_ws/install/navigation_demos/share/navigation_demos/package.zsh'
[1.027s] Level 1:colcon.colcon_core.environment:create_file_with_runtime_dependencies(/home/bestteamever/leo_sim_ws/install/navigation_demos/share/colcon-core/packages/navigation_demos)
[1.027s] DEBUG:colcon.colcon_parallel_executor.executor.parallel:closing loop
[1.027s] DEBUG:colcon.colcon_parallel_executor.executor.parallel:loop closed
[1.027s] DEBUG:colcon.colcon_parallel_executor.executor.parallel:run_until_complete finished with '0'
[1.027s] DEBUG:colcon.colcon_core.event_reactor:joining thread
[1.031s] INFO:colcon.colcon_core.plugin_system:Skipping extension 'colcon_notification.desktop_notification.terminal_notifier': Not used on non-Darwin systems
[1.031s] INFO:colcon.colcon_core.plugin_system:Skipping extension 'colcon_notification.desktop_notification.win32': Not used on non-Windows systems
[1.031s] INFO:colcon.colcon_notification.desktop_notification:Sending desktop notification using 'notify2'
[1.046s] DEBUG:colcon.colcon_core.event_reactor:joined thread
[1.046s] INFO:colcon.colcon_core.shell:Creating prefix script '/home/bestteamever/leo_sim_ws/install/local_setup.ps1'
[1.047s] INFO:colcon.colcon_core.shell:Creating prefix util module '/home/bestteamever/leo_sim_ws/install/_local_setup_util_ps1.py'
[1.048s] INFO:colcon.colcon_core.shell:Creating prefix chain script '/home/bestteamever/leo_sim_ws/install/setup.ps1'
[1.049s] INFO:colcon.colcon_core.shell:Creating prefix script '/home/bestteamever/leo_sim_ws/install/local_setup.sh'
[1.049s] INFO:colcon.colcon_core.shell:Creating prefix util module '/home/bestteamever/leo_sim_ws/install/_local_setup_util_sh.py'
[1.049s] INFO:colcon.colcon_core.shell:Creating prefix chain script '/home/bestteamever/leo_sim_ws/install/setup.sh'
[1.050s] INFO:colcon.colcon_core.shell:Creating prefix script '/home/bestteamever/leo_sim_ws/install/local_setup.bash'
[1.050s] INFO:colcon.colcon_core.shell:Creating prefix chain script '/home/bestteamever/leo_sim_ws/install/setup.bash'
[1.051s] INFO:colcon.colcon_core.shell:Creating prefix script '/home/bestteamever/leo_sim_ws/install/local_setup.zsh'
[1.051s] INFO:colcon.colcon_core.shell:Creating prefix chain script '/home/bestteamever/leo_sim_ws/install/setup.zsh'
