[0.023s] Invoking command in '/home/bestteamever/leo_sim_ws/build/explore_lite': CMAKE_PREFIX_PATH=${CMAKE_PREFIX_PATH}:/home/bestteamever/leo_sim_ws/install/navigation_demos:/home/bestteamever/leo_sim_ws/install/leo_description:/opt/ros/humble /usr/bin/cmake --build /home/bestteamever/leo_sim_ws/build/explore_lite -- -j16 -l16
[0.326s] [ 20%] Built target gtest_main
[0.326s] [ 40%] Built target gtest
[0.326s] [ 80%] Built target explore
[0.326s] [100%] Built target test_explore
[0.331s] Invoked command in '/home/bestteamever/leo_sim_ws/build/explore_lite' returned '0': CMAKE_PREFIX_PATH=${CMAKE_PREFIX_PATH}:/home/bestteamever/leo_sim_ws/install/navigation_demos:/home/bestteamever/leo_sim_ws/install/leo_description:/opt/ros/humble /usr/bin/cmake --build /home/bestteamever/leo_sim_ws/build/explore_lite -- -j16 -l16
[0.339s] Invoking command in '/home/bestteamever/leo_sim_ws/build/explore_lite': CMAKE_PREFIX_PATH=${CMAKE_PREFIX_PATH}:/home/bestteamever/leo_sim_ws/install/navigation_demos:/home/bestteamever/leo_sim_ws/install/leo_description:/opt/ros/humble /usr/bin/cmake --install /home/bestteamever/leo_sim_ws/build/explore_lite
[0.347s] -- Install configuration: ""
[0.347s] -- Up-to-date: /home/bestteamever/leo_sim_ws/install/explore_lite/include/explore/
[0.347s] -- Up-to-date: /home/bestteamever/leo_sim_ws/install/explore_lite/include/explore//costmap_client.h
[0.347s] -- Up-to-date: /home/bestteamever/leo_sim_ws/install/explore_lite/include/explore//frontier_search.h
[0.348s] -- Up-to-date: /home/bestteamever/leo_sim_ws/install/explore_lite/include/explore//explore.h
[0.348s] -- Up-to-date: /home/bestteamever/leo_sim_ws/install/explore_lite/include/explore//costmap_tools.h
[0.348s] -- Up-to-date: /home/bestteamever/leo_sim_ws/install/explore_lite/share/explore_lite/config
[0.348s] -- Up-to-date: /home/bestteamever/leo_sim_ws/install/explore_lite/share/explore_lite/config/params.yaml
[0.348s] -- Up-to-date: /home/bestteamever/leo_sim_ws/install/explore_lite/share/explore_lite/config/params_costmap.yaml
[0.349s] -- Up-to-date: /home/bestteamever/leo_sim_ws/install/explore_lite/share/explore_lite/launch
[0.349s] -- Up-to-date: /home/bestteamever/leo_sim_ws/install/explore_lite/share/explore_lite/launch/explore.launch.py
[0.351s] -- Up-to-date: /home/bestteamever/leo_sim_ws/install/explore_lite/lib/explore_lite/explore
[0.351s] -- Up-to-date: /home/bestteamever/leo_sim_ws/install/explore_lite/share/ament_index/resource_index/package_run_dependencies/explore_lite
[0.352s] -- Up-to-date: /home/bestteamever/leo_sim_ws/install/explore_lite/share/ament_index/resource_index/parent_prefix_path/explore_lite
[0.352s] -- Up-to-date: /home/bestteamever/leo_sim_ws/install/explore_lite/share/explore_lite/environment/ament_prefix_path.sh
[0.352s] -- Up-to-date: /home/bestteamever/leo_sim_ws/install/explore_lite/share/explore_lite/environment/ament_prefix_path.dsv
[0.352s] -- Up-to-date: /home/bestteamever/leo_sim_ws/install/explore_lite/share/explore_lite/environment/path.sh
[0.352s] -- Up-to-date: /home/bestteamever/leo_sim_ws/install/explore_lite/share/explore_lite/environment/path.dsv
[0.352s] -- Up-to-date: /home/bestteamever/leo_sim_ws/install/explore_lite/share/explore_lite/local_setup.bash
[0.353s] -- Up-to-date: /home/bestteamever/leo_sim_ws/install/explore_lite/share/explore_lite/local_setup.sh
[0.353s] -- Up-to-date: /home/bestteamever/leo_sim_ws/install/explore_lite/share/explore_lite/local_setup.zsh
[0.353s] -- Up-to-date: /home/bestteamever/leo_sim_ws/install/explore_lite/share/explore_lite/local_setup.dsv
[0.353s] -- Installing: /home/bestteamever/leo_sim_ws/install/explore_lite/share/explore_lite/package.dsv
[0.353s] -- Up-to-date: /home/bestteamever/leo_sim_ws/install/explore_lite/share/ament_index/resource_index/packages/explore_lite
[0.353s] -- Up-to-date: /home/bestteamever/leo_sim_ws/install/explore_lite/share/explore_lite/cmake/ament_cmake_export_include_directories-extras.cmake
[0.353s] -- Up-to-date: /home/bestteamever/leo_sim_ws/install/explore_lite/share/explore_lite/cmake/explore_liteConfig.cmake
[0.353s] -- Up-to-date: /home/bestteamever/leo_sim_ws/install/explore_lite/share/explore_lite/cmake/explore_liteConfig-version.cmake
[0.353s] -- Up-to-date: /home/bestteamever/leo_sim_ws/install/explore_lite/share/explore_lite/package.xml
[0.374s] Invoked command in '/home/bestteamever/leo_sim_ws/build/explore_lite' returned '0': CMAKE_PREFIX_PATH=${CMAKE_PREFIX_PATH}:/home/bestteamever/leo_sim_ws/install/navigation_demos:/home/bestteamever/leo_sim_ws/install/leo_description:/opt/ros/humble /usr/bin/cmake --install /home/bestteamever/leo_sim_ws/build/explore_lite
