[0.123s] DEBUG:colcon:Command line arguments: ['/usr/bin/colcon', 'build']
[0.123s] DEBUG:colcon:Parsed command line arguments: Namespace(log_base=None, log_level=None, verb_name='build', build_base='build', install_base='install', merge_install=False, symlink_install=False, test_result_base=None, continue_on_error=False, executor='parallel', parallel_workers=16, event_handlers=None, ignore_user_meta=False, metas=['./colcon.meta'], base_paths=['.'], packages_ignore=None, packages_ignore_regex=None, paths=None, packages_up_to=None, packages_up_to_regex=None, packages_above=None, packages_above_and_dependencies=None, packages_above_depth=None, packages_select_by_dep=None, packages_skip_by_dep=None, packages_skip_up_to=None, packages_select_build_failed=False, packages_skip_build_finished=False, packages_select_test_failures=False, packages_skip_test_passed=False, packages_select=None, packages_skip=None, packages_select_regex=None, packages_skip_regex=None, packages_start=None, packages_end=None, allow_overriding=[], cmake_args=None, cmake_target=None, cmake_target_skip_unavailable=False, cmake_clean_cache=False, cmake_clean_first=False, cmake_force_configure=False, ament_cmake_args=None, catkin_cmake_args=None, catkin_skip_building_tests=False, mixin_files=None, mixin=None, verb_parser=<colcon_mixin.mixin.mixin_argument.MixinArgumentDecorator object at 0x7dcad6669ae0>, verb_extension=<colcon_core.verb.build.BuildVerb object at 0x7dcad677eaa0>, main=<bound method BuildVerb.main of <colcon_core.verb.build.BuildVerb object at 0x7dcad677eaa0>>, mixin_verb=('build',))
[0.245s] Level 1:colcon.colcon_core.package_discovery:discover_packages(colcon_meta) check parameters
[0.245s] Level 1:colcon.colcon_core.package_discovery:discover_packages(recursive) check parameters
[0.245s] Level 1:colcon.colcon_core.package_discovery:discover_packages(ignore) check parameters
[0.246s] Level 1:colcon.colcon_core.package_discovery:discover_packages(path) check parameters
[0.246s] Level 1:colcon.colcon_core.package_discovery:discover_packages(colcon_meta) discover
[0.246s] Level 1:colcon.colcon_core.package_discovery:discover_packages(recursive) discover
[0.246s] INFO:colcon.colcon_core.package_discovery:Crawling recursively for packages in '/home/bestteamever/leo_sim_ws'
[0.246s] Level 1:colcon.colcon_core.package_identification:_identify(.) by extensions ['ignore', 'ignore_ament_install']
[0.246s] Level 1:colcon.colcon_core.package_identification:_identify(.) by extension 'ignore'
[0.246s] Level 1:colcon.colcon_core.package_identification:_identify(.) by extension 'ignore_ament_install'
[0.246s] Level 1:colcon.colcon_core.package_identification:_identify(.) by extensions ['colcon_pkg']
[0.246s] Level 1:colcon.colcon_core.package_identification:_identify(.) by extension 'colcon_pkg'
[0.246s] Level 1:colcon.colcon_core.package_identification:_identify(.) by extensions ['colcon_meta']
[0.246s] Level 1:colcon.colcon_core.package_identification:_identify(.) by extension 'colcon_meta'
[0.246s] Level 1:colcon.colcon_core.package_identification:_identify(.) by extensions ['ros']
[0.246s] Level 1:colcon.colcon_core.package_identification:_identify(.) by extension 'ros'
[0.253s] Level 1:colcon.colcon_core.package_identification:_identify(.) by extensions ['cmake', 'python']
[0.253s] Level 1:colcon.colcon_core.package_identification:_identify(.) by extension 'cmake'
[0.253s] Level 1:colcon.colcon_core.package_identification:_identify(.) by extension 'python'
[0.253s] Level 1:colcon.colcon_core.package_identification:_identify(.) by extensions ['python_setup_py']
[0.253s] Level 1:colcon.colcon_core.package_identification:_identify(.) by extension 'python_setup_py'
[0.253s] Level 1:colcon.colcon_core.package_identification:_identify(build) by extensions ['ignore', 'ignore_ament_install']
[0.253s] Level 1:colcon.colcon_core.package_identification:_identify(build) by extension 'ignore'
[0.253s] Level 1:colcon.colcon_core.package_identification:_identify(build) ignored
[0.253s] Level 1:colcon.colcon_core.package_identification:_identify(install) by extensions ['ignore', 'ignore_ament_install']
[0.253s] Level 1:colcon.colcon_core.package_identification:_identify(install) by extension 'ignore'
[0.253s] Level 1:colcon.colcon_core.package_identification:_identify(install) ignored
[0.253s] Level 1:colcon.colcon_core.package_identification:_identify(log) by extensions ['ignore', 'ignore_ament_install']
[0.253s] Level 1:colcon.colcon_core.package_identification:_identify(log) by extension 'ignore'
[0.253s] Level 1:colcon.colcon_core.package_identification:_identify(log) ignored
[0.253s] Level 1:colcon.colcon_core.package_identification:_identify(src) by extensions ['ignore', 'ignore_ament_install']
[0.253s] Level 1:colcon.colcon_core.package_identification:_identify(src) by extension 'ignore'
[0.253s] Level 1:colcon.colcon_core.package_identification:_identify(src) by extension 'ignore_ament_install'
[0.253s] Level 1:colcon.colcon_core.package_identification:_identify(src) by extensions ['colcon_pkg']
[0.253s] Level 1:colcon.colcon_core.package_identification:_identify(src) by extension 'colcon_pkg'
[0.253s] Level 1:colcon.colcon_core.package_identification:_identify(src) by extensions ['colcon_meta']
[0.253s] Level 1:colcon.colcon_core.package_identification:_identify(src) by extension 'colcon_meta'
[0.253s] Level 1:colcon.colcon_core.package_identification:_identify(src) by extensions ['ros']
[0.253s] Level 1:colcon.colcon_core.package_identification:_identify(src) by extension 'ros'
[0.253s] Level 1:colcon.colcon_core.package_identification:_identify(src) by extensions ['cmake', 'python']
[0.253s] Level 1:colcon.colcon_core.package_identification:_identify(src) by extension 'cmake'
[0.253s] Level 1:colcon.colcon_core.package_identification:_identify(src) by extension 'python'
[0.253s] Level 1:colcon.colcon_core.package_identification:_identify(src) by extensions ['python_setup_py']
[0.253s] Level 1:colcon.colcon_core.package_identification:_identify(src) by extension 'python_setup_py'
[0.254s] Level 1:colcon.colcon_core.package_identification:_identify(src/leo_description) by extensions ['ignore', 'ignore_ament_install']
[0.254s] Level 1:colcon.colcon_core.package_identification:_identify(src/leo_description) by extension 'ignore'
[0.254s] Level 1:colcon.colcon_core.package_identification:_identify(src/leo_description) by extension 'ignore_ament_install'
[0.254s] Level 1:colcon.colcon_core.package_identification:_identify(src/leo_description) by extensions ['colcon_pkg']
[0.254s] Level 1:colcon.colcon_core.package_identification:_identify(src/leo_description) by extension 'colcon_pkg'
[0.254s] Level 1:colcon.colcon_core.package_identification:_identify(src/leo_description) by extensions ['colcon_meta']
[0.254s] Level 1:colcon.colcon_core.package_identification:_identify(src/leo_description) by extension 'colcon_meta'
[0.254s] Level 1:colcon.colcon_core.package_identification:_identify(src/leo_description) by extensions ['ros']
[0.254s] Level 1:colcon.colcon_core.package_identification:_identify(src/leo_description) by extension 'ros'
[0.255s] DEBUG:colcon.colcon_core.package_identification:Package 'src/leo_description' with type 'ros.ament_python' and name 'leo_description'
[0.256s] Level 1:colcon.colcon_core.package_identification:_identify(src/leo_gz_plugins) by extensions ['ignore', 'ignore_ament_install']
[0.256s] Level 1:colcon.colcon_core.package_identification:_identify(src/leo_gz_plugins) by extension 'ignore'
[0.256s] Level 1:colcon.colcon_core.package_identification:_identify(src/leo_gz_plugins) by extension 'ignore_ament_install'
[0.256s] Level 1:colcon.colcon_core.package_identification:_identify(src/leo_gz_plugins) by extensions ['colcon_pkg']
[0.256s] Level 1:colcon.colcon_core.package_identification:_identify(src/leo_gz_plugins) by extension 'colcon_pkg'
[0.256s] Level 1:colcon.colcon_core.package_identification:_identify(src/leo_gz_plugins) by extensions ['colcon_meta']
[0.256s] Level 1:colcon.colcon_core.package_identification:_identify(src/leo_gz_plugins) by extension 'colcon_meta'
[0.256s] Level 1:colcon.colcon_core.package_identification:_identify(src/leo_gz_plugins) by extensions ['ros']
[0.256s] Level 1:colcon.colcon_core.package_identification:_identify(src/leo_gz_plugins) by extension 'ros'
[0.263s] DEBUG:colcon.colcon_core.package_identification:Package 'src/leo_gz_plugins' with type 'ros.ament_cmake' and name 'leo_gz_plugins'
[0.264s] Level 1:colcon.colcon_core.package_identification:_identify(src/m-explore-ros2) by extensions ['ignore', 'ignore_ament_install']
[0.264s] Level 1:colcon.colcon_core.package_identification:_identify(src/m-explore-ros2) by extension 'ignore'
[0.264s] Level 1:colcon.colcon_core.package_identification:_identify(src/m-explore-ros2) by extension 'ignore_ament_install'
[0.264s] Level 1:colcon.colcon_core.package_identification:_identify(src/m-explore-ros2) by extensions ['colcon_pkg']
[0.264s] Level 1:colcon.colcon_core.package_identification:_identify(src/m-explore-ros2) by extension 'colcon_pkg'
[0.264s] Level 1:colcon.colcon_core.package_identification:_identify(src/m-explore-ros2) by extensions ['colcon_meta']
[0.264s] Level 1:colcon.colcon_core.package_identification:_identify(src/m-explore-ros2) by extension 'colcon_meta'
[0.264s] Level 1:colcon.colcon_core.package_identification:_identify(src/m-explore-ros2) by extensions ['ros']
[0.264s] Level 1:colcon.colcon_core.package_identification:_identify(src/m-explore-ros2) by extension 'ros'
[0.264s] Level 1:colcon.colcon_core.package_identification:_identify(src/m-explore-ros2) by extensions ['cmake', 'python']
[0.264s] Level 1:colcon.colcon_core.package_identification:_identify(src/m-explore-ros2) by extension 'cmake'
[0.264s] Level 1:colcon.colcon_core.package_identification:_identify(src/m-explore-ros2) by extension 'python'
[0.264s] Level 1:colcon.colcon_core.package_identification:_identify(src/m-explore-ros2) by extensions ['python_setup_py']
[0.264s] Level 1:colcon.colcon_core.package_identification:_identify(src/m-explore-ros2) by extension 'python_setup_py'
[0.264s] Level 1:colcon.colcon_core.package_identification:_identify(src/m-explore-ros2/explore) by extensions ['ignore', 'ignore_ament_install']
[0.264s] Level 1:colcon.colcon_core.package_identification:_identify(src/m-explore-ros2/explore) by extension 'ignore'
[0.264s] Level 1:colcon.colcon_core.package_identification:_identify(src/m-explore-ros2/explore) by extension 'ignore_ament_install'
[0.264s] Level 1:colcon.colcon_core.package_identification:_identify(src/m-explore-ros2/explore) by extensions ['colcon_pkg']
[0.264s] Level 1:colcon.colcon_core.package_identification:_identify(src/m-explore-ros2/explore) by extension 'colcon_pkg'
[0.264s] Level 1:colcon.colcon_core.package_identification:_identify(src/m-explore-ros2/explore) by extensions ['colcon_meta']
[0.264s] Level 1:colcon.colcon_core.package_identification:_identify(src/m-explore-ros2/explore) by extension 'colcon_meta'
[0.264s] Level 1:colcon.colcon_core.package_identification:_identify(src/m-explore-ros2/explore) by extensions ['ros']
[0.264s] Level 1:colcon.colcon_core.package_identification:_identify(src/m-explore-ros2/explore) by extension 'ros'
[0.265s] DEBUG:colcon.colcon_core.package_identification:Package 'src/m-explore-ros2/explore' with type 'ros.ament_cmake' and name 'explore_lite'
[0.265s] Level 1:colcon.colcon_core.package_identification:_identify(src/navigation_demos) by extensions ['ignore', 'ignore_ament_install']
[0.265s] Level 1:colcon.colcon_core.package_identification:_identify(src/navigation_demos) by extension 'ignore'
[0.265s] Level 1:colcon.colcon_core.package_identification:_identify(src/navigation_demos) by extension 'ignore_ament_install'
[0.265s] Level 1:colcon.colcon_core.package_identification:_identify(src/navigation_demos) by extensions ['colcon_pkg']
[0.265s] Level 1:colcon.colcon_core.package_identification:_identify(src/navigation_demos) by extension 'colcon_pkg'
[0.265s] Level 1:colcon.colcon_core.package_identification:_identify(src/navigation_demos) by extensions ['colcon_meta']
[0.265s] Level 1:colcon.colcon_core.package_identification:_identify(src/navigation_demos) by extension 'colcon_meta'
[0.265s] Level 1:colcon.colcon_core.package_identification:_identify(src/navigation_demos) by extensions ['ros']
[0.265s] Level 1:colcon.colcon_core.package_identification:_identify(src/navigation_demos) by extension 'ros'
[0.265s] DEBUG:colcon.colcon_core.package_identification:Package 'src/navigation_demos' with type 'ros.ament_python' and name 'navigation_demos'
[0.266s] Level 1:colcon.colcon_core.package_identification:_identify(src/pointcloud_to_laserscan-humble) by extensions ['ignore', 'ignore_ament_install']
[0.266s] Level 1:colcon.colcon_core.package_identification:_identify(src/pointcloud_to_laserscan-humble) by extension 'ignore'
[0.266s] Level 1:colcon.colcon_core.package_identification:_identify(src/pointcloud_to_laserscan-humble) by extension 'ignore_ament_install'
[0.266s] Level 1:colcon.colcon_core.package_identification:_identify(src/pointcloud_to_laserscan-humble) by extensions ['colcon_pkg']
[0.266s] Level 1:colcon.colcon_core.package_identification:_identify(src/pointcloud_to_laserscan-humble) by extension 'colcon_pkg'
[0.266s] Level 1:colcon.colcon_core.package_identification:_identify(src/pointcloud_to_laserscan-humble) by extensions ['colcon_meta']
[0.266s] Level 1:colcon.colcon_core.package_identification:_identify(src/pointcloud_to_laserscan-humble) by extension 'colcon_meta'
[0.266s] Level 1:colcon.colcon_core.package_identification:_identify(src/pointcloud_to_laserscan-humble) by extensions ['ros']
[0.266s] Level 1:colcon.colcon_core.package_identification:_identify(src/pointcloud_to_laserscan-humble) by extension 'ros'
[0.266s] DEBUG:colcon.colcon_core.package_identification:Package 'src/pointcloud_to_laserscan-humble' with type 'ros.ament_cmake' and name 'pointcloud_to_laserscan'
[0.267s] Level 1:colcon.colcon_core.package_identification:_identify(src/scan_merger_2) by extensions ['ignore', 'ignore_ament_install']
[0.267s] Level 1:colcon.colcon_core.package_identification:_identify(src/scan_merger_2) by extension 'ignore'
[0.267s] Level 1:colcon.colcon_core.package_identification:_identify(src/scan_merger_2) by extension 'ignore_ament_install'
[0.267s] Level 1:colcon.colcon_core.package_identification:_identify(src/scan_merger_2) by extensions ['colcon_pkg']
[0.267s] Level 1:colcon.colcon_core.package_identification:_identify(src/scan_merger_2) by extension 'colcon_pkg'
[0.267s] Level 1:colcon.colcon_core.package_identification:_identify(src/scan_merger_2) by extensions ['colcon_meta']
[0.267s] Level 1:colcon.colcon_core.package_identification:_identify(src/scan_merger_2) by extension 'colcon_meta'
[0.267s] Level 1:colcon.colcon_core.package_identification:_identify(src/scan_merger_2) by extensions ['ros']
[0.267s] Level 1:colcon.colcon_core.package_identification:_identify(src/scan_merger_2) by extension 'ros'
[0.267s] DEBUG:colcon.colcon_core.package_identification:Package 'src/scan_merger_2' with type 'ros.ament_cmake' and name 'laser_scan_merger'
[0.267s] Level 1:colcon.colcon_core.package_discovery:discover_packages(recursive) using defaults
[0.267s] Level 1:colcon.colcon_core.package_discovery:discover_packages(ignore) discover
[0.267s] Level 1:colcon.colcon_core.package_discovery:discover_packages(ignore) using defaults
[0.267s] Level 1:colcon.colcon_core.package_discovery:discover_packages(path) discover
[0.267s] Level 1:colcon.colcon_core.package_discovery:discover_packages(path) using defaults
[0.284s] Level 1:colcon.colcon_core.package_discovery:discover_packages(prefix_path) check parameters
[0.284s] Level 1:colcon.colcon_core.package_discovery:discover_packages(prefix_path) discover
[0.285s] WARNING:colcon.colcon_ros.prefix_path.ament:The path '/home/bestteamever/leo_sim_ws/install/ros2_laser_scan_merger' in the environment variable AMENT_PREFIX_PATH doesn't exist
[0.285s] WARNING:colcon.colcon_ros.prefix_path.ament:The path '/home/bestteamever/leo_sim_ws/install/pointcloud_to_laserscan' in the environment variable AMENT_PREFIX_PATH doesn't exist
[0.285s] WARNING:colcon.colcon_ros.prefix_path.ament:The path '/home/bestteamever/leo_sim_ws/install/navigation_demos' in the environment variable AMENT_PREFIX_PATH doesn't exist
[0.285s] WARNING:colcon.colcon_ros.prefix_path.ament:The path '/home/bestteamever/leo_sim_ws/install/leo_gz_plugins' in the environment variable AMENT_PREFIX_PATH doesn't exist
[0.285s] WARNING:colcon.colcon_ros.prefix_path.ament:The path '/home/bestteamever/leo_sim_ws/install/leo_description' in the environment variable AMENT_PREFIX_PATH doesn't exist
[0.285s] WARNING:colcon.colcon_ros.prefix_path.ament:The path '/home/bestteamever/leo_sim_ws/install/laser_scan_merger' in the environment variable AMENT_PREFIX_PATH doesn't exist
[0.285s] WARNING:colcon.colcon_ros.prefix_path.ament:The path '/home/bestteamever/leo_sim_ws/install/explore_lite' in the environment variable AMENT_PREFIX_PATH doesn't exist
[0.285s] WARNING:colcon.colcon_ros.prefix_path.catkin:The path '/home/bestteamever/leo_sim_ws/install/ros2_laser_scan_merger' in the environment variable CMAKE_PREFIX_PATH doesn't exist
[0.285s] WARNING:colcon.colcon_ros.prefix_path.catkin:The path '/home/bestteamever/leo_sim_ws/install/pointcloud_to_laserscan' in the environment variable CMAKE_PREFIX_PATH doesn't exist
[0.285s] WARNING:colcon.colcon_ros.prefix_path.catkin:The path '/home/bestteamever/leo_sim_ws/install/leo_gz_plugins' in the environment variable CMAKE_PREFIX_PATH doesn't exist
[0.285s] WARNING:colcon.colcon_ros.prefix_path.catkin:The path '/home/bestteamever/leo_sim_ws/install/laser_scan_merger' in the environment variable CMAKE_PREFIX_PATH doesn't exist
[0.285s] WARNING:colcon.colcon_ros.prefix_path.catkin:The path '/home/bestteamever/leo_sim_ws/install/explore_lite' in the environment variable CMAKE_PREFIX_PATH doesn't exist
[0.285s] DEBUG:colcon.colcon_installed_package_information.package_discovery:Found 0 installed packages in /home/bestteamever/leo_sim_ws/install
[0.286s] DEBUG:colcon.colcon_installed_package_information.package_discovery:Found 438 installed packages in /opt/ros/humble
[0.287s] Level 1:colcon.colcon_core.package_discovery:discover_packages(prefix_path) using defaults
[0.312s] Level 5:colcon.colcon_core.verb:set package 'explore_lite' build argument 'cmake_args' from command line to 'None'
[0.312s] Level 5:colcon.colcon_core.verb:set package 'explore_lite' build argument 'cmake_target' from command line to 'None'
[0.312s] Level 5:colcon.colcon_core.verb:set package 'explore_lite' build argument 'cmake_target_skip_unavailable' from command line to 'False'
[0.312s] Level 5:colcon.colcon_core.verb:set package 'explore_lite' build argument 'cmake_clean_cache' from command line to 'False'
[0.312s] Level 5:colcon.colcon_core.verb:set package 'explore_lite' build argument 'cmake_clean_first' from command line to 'False'
[0.312s] Level 5:colcon.colcon_core.verb:set package 'explore_lite' build argument 'cmake_force_configure' from command line to 'False'
[0.312s] Level 5:colcon.colcon_core.verb:set package 'explore_lite' build argument 'ament_cmake_args' from command line to 'None'
[0.312s] Level 5:colcon.colcon_core.verb:set package 'explore_lite' build argument 'catkin_cmake_args' from command line to 'None'
[0.312s] Level 5:colcon.colcon_core.verb:set package 'explore_lite' build argument 'catkin_skip_building_tests' from command line to 'False'
[0.312s] DEBUG:colcon.colcon_core.verb:Building package 'explore_lite' with the following arguments: {'ament_cmake_args': None, 'build_base': '/home/bestteamever/leo_sim_ws/build/explore_lite', 'catkin_cmake_args': None, 'catkin_skip_building_tests': False, 'cmake_args': None, 'cmake_clean_cache': False, 'cmake_clean_first': False, 'cmake_force_configure': False, 'cmake_target': None, 'cmake_target_skip_unavailable': False, 'install_base': '/home/bestteamever/leo_sim_ws/install/explore_lite', 'merge_install': False, 'path': '/home/bestteamever/leo_sim_ws/src/m-explore-ros2/explore', 'symlink_install': False, 'test_result_base': None}
[0.312s] Level 5:colcon.colcon_core.verb:set package 'laser_scan_merger' build argument 'cmake_args' from command line to 'None'
[0.312s] Level 5:colcon.colcon_core.verb:set package 'laser_scan_merger' build argument 'cmake_target' from command line to 'None'
[0.312s] Level 5:colcon.colcon_core.verb:set package 'laser_scan_merger' build argument 'cmake_target_skip_unavailable' from command line to 'False'
[0.312s] Level 5:colcon.colcon_core.verb:set package 'laser_scan_merger' build argument 'cmake_clean_cache' from command line to 'False'
[0.312s] Level 5:colcon.colcon_core.verb:set package 'laser_scan_merger' build argument 'cmake_clean_first' from command line to 'False'
[0.312s] Level 5:colcon.colcon_core.verb:set package 'laser_scan_merger' build argument 'cmake_force_configure' from command line to 'False'
[0.312s] Level 5:colcon.colcon_core.verb:set package 'laser_scan_merger' build argument 'ament_cmake_args' from command line to 'None'
[0.312s] Level 5:colcon.colcon_core.verb:set package 'laser_scan_merger' build argument 'catkin_cmake_args' from command line to 'None'
[0.312s] Level 5:colcon.colcon_core.verb:set package 'laser_scan_merger' build argument 'catkin_skip_building_tests' from command line to 'False'
[0.312s] DEBUG:colcon.colcon_core.verb:Building package 'laser_scan_merger' with the following arguments: {'ament_cmake_args': None, 'build_base': '/home/bestteamever/leo_sim_ws/build/laser_scan_merger', 'catkin_cmake_args': None, 'catkin_skip_building_tests': False, 'cmake_args': None, 'cmake_clean_cache': False, 'cmake_clean_first': False, 'cmake_force_configure': False, 'cmake_target': None, 'cmake_target_skip_unavailable': False, 'install_base': '/home/bestteamever/leo_sim_ws/install/laser_scan_merger', 'merge_install': False, 'path': '/home/bestteamever/leo_sim_ws/src/scan_merger_2', 'symlink_install': False, 'test_result_base': None}
[0.313s] Level 5:colcon.colcon_core.verb:set package 'leo_description' build argument 'cmake_args' from command line to 'None'
[0.313s] Level 5:colcon.colcon_core.verb:set package 'leo_description' build argument 'cmake_target' from command line to 'None'
[0.313s] Level 5:colcon.colcon_core.verb:set package 'leo_description' build argument 'cmake_target_skip_unavailable' from command line to 'False'
[0.313s] Level 5:colcon.colcon_core.verb:set package 'leo_description' build argument 'cmake_clean_cache' from command line to 'False'
[0.313s] Level 5:colcon.colcon_core.verb:set package 'leo_description' build argument 'cmake_clean_first' from command line to 'False'
[0.313s] Level 5:colcon.colcon_core.verb:set package 'leo_description' build argument 'cmake_force_configure' from command line to 'False'
[0.313s] Level 5:colcon.colcon_core.verb:set package 'leo_description' build argument 'ament_cmake_args' from command line to 'None'
[0.313s] Level 5:colcon.colcon_core.verb:set package 'leo_description' build argument 'catkin_cmake_args' from command line to 'None'
[0.313s] Level 5:colcon.colcon_core.verb:set package 'leo_description' build argument 'catkin_skip_building_tests' from command line to 'False'
[0.313s] DEBUG:colcon.colcon_core.verb:Building package 'leo_description' with the following arguments: {'ament_cmake_args': None, 'build_base': '/home/bestteamever/leo_sim_ws/build/leo_description', 'catkin_cmake_args': None, 'catkin_skip_building_tests': False, 'cmake_args': None, 'cmake_clean_cache': False, 'cmake_clean_first': False, 'cmake_force_configure': False, 'cmake_target': None, 'cmake_target_skip_unavailable': False, 'install_base': '/home/bestteamever/leo_sim_ws/install/leo_description', 'merge_install': False, 'path': '/home/bestteamever/leo_sim_ws/src/leo_description', 'symlink_install': False, 'test_result_base': None}
[0.313s] Level 5:colcon.colcon_core.verb:set package 'leo_gz_plugins' build argument 'cmake_args' from command line to 'None'
[0.313s] Level 5:colcon.colcon_core.verb:set package 'leo_gz_plugins' build argument 'cmake_target' from command line to 'None'
[0.313s] Level 5:colcon.colcon_core.verb:set package 'leo_gz_plugins' build argument 'cmake_target_skip_unavailable' from command line to 'False'
[0.313s] Level 5:colcon.colcon_core.verb:set package 'leo_gz_plugins' build argument 'cmake_clean_cache' from command line to 'False'
[0.313s] Level 5:colcon.colcon_core.verb:set package 'leo_gz_plugins' build argument 'cmake_clean_first' from command line to 'False'
[0.313s] Level 5:colcon.colcon_core.verb:set package 'leo_gz_plugins' build argument 'cmake_force_configure' from command line to 'False'
[0.313s] Level 5:colcon.colcon_core.verb:set package 'leo_gz_plugins' build argument 'ament_cmake_args' from command line to 'None'
[0.313s] Level 5:colcon.colcon_core.verb:set package 'leo_gz_plugins' build argument 'catkin_cmake_args' from command line to 'None'
[0.313s] Level 5:colcon.colcon_core.verb:set package 'leo_gz_plugins' build argument 'catkin_skip_building_tests' from command line to 'False'
[0.313s] DEBUG:colcon.colcon_core.verb:Building package 'leo_gz_plugins' with the following arguments: {'ament_cmake_args': None, 'build_base': '/home/bestteamever/leo_sim_ws/build/leo_gz_plugins', 'catkin_cmake_args': None, 'catkin_skip_building_tests': False, 'cmake_args': None, 'cmake_clean_cache': False, 'cmake_clean_first': False, 'cmake_force_configure': False, 'cmake_target': None, 'cmake_target_skip_unavailable': False, 'install_base': '/home/bestteamever/leo_sim_ws/install/leo_gz_plugins', 'merge_install': False, 'path': '/home/bestteamever/leo_sim_ws/src/leo_gz_plugins', 'symlink_install': False, 'test_result_base': None}
[0.313s] Level 5:colcon.colcon_core.verb:set package 'navigation_demos' build argument 'cmake_args' from command line to 'None'
[0.313s] Level 5:colcon.colcon_core.verb:set package 'navigation_demos' build argument 'cmake_target' from command line to 'None'
[0.313s] Level 5:colcon.colcon_core.verb:set package 'navigation_demos' build argument 'cmake_target_skip_unavailable' from command line to 'False'
[0.313s] Level 5:colcon.colcon_core.verb:set package 'navigation_demos' build argument 'cmake_clean_cache' from command line to 'False'
[0.313s] Level 5:colcon.colcon_core.verb:set package 'navigation_demos' build argument 'cmake_clean_first' from command line to 'False'
[0.313s] Level 5:colcon.colcon_core.verb:set package 'navigation_demos' build argument 'cmake_force_configure' from command line to 'False'
[0.313s] Level 5:colcon.colcon_core.verb:set package 'navigation_demos' build argument 'ament_cmake_args' from command line to 'None'
[0.313s] Level 5:colcon.colcon_core.verb:set package 'navigation_demos' build argument 'catkin_cmake_args' from command line to 'None'
[0.313s] Level 5:colcon.colcon_core.verb:set package 'navigation_demos' build argument 'catkin_skip_building_tests' from command line to 'False'
[0.313s] DEBUG:colcon.colcon_core.verb:Building package 'navigation_demos' with the following arguments: {'ament_cmake_args': None, 'build_base': '/home/bestteamever/leo_sim_ws/build/navigation_demos', 'catkin_cmake_args': None, 'catkin_skip_building_tests': False, 'cmake_args': None, 'cmake_clean_cache': False, 'cmake_clean_first': False, 'cmake_force_configure': False, 'cmake_target': None, 'cmake_target_skip_unavailable': False, 'install_base': '/home/bestteamever/leo_sim_ws/install/navigation_demos', 'merge_install': False, 'path': '/home/bestteamever/leo_sim_ws/src/navigation_demos', 'symlink_install': False, 'test_result_base': None}
[0.313s] Level 5:colcon.colcon_core.verb:set package 'pointcloud_to_laserscan' build argument 'cmake_args' from command line to 'None'
[0.313s] Level 5:colcon.colcon_core.verb:set package 'pointcloud_to_laserscan' build argument 'cmake_target' from command line to 'None'
[0.313s] Level 5:colcon.colcon_core.verb:set package 'pointcloud_to_laserscan' build argument 'cmake_target_skip_unavailable' from command line to 'False'
[0.313s] Level 5:colcon.colcon_core.verb:set package 'pointcloud_to_laserscan' build argument 'cmake_clean_cache' from command line to 'False'
[0.313s] Level 5:colcon.colcon_core.verb:set package 'pointcloud_to_laserscan' build argument 'cmake_clean_first' from command line to 'False'
[0.313s] Level 5:colcon.colcon_core.verb:set package 'pointcloud_to_laserscan' build argument 'cmake_force_configure' from command line to 'False'
[0.313s] Level 5:colcon.colcon_core.verb:set package 'pointcloud_to_laserscan' build argument 'ament_cmake_args' from command line to 'None'
[0.313s] Level 5:colcon.colcon_core.verb:set package 'pointcloud_to_laserscan' build argument 'catkin_cmake_args' from command line to 'None'
[0.313s] Level 5:colcon.colcon_core.verb:set package 'pointcloud_to_laserscan' build argument 'catkin_skip_building_tests' from command line to 'False'
[0.313s] DEBUG:colcon.colcon_core.verb:Building package 'pointcloud_to_laserscan' with the following arguments: {'ament_cmake_args': None, 'build_base': '/home/bestteamever/leo_sim_ws/build/pointcloud_to_laserscan', 'catkin_cmake_args': None, 'catkin_skip_building_tests': False, 'cmake_args': None, 'cmake_clean_cache': False, 'cmake_clean_first': False, 'cmake_force_configure': False, 'cmake_target': None, 'cmake_target_skip_unavailable': False, 'install_base': '/home/bestteamever/leo_sim_ws/install/pointcloud_to_laserscan', 'merge_install': False, 'path': '/home/bestteamever/leo_sim_ws/src/pointcloud_to_laserscan-humble', 'symlink_install': False, 'test_result_base': None}
[0.314s] INFO:colcon.colcon_core.executor:Executing jobs using 'parallel' executor
[0.314s] DEBUG:colcon.colcon_parallel_executor.executor.parallel:run_until_complete
[0.315s] INFO:colcon.colcon_ros.task.ament_cmake.build:Building ROS package in '/home/bestteamever/leo_sim_ws/src/m-explore-ros2/explore' with build type 'ament_cmake'
[0.315s] INFO:colcon.colcon_cmake.task.cmake.build:Building CMake package in '/home/bestteamever/leo_sim_ws/src/m-explore-ros2/explore'
[0.317s] INFO:colcon.colcon_core.plugin_system:Skipping extension 'colcon_core.shell.bat': Not used on non-Windows systems
[0.317s] INFO:colcon.colcon_core.shell:Skip shell extension 'powershell' for command environment: Not usable outside of PowerShell
[0.317s] DEBUG:colcon.colcon_core.shell:Skip shell extension 'dsv' for command environment
[0.319s] INFO:colcon.colcon_ros.task.ament_cmake.build:Building ROS package in '/home/bestteamever/leo_sim_ws/src/scan_merger_2' with build type 'ament_cmake'
[0.319s] INFO:colcon.colcon_cmake.task.cmake.build:Building CMake package in '/home/bestteamever/leo_sim_ws/src/scan_merger_2'
[0.319s] INFO:colcon.colcon_core.shell:Skip shell extension 'powershell' for command environment: Not usable outside of PowerShell
[0.319s] DEBUG:colcon.colcon_core.shell:Skip shell extension 'dsv' for command environment
[0.321s] INFO:colcon.colcon_ros.task.ament_python.build:Building ROS package in '/home/bestteamever/leo_sim_ws/src/leo_description' with build type 'ament_python'
[0.321s] Level 1:colcon.colcon_core.shell:create_environment_hook('leo_description', 'ament_prefix_path')
[0.322s] INFO:colcon.colcon_core.shell:Creating environment hook '/home/bestteamever/leo_sim_ws/install/leo_description/share/leo_description/hook/ament_prefix_path.ps1'
[0.322s] INFO:colcon.colcon_core.shell:Creating environment descriptor '/home/bestteamever/leo_sim_ws/install/leo_description/share/leo_description/hook/ament_prefix_path.dsv'
[0.323s] INFO:colcon.colcon_core.shell:Creating environment hook '/home/bestteamever/leo_sim_ws/install/leo_description/share/leo_description/hook/ament_prefix_path.sh'
[0.323s] INFO:colcon.colcon_core.shell:Skip shell extension 'powershell' for command environment: Not usable outside of PowerShell
[0.323s] DEBUG:colcon.colcon_core.shell:Skip shell extension 'dsv' for command environment
[0.325s] INFO:colcon.colcon_ros.task.ament_cmake.build:Building ROS package in '/home/bestteamever/leo_sim_ws/src/leo_gz_plugins' with build type 'ament_cmake'
[0.325s] INFO:colcon.colcon_cmake.task.cmake.build:Building CMake package in '/home/bestteamever/leo_sim_ws/src/leo_gz_plugins'
[0.325s] INFO:colcon.colcon_core.shell:Skip shell extension 'powershell' for command environment: Not usable outside of PowerShell
[0.325s] DEBUG:colcon.colcon_core.shell:Skip shell extension 'dsv' for command environment
[0.327s] INFO:colcon.colcon_ros.task.ament_python.build:Building ROS package in '/home/bestteamever/leo_sim_ws/src/navigation_demos' with build type 'ament_python'
[0.327s] Level 1:colcon.colcon_core.shell:create_environment_hook('navigation_demos', 'ament_prefix_path')
[0.328s] INFO:colcon.colcon_core.shell:Creating environment hook '/home/bestteamever/leo_sim_ws/install/navigation_demos/share/navigation_demos/hook/ament_prefix_path.ps1'
[0.328s] INFO:colcon.colcon_core.shell:Creating environment descriptor '/home/bestteamever/leo_sim_ws/install/navigation_demos/share/navigation_demos/hook/ament_prefix_path.dsv'
[0.328s] INFO:colcon.colcon_core.shell:Creating environment hook '/home/bestteamever/leo_sim_ws/install/navigation_demos/share/navigation_demos/hook/ament_prefix_path.sh'
[0.328s] INFO:colcon.colcon_core.shell:Skip shell extension 'powershell' for command environment: Not usable outside of PowerShell
[0.328s] DEBUG:colcon.colcon_core.shell:Skip shell extension 'dsv' for command environment
[0.330s] INFO:colcon.colcon_ros.task.ament_cmake.build:Building ROS package in '/home/bestteamever/leo_sim_ws/src/pointcloud_to_laserscan-humble' with build type 'ament_cmake'
[0.330s] INFO:colcon.colcon_cmake.task.cmake.build:Building CMake package in '/home/bestteamever/leo_sim_ws/src/pointcloud_to_laserscan-humble'
[0.330s] INFO:colcon.colcon_core.shell:Skip shell extension 'powershell' for command environment: Not usable outside of PowerShell
[0.330s] DEBUG:colcon.colcon_core.shell:Skip shell extension 'dsv' for command environment
[0.334s] DEBUG:colcon.colcon_core.event_handler.log_command:Invoking command in '/home/bestteamever/leo_sim_ws/build/explore_lite': CMAKE_PREFIX_PATH=${CMAKE_PREFIX_PATH}:/home/bestteamever/leo_sim_ws/install/navigation_demos:/home/bestteamever/leo_sim_ws/install/leo_description:/opt/ros/humble /usr/bin/cmake /home/bestteamever/leo_sim_ws/src/m-explore-ros2/explore -DCMAKE_INSTALL_PREFIX=/home/bestteamever/leo_sim_ws/install/explore_lite
[0.337s] DEBUG:colcon.colcon_core.event_handler.log_command:Invoking command in '/home/bestteamever/leo_sim_ws/build/laser_scan_merger': CMAKE_PREFIX_PATH=${CMAKE_PREFIX_PATH}:/home/bestteamever/leo_sim_ws/install/navigation_demos:/home/bestteamever/leo_sim_ws/install/leo_description:/opt/ros/humble /usr/bin/cmake /home/bestteamever/leo_sim_ws/src/scan_merger_2 -DCMAKE_INSTALL_PREFIX=/home/bestteamever/leo_sim_ws/install/laser_scan_merger
[0.485s] INFO:colcon.colcon_core.task.python.build:Building Python package in '/home/bestteamever/leo_sim_ws/src/leo_description'
[0.485s] INFO:colcon.colcon_core.shell:Skip shell extension 'powershell' for command environment: Not usable outside of PowerShell
[0.485s] DEBUG:colcon.colcon_core.shell:Skip shell extension 'dsv' for command environment
[0.489s] DEBUG:colcon.colcon_core.event_handler.log_command:Invoking command in '/home/bestteamever/leo_sim_ws/build/leo_gz_plugins': CMAKE_PREFIX_PATH=${CMAKE_PREFIX_PATH}:/home/bestteamever/leo_sim_ws/install/navigation_demos:/home/bestteamever/leo_sim_ws/install/leo_description:/opt/ros/humble /usr/bin/cmake /home/bestteamever/leo_sim_ws/src/leo_gz_plugins -DCMAKE_INSTALL_PREFIX=/home/bestteamever/leo_sim_ws/install/leo_gz_plugins
[0.655s] INFO:colcon.colcon_core.task.python.build:Building Python package in '/home/bestteamever/leo_sim_ws/src/navigation_demos'
[0.655s] INFO:colcon.colcon_core.shell:Skip shell extension 'powershell' for command environment: Not usable outside of PowerShell
[0.655s] DEBUG:colcon.colcon_core.shell:Skip shell extension 'dsv' for command environment
[0.666s] DEBUG:colcon.colcon_core.event_handler.log_command:Invoking command in '/home/bestteamever/leo_sim_ws/build/pointcloud_to_laserscan': CMAKE_PREFIX_PATH=${CMAKE_PREFIX_PATH}:/home/bestteamever/leo_sim_ws/install/navigation_demos:/home/bestteamever/leo_sim_ws/install/leo_description:/opt/ros/humble /usr/bin/cmake /home/bestteamever/leo_sim_ws/src/pointcloud_to_laserscan-humble -DCMAKE_INSTALL_PREFIX=/home/bestteamever/leo_sim_ws/install/pointcloud_to_laserscan
[1.009s] DEBUG:colcon.colcon_core.event_handler.log_command:Invoking command in '/home/bestteamever/leo_sim_ws/src/navigation_demos': PYTHONPATH=/home/bestteamever/leo_sim_ws/build/navigation_demos/prefix_override:/usr/lib/python3/dist-packages/colcon_core/task/python/colcon_distutils_commands:/home/bestteamever/leo_sim_ws/install/navigation_demos/lib/python3.10/site-packages:${PYTHONPATH} /usr/bin/python3 -W ignore:setup.py install is deprecated -W ignore:easy_install command is deprecated setup.py egg_info --egg-base ../../build/navigation_demos build --build-base /home/bestteamever/leo_sim_ws/build/navigation_demos/build install --record /home/bestteamever/leo_sim_ws/build/navigation_demos/install.log --single-version-externally-managed install_data
[1.014s] DEBUG:colcon.colcon_core.event_handler.log_command:Invoking command in '/home/bestteamever/leo_sim_ws/src/leo_description': PYTHONPATH=/home/bestteamever/leo_sim_ws/build/leo_description/prefix_override:/usr/lib/python3/dist-packages/colcon_core/task/python/colcon_distutils_commands:/home/bestteamever/leo_sim_ws/install/leo_description/lib/python3.10/site-packages:${PYTHONPATH} /usr/bin/python3 -W ignore:setup.py install is deprecated -W ignore:easy_install command is deprecated setup.py egg_info --egg-base ../../build/leo_description build --build-base /home/bestteamever/leo_sim_ws/build/leo_description/build install --record /home/bestteamever/leo_sim_ws/build/leo_description/install.log --single-version-externally-managed install_data
[1.196s] DEBUG:colcon.colcon_core.event_handler.log_command:Invoked command in '/home/bestteamever/leo_sim_ws/src/navigation_demos' returned '0': PYTHONPATH=/home/bestteamever/leo_sim_ws/build/navigation_demos/prefix_override:/usr/lib/python3/dist-packages/colcon_core/task/python/colcon_distutils_commands:/home/bestteamever/leo_sim_ws/install/navigation_demos/lib/python3.10/site-packages:${PYTHONPATH} /usr/bin/python3 -W ignore:setup.py install is deprecated -W ignore:easy_install command is deprecated setup.py egg_info --egg-base ../../build/navigation_demos build --build-base /home/bestteamever/leo_sim_ws/build/navigation_demos/build install --record /home/bestteamever/leo_sim_ws/build/navigation_demos/install.log --single-version-externally-managed install_data
[1.200s] Level 1:colcon.colcon_core.environment:checking '/home/bestteamever/leo_sim_ws/install/navigation_demos' for CMake module files
[1.201s] Level 1:colcon.colcon_core.environment:checking '/home/bestteamever/leo_sim_ws/install/navigation_demos' for CMake config files
[1.202s] Level 1:colcon.colcon_core.environment:checking '/home/bestteamever/leo_sim_ws/install/navigation_demos/lib'
[1.202s] Level 1:colcon.colcon_core.environment:checking '/home/bestteamever/leo_sim_ws/install/navigation_demos/bin'
[1.202s] Level 1:colcon.colcon_core.environment:checking '/home/bestteamever/leo_sim_ws/install/navigation_demos/lib/pkgconfig/navigation_demos.pc'
[1.202s] Level 1:colcon.colcon_core.environment:checking '/home/bestteamever/leo_sim_ws/install/navigation_demos/lib/python3.10/site-packages'
[1.202s] Level 1:colcon.colcon_core.shell:create_environment_hook('navigation_demos', 'pythonpath')
[1.202s] INFO:colcon.colcon_core.shell:Creating environment hook '/home/bestteamever/leo_sim_ws/install/navigation_demos/share/navigation_demos/hook/pythonpath.ps1'
[1.203s] INFO:colcon.colcon_core.shell:Creating environment descriptor '/home/bestteamever/leo_sim_ws/install/navigation_demos/share/navigation_demos/hook/pythonpath.dsv'
[1.203s] INFO:colcon.colcon_core.shell:Creating environment hook '/home/bestteamever/leo_sim_ws/install/navigation_demos/share/navigation_demos/hook/pythonpath.sh'
[1.204s] Level 1:colcon.colcon_core.environment:checking '/home/bestteamever/leo_sim_ws/install/navigation_demos/bin'
[1.204s] Level 1:colcon.colcon_core.environment:create_environment_scripts_only(navigation_demos)
[1.204s] INFO:colcon.colcon_core.shell:Creating package script '/home/bestteamever/leo_sim_ws/install/navigation_demos/share/navigation_demos/package.ps1'
[1.205s] INFO:colcon.colcon_core.shell:Creating package descriptor '/home/bestteamever/leo_sim_ws/install/navigation_demos/share/navigation_demos/package.dsv'
[1.206s] INFO:colcon.colcon_core.shell:Creating package script '/home/bestteamever/leo_sim_ws/install/navigation_demos/share/navigation_demos/package.sh'
[1.207s] INFO:colcon.colcon_core.shell:Creating package script '/home/bestteamever/leo_sim_ws/install/navigation_demos/share/navigation_demos/package.bash'
[1.207s] INFO:colcon.colcon_core.shell:Creating package script '/home/bestteamever/leo_sim_ws/install/navigation_demos/share/navigation_demos/package.zsh'
[1.209s] Level 1:colcon.colcon_core.environment:create_file_with_runtime_dependencies(/home/bestteamever/leo_sim_ws/install/navigation_demos/share/colcon-core/packages/navigation_demos)
[1.341s] Level 1:colcon.colcon_core.environment:checking '/home/bestteamever/leo_sim_ws/install/leo_description' for CMake module files
[1.341s] DEBUG:colcon.colcon_core.event_handler.log_command:Invoked command in '/home/bestteamever/leo_sim_ws/src/leo_description' returned '0': PYTHONPATH=/home/bestteamever/leo_sim_ws/build/leo_description/prefix_override:/usr/lib/python3/dist-packages/colcon_core/task/python/colcon_distutils_commands:/home/bestteamever/leo_sim_ws/install/leo_description/lib/python3.10/site-packages:${PYTHONPATH} /usr/bin/python3 -W ignore:setup.py install is deprecated -W ignore:easy_install command is deprecated setup.py egg_info --egg-base ../../build/leo_description build --build-base /home/bestteamever/leo_sim_ws/build/leo_description/build install --record /home/bestteamever/leo_sim_ws/build/leo_description/install.log --single-version-externally-managed install_data
[1.342s] Level 1:colcon.colcon_core.environment:checking '/home/bestteamever/leo_sim_ws/install/leo_description' for CMake config files
[1.342s] Level 1:colcon.colcon_core.environment:checking '/home/bestteamever/leo_sim_ws/install/leo_description/lib'
[1.343s] Level 1:colcon.colcon_core.environment:checking '/home/bestteamever/leo_sim_ws/install/leo_description/bin'
[1.343s] Level 1:colcon.colcon_core.environment:checking '/home/bestteamever/leo_sim_ws/install/leo_description/lib/pkgconfig/leo_description.pc'
[1.343s] Level 1:colcon.colcon_core.environment:checking '/home/bestteamever/leo_sim_ws/install/leo_description/lib/python3.10/site-packages'
[1.343s] Level 1:colcon.colcon_core.shell:create_environment_hook('leo_description', 'pythonpath')
[1.343s] INFO:colcon.colcon_core.shell:Creating environment hook '/home/bestteamever/leo_sim_ws/install/leo_description/share/leo_description/hook/pythonpath.ps1'
[1.344s] INFO:colcon.colcon_core.shell:Creating environment descriptor '/home/bestteamever/leo_sim_ws/install/leo_description/share/leo_description/hook/pythonpath.dsv'
[1.344s] INFO:colcon.colcon_core.shell:Creating environment hook '/home/bestteamever/leo_sim_ws/install/leo_description/share/leo_description/hook/pythonpath.sh'
[1.344s] Level 1:colcon.colcon_core.environment:checking '/home/bestteamever/leo_sim_ws/install/leo_description/bin'
[1.344s] Level 1:colcon.colcon_core.environment:create_environment_scripts_only(leo_description)
[1.345s] INFO:colcon.colcon_core.shell:Creating package script '/home/bestteamever/leo_sim_ws/install/leo_description/share/leo_description/package.ps1'
[1.345s] INFO:colcon.colcon_core.shell:Creating package descriptor '/home/bestteamever/leo_sim_ws/install/leo_description/share/leo_description/package.dsv'
[1.345s] INFO:colcon.colcon_core.shell:Creating package script '/home/bestteamever/leo_sim_ws/install/leo_description/share/leo_description/package.sh'
[1.345s] INFO:colcon.colcon_core.shell:Creating package script '/home/bestteamever/leo_sim_ws/install/leo_description/share/leo_description/package.bash'
[1.345s] INFO:colcon.colcon_core.shell:Creating package script '/home/bestteamever/leo_sim_ws/install/leo_description/share/leo_description/package.zsh'
[1.345s] Level 1:colcon.colcon_core.environment:create_file_with_runtime_dependencies(/home/bestteamever/leo_sim_ws/install/leo_description/share/colcon-core/packages/leo_description)
[1.487s] DEBUG:colcon.colcon_core.event_handler.log_command:Invoked command in '/home/bestteamever/leo_sim_ws/build/laser_scan_merger' returned '0': CMAKE_PREFIX_PATH=${CMAKE_PREFIX_PATH}:/home/bestteamever/leo_sim_ws/install/navigation_demos:/home/bestteamever/leo_sim_ws/install/leo_description:/opt/ros/humble /usr/bin/cmake /home/bestteamever/leo_sim_ws/src/scan_merger_2 -DCMAKE_INSTALL_PREFIX=/home/bestteamever/leo_sim_ws/install/laser_scan_merger
[1.487s] DEBUG:colcon.colcon_core.event_handler.log_command:Invoking command in '/home/bestteamever/leo_sim_ws/build/laser_scan_merger': CMAKE_PREFIX_PATH=${CMAKE_PREFIX_PATH}:/home/bestteamever/leo_sim_ws/install/navigation_demos:/home/bestteamever/leo_sim_ws/install/leo_description:/opt/ros/humble /usr/bin/cmake --build /home/bestteamever/leo_sim_ws/build/laser_scan_merger -- -j16 -l16
[1.645s] DEBUG:colcon.colcon_core.event_handler.log_command:Invoked command in '/home/bestteamever/leo_sim_ws/build/pointcloud_to_laserscan' returned '0': CMAKE_PREFIX_PATH=${CMAKE_PREFIX_PATH}:/home/bestteamever/leo_sim_ws/install/navigation_demos:/home/bestteamever/leo_sim_ws/install/leo_description:/opt/ros/humble /usr/bin/cmake /home/bestteamever/leo_sim_ws/src/pointcloud_to_laserscan-humble -DCMAKE_INSTALL_PREFIX=/home/bestteamever/leo_sim_ws/install/pointcloud_to_laserscan
[1.645s] DEBUG:colcon.colcon_core.event_handler.log_command:Invoking command in '/home/bestteamever/leo_sim_ws/build/pointcloud_to_laserscan': CMAKE_PREFIX_PATH=${CMAKE_PREFIX_PATH}:/home/bestteamever/leo_sim_ws/install/navigation_demos:/home/bestteamever/leo_sim_ws/install/leo_description:/opt/ros/humble /usr/bin/cmake --build /home/bestteamever/leo_sim_ws/build/pointcloud_to_laserscan -- -j16 -l16
[1.677s] DEBUG:colcon.colcon_core.event_handler.log_command:Invoked command in '/home/bestteamever/leo_sim_ws/build/explore_lite' returned '0': CMAKE_PREFIX_PATH=${CMAKE_PREFIX_PATH}:/home/bestteamever/leo_sim_ws/install/navigation_demos:/home/bestteamever/leo_sim_ws/install/leo_description:/opt/ros/humble /usr/bin/cmake /home/bestteamever/leo_sim_ws/src/m-explore-ros2/explore -DCMAKE_INSTALL_PREFIX=/home/bestteamever/leo_sim_ws/install/explore_lite
[1.678s] DEBUG:colcon.colcon_core.event_handler.log_command:Invoking command in '/home/bestteamever/leo_sim_ws/build/explore_lite': CMAKE_PREFIX_PATH=${CMAKE_PREFIX_PATH}:/home/bestteamever/leo_sim_ws/install/navigation_demos:/home/bestteamever/leo_sim_ws/install/leo_description:/opt/ros/humble /usr/bin/cmake --build /home/bestteamever/leo_sim_ws/build/explore_lite -- -j16 -l16
[1.849s] DEBUG:colcon.colcon_core.event_handler.log_command:Invoked command in '/home/bestteamever/leo_sim_ws/build/leo_gz_plugins' returned '0': CMAKE_PREFIX_PATH=${CMAKE_PREFIX_PATH}:/home/bestteamever/leo_sim_ws/install/navigation_demos:/home/bestteamever/leo_sim_ws/install/leo_description:/opt/ros/humble /usr/bin/cmake /home/bestteamever/leo_sim_ws/src/leo_gz_plugins -DCMAKE_INSTALL_PREFIX=/home/bestteamever/leo_sim_ws/install/leo_gz_plugins
[1.850s] DEBUG:colcon.colcon_core.event_handler.log_command:Invoking command in '/home/bestteamever/leo_sim_ws/build/leo_gz_plugins': CMAKE_PREFIX_PATH=${CMAKE_PREFIX_PATH}:/home/bestteamever/leo_sim_ws/install/navigation_demos:/home/bestteamever/leo_sim_ws/install/leo_description:/opt/ros/humble /usr/bin/cmake --build /home/bestteamever/leo_sim_ws/build/leo_gz_plugins -- -j16 -l16
[13.318s] DEBUG:colcon.colcon_core.event_handler.log_command:Invoked command in '/home/bestteamever/leo_sim_ws/build/leo_gz_plugins' returned '0': CMAKE_PREFIX_PATH=${CMAKE_PREFIX_PATH}:/home/bestteamever/leo_sim_ws/install/navigation_demos:/home/bestteamever/leo_sim_ws/install/leo_description:/opt/ros/humble /usr/bin/cmake --build /home/bestteamever/leo_sim_ws/build/leo_gz_plugins -- -j16 -l16
[13.327s] DEBUG:colcon.colcon_core.event_handler.log_command:Invoking command in '/home/bestteamever/leo_sim_ws/build/leo_gz_plugins': CMAKE_PREFIX_PATH=${CMAKE_PREFIX_PATH}:/home/bestteamever/leo_sim_ws/install/navigation_demos:/home/bestteamever/leo_sim_ws/install/leo_description:/opt/ros/humble /usr/bin/cmake --install /home/bestteamever/leo_sim_ws/build/leo_gz_plugins
[13.340s] Level 1:colcon.colcon_core.environment:create_environment_scripts_only(leo_gz_plugins)
[13.340s] Level 1:colcon.colcon_core.environment:checking '/home/bestteamever/leo_sim_ws/install/leo_gz_plugins' for CMake module files
[13.341s] DEBUG:colcon.colcon_core.event_handler.log_command:Invoked command in '/home/bestteamever/leo_sim_ws/build/leo_gz_plugins' returned '0': CMAKE_PREFIX_PATH=${CMAKE_PREFIX_PATH}:/home/bestteamever/leo_sim_ws/install/navigation_demos:/home/bestteamever/leo_sim_ws/install/leo_description:/opt/ros/humble /usr/bin/cmake --install /home/bestteamever/leo_sim_ws/build/leo_gz_plugins
[13.341s] Level 1:colcon.colcon_core.environment:checking '/home/bestteamever/leo_sim_ws/install/leo_gz_plugins' for CMake config files
[13.341s] Level 1:colcon.colcon_core.shell:create_environment_hook('leo_gz_plugins', 'cmake_prefix_path')
[13.341s] INFO:colcon.colcon_core.shell:Creating environment hook '/home/bestteamever/leo_sim_ws/install/leo_gz_plugins/share/leo_gz_plugins/hook/cmake_prefix_path.ps1'
[13.342s] INFO:colcon.colcon_core.shell:Creating environment descriptor '/home/bestteamever/leo_sim_ws/install/leo_gz_plugins/share/leo_gz_plugins/hook/cmake_prefix_path.dsv'
[13.342s] INFO:colcon.colcon_core.shell:Creating environment hook '/home/bestteamever/leo_sim_ws/install/leo_gz_plugins/share/leo_gz_plugins/hook/cmake_prefix_path.sh'
[13.342s] Level 1:colcon.colcon_core.environment:checking '/home/bestteamever/leo_sim_ws/install/leo_gz_plugins/lib'
[13.343s] Level 1:colcon.colcon_core.shell:create_environment_hook('leo_gz_plugins', 'ld_library_path_lib')
[13.343s] INFO:colcon.colcon_core.shell:Creating environment hook '/home/bestteamever/leo_sim_ws/install/leo_gz_plugins/share/leo_gz_plugins/hook/ld_library_path_lib.ps1'
[13.343s] INFO:colcon.colcon_core.shell:Creating environment descriptor '/home/bestteamever/leo_sim_ws/install/leo_gz_plugins/share/leo_gz_plugins/hook/ld_library_path_lib.dsv'
[13.343s] INFO:colcon.colcon_core.shell:Creating environment hook '/home/bestteamever/leo_sim_ws/install/leo_gz_plugins/share/leo_gz_plugins/hook/ld_library_path_lib.sh'
[13.344s] Level 1:colcon.colcon_core.environment:checking '/home/bestteamever/leo_sim_ws/install/leo_gz_plugins/bin'
[13.344s] Level 1:colcon.colcon_core.environment:checking '/home/bestteamever/leo_sim_ws/install/leo_gz_plugins/lib/pkgconfig/leo_gz_plugins.pc'
[13.344s] Level 1:colcon.colcon_core.environment:checking '/home/bestteamever/leo_sim_ws/install/leo_gz_plugins/lib/python3.10/site-packages'
[13.344s] Level 1:colcon.colcon_core.environment:checking '/home/bestteamever/leo_sim_ws/install/leo_gz_plugins/bin'
[13.344s] INFO:colcon.colcon_core.shell:Creating package script '/home/bestteamever/leo_sim_ws/install/leo_gz_plugins/share/leo_gz_plugins/package.ps1'
[13.345s] INFO:colcon.colcon_core.shell:Creating package descriptor '/home/bestteamever/leo_sim_ws/install/leo_gz_plugins/share/leo_gz_plugins/package.dsv'
[13.345s] INFO:colcon.colcon_core.shell:Creating package script '/home/bestteamever/leo_sim_ws/install/leo_gz_plugins/share/leo_gz_plugins/package.sh'
[13.345s] INFO:colcon.colcon_core.shell:Creating package script '/home/bestteamever/leo_sim_ws/install/leo_gz_plugins/share/leo_gz_plugins/package.bash'
[13.346s] INFO:colcon.colcon_core.shell:Creating package script '/home/bestteamever/leo_sim_ws/install/leo_gz_plugins/share/leo_gz_plugins/package.zsh'
[13.346s] Level 1:colcon.colcon_core.environment:create_file_with_runtime_dependencies(/home/bestteamever/leo_sim_ws/install/leo_gz_plugins/share/colcon-core/packages/leo_gz_plugins)
[13.347s] Level 1:colcon.colcon_core.environment:create_environment_scripts_only(leo_gz_plugins)
[13.347s] Level 1:colcon.colcon_core.environment:checking '/home/bestteamever/leo_sim_ws/install/leo_gz_plugins' for CMake module files
[13.347s] Level 1:colcon.colcon_core.environment:checking '/home/bestteamever/leo_sim_ws/install/leo_gz_plugins' for CMake config files
[13.347s] Level 1:colcon.colcon_core.shell:create_environment_hook('leo_gz_plugins', 'cmake_prefix_path')
[13.348s] INFO:colcon.colcon_core.shell:Creating environment hook '/home/bestteamever/leo_sim_ws/install/leo_gz_plugins/share/leo_gz_plugins/hook/cmake_prefix_path.ps1'
[13.348s] INFO:colcon.colcon_core.shell:Creating environment descriptor '/home/bestteamever/leo_sim_ws/install/leo_gz_plugins/share/leo_gz_plugins/hook/cmake_prefix_path.dsv'
[13.348s] INFO:colcon.colcon_core.shell:Creating environment hook '/home/bestteamever/leo_sim_ws/install/leo_gz_plugins/share/leo_gz_plugins/hook/cmake_prefix_path.sh'
[13.349s] Level 1:colcon.colcon_core.environment:checking '/home/bestteamever/leo_sim_ws/install/leo_gz_plugins/lib'
[13.349s] Level 1:colcon.colcon_core.shell:create_environment_hook('leo_gz_plugins', 'ld_library_path_lib')
[13.349s] INFO:colcon.colcon_core.shell:Creating environment hook '/home/bestteamever/leo_sim_ws/install/leo_gz_plugins/share/leo_gz_plugins/hook/ld_library_path_lib.ps1'
[13.349s] INFO:colcon.colcon_core.shell:Creating environment descriptor '/home/bestteamever/leo_sim_ws/install/leo_gz_plugins/share/leo_gz_plugins/hook/ld_library_path_lib.dsv'
[13.349s] INFO:colcon.colcon_core.shell:Creating environment hook '/home/bestteamever/leo_sim_ws/install/leo_gz_plugins/share/leo_gz_plugins/hook/ld_library_path_lib.sh'
[13.350s] Level 1:colcon.colcon_core.environment:checking '/home/bestteamever/leo_sim_ws/install/leo_gz_plugins/bin'
[13.350s] Level 1:colcon.colcon_core.environment:checking '/home/bestteamever/leo_sim_ws/install/leo_gz_plugins/lib/pkgconfig/leo_gz_plugins.pc'
[13.350s] Level 1:colcon.colcon_core.environment:checking '/home/bestteamever/leo_sim_ws/install/leo_gz_plugins/lib/python3.10/site-packages'
[13.350s] Level 1:colcon.colcon_core.environment:checking '/home/bestteamever/leo_sim_ws/install/leo_gz_plugins/bin'
[13.351s] INFO:colcon.colcon_core.shell:Creating package script '/home/bestteamever/leo_sim_ws/install/leo_gz_plugins/share/leo_gz_plugins/package.ps1'
[13.351s] INFO:colcon.colcon_core.shell:Creating package descriptor '/home/bestteamever/leo_sim_ws/install/leo_gz_plugins/share/leo_gz_plugins/package.dsv'
[13.351s] INFO:colcon.colcon_core.shell:Creating package script '/home/bestteamever/leo_sim_ws/install/leo_gz_plugins/share/leo_gz_plugins/package.sh'
[13.352s] INFO:colcon.colcon_core.shell:Creating package script '/home/bestteamever/leo_sim_ws/install/leo_gz_plugins/share/leo_gz_plugins/package.bash'
[13.352s] INFO:colcon.colcon_core.shell:Creating package script '/home/bestteamever/leo_sim_ws/install/leo_gz_plugins/share/leo_gz_plugins/package.zsh'
[13.353s] Level 1:colcon.colcon_core.environment:create_file_with_runtime_dependencies(/home/bestteamever/leo_sim_ws/install/leo_gz_plugins/share/colcon-core/packages/leo_gz_plugins)
[13.463s] DEBUG:colcon.colcon_core.event_handler.log_command:Invoked command in '/home/bestteamever/leo_sim_ws/build/laser_scan_merger' returned '0': CMAKE_PREFIX_PATH=${CMAKE_PREFIX_PATH}:/home/bestteamever/leo_sim_ws/install/navigation_demos:/home/bestteamever/leo_sim_ws/install/leo_description:/opt/ros/humble /usr/bin/cmake --build /home/bestteamever/leo_sim_ws/build/laser_scan_merger -- -j16 -l16
[13.465s] DEBUG:colcon.colcon_core.event_handler.log_command:Invoking command in '/home/bestteamever/leo_sim_ws/build/laser_scan_merger': CMAKE_PREFIX_PATH=${CMAKE_PREFIX_PATH}:/home/bestteamever/leo_sim_ws/install/navigation_demos:/home/bestteamever/leo_sim_ws/install/leo_description:/opt/ros/humble /usr/bin/cmake --install /home/bestteamever/leo_sim_ws/build/laser_scan_merger
[13.481s] Level 1:colcon.colcon_core.environment:create_environment_scripts_only(laser_scan_merger)
[13.482s] DEBUG:colcon.colcon_core.event_handler.log_command:Invoked command in '/home/bestteamever/leo_sim_ws/build/laser_scan_merger' returned '0': CMAKE_PREFIX_PATH=${CMAKE_PREFIX_PATH}:/home/bestteamever/leo_sim_ws/install/navigation_demos:/home/bestteamever/leo_sim_ws/install/leo_description:/opt/ros/humble /usr/bin/cmake --install /home/bestteamever/leo_sim_ws/build/laser_scan_merger
[13.482s] Level 1:colcon.colcon_core.environment:checking '/home/bestteamever/leo_sim_ws/install/laser_scan_merger' for CMake module files
[13.482s] Level 1:colcon.colcon_core.environment:checking '/home/bestteamever/leo_sim_ws/install/laser_scan_merger' for CMake config files
[13.483s] Level 1:colcon.colcon_core.shell:create_environment_hook('laser_scan_merger', 'cmake_prefix_path')
[13.483s] INFO:colcon.colcon_core.shell:Creating environment hook '/home/bestteamever/leo_sim_ws/install/laser_scan_merger/share/laser_scan_merger/hook/cmake_prefix_path.ps1'
[13.483s] INFO:colcon.colcon_core.shell:Creating environment descriptor '/home/bestteamever/leo_sim_ws/install/laser_scan_merger/share/laser_scan_merger/hook/cmake_prefix_path.dsv'
[13.484s] INFO:colcon.colcon_core.shell:Creating environment hook '/home/bestteamever/leo_sim_ws/install/laser_scan_merger/share/laser_scan_merger/hook/cmake_prefix_path.sh'
[13.484s] Level 1:colcon.colcon_core.environment:checking '/home/bestteamever/leo_sim_ws/install/laser_scan_merger/lib'
[13.484s] Level 1:colcon.colcon_core.environment:checking '/home/bestteamever/leo_sim_ws/install/laser_scan_merger/bin'
[13.484s] Level 1:colcon.colcon_core.environment:checking '/home/bestteamever/leo_sim_ws/install/laser_scan_merger/lib/pkgconfig/laser_scan_merger.pc'
[13.485s] Level 1:colcon.colcon_core.environment:checking '/home/bestteamever/leo_sim_ws/install/laser_scan_merger/lib/python3.10/site-packages'
[13.485s] Level 1:colcon.colcon_core.environment:checking '/home/bestteamever/leo_sim_ws/install/laser_scan_merger/bin'
[13.485s] INFO:colcon.colcon_core.shell:Creating package script '/home/bestteamever/leo_sim_ws/install/laser_scan_merger/share/laser_scan_merger/package.ps1'
[13.485s] INFO:colcon.colcon_core.shell:Creating package descriptor '/home/bestteamever/leo_sim_ws/install/laser_scan_merger/share/laser_scan_merger/package.dsv'
[13.486s] INFO:colcon.colcon_core.shell:Creating package script '/home/bestteamever/leo_sim_ws/install/laser_scan_merger/share/laser_scan_merger/package.sh'
[13.486s] INFO:colcon.colcon_core.shell:Creating package script '/home/bestteamever/leo_sim_ws/install/laser_scan_merger/share/laser_scan_merger/package.bash'
[13.487s] INFO:colcon.colcon_core.shell:Creating package script '/home/bestteamever/leo_sim_ws/install/laser_scan_merger/share/laser_scan_merger/package.zsh'
[13.487s] Level 1:colcon.colcon_core.environment:create_file_with_runtime_dependencies(/home/bestteamever/leo_sim_ws/install/laser_scan_merger/share/colcon-core/packages/laser_scan_merger)
[13.487s] Level 1:colcon.colcon_core.environment:create_environment_scripts_only(laser_scan_merger)
[13.488s] Level 1:colcon.colcon_core.environment:checking '/home/bestteamever/leo_sim_ws/install/laser_scan_merger' for CMake module files
[13.488s] Level 1:colcon.colcon_core.environment:checking '/home/bestteamever/leo_sim_ws/install/laser_scan_merger' for CMake config files
[13.488s] Level 1:colcon.colcon_core.shell:create_environment_hook('laser_scan_merger', 'cmake_prefix_path')
[13.489s] INFO:colcon.colcon_core.shell:Creating environment hook '/home/bestteamever/leo_sim_ws/install/laser_scan_merger/share/laser_scan_merger/hook/cmake_prefix_path.ps1'
[13.489s] INFO:colcon.colcon_core.shell:Creating environment descriptor '/home/bestteamever/leo_sim_ws/install/laser_scan_merger/share/laser_scan_merger/hook/cmake_prefix_path.dsv'
[13.489s] INFO:colcon.colcon_core.shell:Creating environment hook '/home/bestteamever/leo_sim_ws/install/laser_scan_merger/share/laser_scan_merger/hook/cmake_prefix_path.sh'
[13.490s] Level 1:colcon.colcon_core.environment:checking '/home/bestteamever/leo_sim_ws/install/laser_scan_merger/lib'
[13.490s] Level 1:colcon.colcon_core.environment:checking '/home/bestteamever/leo_sim_ws/install/laser_scan_merger/bin'
[13.490s] Level 1:colcon.colcon_core.environment:checking '/home/bestteamever/leo_sim_ws/install/laser_scan_merger/lib/pkgconfig/laser_scan_merger.pc'
[13.490s] Level 1:colcon.colcon_core.environment:checking '/home/bestteamever/leo_sim_ws/install/laser_scan_merger/lib/python3.10/site-packages'
[13.490s] Level 1:colcon.colcon_core.environment:checking '/home/bestteamever/leo_sim_ws/install/laser_scan_merger/bin'
[13.491s] INFO:colcon.colcon_core.shell:Creating package script '/home/bestteamever/leo_sim_ws/install/laser_scan_merger/share/laser_scan_merger/package.ps1'
[13.491s] INFO:colcon.colcon_core.shell:Creating package descriptor '/home/bestteamever/leo_sim_ws/install/laser_scan_merger/share/laser_scan_merger/package.dsv'
[13.492s] INFO:colcon.colcon_core.shell:Creating package script '/home/bestteamever/leo_sim_ws/install/laser_scan_merger/share/laser_scan_merger/package.sh'
[13.492s] INFO:colcon.colcon_core.shell:Creating package script '/home/bestteamever/leo_sim_ws/install/laser_scan_merger/share/laser_scan_merger/package.bash'
[13.492s] INFO:colcon.colcon_core.shell:Creating package script '/home/bestteamever/leo_sim_ws/install/laser_scan_merger/share/laser_scan_merger/package.zsh'
[13.493s] Level 1:colcon.colcon_core.environment:create_file_with_runtime_dependencies(/home/bestteamever/leo_sim_ws/install/laser_scan_merger/share/colcon-core/packages/laser_scan_merger)
[13.556s] DEBUG:colcon.colcon_core.event_handler.log_command:Invoked command in '/home/bestteamever/leo_sim_ws/build/explore_lite' returned '0': CMAKE_PREFIX_PATH=${CMAKE_PREFIX_PATH}:/home/bestteamever/leo_sim_ws/install/navigation_demos:/home/bestteamever/leo_sim_ws/install/leo_description:/opt/ros/humble /usr/bin/cmake --build /home/bestteamever/leo_sim_ws/build/explore_lite -- -j16 -l16
[13.557s] DEBUG:colcon.colcon_core.event_handler.log_command:Invoking command in '/home/bestteamever/leo_sim_ws/build/explore_lite': CMAKE_PREFIX_PATH=${CMAKE_PREFIX_PATH}:/home/bestteamever/leo_sim_ws/install/navigation_demos:/home/bestteamever/leo_sim_ws/install/leo_description:/opt/ros/humble /usr/bin/cmake --install /home/bestteamever/leo_sim_ws/build/explore_lite
[13.568s] Level 1:colcon.colcon_core.environment:create_environment_scripts_only(explore_lite)
[13.569s] Level 1:colcon.colcon_core.environment:checking '/home/bestteamever/leo_sim_ws/install/explore_lite' for CMake module files
[13.569s] DEBUG:colcon.colcon_core.event_handler.log_command:Invoked command in '/home/bestteamever/leo_sim_ws/build/explore_lite' returned '0': CMAKE_PREFIX_PATH=${CMAKE_PREFIX_PATH}:/home/bestteamever/leo_sim_ws/install/navigation_demos:/home/bestteamever/leo_sim_ws/install/leo_description:/opt/ros/humble /usr/bin/cmake --install /home/bestteamever/leo_sim_ws/build/explore_lite
[13.569s] Level 1:colcon.colcon_core.environment:checking '/home/bestteamever/leo_sim_ws/install/explore_lite' for CMake config files
[13.569s] Level 1:colcon.colcon_core.shell:create_environment_hook('explore_lite', 'cmake_prefix_path')
[13.570s] INFO:colcon.colcon_core.shell:Creating environment hook '/home/bestteamever/leo_sim_ws/install/explore_lite/share/explore_lite/hook/cmake_prefix_path.ps1'
[13.570s] INFO:colcon.colcon_core.shell:Creating environment descriptor '/home/bestteamever/leo_sim_ws/install/explore_lite/share/explore_lite/hook/cmake_prefix_path.dsv'
[13.570s] INFO:colcon.colcon_core.shell:Creating environment hook '/home/bestteamever/leo_sim_ws/install/explore_lite/share/explore_lite/hook/cmake_prefix_path.sh'
[13.570s] Level 1:colcon.colcon_core.environment:checking '/home/bestteamever/leo_sim_ws/install/explore_lite/lib'
[13.570s] Level 1:colcon.colcon_core.environment:checking '/home/bestteamever/leo_sim_ws/install/explore_lite/bin'
[13.570s] Level 1:colcon.colcon_core.environment:checking '/home/bestteamever/leo_sim_ws/install/explore_lite/lib/pkgconfig/explore_lite.pc'
[13.571s] Level 1:colcon.colcon_core.environment:checking '/home/bestteamever/leo_sim_ws/install/explore_lite/lib/python3.10/site-packages'
[13.571s] Level 1:colcon.colcon_core.environment:checking '/home/bestteamever/leo_sim_ws/install/explore_lite/bin'
[13.571s] INFO:colcon.colcon_core.shell:Creating package script '/home/bestteamever/leo_sim_ws/install/explore_lite/share/explore_lite/package.ps1'
[13.571s] INFO:colcon.colcon_core.shell:Creating package descriptor '/home/bestteamever/leo_sim_ws/install/explore_lite/share/explore_lite/package.dsv'
[13.572s] INFO:colcon.colcon_core.shell:Creating package script '/home/bestteamever/leo_sim_ws/install/explore_lite/share/explore_lite/package.sh'
[13.572s] INFO:colcon.colcon_core.shell:Creating package script '/home/bestteamever/leo_sim_ws/install/explore_lite/share/explore_lite/package.bash'
[13.572s] INFO:colcon.colcon_core.shell:Creating package script '/home/bestteamever/leo_sim_ws/install/explore_lite/share/explore_lite/package.zsh'
[13.572s] Level 1:colcon.colcon_core.environment:create_file_with_runtime_dependencies(/home/bestteamever/leo_sim_ws/install/explore_lite/share/colcon-core/packages/explore_lite)
[13.572s] Level 1:colcon.colcon_core.environment:create_environment_scripts_only(explore_lite)
[13.573s] Level 1:colcon.colcon_core.environment:checking '/home/bestteamever/leo_sim_ws/install/explore_lite' for CMake module files
[13.573s] Level 1:colcon.colcon_core.environment:checking '/home/bestteamever/leo_sim_ws/install/explore_lite' for CMake config files
[13.573s] Level 1:colcon.colcon_core.shell:create_environment_hook('explore_lite', 'cmake_prefix_path')
[13.573s] INFO:colcon.colcon_core.shell:Creating environment hook '/home/bestteamever/leo_sim_ws/install/explore_lite/share/explore_lite/hook/cmake_prefix_path.ps1'
[13.573s] INFO:colcon.colcon_core.shell:Creating environment descriptor '/home/bestteamever/leo_sim_ws/install/explore_lite/share/explore_lite/hook/cmake_prefix_path.dsv'
[13.573s] INFO:colcon.colcon_core.shell:Creating environment hook '/home/bestteamever/leo_sim_ws/install/explore_lite/share/explore_lite/hook/cmake_prefix_path.sh'
[13.574s] Level 1:colcon.colcon_core.environment:checking '/home/bestteamever/leo_sim_ws/install/explore_lite/lib'
[13.574s] Level 1:colcon.colcon_core.environment:checking '/home/bestteamever/leo_sim_ws/install/explore_lite/bin'
[13.574s] Level 1:colcon.colcon_core.environment:checking '/home/bestteamever/leo_sim_ws/install/explore_lite/lib/pkgconfig/explore_lite.pc'
[13.574s] Level 1:colcon.colcon_core.environment:checking '/home/bestteamever/leo_sim_ws/install/explore_lite/lib/python3.10/site-packages'
[13.574s] Level 1:colcon.colcon_core.environment:checking '/home/bestteamever/leo_sim_ws/install/explore_lite/bin'
[13.574s] INFO:colcon.colcon_core.shell:Creating package script '/home/bestteamever/leo_sim_ws/install/explore_lite/share/explore_lite/package.ps1'
[13.574s] INFO:colcon.colcon_core.shell:Creating package descriptor '/home/bestteamever/leo_sim_ws/install/explore_lite/share/explore_lite/package.dsv'
[13.575s] INFO:colcon.colcon_core.shell:Creating package script '/home/bestteamever/leo_sim_ws/install/explore_lite/share/explore_lite/package.sh'
[13.575s] INFO:colcon.colcon_core.shell:Creating package script '/home/bestteamever/leo_sim_ws/install/explore_lite/share/explore_lite/package.bash'
[13.575s] INFO:colcon.colcon_core.shell:Creating package script '/home/bestteamever/leo_sim_ws/install/explore_lite/share/explore_lite/package.zsh'
[13.575s] Level 1:colcon.colcon_core.environment:create_file_with_runtime_dependencies(/home/bestteamever/leo_sim_ws/install/explore_lite/share/colcon-core/packages/explore_lite)
[19.447s] DEBUG:colcon.colcon_core.event_handler.log_command:Invoked command in '/home/bestteamever/leo_sim_ws/build/pointcloud_to_laserscan' returned '0': CMAKE_PREFIX_PATH=${CMAKE_PREFIX_PATH}:/home/bestteamever/leo_sim_ws/install/navigation_demos:/home/bestteamever/leo_sim_ws/install/leo_description:/opt/ros/humble /usr/bin/cmake --build /home/bestteamever/leo_sim_ws/build/pointcloud_to_laserscan -- -j16 -l16
[19.447s] DEBUG:colcon.colcon_core.event_handler.log_command:Invoking command in '/home/bestteamever/leo_sim_ws/build/pointcloud_to_laserscan': CMAKE_PREFIX_PATH=${CMAKE_PREFIX_PATH}:/home/bestteamever/leo_sim_ws/install/navigation_demos:/home/bestteamever/leo_sim_ws/install/leo_description:/opt/ros/humble /usr/bin/cmake --install /home/bestteamever/leo_sim_ws/build/pointcloud_to_laserscan
[19.462s] Level 1:colcon.colcon_core.environment:create_environment_scripts_only(pointcloud_to_laserscan)
[19.463s] Level 1:colcon.colcon_core.environment:checking '/home/bestteamever/leo_sim_ws/install/pointcloud_to_laserscan' for CMake module files
[19.463s] DEBUG:colcon.colcon_core.event_handler.log_command:Invoked command in '/home/bestteamever/leo_sim_ws/build/pointcloud_to_laserscan' returned '0': CMAKE_PREFIX_PATH=${CMAKE_PREFIX_PATH}:/home/bestteamever/leo_sim_ws/install/navigation_demos:/home/bestteamever/leo_sim_ws/install/leo_description:/opt/ros/humble /usr/bin/cmake --install /home/bestteamever/leo_sim_ws/build/pointcloud_to_laserscan
[19.463s] Level 1:colcon.colcon_core.environment:checking '/home/bestteamever/leo_sim_ws/install/pointcloud_to_laserscan' for CMake config files
[19.463s] Level 1:colcon.colcon_core.shell:create_environment_hook('pointcloud_to_laserscan', 'cmake_prefix_path')
[19.463s] INFO:colcon.colcon_core.shell:Creating environment hook '/home/bestteamever/leo_sim_ws/install/pointcloud_to_laserscan/share/pointcloud_to_laserscan/hook/cmake_prefix_path.ps1'
[19.463s] INFO:colcon.colcon_core.shell:Creating environment descriptor '/home/bestteamever/leo_sim_ws/install/pointcloud_to_laserscan/share/pointcloud_to_laserscan/hook/cmake_prefix_path.dsv'
[19.463s] INFO:colcon.colcon_core.shell:Creating environment hook '/home/bestteamever/leo_sim_ws/install/pointcloud_to_laserscan/share/pointcloud_to_laserscan/hook/cmake_prefix_path.sh'
[19.464s] Level 1:colcon.colcon_core.environment:checking '/home/bestteamever/leo_sim_ws/install/pointcloud_to_laserscan/lib'
[19.464s] Level 1:colcon.colcon_core.shell:create_environment_hook('pointcloud_to_laserscan', 'ld_library_path_lib')
[19.464s] INFO:colcon.colcon_core.shell:Creating environment hook '/home/bestteamever/leo_sim_ws/install/pointcloud_to_laserscan/share/pointcloud_to_laserscan/hook/ld_library_path_lib.ps1'
[19.464s] INFO:colcon.colcon_core.shell:Creating environment descriptor '/home/bestteamever/leo_sim_ws/install/pointcloud_to_laserscan/share/pointcloud_to_laserscan/hook/ld_library_path_lib.dsv'
[19.464s] INFO:colcon.colcon_core.shell:Creating environment hook '/home/bestteamever/leo_sim_ws/install/pointcloud_to_laserscan/share/pointcloud_to_laserscan/hook/ld_library_path_lib.sh'
[19.464s] Level 1:colcon.colcon_core.environment:checking '/home/bestteamever/leo_sim_ws/install/pointcloud_to_laserscan/bin'
[19.464s] Level 1:colcon.colcon_core.environment:checking '/home/bestteamever/leo_sim_ws/install/pointcloud_to_laserscan/lib/pkgconfig/pointcloud_to_laserscan.pc'
[19.464s] Level 1:colcon.colcon_core.environment:checking '/home/bestteamever/leo_sim_ws/install/pointcloud_to_laserscan/lib/python3.10/site-packages'
[19.465s] Level 1:colcon.colcon_core.environment:checking '/home/bestteamever/leo_sim_ws/install/pointcloud_to_laserscan/bin'
[19.465s] INFO:colcon.colcon_core.shell:Creating package script '/home/bestteamever/leo_sim_ws/install/pointcloud_to_laserscan/share/pointcloud_to_laserscan/package.ps1'
[19.465s] INFO:colcon.colcon_core.shell:Creating package descriptor '/home/bestteamever/leo_sim_ws/install/pointcloud_to_laserscan/share/pointcloud_to_laserscan/package.dsv'
[19.465s] INFO:colcon.colcon_core.shell:Creating package script '/home/bestteamever/leo_sim_ws/install/pointcloud_to_laserscan/share/pointcloud_to_laserscan/package.sh'
[19.465s] INFO:colcon.colcon_core.shell:Creating package script '/home/bestteamever/leo_sim_ws/install/pointcloud_to_laserscan/share/pointcloud_to_laserscan/package.bash'
[19.466s] INFO:colcon.colcon_core.shell:Creating package script '/home/bestteamever/leo_sim_ws/install/pointcloud_to_laserscan/share/pointcloud_to_laserscan/package.zsh'
[19.466s] Level 1:colcon.colcon_core.environment:create_file_with_runtime_dependencies(/home/bestteamever/leo_sim_ws/install/pointcloud_to_laserscan/share/colcon-core/packages/pointcloud_to_laserscan)
[19.466s] Level 1:colcon.colcon_core.environment:create_environment_scripts_only(pointcloud_to_laserscan)
[19.466s] Level 1:colcon.colcon_core.environment:checking '/home/bestteamever/leo_sim_ws/install/pointcloud_to_laserscan' for CMake module files
[19.466s] Level 1:colcon.colcon_core.environment:checking '/home/bestteamever/leo_sim_ws/install/pointcloud_to_laserscan' for CMake config files
[19.466s] Level 1:colcon.colcon_core.shell:create_environment_hook('pointcloud_to_laserscan', 'cmake_prefix_path')
[19.466s] INFO:colcon.colcon_core.shell:Creating environment hook '/home/bestteamever/leo_sim_ws/install/pointcloud_to_laserscan/share/pointcloud_to_laserscan/hook/cmake_prefix_path.ps1'
[19.467s] INFO:colcon.colcon_core.shell:Creating environment descriptor '/home/bestteamever/leo_sim_ws/install/pointcloud_to_laserscan/share/pointcloud_to_laserscan/hook/cmake_prefix_path.dsv'
[19.467s] INFO:colcon.colcon_core.shell:Creating environment hook '/home/bestteamever/leo_sim_ws/install/pointcloud_to_laserscan/share/pointcloud_to_laserscan/hook/cmake_prefix_path.sh'
[19.467s] Level 1:colcon.colcon_core.environment:checking '/home/bestteamever/leo_sim_ws/install/pointcloud_to_laserscan/lib'
[19.467s] Level 1:colcon.colcon_core.shell:create_environment_hook('pointcloud_to_laserscan', 'ld_library_path_lib')
[19.467s] INFO:colcon.colcon_core.shell:Creating environment hook '/home/bestteamever/leo_sim_ws/install/pointcloud_to_laserscan/share/pointcloud_to_laserscan/hook/ld_library_path_lib.ps1'
[19.468s] INFO:colcon.colcon_core.shell:Creating environment descriptor '/home/bestteamever/leo_sim_ws/install/pointcloud_to_laserscan/share/pointcloud_to_laserscan/hook/ld_library_path_lib.dsv'
[19.468s] INFO:colcon.colcon_core.shell:Creating environment hook '/home/bestteamever/leo_sim_ws/install/pointcloud_to_laserscan/share/pointcloud_to_laserscan/hook/ld_library_path_lib.sh'
[19.468s] Level 1:colcon.colcon_core.environment:checking '/home/bestteamever/leo_sim_ws/install/pointcloud_to_laserscan/bin'
[19.468s] Level 1:colcon.colcon_core.environment:checking '/home/bestteamever/leo_sim_ws/install/pointcloud_to_laserscan/lib/pkgconfig/pointcloud_to_laserscan.pc'
[19.468s] Level 1:colcon.colcon_core.environment:checking '/home/bestteamever/leo_sim_ws/install/pointcloud_to_laserscan/lib/python3.10/site-packages'
[19.468s] Level 1:colcon.colcon_core.environment:checking '/home/bestteamever/leo_sim_ws/install/pointcloud_to_laserscan/bin'
[19.468s] INFO:colcon.colcon_core.shell:Creating package script '/home/bestteamever/leo_sim_ws/install/pointcloud_to_laserscan/share/pointcloud_to_laserscan/package.ps1'
[19.469s] INFO:colcon.colcon_core.shell:Creating package descriptor '/home/bestteamever/leo_sim_ws/install/pointcloud_to_laserscan/share/pointcloud_to_laserscan/package.dsv'
[19.469s] INFO:colcon.colcon_core.shell:Creating package script '/home/bestteamever/leo_sim_ws/install/pointcloud_to_laserscan/share/pointcloud_to_laserscan/package.sh'
[19.469s] INFO:colcon.colcon_core.shell:Creating package script '/home/bestteamever/leo_sim_ws/install/pointcloud_to_laserscan/share/pointcloud_to_laserscan/package.bash'
[19.469s] INFO:colcon.colcon_core.shell:Creating package script '/home/bestteamever/leo_sim_ws/install/pointcloud_to_laserscan/share/pointcloud_to_laserscan/package.zsh'
[19.469s] Level 1:colcon.colcon_core.environment:create_file_with_runtime_dependencies(/home/bestteamever/leo_sim_ws/install/pointcloud_to_laserscan/share/colcon-core/packages/pointcloud_to_laserscan)
[19.469s] DEBUG:colcon.colcon_parallel_executor.executor.parallel:closing loop
[19.470s] DEBUG:colcon.colcon_parallel_executor.executor.parallel:loop closed
[19.470s] DEBUG:colcon.colcon_parallel_executor.executor.parallel:run_until_complete finished with '0'
[19.470s] DEBUG:colcon.colcon_core.event_reactor:joining thread
[19.473s] INFO:colcon.colcon_core.plugin_system:Skipping extension 'colcon_notification.desktop_notification.terminal_notifier': Not used on non-Darwin systems
[19.473s] INFO:colcon.colcon_core.plugin_system:Skipping extension 'colcon_notification.desktop_notification.win32': Not used on non-Windows systems
[19.473s] INFO:colcon.colcon_notification.desktop_notification:Sending desktop notification using 'notify2'
[19.489s] DEBUG:colcon.colcon_core.event_reactor:joined thread
[19.489s] INFO:colcon.colcon_core.shell:Creating prefix script '/home/bestteamever/leo_sim_ws/install/local_setup.ps1'
[19.489s] INFO:colcon.colcon_core.shell:Creating prefix util module '/home/bestteamever/leo_sim_ws/install/_local_setup_util_ps1.py'
[19.491s] INFO:colcon.colcon_core.shell:Creating prefix chain script '/home/bestteamever/leo_sim_ws/install/setup.ps1'
[19.491s] INFO:colcon.colcon_core.shell:Creating prefix script '/home/bestteamever/leo_sim_ws/install/local_setup.sh'
[19.492s] INFO:colcon.colcon_core.shell:Creating prefix util module '/home/bestteamever/leo_sim_ws/install/_local_setup_util_sh.py'
[19.492s] INFO:colcon.colcon_core.shell:Creating prefix chain script '/home/bestteamever/leo_sim_ws/install/setup.sh'
[19.493s] INFO:colcon.colcon_core.shell:Creating prefix script '/home/bestteamever/leo_sim_ws/install/local_setup.bash'
[19.493s] INFO:colcon.colcon_core.shell:Creating prefix chain script '/home/bestteamever/leo_sim_ws/install/setup.bash'
[19.494s] INFO:colcon.colcon_core.shell:Creating prefix script '/home/bestteamever/leo_sim_ws/install/local_setup.zsh'
[19.494s] INFO:colcon.colcon_core.shell:Creating prefix chain script '/home/bestteamever/leo_sim_ws/install/setup.zsh'
