[0.131s] DEBUG:colcon:Command line arguments: ['/home/mscrobotics2425laptop24/.local/bin/colcon', 'build']
[0.131s] DEBUG:colcon:Parsed command line arguments: Namespace(log_base=None, log_level=None, verb_name='build', build_base='build', install_base='install', merge_install=False, symlink_install=False, test_result_base=None, continue_on_error=False, executor='parallel', parallel_workers=12, event_handlers=None, ignore_user_meta=False, metas=['./colcon.meta'], base_paths=['.'], packages_ignore=None, packages_ignore_regex=None, paths=None, packages_up_to=None, packages_up_to_regex=None, packages_above=None, packages_above_and_dependencies=None, packages_above_depth=None, packages_select_by_dep=None, packages_skip_by_dep=None, packages_skip_up_to=None, packages_select_build_failed=False, packages_skip_build_finished=False, packages_select_test_failures=False, packages_skip_test_passed=False, packages_select=None, packages_skip=None, packages_select_regex=None, packages_skip_regex=None, packages_start=None, packages_end=None, allow_overriding=[], cmake_args=None, cmake_target=None, cmake_target_skip_unavailable=False, cmake_clean_cache=False, cmake_clean_first=False, cmake_force_configure=False, ament_cmake_args=None, catkin_cmake_args=None, catkin_skip_building_tests=False, verb_parser=<colcon_defaults.argument_parser.defaults.DefaultArgumentsDecorator object at 0x7c773f611000>, verb_extension=<colcon_core.verb.build.BuildVerb object at 0x7c773f782560>, main=<bound method BuildVerb.main of <colcon_core.verb.build.BuildVerb object at 0x7c773f782560>>)
[0.258s] Level 1:colcon.colcon_core.package_discovery:discover_packages(colcon_meta) check parameters
[0.258s] Level 1:colcon.colcon_core.package_discovery:discover_packages(recursive) check parameters
[0.258s] Level 1:colcon.colcon_core.package_discovery:discover_packages(ignore) check parameters
[0.259s] Level 1:colcon.colcon_core.package_discovery:discover_packages(path) check parameters
[0.259s] Level 1:colcon.colcon_core.package_discovery:discover_packages(colcon_meta) discover
[0.259s] Level 1:colcon.colcon_core.package_discovery:discover_packages(recursive) discover
[0.259s] INFO:colcon.colcon_core.package_discovery:Crawling recursively for packages in '/home/mscrobotics2425laptop24/Documents/Robotics_project/rp_ws'
[0.259s] Level 1:colcon.colcon_core.package_identification:_identify(.) by extensions ['ignore', 'ignore_ament_install']
[0.259s] Level 1:colcon.colcon_core.package_identification:_identify(.) by extension 'ignore'
[0.259s] Level 1:colcon.colcon_core.package_identification:_identify(.) by extension 'ignore_ament_install'
[0.259s] Level 1:colcon.colcon_core.package_identification:_identify(.) by extensions ['colcon_pkg']
[0.259s] Level 1:colcon.colcon_core.package_identification:_identify(.) by extension 'colcon_pkg'
[0.259s] Level 1:colcon.colcon_core.package_identification:_identify(.) by extensions ['colcon_meta']
[0.259s] Level 1:colcon.colcon_core.package_identification:_identify(.) by extension 'colcon_meta'
[0.260s] Level 1:colcon.colcon_core.package_identification:_identify(.) by extensions ['ros']
[0.260s] Level 1:colcon.colcon_core.package_identification:_identify(.) by extension 'ros'
[0.270s] Level 1:colcon.colcon_core.package_identification:_identify(.) by extensions ['cmake', 'python']
[0.270s] Level 1:colcon.colcon_core.package_identification:_identify(.) by extension 'cmake'
[0.270s] Level 1:colcon.colcon_core.package_identification:_identify(.) by extension 'python'
[0.270s] Level 1:colcon.colcon_core.package_identification:_identify(.) by extensions ['python_setup_py']
[0.270s] Level 1:colcon.colcon_core.package_identification:_identify(.) by extension 'python_setup_py'
[0.270s] Level 1:colcon.colcon_core.package_identification:_identify(build) by extensions ['ignore', 'ignore_ament_install']
[0.270s] Level 1:colcon.colcon_core.package_identification:_identify(build) by extension 'ignore'
[0.270s] Level 1:colcon.colcon_core.package_identification:_identify(build) ignored
[0.270s] Level 1:colcon.colcon_core.package_identification:_identify(install) by extensions ['ignore', 'ignore_ament_install']
[0.271s] Level 1:colcon.colcon_core.package_identification:_identify(install) by extension 'ignore'
[0.271s] Level 1:colcon.colcon_core.package_identification:_identify(install) ignored
[0.271s] Level 1:colcon.colcon_core.package_identification:_identify(log) by extensions ['ignore', 'ignore_ament_install']
[0.271s] Level 1:colcon.colcon_core.package_identification:_identify(log) by extension 'ignore'
[0.271s] Level 1:colcon.colcon_core.package_identification:_identify(log) ignored
[0.271s] Level 1:colcon.colcon_core.package_identification:_identify(src) by extensions ['ignore', 'ignore_ament_install']
[0.271s] Level 1:colcon.colcon_core.package_identification:_identify(src) by extension 'ignore'
[0.271s] Level 1:colcon.colcon_core.package_identification:_identify(src) by extension 'ignore_ament_install'
[0.271s] Level 1:colcon.colcon_core.package_identification:_identify(src) by extensions ['colcon_pkg']
[0.271s] Level 1:colcon.colcon_core.package_identification:_identify(src) by extension 'colcon_pkg'
[0.271s] Level 1:colcon.colcon_core.package_identification:_identify(src) by extensions ['colcon_meta']
[0.271s] Level 1:colcon.colcon_core.package_identification:_identify(src) by extension 'colcon_meta'
[0.271s] Level 1:colcon.colcon_core.package_identification:_identify(src) by extensions ['ros']
[0.271s] Level 1:colcon.colcon_core.package_identification:_identify(src) by extension 'ros'
[0.271s] Level 1:colcon.colcon_core.package_identification:_identify(src) by extensions ['cmake', 'python']
[0.271s] Level 1:colcon.colcon_core.package_identification:_identify(src) by extension 'cmake'
[0.271s] Level 1:colcon.colcon_core.package_identification:_identify(src) by extension 'python'
[0.271s] Level 1:colcon.colcon_core.package_identification:_identify(src) by extensions ['python_setup_py']
[0.271s] Level 1:colcon.colcon_core.package_identification:_identify(src) by extension 'python_setup_py'
[0.271s] Level 1:colcon.colcon_core.package_identification:_identify(src/build) by extensions ['ignore', 'ignore_ament_install']
[0.271s] Level 1:colcon.colcon_core.package_identification:_identify(src/build) by extension 'ignore'
[0.271s] Level 1:colcon.colcon_core.package_identification:_identify(src/build) ignored
[0.271s] Level 1:colcon.colcon_core.package_identification:_identify(src/install) by extensions ['ignore', 'ignore_ament_install']
[0.271s] Level 1:colcon.colcon_core.package_identification:_identify(src/install) by extension 'ignore'
[0.271s] Level 1:colcon.colcon_core.package_identification:_identify(src/install) ignored
[0.271s] Level 1:colcon.colcon_core.package_identification:_identify(src/log) by extensions ['ignore', 'ignore_ament_install']
[0.271s] Level 1:colcon.colcon_core.package_identification:_identify(src/log) by extension 'ignore'
[0.271s] Level 1:colcon.colcon_core.package_identification:_identify(src/log) ignored
[0.272s] Level 1:colcon.colcon_core.package_identification:_identify(src/rplidar_ros) by extensions ['ignore', 'ignore_ament_install']
[0.272s] Level 1:colcon.colcon_core.package_identification:_identify(src/rplidar_ros) by extension 'ignore'
[0.272s] Level 1:colcon.colcon_core.package_identification:_identify(src/rplidar_ros) by extension 'ignore_ament_install'
[0.272s] Level 1:colcon.colcon_core.package_identification:_identify(src/rplidar_ros) by extensions ['colcon_pkg']
[0.272s] Level 1:colcon.colcon_core.package_identification:_identify(src/rplidar_ros) by extension 'colcon_pkg'
[0.272s] Level 1:colcon.colcon_core.package_identification:_identify(src/rplidar_ros) by extensions ['colcon_meta']
[0.272s] Level 1:colcon.colcon_core.package_identification:_identify(src/rplidar_ros) by extension 'colcon_meta'
[0.272s] Level 1:colcon.colcon_core.package_identification:_identify(src/rplidar_ros) by extensions ['ros']
[0.272s] Level 1:colcon.colcon_core.package_identification:_identify(src/rplidar_ros) by extension 'ros'
[0.273s] DEBUG:colcon.colcon_core.package_identification:Package 'src/rplidar_ros' with type 'ros.ament_cmake' and name 'rplidar_ros'
[0.273s] Level 1:colcon.colcon_core.package_identification:_identify(src/test_package) by extensions ['ignore', 'ignore_ament_install']
[0.274s] Level 1:colcon.colcon_core.package_identification:_identify(src/test_package) by extension 'ignore'
[0.274s] Level 1:colcon.colcon_core.package_identification:_identify(src/test_package) by extension 'ignore_ament_install'
[0.274s] Level 1:colcon.colcon_core.package_identification:_identify(src/test_package) by extensions ['colcon_pkg']
[0.274s] Level 1:colcon.colcon_core.package_identification:_identify(src/test_package) by extension 'colcon_pkg'
[0.274s] Level 1:colcon.colcon_core.package_identification:_identify(src/test_package) by extensions ['colcon_meta']
[0.274s] Level 1:colcon.colcon_core.package_identification:_identify(src/test_package) by extension 'colcon_meta'
[0.274s] Level 1:colcon.colcon_core.package_identification:_identify(src/test_package) by extensions ['ros']
[0.274s] Level 1:colcon.colcon_core.package_identification:_identify(src/test_package) by extension 'ros'
[0.274s] DEBUG:colcon.colcon_core.package_identification:Package 'src/test_package' with type 'ros.ament_python' and name 'test_package'
[0.274s] Level 1:colcon.colcon_core.package_discovery:discover_packages(recursive) using defaults
[0.274s] Level 1:colcon.colcon_core.package_discovery:discover_packages(ignore) discover
[0.274s] Level 1:colcon.colcon_core.package_discovery:discover_packages(ignore) using defaults
[0.274s] Level 1:colcon.colcon_core.package_discovery:discover_packages(path) discover
[0.274s] Level 1:colcon.colcon_core.package_discovery:discover_packages(path) using defaults
[0.291s] Level 1:colcon.colcon_core.package_discovery:discover_packages(prefix_path) check parameters
[0.291s] Level 1:colcon.colcon_core.package_discovery:discover_packages(prefix_path) discover
[0.293s] DEBUG:colcon.colcon_installed_package_information.package_discovery:Found 34 installed packages in /home/mscrobotics2425laptop24/interbotix_ws/install
[0.294s] DEBUG:colcon.colcon_installed_package_information.package_discovery:Found 1 installed packages in /home/mscrobotics2425laptop24/Documents/Robotics_project/rp_ws/install
[0.294s] DEBUG:colcon.colcon_installed_package_information.package_discovery:Found 1 installed packages in /home/mscrobotics2425laptop24/apriltag_ws/install
[0.295s] DEBUG:colcon.colcon_installed_package_information.package_discovery:Found 356 installed packages in /opt/ros/humble
[0.304s] Level 1:colcon.colcon_core.package_discovery:discover_packages(prefix_path) using defaults
[0.336s] Level 5:colcon.colcon_core.verb:set package 'rplidar_ros' build argument 'cmake_args' from command line to 'None'
[0.336s] Level 5:colcon.colcon_core.verb:set package 'rplidar_ros' build argument 'cmake_target' from command line to 'None'
[0.336s] Level 5:colcon.colcon_core.verb:set package 'rplidar_ros' build argument 'cmake_target_skip_unavailable' from command line to 'False'
[0.336s] Level 5:colcon.colcon_core.verb:set package 'rplidar_ros' build argument 'cmake_clean_cache' from command line to 'False'
[0.336s] Level 5:colcon.colcon_core.verb:set package 'rplidar_ros' build argument 'cmake_clean_first' from command line to 'False'
[0.336s] Level 5:colcon.colcon_core.verb:set package 'rplidar_ros' build argument 'cmake_force_configure' from command line to 'False'
[0.336s] Level 5:colcon.colcon_core.verb:set package 'rplidar_ros' build argument 'ament_cmake_args' from command line to 'None'
[0.336s] Level 5:colcon.colcon_core.verb:set package 'rplidar_ros' build argument 'catkin_cmake_args' from command line to 'None'
[0.336s] Level 5:colcon.colcon_core.verb:set package 'rplidar_ros' build argument 'catkin_skip_building_tests' from command line to 'False'
[0.336s] DEBUG:colcon.colcon_core.verb:Building package 'rplidar_ros' with the following arguments: {'ament_cmake_args': None, 'build_base': '/home/mscrobotics2425laptop24/Documents/Robotics_project/rp_ws/build/rplidar_ros', 'catkin_cmake_args': None, 'catkin_skip_building_tests': False, 'cmake_args': None, 'cmake_clean_cache': False, 'cmake_clean_first': False, 'cmake_force_configure': False, 'cmake_target': None, 'cmake_target_skip_unavailable': False, 'install_base': '/home/mscrobotics2425laptop24/Documents/Robotics_project/rp_ws/install/rplidar_ros', 'merge_install': False, 'path': '/home/mscrobotics2425laptop24/Documents/Robotics_project/rp_ws/src/rplidar_ros', 'symlink_install': False, 'test_result_base': None}
[0.336s] Level 5:colcon.colcon_core.verb:set package 'test_package' build argument 'cmake_args' from command line to 'None'
[0.337s] Level 5:colcon.colcon_core.verb:set package 'test_package' build argument 'cmake_target' from command line to 'None'
[0.337s] Level 5:colcon.colcon_core.verb:set package 'test_package' build argument 'cmake_target_skip_unavailable' from command line to 'False'
[0.337s] Level 5:colcon.colcon_core.verb:set package 'test_package' build argument 'cmake_clean_cache' from command line to 'False'
[0.337s] Level 5:colcon.colcon_core.verb:set package 'test_package' build argument 'cmake_clean_first' from command line to 'False'
[0.337s] Level 5:colcon.colcon_core.verb:set package 'test_package' build argument 'cmake_force_configure' from command line to 'False'
[0.337s] Level 5:colcon.colcon_core.verb:set package 'test_package' build argument 'ament_cmake_args' from command line to 'None'
[0.337s] Level 5:colcon.colcon_core.verb:set package 'test_package' build argument 'catkin_cmake_args' from command line to 'None'
[0.337s] Level 5:colcon.colcon_core.verb:set package 'test_package' build argument 'catkin_skip_building_tests' from command line to 'False'
[0.337s] DEBUG:colcon.colcon_core.verb:Building package 'test_package' with the following arguments: {'ament_cmake_args': None, 'build_base': '/home/mscrobotics2425laptop24/Documents/Robotics_project/rp_ws/build/test_package', 'catkin_cmake_args': None, 'catkin_skip_building_tests': False, 'cmake_args': None, 'cmake_clean_cache': False, 'cmake_clean_first': False, 'cmake_force_configure': False, 'cmake_target': None, 'cmake_target_skip_unavailable': False, 'install_base': '/home/mscrobotics2425laptop24/Documents/Robotics_project/rp_ws/install/test_package', 'merge_install': False, 'path': '/home/mscrobotics2425laptop24/Documents/Robotics_project/rp_ws/src/test_package', 'symlink_install': False, 'test_result_base': None}
[0.337s] INFO:colcon.colcon_core.executor:Executing jobs using 'parallel' executor
[0.339s] DEBUG:colcon.colcon_parallel_executor.executor.parallel:run_until_complete
[0.339s] INFO:colcon.colcon_ros.task.ament_cmake.build:Building ROS package in '/home/mscrobotics2425laptop24/Documents/Robotics_project/rp_ws/src/rplidar_ros' with build type 'ament_cmake'
[0.339s] INFO:colcon.colcon_cmake.task.cmake.build:Building CMake package in '/home/mscrobotics2425laptop24/Documents/Robotics_project/rp_ws/src/rplidar_ros'
[0.341s] INFO:colcon.colcon_core.plugin_system:Skipping extension 'colcon_core.shell.bat': Not used on non-Windows systems
[0.342s] INFO:colcon.colcon_core.shell:Skip shell extension 'powershell' for command environment: Not usable outside of PowerShell
[0.342s] DEBUG:colcon.colcon_core.shell:Skip shell extension 'dsv' for command environment
[0.363s] DEBUG:colcon.colcon_core.event_handler.log_command:Invoking command in '/home/mscrobotics2425laptop24/Documents/Robotics_project/rp_ws/build/rplidar_ros': CMAKE_PREFIX_PATH=${CMAKE_PREFIX_PATH}:/home/mscrobotics2425laptop24/interbotix_ws/install/interbotix_xs_modules:/home/mscrobotics2425laptop24/interbotix_ws/install/interbotix_perception_modules:/home/mscrobotics2425laptop24/interbotix_ws/install/interbotix_common_modules:/opt/ros/humble /usr/bin/cmake /home/mscrobotics2425laptop24/Documents/Robotics_project/rp_ws/src/rplidar_ros -DCMAKE_INSTALL_PREFIX=/home/mscrobotics2425laptop24/Documents/Robotics_project/rp_ws/install/rplidar_ros
[1.226s] DEBUG:colcon.colcon_core.event_handler.log_command:Invoked command in '/home/mscrobotics2425laptop24/Documents/Robotics_project/rp_ws/build/rplidar_ros' returned '0': CMAKE_PREFIX_PATH=${CMAKE_PREFIX_PATH}:/home/mscrobotics2425laptop24/interbotix_ws/install/interbotix_xs_modules:/home/mscrobotics2425laptop24/interbotix_ws/install/interbotix_perception_modules:/home/mscrobotics2425laptop24/interbotix_ws/install/interbotix_common_modules:/opt/ros/humble /usr/bin/cmake /home/mscrobotics2425laptop24/Documents/Robotics_project/rp_ws/src/rplidar_ros -DCMAKE_INSTALL_PREFIX=/home/mscrobotics2425laptop24/Documents/Robotics_project/rp_ws/install/rplidar_ros
[1.229s] DEBUG:colcon.colcon_core.event_handler.log_command:Invoking command in '/home/mscrobotics2425laptop24/Documents/Robotics_project/rp_ws/build/rplidar_ros': CMAKE_PREFIX_PATH=${CMAKE_PREFIX_PATH}:/home/mscrobotics2425laptop24/interbotix_ws/install/interbotix_xs_modules:/home/mscrobotics2425laptop24/interbotix_ws/install/interbotix_perception_modules:/home/mscrobotics2425laptop24/interbotix_ws/install/interbotix_common_modules:/opt/ros/humble /usr/bin/cmake --build /home/mscrobotics2425laptop24/Documents/Robotics_project/rp_ws/build/rplidar_ros -- -j12 -l12
[1.398s] DEBUG:colcon.colcon_core.event_handler.log_command:Invoked command in '/home/mscrobotics2425laptop24/Documents/Robotics_project/rp_ws/build/rplidar_ros' returned '0': CMAKE_PREFIX_PATH=${CMAKE_PREFIX_PATH}:/home/mscrobotics2425laptop24/interbotix_ws/install/interbotix_xs_modules:/home/mscrobotics2425laptop24/interbotix_ws/install/interbotix_perception_modules:/home/mscrobotics2425laptop24/interbotix_ws/install/interbotix_common_modules:/opt/ros/humble /usr/bin/cmake --build /home/mscrobotics2425laptop24/Documents/Robotics_project/rp_ws/build/rplidar_ros -- -j12 -l12
[1.542s] DEBUG:colcon.colcon_core.event_handler.log_command:Invoking command in '/home/mscrobotics2425laptop24/Documents/Robotics_project/rp_ws/build/rplidar_ros': CMAKE_PREFIX_PATH=${CMAKE_PREFIX_PATH}:/home/mscrobotics2425laptop24/interbotix_ws/install/interbotix_xs_modules:/home/mscrobotics2425laptop24/interbotix_ws/install/interbotix_perception_modules:/home/mscrobotics2425laptop24/interbotix_ws/install/interbotix_common_modules:/opt/ros/humble /usr/bin/cmake --install /home/mscrobotics2425laptop24/Documents/Robotics_project/rp_ws/build/rplidar_ros
[1.591s] Level 1:colcon.colcon_core.environment:create_environment_scripts_only(rplidar_ros)
[1.593s] DEBUG:colcon.colcon_core.event_handler.log_command:Invoked command in '/home/mscrobotics2425laptop24/Documents/Robotics_project/rp_ws/build/rplidar_ros' returned '0': CMAKE_PREFIX_PATH=${CMAKE_PREFIX_PATH}:/home/mscrobotics2425laptop24/interbotix_ws/install/interbotix_xs_modules:/home/mscrobotics2425laptop24/interbotix_ws/install/interbotix_perception_modules:/home/mscrobotics2425laptop24/interbotix_ws/install/interbotix_common_modules:/opt/ros/humble /usr/bin/cmake --install /home/mscrobotics2425laptop24/Documents/Robotics_project/rp_ws/build/rplidar_ros
[1.598s] Level 1:colcon.colcon_core.environment:checking '/home/mscrobotics2425laptop24/Documents/Robotics_project/rp_ws/install/rplidar_ros' for CMake module files
[1.599s] Level 1:colcon.colcon_core.environment:checking '/home/mscrobotics2425laptop24/Documents/Robotics_project/rp_ws/install/rplidar_ros' for CMake config files
[1.600s] Level 1:colcon.colcon_core.shell:create_environment_hook('rplidar_ros', 'cmake_prefix_path')
[1.600s] INFO:colcon.colcon_core.shell:Creating environment hook '/home/mscrobotics2425laptop24/Documents/Robotics_project/rp_ws/install/rplidar_ros/share/rplidar_ros/hook/cmake_prefix_path.ps1'
[1.601s] INFO:colcon.colcon_core.shell:Creating environment descriptor '/home/mscrobotics2425laptop24/Documents/Robotics_project/rp_ws/install/rplidar_ros/share/rplidar_ros/hook/cmake_prefix_path.dsv'
[1.602s] INFO:colcon.colcon_core.shell:Creating environment hook '/home/mscrobotics2425laptop24/Documents/Robotics_project/rp_ws/install/rplidar_ros/share/rplidar_ros/hook/cmake_prefix_path.sh'
[1.604s] Level 1:colcon.colcon_core.environment:checking '/home/mscrobotics2425laptop24/Documents/Robotics_project/rp_ws/install/rplidar_ros/lib'
[1.604s] Level 1:colcon.colcon_core.environment:checking '/home/mscrobotics2425laptop24/Documents/Robotics_project/rp_ws/install/rplidar_ros/bin'
[1.604s] Level 1:colcon.colcon_core.environment:checking '/home/mscrobotics2425laptop24/Documents/Robotics_project/rp_ws/install/rplidar_ros/lib/pkgconfig/rplidar_ros.pc'
[1.605s] Level 1:colcon.colcon_core.environment:checking '/home/mscrobotics2425laptop24/Documents/Robotics_project/rp_ws/install/rplidar_ros/lib/python3.10/site-packages'
[1.605s] Level 1:colcon.colcon_core.environment:checking '/home/mscrobotics2425laptop24/Documents/Robotics_project/rp_ws/install/rplidar_ros/bin'
[1.606s] INFO:colcon.colcon_core.shell:Creating package script '/home/mscrobotics2425laptop24/Documents/Robotics_project/rp_ws/install/rplidar_ros/share/rplidar_ros/package.ps1'
[1.608s] INFO:colcon.colcon_core.shell:Creating package descriptor '/home/mscrobotics2425laptop24/Documents/Robotics_project/rp_ws/install/rplidar_ros/share/rplidar_ros/package.dsv'
[1.609s] INFO:colcon.colcon_core.shell:Creating package script '/home/mscrobotics2425laptop24/Documents/Robotics_project/rp_ws/install/rplidar_ros/share/rplidar_ros/package.sh'
[1.611s] INFO:colcon.colcon_core.shell:Creating package script '/home/mscrobotics2425laptop24/Documents/Robotics_project/rp_ws/install/rplidar_ros/share/rplidar_ros/package.bash'
[1.612s] INFO:colcon.colcon_core.shell:Creating package script '/home/mscrobotics2425laptop24/Documents/Robotics_project/rp_ws/install/rplidar_ros/share/rplidar_ros/package.zsh'
[1.614s] Level 1:colcon.colcon_core.environment:create_file_with_runtime_dependencies(/home/mscrobotics2425laptop24/Documents/Robotics_project/rp_ws/install/rplidar_ros/share/colcon-core/packages/rplidar_ros)
[1.744s] Level 1:colcon.colcon_core.environment:create_environment_scripts_only(rplidar_ros)
[1.745s] Level 1:colcon.colcon_core.environment:checking '/home/mscrobotics2425laptop24/Documents/Robotics_project/rp_ws/install/rplidar_ros' for CMake module files
[1.746s] Level 1:colcon.colcon_core.environment:checking '/home/mscrobotics2425laptop24/Documents/Robotics_project/rp_ws/install/rplidar_ros' for CMake config files
[1.747s] Level 1:colcon.colcon_core.shell:create_environment_hook('rplidar_ros', 'cmake_prefix_path')
[1.748s] INFO:colcon.colcon_core.shell:Creating environment hook '/home/mscrobotics2425laptop24/Documents/Robotics_project/rp_ws/install/rplidar_ros/share/rplidar_ros/hook/cmake_prefix_path.ps1'
[1.749s] INFO:colcon.colcon_core.shell:Creating environment descriptor '/home/mscrobotics2425laptop24/Documents/Robotics_project/rp_ws/install/rplidar_ros/share/rplidar_ros/hook/cmake_prefix_path.dsv'
[1.750s] INFO:colcon.colcon_core.shell:Creating environment hook '/home/mscrobotics2425laptop24/Documents/Robotics_project/rp_ws/install/rplidar_ros/share/rplidar_ros/hook/cmake_prefix_path.sh'
[1.752s] Level 1:colcon.colcon_core.environment:checking '/home/mscrobotics2425laptop24/Documents/Robotics_project/rp_ws/install/rplidar_ros/lib'
[1.753s] Level 1:colcon.colcon_core.environment:checking '/home/mscrobotics2425laptop24/Documents/Robotics_project/rp_ws/install/rplidar_ros/bin'
[1.753s] Level 1:colcon.colcon_core.environment:checking '/home/mscrobotics2425laptop24/Documents/Robotics_project/rp_ws/install/rplidar_ros/lib/pkgconfig/rplidar_ros.pc'
[1.754s] Level 1:colcon.colcon_core.environment:checking '/home/mscrobotics2425laptop24/Documents/Robotics_project/rp_ws/install/rplidar_ros/lib/python3.10/site-packages'
[1.754s] Level 1:colcon.colcon_core.environment:checking '/home/mscrobotics2425laptop24/Documents/Robotics_project/rp_ws/install/rplidar_ros/bin'
[1.755s] INFO:colcon.colcon_core.shell:Creating package script '/home/mscrobotics2425laptop24/Documents/Robotics_project/rp_ws/install/rplidar_ros/share/rplidar_ros/package.ps1'
[1.757s] INFO:colcon.colcon_core.shell:Creating package descriptor '/home/mscrobotics2425laptop24/Documents/Robotics_project/rp_ws/install/rplidar_ros/share/rplidar_ros/package.dsv'
[1.758s] INFO:colcon.colcon_core.shell:Creating package script '/home/mscrobotics2425laptop24/Documents/Robotics_project/rp_ws/install/rplidar_ros/share/rplidar_ros/package.sh'
[1.759s] INFO:colcon.colcon_core.shell:Creating package script '/home/mscrobotics2425laptop24/Documents/Robotics_project/rp_ws/install/rplidar_ros/share/rplidar_ros/package.bash'
[1.761s] INFO:colcon.colcon_core.shell:Creating package script '/home/mscrobotics2425laptop24/Documents/Robotics_project/rp_ws/install/rplidar_ros/share/rplidar_ros/package.zsh'
[1.763s] Level 1:colcon.colcon_core.environment:create_file_with_runtime_dependencies(/home/mscrobotics2425laptop24/Documents/Robotics_project/rp_ws/install/rplidar_ros/share/colcon-core/packages/rplidar_ros)
[1.764s] INFO:colcon.colcon_ros.task.ament_python.build:Building ROS package in '/home/mscrobotics2425laptop24/Documents/Robotics_project/rp_ws/src/test_package' with build type 'ament_python'
[1.765s] Level 1:colcon.colcon_core.shell:create_environment_hook('test_package', 'ament_prefix_path')
[1.766s] INFO:colcon.colcon_core.shell:Creating environment hook '/home/mscrobotics2425laptop24/Documents/Robotics_project/rp_ws/install/test_package/share/test_package/hook/ament_prefix_path.ps1'
[1.769s] INFO:colcon.colcon_core.shell:Creating environment descriptor '/home/mscrobotics2425laptop24/Documents/Robotics_project/rp_ws/install/test_package/share/test_package/hook/ament_prefix_path.dsv'
[1.771s] INFO:colcon.colcon_core.shell:Creating environment hook '/home/mscrobotics2425laptop24/Documents/Robotics_project/rp_ws/install/test_package/share/test_package/hook/ament_prefix_path.sh'
[1.773s] INFO:colcon.colcon_core.shell:Skip shell extension 'powershell' for command environment: Not usable outside of PowerShell
[1.774s] DEBUG:colcon.colcon_core.shell:Skip shell extension 'dsv' for command environment
[2.112s] INFO:colcon.colcon_core.task.python.build:Building Python package in '/home/mscrobotics2425laptop24/Documents/Robotics_project/rp_ws/src/test_package'
[2.112s] INFO:colcon.colcon_core.shell:Skip shell extension 'powershell' for command environment: Not usable outside of PowerShell
[2.112s] DEBUG:colcon.colcon_core.shell:Skip shell extension 'dsv' for command environment
[2.551s] DEBUG:colcon.colcon_core.event_handler.log_command:Invoking command in '/home/mscrobotics2425laptop24/Documents/Robotics_project/rp_ws/src/test_package': CMAKE_PREFIX_PATH=/home/mscrobotics2425laptop24/Documents/Robotics_project/rp_ws/install/rplidar_ros:/home/mscrobotics2425laptop24/interbotix_ws/install/interbotix_ros_xsarms_examples:/home/mscrobotics2425laptop24/interbotix_ws/install/interbotix_xsarm_moveit_interface:/home/mscrobotics2425laptop24/interbotix_ws/install/interbotix_moveit_interface:/home/mscrobotics2425laptop24/interbotix_ws/install/moveit_visual_tools:/home/mscrobotics2425laptop24/interbotix_ws/install/interbotix_ros_xsarms:/home/mscrobotics2425laptop24/interbotix_ws/install/interbotix_xsarm_moveit:/home/mscrobotics2425laptop24/interbotix_ws/install/interbotix_xsarm_sim:/home/mscrobotics2425laptop24/interbotix_ws/install/interbotix_xsarm_ros_control:/home/mscrobotics2425laptop24/interbotix_ws/install/interbotix_xsarm_puppet:/home/mscrobotics2425laptop24/interbotix_ws/install/interbotix_xsarm_perception:/home/mscrobotics2425laptop24/interbotix_ws/install/interbotix_xsarm_joy:/home/mscrobotics2425laptop24/interbotix_ws/install/interbotix_xsarm_gravity_compensation:/home/mscrobotics2425laptop24/interbotix_ws/install/interbotix_xsarm_dual:/home/mscrobotics2425laptop24/interbotix_ws/install/interbotix_xsarm_control:/home/mscrobotics2425laptop24/interbotix_ws/install/interbotix_xsarm_descriptions:/home/mscrobotics2425laptop24/interbotix_ws/install/interbotix_xs_toolbox:/home/mscrobotics2425laptop24/interbotix_ws/install/interbotix_xs_rviz:/home/mscrobotics2425laptop24/interbotix_ws/install/interbotix_ros_xseries:/home/mscrobotics2425laptop24/interbotix_ws/install/interbotix_xs_sdk:/home/mscrobotics2425laptop24/interbotix_ws/install/interbotix_xs_ros_control:/home/mscrobotics2425laptop24/interbotix_ws/install/interbotix_perception_toolbox:/home/mscrobotics2425laptop24/interbotix_ws/install/interbotix_perception_pipelines:/home/mscrobotics2425laptop24/interbotix_ws/install/interbotix_common_toolbox:/home/mscrobotics2425laptop24/interbotix_ws/install/interbotix_gravity_compensation:/home/mscrobotics2425laptop24/interbotix_ws/install/interbotix_xs_msgs:/home/mscrobotics2425laptop24/interbotix_ws/install/interbotix_xs_driver:/home/mscrobotics2425laptop24/interbotix_ws/install/interbotix_tf_tools:/home/mscrobotics2425laptop24/interbotix_ws/install/interbotix_perception_msgs:/home/mscrobotics2425laptop24/interbotix_ws/install/interbotix_moveit_interface_msgs:/home/mscrobotics2425laptop24/interbotix_ws/install/interbotix_common_sim:/home/mscrobotics2425laptop24/interbotix_ws/install/dynamixel_workbench_toolbox:/home/mscrobotics2425laptop24/apriltag_ws/install/apriltag_ros PYTHONPATH=/home/mscrobotics2425laptop24/Documents/Robotics_project/rp_ws/build/test_package/prefix_override:/home/mscrobotics2425laptop24/.local/lib/python3.10/site-packages/colcon_core/task/python/colcon_distutils_commands:/home/mscrobotics2425laptop24/Documents/Robotics_project/rp_ws/install/test_package/lib/python3.10/site-packages:${PYTHONPATH} /usr/bin/python3 -W ignore:setup.py install is deprecated setup.py egg_info --egg-base ../../build/test_package build --build-base /home/mscrobotics2425laptop24/Documents/Robotics_project/rp_ws/build/test_package/build install --record /home/mscrobotics2425laptop24/Documents/Robotics_project/rp_ws/build/test_package/install.log --single-version-externally-managed install_data
[2.847s] Level 1:colcon.colcon_core.environment:checking '/home/mscrobotics2425laptop24/Documents/Robotics_project/rp_ws/install/test_package' for CMake module files
[2.848s] DEBUG:colcon.colcon_core.event_handler.log_command:Invoked command in '/home/mscrobotics2425laptop24/Documents/Robotics_project/rp_ws/src/test_package' returned '0': CMAKE_PREFIX_PATH=/home/mscrobotics2425laptop24/Documents/Robotics_project/rp_ws/install/rplidar_ros:/home/mscrobotics2425laptop24/interbotix_ws/install/interbotix_ros_xsarms_examples:/home/mscrobotics2425laptop24/interbotix_ws/install/interbotix_xsarm_moveit_interface:/home/mscrobotics2425laptop24/interbotix_ws/install/interbotix_moveit_interface:/home/mscrobotics2425laptop24/interbotix_ws/install/moveit_visual_tools:/home/mscrobotics2425laptop24/interbotix_ws/install/interbotix_ros_xsarms:/home/mscrobotics2425laptop24/interbotix_ws/install/interbotix_xsarm_moveit:/home/mscrobotics2425laptop24/interbotix_ws/install/interbotix_xsarm_sim:/home/mscrobotics2425laptop24/interbotix_ws/install/interbotix_xsarm_ros_control:/home/mscrobotics2425laptop24/interbotix_ws/install/interbotix_xsarm_puppet:/home/mscrobotics2425laptop24/interbotix_ws/install/interbotix_xsarm_perception:/home/mscrobotics2425laptop24/interbotix_ws/install/interbotix_xsarm_joy:/home/mscrobotics2425laptop24/interbotix_ws/install/interbotix_xsarm_gravity_compensation:/home/mscrobotics2425laptop24/interbotix_ws/install/interbotix_xsarm_dual:/home/mscrobotics2425laptop24/interbotix_ws/install/interbotix_xsarm_control:/home/mscrobotics2425laptop24/interbotix_ws/install/interbotix_xsarm_descriptions:/home/mscrobotics2425laptop24/interbotix_ws/install/interbotix_xs_toolbox:/home/mscrobotics2425laptop24/interbotix_ws/install/interbotix_xs_rviz:/home/mscrobotics2425laptop24/interbotix_ws/install/interbotix_ros_xseries:/home/mscrobotics2425laptop24/interbotix_ws/install/interbotix_xs_sdk:/home/mscrobotics2425laptop24/interbotix_ws/install/interbotix_xs_ros_control:/home/mscrobotics2425laptop24/interbotix_ws/install/interbotix_perception_toolbox:/home/mscrobotics2425laptop24/interbotix_ws/install/interbotix_perception_pipelines:/home/mscrobotics2425laptop24/interbotix_ws/install/interbotix_common_toolbox:/home/mscrobotics2425laptop24/interbotix_ws/install/interbotix_gravity_compensation:/home/mscrobotics2425laptop24/interbotix_ws/install/interbotix_xs_msgs:/home/mscrobotics2425laptop24/interbotix_ws/install/interbotix_xs_driver:/home/mscrobotics2425laptop24/interbotix_ws/install/interbotix_tf_tools:/home/mscrobotics2425laptop24/interbotix_ws/install/interbotix_perception_msgs:/home/mscrobotics2425laptop24/interbotix_ws/install/interbotix_moveit_interface_msgs:/home/mscrobotics2425laptop24/interbotix_ws/install/interbotix_common_sim:/home/mscrobotics2425laptop24/interbotix_ws/install/dynamixel_workbench_toolbox:/home/mscrobotics2425laptop24/apriltag_ws/install/apriltag_ros PYTHONPATH=/home/mscrobotics2425laptop24/Documents/Robotics_project/rp_ws/build/test_package/prefix_override:/home/mscrobotics2425laptop24/.local/lib/python3.10/site-packages/colcon_core/task/python/colcon_distutils_commands:/home/mscrobotics2425laptop24/Documents/Robotics_project/rp_ws/install/test_package/lib/python3.10/site-packages:${PYTHONPATH} /usr/bin/python3 -W ignore:setup.py install is deprecated setup.py egg_info --egg-base ../../build/test_package build --build-base /home/mscrobotics2425laptop24/Documents/Robotics_project/rp_ws/build/test_package/build install --record /home/mscrobotics2425laptop24/Documents/Robotics_project/rp_ws/build/test_package/install.log --single-version-externally-managed install_data
[2.848s] Level 1:colcon.colcon_core.environment:checking '/home/mscrobotics2425laptop24/Documents/Robotics_project/rp_ws/install/test_package' for CMake config files
[2.849s] Level 1:colcon.colcon_core.environment:checking '/home/mscrobotics2425laptop24/Documents/Robotics_project/rp_ws/install/test_package/lib'
[2.849s] Level 1:colcon.colcon_core.environment:checking '/home/mscrobotics2425laptop24/Documents/Robotics_project/rp_ws/install/test_package/bin'
[2.849s] Level 1:colcon.colcon_core.environment:checking '/home/mscrobotics2425laptop24/Documents/Robotics_project/rp_ws/install/test_package/lib/pkgconfig/test_package.pc'
[2.850s] Level 1:colcon.colcon_core.environment:checking '/home/mscrobotics2425laptop24/Documents/Robotics_project/rp_ws/install/test_package/lib/python3.10/site-packages'
[2.850s] Level 1:colcon.colcon_core.shell:create_environment_hook('test_package', 'pythonpath')
[2.850s] INFO:colcon.colcon_core.shell:Creating environment hook '/home/mscrobotics2425laptop24/Documents/Robotics_project/rp_ws/install/test_package/share/test_package/hook/pythonpath.ps1'
[2.851s] INFO:colcon.colcon_core.shell:Creating environment descriptor '/home/mscrobotics2425laptop24/Documents/Robotics_project/rp_ws/install/test_package/share/test_package/hook/pythonpath.dsv'
[2.851s] INFO:colcon.colcon_core.shell:Creating environment hook '/home/mscrobotics2425laptop24/Documents/Robotics_project/rp_ws/install/test_package/share/test_package/hook/pythonpath.sh'
[2.853s] Level 1:colcon.colcon_core.environment:checking '/home/mscrobotics2425laptop24/Documents/Robotics_project/rp_ws/install/test_package/bin'
[2.853s] Level 1:colcon.colcon_core.environment:create_environment_scripts_only(test_package)
[2.854s] INFO:colcon.colcon_core.shell:Creating package script '/home/mscrobotics2425laptop24/Documents/Robotics_project/rp_ws/install/test_package/share/test_package/package.ps1'
[2.854s] INFO:colcon.colcon_core.shell:Creating package descriptor '/home/mscrobotics2425laptop24/Documents/Robotics_project/rp_ws/install/test_package/share/test_package/package.dsv'
[2.854s] INFO:colcon.colcon_core.shell:Creating package script '/home/mscrobotics2425laptop24/Documents/Robotics_project/rp_ws/install/test_package/share/test_package/package.sh'
[2.855s] INFO:colcon.colcon_core.shell:Creating package script '/home/mscrobotics2425laptop24/Documents/Robotics_project/rp_ws/install/test_package/share/test_package/package.bash'
[2.855s] INFO:colcon.colcon_core.shell:Creating package script '/home/mscrobotics2425laptop24/Documents/Robotics_project/rp_ws/install/test_package/share/test_package/package.zsh'
[2.855s] Level 1:colcon.colcon_core.environment:create_file_with_runtime_dependencies(/home/mscrobotics2425laptop24/Documents/Robotics_project/rp_ws/install/test_package/share/colcon-core/packages/test_package)
[2.856s] DEBUG:colcon.colcon_parallel_executor.executor.parallel:closing loop
[2.857s] DEBUG:colcon.colcon_parallel_executor.executor.parallel:loop closed
[2.857s] DEBUG:colcon.colcon_parallel_executor.executor.parallel:run_until_complete finished with '0'
[2.857s] DEBUG:colcon.colcon_core.event_reactor:joining thread
[2.877s] INFO:colcon.colcon_core.plugin_system:Skipping extension 'colcon_notification.desktop_notification.terminal_notifier': Not used on non-Darwin systems
[2.877s] INFO:colcon.colcon_core.plugin_system:Skipping extension 'colcon_notification.desktop_notification.win32': Not used on non-Windows systems
[2.877s] INFO:colcon.colcon_notification.desktop_notification:Sending desktop notification using 'notify2'
[2.897s] DEBUG:colcon.colcon_core.event_reactor:joined thread
[2.897s] INFO:colcon.colcon_core.shell:Creating prefix script '/home/mscrobotics2425laptop24/Documents/Robotics_project/rp_ws/install/local_setup.ps1'
[2.899s] INFO:colcon.colcon_core.shell:Creating prefix util module '/home/mscrobotics2425laptop24/Documents/Robotics_project/rp_ws/install/_local_setup_util_ps1.py'
[2.902s] INFO:colcon.colcon_core.shell:Creating prefix chain script '/home/mscrobotics2425laptop24/Documents/Robotics_project/rp_ws/install/setup.ps1'
[2.908s] INFO:colcon.colcon_core.shell:Creating prefix script '/home/mscrobotics2425laptop24/Documents/Robotics_project/rp_ws/install/local_setup.sh'
[2.909s] INFO:colcon.colcon_core.shell:Creating prefix util module '/home/mscrobotics2425laptop24/Documents/Robotics_project/rp_ws/install/_local_setup_util_sh.py'
[2.909s] INFO:colcon.colcon_core.shell:Creating prefix chain script '/home/mscrobotics2425laptop24/Documents/Robotics_project/rp_ws/install/setup.sh'
[2.911s] INFO:colcon.colcon_core.shell:Creating prefix script '/home/mscrobotics2425laptop24/Documents/Robotics_project/rp_ws/install/local_setup.bash'
[2.912s] INFO:colcon.colcon_core.shell:Creating prefix chain script '/home/mscrobotics2425laptop24/Documents/Robotics_project/rp_ws/install/setup.bash'
[2.915s] INFO:colcon.colcon_core.shell:Creating prefix script '/home/mscrobotics2425laptop24/Documents/Robotics_project/rp_ws/install/local_setup.zsh'
[2.915s] INFO:colcon.colcon_core.shell:Creating prefix chain script '/home/mscrobotics2425laptop24/Documents/Robotics_project/rp_ws/install/setup.zsh'
