[0.158s] Invoking command in '/home/bestteamever/leo_sim_ws/build/leo_gz_plugins': CMAKE_PREFIX_PATH=${CMAKE_PREFIX_PATH}:/home/bestteamever/leo_sim_ws/install/navigation_demos:/home/bestteamever/leo_sim_ws/install/leo_description:/opt/ros/humble /usr/bin/cmake --build /home/bestteamever/leo_sim_ws/build/leo_gz_plugins -- -j16 -l16
[0.294s] [35m[1mConsolidate compiler generated dependencies of target leo_gz_differential_plugin[0m
[0.294s] [100%] Built target leo_gz_differential_plugin
[0.304s] Invoked command in '/home/bestteamever/leo_sim_ws/build/leo_gz_plugins' returned '0': CMAKE_PREFIX_PATH=${CMAKE_PREFIX_PATH}:/home/bestteamever/leo_sim_ws/install/navigation_demos:/home/bestteamever/leo_sim_ws/install/leo_description:/opt/ros/humble /usr/bin/cmake --build /home/bestteamever/leo_sim_ws/build/leo_gz_plugins -- -j16 -l16
[0.305s] Invoking command in '/home/bestteamever/leo_sim_ws/build/leo_gz_plugins': CMAKE_PREFIX_PATH=${CMAKE_PREFIX_PATH}:/home/bestteamever/leo_sim_ws/install/navigation_demos:/home/bestteamever/leo_sim_ws/install/leo_description:/opt/ros/humble /usr/bin/cmake --install /home/bestteamever/leo_sim_ws/build/leo_gz_plugins
[0.313s] -- Install configuration: ""
[0.313s] -- Up-to-date: /home/bestteamever/leo_sim_ws/install/leo_gz_plugins/lib/libleo_gz_differential_plugin.so
[0.313s] -- Up-to-date: /home/bestteamever/leo_sim_ws/install/leo_gz_plugins/share/leo_gz_plugins/environment/gz_sim_system_plugin_path.sh
[0.313s] -- Up-to-date: /home/bestteamever/leo_sim_ws/install/leo_gz_plugins/share/leo_gz_plugins/environment/gz_sim_system_plugin_path.dsv
[0.313s] -- Up-to-date: /home/bestteamever/leo_sim_ws/install/leo_gz_plugins/share/ament_index/resource_index/package_run_dependencies/leo_gz_plugins
[0.313s] -- Up-to-date: /home/bestteamever/leo_sim_ws/install/leo_gz_plugins/share/ament_index/resource_index/parent_prefix_path/leo_gz_plugins
[0.313s] -- Up-to-date: /home/bestteamever/leo_sim_ws/install/leo_gz_plugins/share/leo_gz_plugins/environment/ament_prefix_path.sh
[0.313s] -- Up-to-date: /home/bestteamever/leo_sim_ws/install/leo_gz_plugins/share/leo_gz_plugins/environment/ament_prefix_path.dsv
[0.313s] -- Up-to-date: /home/bestteamever/leo_sim_ws/install/leo_gz_plugins/share/leo_gz_plugins/environment/path.sh
[0.313s] -- Up-to-date: /home/bestteamever/leo_sim_ws/install/leo_gz_plugins/share/leo_gz_plugins/environment/path.dsv
[0.313s] -- Up-to-date: /home/bestteamever/leo_sim_ws/install/leo_gz_plugins/share/leo_gz_plugins/local_setup.bash
[0.313s] -- Up-to-date: /home/bestteamever/leo_sim_ws/install/leo_gz_plugins/share/leo_gz_plugins/local_setup.sh
[0.313s] -- Up-to-date: /home/bestteamever/leo_sim_ws/install/leo_gz_plugins/share/leo_gz_plugins/local_setup.zsh
[0.314s] -- Up-to-date: /home/bestteamever/leo_sim_ws/install/leo_gz_plugins/share/leo_gz_plugins/local_setup.dsv
[0.314s] -- Installing: /home/bestteamever/leo_sim_ws/install/leo_gz_plugins/share/leo_gz_plugins/package.dsv
[0.314s] -- Up-to-date: /home/bestteamever/leo_sim_ws/install/leo_gz_plugins/share/ament_index/resource_index/packages/leo_gz_plugins
[0.314s] -- Up-to-date: /home/bestteamever/leo_sim_ws/install/leo_gz_plugins/share/leo_gz_plugins/cmake/leo_gz_pluginsConfig.cmake
[0.314s] -- Up-to-date: /home/bestteamever/leo_sim_ws/install/leo_gz_plugins/share/leo_gz_plugins/cmake/leo_gz_pluginsConfig-version.cmake
[0.314s] -- Up-to-date: /home/bestteamever/leo_sim_ws/install/leo_gz_plugins/share/leo_gz_plugins/package.xml
[0.329s] Invoked command in '/home/bestteamever/leo_sim_ws/build/leo_gz_plugins' returned '0': CMAKE_PREFIX_PATH=${CMAKE_PREFIX_PATH}:/home/bestteamever/leo_sim_ws/install/navigation_demos:/home/bestteamever/leo_sim_ws/install/leo_description:/opt/ros/humble /usr/bin/cmake --install /home/bestteamever/leo_sim_ws/build/leo_gz_plugins
