[0.298s] Invoking command in '/home/bestteamever/leo_sim_ws/build/pointcloud_to_laserscan': CMAKE_PREFIX_PATH=${CMAKE_PREFIX_PATH}:/home/bestteamever/leo_sim_ws/install/navigation_demos:/home/bestteamever/leo_sim_ws/install/leo_description:/opt/ros/humble /usr/bin/cmake --build /home/bestteamever/leo_sim_ws/build/pointcloud_to_laserscan -- -j16 -l16
[0.330s] [35m[1mConsolidate compiler generated dependencies of target pointcloud_to_laserscan_node[0m
[0.331s] [35m[1mConsolidate compiler generated dependencies of target laserscan_to_pointcloud_node[0m
[0.331s] [35m[1mConsolidate compiler generated dependencies of target laserscan_to_pointcloud[0m
[0.347s] [ 40%] Built target pointcloud_to_laserscan_node
[0.347s] [ 40%] Built target laserscan_to_pointcloud_node
[0.347s] [ 60%] Built target laserscan_to_pointcloud
[0.355s] [35m[1mConsolidate compiler generated dependencies of target pointcloud_to_laserscan[0m
[0.370s] [ 80%] Built target pointcloud_to_laserscan
[0.379s] [35m[1mConsolidate compiler generated dependencies of target dummy_pointcloud_publisher[0m
[0.393s] [100%] Built target dummy_pointcloud_publisher
[0.402s] Invoked command in '/home/bestteamever/leo_sim_ws/build/pointcloud_to_laserscan' returned '0': CMAKE_PREFIX_PATH=${CMAKE_PREFIX_PATH}:/home/bestteamever/leo_sim_ws/install/navigation_demos:/home/bestteamever/leo_sim_ws/install/leo_description:/opt/ros/humble /usr/bin/cmake --build /home/bestteamever/leo_sim_ws/build/pointcloud_to_laserscan -- -j16 -l16
[0.404s] Invoking command in '/home/bestteamever/leo_sim_ws/build/pointcloud_to_laserscan': CMAKE_PREFIX_PATH=${CMAKE_PREFIX_PATH}:/home/bestteamever/leo_sim_ws/install/navigation_demos:/home/bestteamever/leo_sim_ws/install/leo_description:/opt/ros/humble /usr/bin/cmake --install /home/bestteamever/leo_sim_ws/build/pointcloud_to_laserscan
[0.410s] -- Install configuration: ""
[0.410s] -- Up-to-date: /home/bestteamever/leo_sim_ws/install/pointcloud_to_laserscan/lib/pointcloud_to_laserscan/laserscan_to_pointcloud_node
[0.410s] -- Up-to-date: /home/bestteamever/leo_sim_ws/install/pointcloud_to_laserscan/lib/pointcloud_to_laserscan/pointcloud_to_laserscan_node
[0.411s] -- Up-to-date: /home/bestteamever/leo_sim_ws/install/pointcloud_to_laserscan/include
[0.411s] -- Up-to-date: /home/bestteamever/leo_sim_ws/install/pointcloud_to_laserscan/include/pointcloud_to_laserscan
[0.411s] -- Up-to-date: /home/bestteamever/leo_sim_ws/install/pointcloud_to_laserscan/include/pointcloud_to_laserscan/pointcloud_to_laserscan_node.hpp
[0.411s] -- Up-to-date: /home/bestteamever/leo_sim_ws/install/pointcloud_to_laserscan/include/pointcloud_to_laserscan/visibility_control.h
[0.411s] -- Up-to-date: /home/bestteamever/leo_sim_ws/install/pointcloud_to_laserscan/include/pointcloud_to_laserscan/laserscan_to_pointcloud_node.hpp
[0.411s] -- Up-to-date: /home/bestteamever/leo_sim_ws/install/pointcloud_to_laserscan/share/pointcloud_to_laserscan/environment/library_path.sh
[0.411s] -- Up-to-date: /home/bestteamever/leo_sim_ws/install/pointcloud_to_laserscan/share/pointcloud_to_laserscan/environment/library_path.dsv
[0.411s] -- Up-to-date: /home/bestteamever/leo_sim_ws/install/pointcloud_to_laserscan/lib/liblaserscan_to_pointcloud.so
[0.411s] -- Up-to-date: /home/bestteamever/leo_sim_ws/install/pointcloud_to_laserscan/lib/libpointcloud_to_laserscan.so
[0.411s] -- Up-to-date: /home/bestteamever/leo_sim_ws/install/pointcloud_to_laserscan/lib/pointcloud_to_laserscan/dummy_pointcloud_publisher
[0.411s] -- Up-to-date: /home/bestteamever/leo_sim_ws/install/pointcloud_to_laserscan/share/pointcloud_to_laserscan/launch
[0.411s] -- Up-to-date: /home/bestteamever/leo_sim_ws/install/pointcloud_to_laserscan/share/pointcloud_to_laserscan/launch/sample_laserscan_to_pointcloud_launch.py
[0.411s] -- Up-to-date: /home/bestteamever/leo_sim_ws/install/pointcloud_to_laserscan/share/pointcloud_to_laserscan/launch/sample_pointcloud_to_laserscan_launch.py
[0.411s] -- Up-to-date: /home/bestteamever/leo_sim_ws/install/pointcloud_to_laserscan/share/ament_index/resource_index/package_run_dependencies/pointcloud_to_laserscan
[0.412s] -- Up-to-date: /home/bestteamever/leo_sim_ws/install/pointcloud_to_laserscan/share/ament_index/resource_index/parent_prefix_path/pointcloud_to_laserscan
[0.412s] -- Up-to-date: /home/bestteamever/leo_sim_ws/install/pointcloud_to_laserscan/share/pointcloud_to_laserscan/environment/ament_prefix_path.sh
[0.412s] -- Up-to-date: /home/bestteamever/leo_sim_ws/install/pointcloud_to_laserscan/share/pointcloud_to_laserscan/environment/ament_prefix_path.dsv
[0.412s] -- Up-to-date: /home/bestteamever/leo_sim_ws/install/pointcloud_to_laserscan/share/pointcloud_to_laserscan/environment/path.sh
[0.412s] -- Up-to-date: /home/bestteamever/leo_sim_ws/install/pointcloud_to_laserscan/share/pointcloud_to_laserscan/environment/path.dsv
[0.412s] -- Up-to-date: /home/bestteamever/leo_sim_ws/install/pointcloud_to_laserscan/share/pointcloud_to_laserscan/local_setup.bash
[0.412s] -- Up-to-date: /home/bestteamever/leo_sim_ws/install/pointcloud_to_laserscan/share/pointcloud_to_laserscan/local_setup.sh
[0.412s] -- Up-to-date: /home/bestteamever/leo_sim_ws/install/pointcloud_to_laserscan/share/pointcloud_to_laserscan/local_setup.zsh
[0.412s] -- Up-to-date: /home/bestteamever/leo_sim_ws/install/pointcloud_to_laserscan/share/pointcloud_to_laserscan/local_setup.dsv
[0.412s] -- Installing: /home/bestteamever/leo_sim_ws/install/pointcloud_to_laserscan/share/pointcloud_to_laserscan/package.dsv
[0.412s] -- Up-to-date: /home/bestteamever/leo_sim_ws/install/pointcloud_to_laserscan/share/ament_index/resource_index/packages/pointcloud_to_laserscan
[0.412s] -- Up-to-date: /home/bestteamever/leo_sim_ws/install/pointcloud_to_laserscan/share/ament_index/resource_index/rclcpp_components/pointcloud_to_laserscan
[0.412s] -- Up-to-date: /home/bestteamever/leo_sim_ws/install/pointcloud_to_laserscan/share/pointcloud_to_laserscan/cmake/ament_cmake_export_dependencies-extras.cmake
[0.412s] -- Up-to-date: /home/bestteamever/leo_sim_ws/install/pointcloud_to_laserscan/share/pointcloud_to_laserscan/cmake/ament_cmake_export_include_directories-extras.cmake
[0.413s] -- Up-to-date: /home/bestteamever/leo_sim_ws/install/pointcloud_to_laserscan/share/pointcloud_to_laserscan/cmake/ament_cmake_export_libraries-extras.cmake
[0.413s] -- Up-to-date: /home/bestteamever/leo_sim_ws/install/pointcloud_to_laserscan/share/pointcloud_to_laserscan/cmake/pointcloud_to_laserscanConfig.cmake
[0.413s] -- Up-to-date: /home/bestteamever/leo_sim_ws/install/pointcloud_to_laserscan/share/pointcloud_to_laserscan/cmake/pointcloud_to_laserscanConfig-version.cmake
[0.413s] -- Up-to-date: /home/bestteamever/leo_sim_ws/install/pointcloud_to_laserscan/share/pointcloud_to_laserscan/package.xml
[0.414s] Invoked command in '/home/bestteamever/leo_sim_ws/build/pointcloud_to_laserscan' returned '0': CMAKE_PREFIX_PATH=${CMAKE_PREFIX_PATH}:/home/bestteamever/leo_sim_ws/install/navigation_demos:/home/bestteamever/leo_sim_ws/install/leo_description:/opt/ros/humble /usr/bin/cmake --install /home/bestteamever/leo_sim_ws/build/pointcloud_to_laserscan
