[ 50%] Built target scans_merger
[100%] Built target scans_merger_node
-- Install configuration: ""
-- Up-to-date: /home/bestteamever/leo_sim_ws/install/laser_scan_merger/lib/libscans_merger.a
-- Up-to-date: /home/bestteamever/leo_sim_ws/install/laser_scan_merger/lib/laser_scan_merger/scans_merger_node
-- Up-to-date: /home/bestteamever/leo_sim_ws/install/laser_scan_merger/lib/laser_scan_merger/scans_merger_node
-- Up-to-date: /home/bestteamever/leo_sim_ws/install/laser_scan_merger/share/laser_scan_merger//launch
-- Up-to-date: /home/bestteamever/leo_sim_ws/install/laser_scan_merger/share/laser_scan_merger//launch/laser_scan_merger.launch.xml
-- Up-to-date: /home/bestteamever/leo_sim_ws/install/laser_scan_merger/share/ament_index/resource_index/package_run_dependencies/laser_scan_merger
-- Up-to-date: /home/bestteamever/leo_sim_ws/install/laser_scan_merger/share/ament_index/resource_index/parent_prefix_path/laser_scan_merger
-- Up-to-date: /home/bestteamever/leo_sim_ws/install/laser_scan_merger/share/laser_scan_merger/environment/ament_prefix_path.sh
-- Up-to-date: /home/bestteamever/leo_sim_ws/install/laser_scan_merger/share/laser_scan_merger/environment/ament_prefix_path.dsv
-- Up-to-date: /home/bestteamever/leo_sim_ws/install/laser_scan_merger/share/laser_scan_merger/environment/path.sh
-- Up-to-date: /home/bestteamever/leo_sim_ws/install/laser_scan_merger/share/laser_scan_merger/environment/path.dsv
-- Up-to-date: /home/bestteamever/leo_sim_ws/install/laser_scan_merger/share/laser_scan_merger/local_setup.bash
-- Up-to-date: /home/bestteamever/leo_sim_ws/install/laser_scan_merger/share/laser_scan_merger/local_setup.sh
-- Up-to-date: /home/bestteamever/leo_sim_ws/install/laser_scan_merger/share/laser_scan_merger/local_setup.zsh
-- Up-to-date: /home/bestteamever/leo_sim_ws/install/laser_scan_merger/share/laser_scan_merger/local_setup.dsv
-- Installing: /home/bestteamever/leo_sim_ws/install/laser_scan_merger/share/laser_scan_merger/package.dsv
-- Up-to-date: /home/bestteamever/leo_sim_ws/install/laser_scan_merger/share/ament_index/resource_index/packages/laser_scan_merger
-- Up-to-date: /home/bestteamever/leo_sim_ws/install/laser_scan_merger/share/laser_scan_merger/cmake/laser_scan_mergerConfig.cmake
-- Up-to-date: /home/bestteamever/leo_sim_ws/install/laser_scan_merger/share/laser_scan_merger/cmake/laser_scan_mergerConfig-version.cmake
-- Up-to-date: /home/bestteamever/leo_sim_ws/install/laser_scan_merger/share/laser_scan_merger/package.xml
