/home/bestteamever/leo_sim_ws/install/leo_description/lib/python3.10/site-packages/leo_description/__init__.py
/home/bestteamever/leo_sim_ws/install/leo_description/lib/python3.10/site-packages/leo_description/__pycache__/__init__.cpython-310.pyc
/home/bestteamever/leo_sim_ws/install/leo_description/share/ament_index/resource_index/packages/leo_description
/home/bestteamever/leo_sim_ws/install/leo_description/share/leo_description/package.xml
/home/bestteamever/leo_sim_ws/install/leo_description/share/leo_description/launch/leo_gz.launch.py
/home/bestteamever/leo_sim_ws/install/leo_description/share/leo_description/launch/leo_sim.launch.py
/home/bestteamever/leo_sim_ws/install/leo_description/share/leo_description/launch/leo_rviz.launch.py
/home/bestteamever/leo_sim_ws/install/leo_description/share/leo_description/launch/leo_sim_diff_scan.launch.py
/home/bestteamever/leo_sim_ws/install/leo_description/share/leo_description/models/Rocker_outline.stl
/home/bestteamever/leo_sim_ws/install/leo_description/share/leo_description/models/WheelA.dae
/home/bestteamever/leo_sim_ws/install/leo_description/share/leo_description/models/Antenna.dae
/home/bestteamever/leo_sim_ws/install/leo_description/share/leo_description/models/Wheel_outline.stl
/home/bestteamever/leo_sim_ws/install/leo_description/share/leo_description/models/Chassis.dae
/home/bestteamever/leo_sim_ws/install/leo_description/share/leo_description/models/Chassis_outline.stl
/home/bestteamever/leo_sim_ws/install/leo_description/share/leo_description/models/WheelB.dae
/home/bestteamever/leo_sim_ws/install/leo_description/share/leo_description/models/Rocker.dae
/home/bestteamever/leo_sim_ws/install/leo_description/share/leo_description/urdf/leo_sim.urdf.xacro
/home/bestteamever/leo_sim_ws/install/leo_description/share/leo_description/urdf/leo.urdf.xacro
/home/bestteamever/leo_sim_ws/install/leo_description/share/leo_description/urdf/laser.urdf.xacro
/home/bestteamever/leo_sim_ws/install/leo_description/share/leo_description/urdf
/home/bestteamever/leo_sim_ws/install/leo_description/share/leo_description/urdf/macros.xacro
/home/bestteamever/leo_sim_ws/install/leo_description/share/leo_description/rviz/leo_view.rviz
/home/bestteamever/leo_sim_ws/install/leo_description/share/leo_description/rviz/nav2.rviz
/home/bestteamever/leo_sim_ws/install/leo_description/share/leo_description/worlds/wall.dae
/home/bestteamever/leo_sim_ws/install/leo_description/share/leo_description/worlds/hexagon.dae
/home/bestteamever/leo_sim_ws/install/leo_description/share/leo_description/worlds/tb3_exp.sdf
/home/bestteamever/leo_sim_ws/install/leo_description/share/leo_description/worlds/tb3.sdf
/home/bestteamever/leo_sim_ws/install/leo_description/share/leo_description/worlds/tb3rossymbol.sdf
/home/bestteamever/leo_sim_ws/install/leo_description/share/leo_description/worlds/tb3old.sdf
/home/bestteamever/leo_sim_ws/install/leo_description/share/leo_description/config
/home/bestteamever/leo_sim_ws/install/leo_description/share/leo_description/maps
/home/bestteamever/leo_sim_ws/install/leo_description/lib/python3.10/site-packages/leo_description-0.0.0-py3.10.egg-info/requires.txt
/home/bestteamever/leo_sim_ws/install/leo_description/lib/python3.10/site-packages/leo_description-0.0.0-py3.10.egg-info/top_level.txt
/home/bestteamever/leo_sim_ws/install/leo_description/lib/python3.10/site-packages/leo_description-0.0.0-py3.10.egg-info/PKG-INFO
/home/bestteamever/leo_sim_ws/install/leo_description/lib/python3.10/site-packages/leo_description-0.0.0-py3.10.egg-info/zip-safe
/home/bestteamever/leo_sim_ws/install/leo_description/lib/python3.10/site-packages/leo_description-0.0.0-py3.10.egg-info/entry_points.txt
/home/bestteamever/leo_sim_ws/install/leo_description/lib/python3.10/site-packages/leo_description-0.0.0-py3.10.egg-info/dependency_links.txt
/home/bestteamever/leo_sim_ws/install/leo_description/lib/python3.10/site-packages/leo_description-0.0.0-py3.10.egg-info/SOURCES.txt
