[0.055s] DEBUG:colcon:Command line arguments: ['/usr/bin/colcon', 'build']
[0.055s] DEBUG:colcon:Parsed command line arguments: Namespace(log_base=None, log_level=None, verb_name='build', build_base='build', install_base='install', merge_install=False, symlink_install=False, test_result_base=None, continue_on_error=False, executor='parallel', parallel_workers=16, event_handlers=None, ignore_user_meta=False, metas=['./colcon.meta'], base_paths=['.'], packages_ignore=None, packages_ignore_regex=None, paths=None, packages_up_to=None, packages_up_to_regex=None, packages_above=None, packages_above_and_dependencies=None, packages_above_depth=None, packages_select_by_dep=None, packages_skip_by_dep=None, packages_skip_up_to=None, packages_select_build_failed=False, packages_skip_build_finished=False, packages_select_test_failures=False, packages_skip_test_passed=False, packages_select=None, packages_skip=None, packages_select_regex=None, packages_skip_regex=None, packages_start=None, packages_end=None, allow_overriding=[], cmake_args=None, cmake_target=None, cmake_target_skip_unavailable=False, cmake_clean_cache=False, cmake_clean_first=False, cmake_force_configure=False, ament_cmake_args=None, catkin_cmake_args=None, catkin_skip_building_tests=False, mixin_files=None, mixin=None, verb_parser=<colcon_mixin.mixin.mixin_argument.MixinArgumentDecorator object at 0x73a50e8f9a80>, verb_extension=<colcon_core.verb.build.BuildVerb object at 0x73a50ea6ea40>, main=<bound method BuildVerb.main of <colcon_core.verb.build.BuildVerb object at 0x73a50ea6ea40>>, mixin_verb=('build',))
[0.138s] Level 1:colcon.colcon_core.package_discovery:discover_packages(colcon_meta) check parameters
[0.138s] Level 1:colcon.colcon_core.package_discovery:discover_packages(recursive) check parameters
[0.138s] Level 1:colcon.colcon_core.package_discovery:discover_packages(ignore) check parameters
[0.138s] Level 1:colcon.colcon_core.package_discovery:discover_packages(path) check parameters
[0.138s] Level 1:colcon.colcon_core.package_discovery:discover_packages(colcon_meta) discover
[0.138s] Level 1:colcon.colcon_core.package_discovery:discover_packages(recursive) discover
[0.138s] INFO:colcon.colcon_core.package_discovery:Crawling recursively for packages in '/home/bestteamever/leo_sim_ws'
[0.138s] Level 1:colcon.colcon_core.package_identification:_identify(.) by extensions ['ignore', 'ignore_ament_install']
[0.139s] Level 1:colcon.colcon_core.package_identification:_identify(.) by extension 'ignore'
[0.139s] Level 1:colcon.colcon_core.package_identification:_identify(.) by extension 'ignore_ament_install'
[0.139s] Level 1:colcon.colcon_core.package_identification:_identify(.) by extensions ['colcon_pkg']
[0.139s] Level 1:colcon.colcon_core.package_identification:_identify(.) by extension 'colcon_pkg'
[0.139s] Level 1:colcon.colcon_core.package_identification:_identify(.) by extensions ['colcon_meta']
[0.139s] Level 1:colcon.colcon_core.package_identification:_identify(.) by extension 'colcon_meta'
[0.139s] Level 1:colcon.colcon_core.package_identification:_identify(.) by extensions ['ros']
[0.139s] Level 1:colcon.colcon_core.package_identification:_identify(.) by extension 'ros'
[0.144s] Level 1:colcon.colcon_core.package_identification:_identify(.) by extensions ['cmake', 'python']
[0.144s] Level 1:colcon.colcon_core.package_identification:_identify(.) by extension 'cmake'
[0.145s] Level 1:colcon.colcon_core.package_identification:_identify(.) by extension 'python'
[0.145s] Level 1:colcon.colcon_core.package_identification:_identify(.) by extensions ['python_setup_py']
[0.145s] Level 1:colcon.colcon_core.package_identification:_identify(.) by extension 'python_setup_py'
[0.145s] Level 1:colcon.colcon_core.package_identification:_identify(build) by extensions ['ignore', 'ignore_ament_install']
[0.145s] Level 1:colcon.colcon_core.package_identification:_identify(build) by extension 'ignore'
[0.145s] Level 1:colcon.colcon_core.package_identification:_identify(build) ignored
[0.145s] Level 1:colcon.colcon_core.package_identification:_identify(install) by extensions ['ignore', 'ignore_ament_install']
[0.145s] Level 1:colcon.colcon_core.package_identification:_identify(install) by extension 'ignore'
[0.145s] Level 1:colcon.colcon_core.package_identification:_identify(install) ignored
[0.145s] Level 1:colcon.colcon_core.package_identification:_identify(log) by extensions ['ignore', 'ignore_ament_install']
[0.145s] Level 1:colcon.colcon_core.package_identification:_identify(log) by extension 'ignore'
[0.145s] Level 1:colcon.colcon_core.package_identification:_identify(log) ignored
[0.145s] Level 1:colcon.colcon_core.package_identification:_identify(src) by extensions ['ignore', 'ignore_ament_install']
[0.145s] Level 1:colcon.colcon_core.package_identification:_identify(src) by extension 'ignore'
[0.145s] Level 1:colcon.colcon_core.package_identification:_identify(src) by extension 'ignore_ament_install'
[0.145s] Level 1:colcon.colcon_core.package_identification:_identify(src) by extensions ['colcon_pkg']
[0.145s] Level 1:colcon.colcon_core.package_identification:_identify(src) by extension 'colcon_pkg'
[0.145s] Level 1:colcon.colcon_core.package_identification:_identify(src) by extensions ['colcon_meta']
[0.145s] Level 1:colcon.colcon_core.package_identification:_identify(src) by extension 'colcon_meta'
[0.145s] Level 1:colcon.colcon_core.package_identification:_identify(src) by extensions ['ros']
[0.145s] Level 1:colcon.colcon_core.package_identification:_identify(src) by extension 'ros'
[0.145s] Level 1:colcon.colcon_core.package_identification:_identify(src) by extensions ['cmake', 'python']
[0.145s] Level 1:colcon.colcon_core.package_identification:_identify(src) by extension 'cmake'
[0.145s] Level 1:colcon.colcon_core.package_identification:_identify(src) by extension 'python'
[0.145s] Level 1:colcon.colcon_core.package_identification:_identify(src) by extensions ['python_setup_py']
[0.145s] Level 1:colcon.colcon_core.package_identification:_identify(src) by extension 'python_setup_py'
[0.145s] Level 1:colcon.colcon_core.package_identification:_identify(src/leo_description) by extensions ['ignore', 'ignore_ament_install']
[0.145s] Level 1:colcon.colcon_core.package_identification:_identify(src/leo_description) by extension 'ignore'
[0.145s] Level 1:colcon.colcon_core.package_identification:_identify(src/leo_description) by extension 'ignore_ament_install'
[0.145s] Level 1:colcon.colcon_core.package_identification:_identify(src/leo_description) by extensions ['colcon_pkg']
[0.145s] Level 1:colcon.colcon_core.package_identification:_identify(src/leo_description) by extension 'colcon_pkg'
[0.145s] Level 1:colcon.colcon_core.package_identification:_identify(src/leo_description) by extensions ['colcon_meta']
[0.145s] Level 1:colcon.colcon_core.package_identification:_identify(src/leo_description) by extension 'colcon_meta'
[0.145s] Level 1:colcon.colcon_core.package_identification:_identify(src/leo_description) by extensions ['ros']
[0.145s] Level 1:colcon.colcon_core.package_identification:_identify(src/leo_description) by extension 'ros'
[0.147s] DEBUG:colcon.colcon_core.package_identification:Package 'src/leo_description' with type 'ros.ament_python' and name 'leo_description'
[0.147s] Level 1:colcon.colcon_core.package_identification:_identify(src/leo_gz_plugins) by extensions ['ignore', 'ignore_ament_install']
[0.147s] Level 1:colcon.colcon_core.package_identification:_identify(src/leo_gz_plugins) by extension 'ignore'
[0.147s] Level 1:colcon.colcon_core.package_identification:_identify(src/leo_gz_plugins) by extension 'ignore_ament_install'
[0.147s] Level 1:colcon.colcon_core.package_identification:_identify(src/leo_gz_plugins) by extensions ['colcon_pkg']
[0.147s] Level 1:colcon.colcon_core.package_identification:_identify(src/leo_gz_plugins) by extension 'colcon_pkg'
[0.147s] Level 1:colcon.colcon_core.package_identification:_identify(src/leo_gz_plugins) by extensions ['colcon_meta']
[0.147s] Level 1:colcon.colcon_core.package_identification:_identify(src/leo_gz_plugins) by extension 'colcon_meta'
[0.147s] Level 1:colcon.colcon_core.package_identification:_identify(src/leo_gz_plugins) by extensions ['ros']
[0.147s] Level 1:colcon.colcon_core.package_identification:_identify(src/leo_gz_plugins) by extension 'ros'
[0.155s] DEBUG:colcon.colcon_core.package_identification:Package 'src/leo_gz_plugins' with type 'ros.ament_cmake' and name 'leo_gz_plugins'
[0.155s] Level 1:colcon.colcon_core.package_identification:_identify(src/m-explore-ros2) by extensions ['ignore', 'ignore_ament_install']
[0.155s] Level 1:colcon.colcon_core.package_identification:_identify(src/m-explore-ros2) by extension 'ignore'
[0.155s] Level 1:colcon.colcon_core.package_identification:_identify(src/m-explore-ros2) by extension 'ignore_ament_install'
[0.155s] Level 1:colcon.colcon_core.package_identification:_identify(src/m-explore-ros2) by extensions ['colcon_pkg']
[0.155s] Level 1:colcon.colcon_core.package_identification:_identify(src/m-explore-ros2) by extension 'colcon_pkg'
[0.155s] Level 1:colcon.colcon_core.package_identification:_identify(src/m-explore-ros2) by extensions ['colcon_meta']
[0.155s] Level 1:colcon.colcon_core.package_identification:_identify(src/m-explore-ros2) by extension 'colcon_meta'
[0.155s] Level 1:colcon.colcon_core.package_identification:_identify(src/m-explore-ros2) by extensions ['ros']
[0.155s] Level 1:colcon.colcon_core.package_identification:_identify(src/m-explore-ros2) by extension 'ros'
[0.155s] Level 1:colcon.colcon_core.package_identification:_identify(src/m-explore-ros2) by extensions ['cmake', 'python']
[0.155s] Level 1:colcon.colcon_core.package_identification:_identify(src/m-explore-ros2) by extension 'cmake'
[0.155s] Level 1:colcon.colcon_core.package_identification:_identify(src/m-explore-ros2) by extension 'python'
[0.155s] Level 1:colcon.colcon_core.package_identification:_identify(src/m-explore-ros2) by extensions ['python_setup_py']
[0.155s] Level 1:colcon.colcon_core.package_identification:_identify(src/m-explore-ros2) by extension 'python_setup_py'
[0.155s] Level 1:colcon.colcon_core.package_identification:_identify(src/m-explore-ros2/explore) by extensions ['ignore', 'ignore_ament_install']
[0.155s] Level 1:colcon.colcon_core.package_identification:_identify(src/m-explore-ros2/explore) by extension 'ignore'
[0.155s] Level 1:colcon.colcon_core.package_identification:_identify(src/m-explore-ros2/explore) by extension 'ignore_ament_install'
[0.155s] Level 1:colcon.colcon_core.package_identification:_identify(src/m-explore-ros2/explore) by extensions ['colcon_pkg']
[0.156s] Level 1:colcon.colcon_core.package_identification:_identify(src/m-explore-ros2/explore) by extension 'colcon_pkg'
[0.156s] Level 1:colcon.colcon_core.package_identification:_identify(src/m-explore-ros2/explore) by extensions ['colcon_meta']
[0.156s] Level 1:colcon.colcon_core.package_identification:_identify(src/m-explore-ros2/explore) by extension 'colcon_meta'
[0.156s] Level 1:colcon.colcon_core.package_identification:_identify(src/m-explore-ros2/explore) by extensions ['ros']
[0.156s] Level 1:colcon.colcon_core.package_identification:_identify(src/m-explore-ros2/explore) by extension 'ros'
[0.156s] DEBUG:colcon.colcon_core.package_identification:Package 'src/m-explore-ros2/explore' with type 'ros.ament_cmake' and name 'explore_lite'
[0.156s] Level 1:colcon.colcon_core.package_identification:_identify(src/navigation_demos) by extensions ['ignore', 'ignore_ament_install']
[0.156s] Level 1:colcon.colcon_core.package_identification:_identify(src/navigation_demos) by extension 'ignore'
[0.156s] Level 1:colcon.colcon_core.package_identification:_identify(src/navigation_demos) by extension 'ignore_ament_install'
[0.156s] Level 1:colcon.colcon_core.package_identification:_identify(src/navigation_demos) by extensions ['colcon_pkg']
[0.156s] Level 1:colcon.colcon_core.package_identification:_identify(src/navigation_demos) by extension 'colcon_pkg'
[0.156s] Level 1:colcon.colcon_core.package_identification:_identify(src/navigation_demos) by extensions ['colcon_meta']
[0.156s] Level 1:colcon.colcon_core.package_identification:_identify(src/navigation_demos) by extension 'colcon_meta'
[0.156s] Level 1:colcon.colcon_core.package_identification:_identify(src/navigation_demos) by extensions ['ros']
[0.157s] Level 1:colcon.colcon_core.package_identification:_identify(src/navigation_demos) by extension 'ros'
[0.157s] DEBUG:colcon.colcon_core.package_identification:Package 'src/navigation_demos' with type 'ros.ament_python' and name 'navigation_demos'
[0.157s] Level 1:colcon.colcon_core.package_identification:_identify(src/pointcloud_to_laserscan-humble) by extensions ['ignore', 'ignore_ament_install']
[0.157s] Level 1:colcon.colcon_core.package_identification:_identify(src/pointcloud_to_laserscan-humble) by extension 'ignore'
[0.157s] Level 1:colcon.colcon_core.package_identification:_identify(src/pointcloud_to_laserscan-humble) by extension 'ignore_ament_install'
[0.157s] Level 1:colcon.colcon_core.package_identification:_identify(src/pointcloud_to_laserscan-humble) by extensions ['colcon_pkg']
[0.157s] Level 1:colcon.colcon_core.package_identification:_identify(src/pointcloud_to_laserscan-humble) by extension 'colcon_pkg'
[0.157s] Level 1:colcon.colcon_core.package_identification:_identify(src/pointcloud_to_laserscan-humble) by extensions ['colcon_meta']
[0.157s] Level 1:colcon.colcon_core.package_identification:_identify(src/pointcloud_to_laserscan-humble) by extension 'colcon_meta'
[0.157s] Level 1:colcon.colcon_core.package_identification:_identify(src/pointcloud_to_laserscan-humble) by extensions ['ros']
[0.157s] Level 1:colcon.colcon_core.package_identification:_identify(src/pointcloud_to_laserscan-humble) by extension 'ros'
[0.158s] DEBUG:colcon.colcon_core.package_identification:Package 'src/pointcloud_to_laserscan-humble' with type 'ros.ament_cmake' and name 'pointcloud_to_laserscan'
[0.158s] Level 1:colcon.colcon_core.package_identification:_identify(src/scan_merger_2) by extensions ['ignore', 'ignore_ament_install']
[0.158s] Level 1:colcon.colcon_core.package_identification:_identify(src/scan_merger_2) by extension 'ignore'
[0.158s] Level 1:colcon.colcon_core.package_identification:_identify(src/scan_merger_2) by extension 'ignore_ament_install'
[0.158s] Level 1:colcon.colcon_core.package_identification:_identify(src/scan_merger_2) by extensions ['colcon_pkg']
[0.158s] Level 1:colcon.colcon_core.package_identification:_identify(src/scan_merger_2) by extension 'colcon_pkg'
[0.158s] Level 1:colcon.colcon_core.package_identification:_identify(src/scan_merger_2) by extensions ['colcon_meta']
[0.158s] Level 1:colcon.colcon_core.package_identification:_identify(src/scan_merger_2) by extension 'colcon_meta'
[0.158s] Level 1:colcon.colcon_core.package_identification:_identify(src/scan_merger_2) by extensions ['ros']
[0.158s] Level 1:colcon.colcon_core.package_identification:_identify(src/scan_merger_2) by extension 'ros'
[0.159s] DEBUG:colcon.colcon_core.package_identification:Package 'src/scan_merger_2' with type 'ros.ament_cmake' and name 'laser_scan_merger'
[0.159s] Level 1:colcon.colcon_core.package_discovery:discover_packages(recursive) using defaults
[0.159s] Level 1:colcon.colcon_core.package_discovery:discover_packages(ignore) discover
[0.159s] Level 1:colcon.colcon_core.package_discovery:discover_packages(ignore) using defaults
[0.159s] Level 1:colcon.colcon_core.package_discovery:discover_packages(path) discover
[0.159s] Level 1:colcon.colcon_core.package_discovery:discover_packages(path) using defaults
[0.170s] Level 1:colcon.colcon_core.package_discovery:discover_packages(prefix_path) check parameters
[0.170s] Level 1:colcon.colcon_core.package_discovery:discover_packages(prefix_path) discover
[0.170s] WARNING:colcon.colcon_ros.prefix_path.ament:The path '/home/bestteamever/leo_sim_ws/install/ros2_laser_scan_merger' in the environment variable AMENT_PREFIX_PATH doesn't exist
[0.170s] WARNING:colcon.colcon_ros.prefix_path.catkin:The path '/home/bestteamever/leo_sim_ws/install/ros2_laser_scan_merger' in the environment variable CMAKE_PREFIX_PATH doesn't exist
[0.171s] DEBUG:colcon.colcon_installed_package_information.package_discovery:Found 6 installed packages in /home/bestteamever/leo_sim_ws/install
[0.172s] DEBUG:colcon.colcon_installed_package_information.package_discovery:Found 438 installed packages in /opt/ros/humble
[0.173s] Level 1:colcon.colcon_core.package_discovery:discover_packages(prefix_path) using defaults
[0.197s] Level 5:colcon.colcon_core.verb:set package 'explore_lite' build argument 'cmake_args' from command line to 'None'
[0.197s] Level 5:colcon.colcon_core.verb:set package 'explore_lite' build argument 'cmake_target' from command line to 'None'
[0.197s] Level 5:colcon.colcon_core.verb:set package 'explore_lite' build argument 'cmake_target_skip_unavailable' from command line to 'False'
[0.197s] Level 5:colcon.colcon_core.verb:set package 'explore_lite' build argument 'cmake_clean_cache' from command line to 'False'
[0.197s] Level 5:colcon.colcon_core.verb:set package 'explore_lite' build argument 'cmake_clean_first' from command line to 'False'
[0.197s] Level 5:colcon.colcon_core.verb:set package 'explore_lite' build argument 'cmake_force_configure' from command line to 'False'
[0.197s] Level 5:colcon.colcon_core.verb:set package 'explore_lite' build argument 'ament_cmake_args' from command line to 'None'
[0.197s] Level 5:colcon.colcon_core.verb:set package 'explore_lite' build argument 'catkin_cmake_args' from command line to 'None'
[0.197s] Level 5:colcon.colcon_core.verb:set package 'explore_lite' build argument 'catkin_skip_building_tests' from command line to 'False'
[0.197s] DEBUG:colcon.colcon_core.verb:Building package 'explore_lite' with the following arguments: {'ament_cmake_args': None, 'build_base': '/home/bestteamever/leo_sim_ws/build/explore_lite', 'catkin_cmake_args': None, 'catkin_skip_building_tests': False, 'cmake_args': None, 'cmake_clean_cache': False, 'cmake_clean_first': False, 'cmake_force_configure': False, 'cmake_target': None, 'cmake_target_skip_unavailable': False, 'install_base': '/home/bestteamever/leo_sim_ws/install/explore_lite', 'merge_install': False, 'path': '/home/bestteamever/leo_sim_ws/src/m-explore-ros2/explore', 'symlink_install': False, 'test_result_base': None}
[0.198s] Level 5:colcon.colcon_core.verb:set package 'laser_scan_merger' build argument 'cmake_args' from command line to 'None'
[0.198s] Level 5:colcon.colcon_core.verb:set package 'laser_scan_merger' build argument 'cmake_target' from command line to 'None'
[0.198s] Level 5:colcon.colcon_core.verb:set package 'laser_scan_merger' build argument 'cmake_target_skip_unavailable' from command line to 'False'
[0.198s] Level 5:colcon.colcon_core.verb:set package 'laser_scan_merger' build argument 'cmake_clean_cache' from command line to 'False'
[0.198s] Level 5:colcon.colcon_core.verb:set package 'laser_scan_merger' build argument 'cmake_clean_first' from command line to 'False'
[0.198s] Level 5:colcon.colcon_core.verb:set package 'laser_scan_merger' build argument 'cmake_force_configure' from command line to 'False'
[0.198s] Level 5:colcon.colcon_core.verb:set package 'laser_scan_merger' build argument 'ament_cmake_args' from command line to 'None'
[0.198s] Level 5:colcon.colcon_core.verb:set package 'laser_scan_merger' build argument 'catkin_cmake_args' from command line to 'None'
[0.198s] Level 5:colcon.colcon_core.verb:set package 'laser_scan_merger' build argument 'catkin_skip_building_tests' from command line to 'False'
[0.198s] DEBUG:colcon.colcon_core.verb:Building package 'laser_scan_merger' with the following arguments: {'ament_cmake_args': None, 'build_base': '/home/bestteamever/leo_sim_ws/build/laser_scan_merger', 'catkin_cmake_args': None, 'catkin_skip_building_tests': False, 'cmake_args': None, 'cmake_clean_cache': False, 'cmake_clean_first': False, 'cmake_force_configure': False, 'cmake_target': None, 'cmake_target_skip_unavailable': False, 'install_base': '/home/bestteamever/leo_sim_ws/install/laser_scan_merger', 'merge_install': False, 'path': '/home/bestteamever/leo_sim_ws/src/scan_merger_2', 'symlink_install': False, 'test_result_base': None}
[0.198s] Level 5:colcon.colcon_core.verb:set package 'leo_description' build argument 'cmake_args' from command line to 'None'
[0.198s] Level 5:colcon.colcon_core.verb:set package 'leo_description' build argument 'cmake_target' from command line to 'None'
[0.198s] Level 5:colcon.colcon_core.verb:set package 'leo_description' build argument 'cmake_target_skip_unavailable' from command line to 'False'
[0.198s] Level 5:colcon.colcon_core.verb:set package 'leo_description' build argument 'cmake_clean_cache' from command line to 'False'
[0.198s] Level 5:colcon.colcon_core.verb:set package 'leo_description' build argument 'cmake_clean_first' from command line to 'False'
[0.198s] Level 5:colcon.colcon_core.verb:set package 'leo_description' build argument 'cmake_force_configure' from command line to 'False'
[0.198s] Level 5:colcon.colcon_core.verb:set package 'leo_description' build argument 'ament_cmake_args' from command line to 'None'
[0.198s] Level 5:colcon.colcon_core.verb:set package 'leo_description' build argument 'catkin_cmake_args' from command line to 'None'
[0.198s] Level 5:colcon.colcon_core.verb:set package 'leo_description' build argument 'catkin_skip_building_tests' from command line to 'False'
[0.198s] DEBUG:colcon.colcon_core.verb:Building package 'leo_description' with the following arguments: {'ament_cmake_args': None, 'build_base': '/home/bestteamever/leo_sim_ws/build/leo_description', 'catkin_cmake_args': None, 'catkin_skip_building_tests': False, 'cmake_args': None, 'cmake_clean_cache': False, 'cmake_clean_first': False, 'cmake_force_configure': False, 'cmake_target': None, 'cmake_target_skip_unavailable': False, 'install_base': '/home/bestteamever/leo_sim_ws/install/leo_description', 'merge_install': False, 'path': '/home/bestteamever/leo_sim_ws/src/leo_description', 'symlink_install': False, 'test_result_base': None}
[0.198s] Level 5:colcon.colcon_core.verb:set package 'leo_gz_plugins' build argument 'cmake_args' from command line to 'None'
[0.198s] Level 5:colcon.colcon_core.verb:set package 'leo_gz_plugins' build argument 'cmake_target' from command line to 'None'
[0.198s] Level 5:colcon.colcon_core.verb:set package 'leo_gz_plugins' build argument 'cmake_target_skip_unavailable' from command line to 'False'
[0.198s] Level 5:colcon.colcon_core.verb:set package 'leo_gz_plugins' build argument 'cmake_clean_cache' from command line to 'False'
[0.198s] Level 5:colcon.colcon_core.verb:set package 'leo_gz_plugins' build argument 'cmake_clean_first' from command line to 'False'
[0.198s] Level 5:colcon.colcon_core.verb:set package 'leo_gz_plugins' build argument 'cmake_force_configure' from command line to 'False'
[0.198s] Level 5:colcon.colcon_core.verb:set package 'leo_gz_plugins' build argument 'ament_cmake_args' from command line to 'None'
[0.198s] Level 5:colcon.colcon_core.verb:set package 'leo_gz_plugins' build argument 'catkin_cmake_args' from command line to 'None'
[0.198s] Level 5:colcon.colcon_core.verb:set package 'leo_gz_plugins' build argument 'catkin_skip_building_tests' from command line to 'False'
[0.198s] DEBUG:colcon.colcon_core.verb:Building package 'leo_gz_plugins' with the following arguments: {'ament_cmake_args': None, 'build_base': '/home/bestteamever/leo_sim_ws/build/leo_gz_plugins', 'catkin_cmake_args': None, 'catkin_skip_building_tests': False, 'cmake_args': None, 'cmake_clean_cache': False, 'cmake_clean_first': False, 'cmake_force_configure': False, 'cmake_target': None, 'cmake_target_skip_unavailable': False, 'install_base': '/home/bestteamever/leo_sim_ws/install/leo_gz_plugins', 'merge_install': False, 'path': '/home/bestteamever/leo_sim_ws/src/leo_gz_plugins', 'symlink_install': False, 'test_result_base': None}
[0.199s] Level 5:colcon.colcon_core.verb:set package 'navigation_demos' build argument 'cmake_args' from command line to 'None'
[0.199s] Level 5:colcon.colcon_core.verb:set package 'navigation_demos' build argument 'cmake_target' from command line to 'None'
[0.199s] Level 5:colcon.colcon_core.verb:set package 'navigation_demos' build argument 'cmake_target_skip_unavailable' from command line to 'False'
[0.199s] Level 5:colcon.colcon_core.verb:set package 'navigation_demos' build argument 'cmake_clean_cache' from command line to 'False'
[0.199s] Level 5:colcon.colcon_core.verb:set package 'navigation_demos' build argument 'cmake_clean_first' from command line to 'False'
[0.199s] Level 5:colcon.colcon_core.verb:set package 'navigation_demos' build argument 'cmake_force_configure' from command line to 'False'
[0.199s] Level 5:colcon.colcon_core.verb:set package 'navigation_demos' build argument 'ament_cmake_args' from command line to 'None'
[0.199s] Level 5:colcon.colcon_core.verb:set package 'navigation_demos' build argument 'catkin_cmake_args' from command line to 'None'
[0.199s] Level 5:colcon.colcon_core.verb:set package 'navigation_demos' build argument 'catkin_skip_building_tests' from command line to 'False'
[0.199s] DEBUG:colcon.colcon_core.verb:Building package 'navigation_demos' with the following arguments: {'ament_cmake_args': None, 'build_base': '/home/bestteamever/leo_sim_ws/build/navigation_demos', 'catkin_cmake_args': None, 'catkin_skip_building_tests': False, 'cmake_args': None, 'cmake_clean_cache': False, 'cmake_clean_first': False, 'cmake_force_configure': False, 'cmake_target': None, 'cmake_target_skip_unavailable': False, 'install_base': '/home/bestteamever/leo_sim_ws/install/navigation_demos', 'merge_install': False, 'path': '/home/bestteamever/leo_sim_ws/src/navigation_demos', 'symlink_install': False, 'test_result_base': None}
[0.199s] Level 5:colcon.colcon_core.verb:set package 'pointcloud_to_laserscan' build argument 'cmake_args' from command line to 'None'
[0.199s] Level 5:colcon.colcon_core.verb:set package 'pointcloud_to_laserscan' build argument 'cmake_target' from command line to 'None'
[0.199s] Level 5:colcon.colcon_core.verb:set package 'pointcloud_to_laserscan' build argument 'cmake_target_skip_unavailable' from command line to 'False'
[0.199s] Level 5:colcon.colcon_core.verb:set package 'pointcloud_to_laserscan' build argument 'cmake_clean_cache' from command line to 'False'
[0.199s] Level 5:colcon.colcon_core.verb:set package 'pointcloud_to_laserscan' build argument 'cmake_clean_first' from command line to 'False'
[0.199s] Level 5:colcon.colcon_core.verb:set package 'pointcloud_to_laserscan' build argument 'cmake_force_configure' from command line to 'False'
[0.199s] Level 5:colcon.colcon_core.verb:set package 'pointcloud_to_laserscan' build argument 'ament_cmake_args' from command line to 'None'
[0.199s] Level 5:colcon.colcon_core.verb:set package 'pointcloud_to_laserscan' build argument 'catkin_cmake_args' from command line to 'None'
[0.199s] Level 5:colcon.colcon_core.verb:set package 'pointcloud_to_laserscan' build argument 'catkin_skip_building_tests' from command line to 'False'
[0.199s] DEBUG:colcon.colcon_core.verb:Building package 'pointcloud_to_laserscan' with the following arguments: {'ament_cmake_args': None, 'build_base': '/home/bestteamever/leo_sim_ws/build/pointcloud_to_laserscan', 'catkin_cmake_args': None, 'catkin_skip_building_tests': False, 'cmake_args': None, 'cmake_clean_cache': False, 'cmake_clean_first': False, 'cmake_force_configure': False, 'cmake_target': None, 'cmake_target_skip_unavailable': False, 'install_base': '/home/bestteamever/leo_sim_ws/install/pointcloud_to_laserscan', 'merge_install': False, 'path': '/home/bestteamever/leo_sim_ws/src/pointcloud_to_laserscan-humble', 'symlink_install': False, 'test_result_base': None}
[0.199s] INFO:colcon.colcon_core.executor:Executing jobs using 'parallel' executor
[0.200s] DEBUG:colcon.colcon_parallel_executor.executor.parallel:run_until_complete
[0.200s] INFO:colcon.colcon_ros.task.ament_cmake.build:Building ROS package in '/home/bestteamever/leo_sim_ws/src/m-explore-ros2/explore' with build type 'ament_cmake'
[0.200s] INFO:colcon.colcon_cmake.task.cmake.build:Building CMake package in '/home/bestteamever/leo_sim_ws/src/m-explore-ros2/explore'
[0.201s] INFO:colcon.colcon_core.plugin_system:Skipping extension 'colcon_core.shell.bat': Not used on non-Windows systems
[0.201s] INFO:colcon.colcon_core.shell:Skip shell extension 'powershell' for command environment: Not usable outside of PowerShell
[0.201s] DEBUG:colcon.colcon_core.shell:Skip shell extension 'dsv' for command environment
[0.204s] INFO:colcon.colcon_ros.task.ament_cmake.build:Building ROS package in '/home/bestteamever/leo_sim_ws/src/scan_merger_2' with build type 'ament_cmake'
[0.204s] INFO:colcon.colcon_cmake.task.cmake.build:Building CMake package in '/home/bestteamever/leo_sim_ws/src/scan_merger_2'
[0.204s] INFO:colcon.colcon_core.shell:Skip shell extension 'powershell' for command environment: Not usable outside of PowerShell
[0.204s] DEBUG:colcon.colcon_core.shell:Skip shell extension 'dsv' for command environment
[0.206s] INFO:colcon.colcon_ros.task.ament_python.build:Building ROS package in '/home/bestteamever/leo_sim_ws/src/leo_description' with build type 'ament_python'
[0.206s] Level 1:colcon.colcon_core.shell:create_environment_hook('leo_description', 'ament_prefix_path')
[0.207s] INFO:colcon.colcon_core.shell:Creating environment hook '/home/bestteamever/leo_sim_ws/install/leo_description/share/leo_description/hook/ament_prefix_path.ps1'
[0.207s] INFO:colcon.colcon_core.shell:Creating environment descriptor '/home/bestteamever/leo_sim_ws/install/leo_description/share/leo_description/hook/ament_prefix_path.dsv'
[0.207s] INFO:colcon.colcon_core.shell:Creating environment hook '/home/bestteamever/leo_sim_ws/install/leo_description/share/leo_description/hook/ament_prefix_path.sh'
[0.208s] INFO:colcon.colcon_core.shell:Skip shell extension 'powershell' for command environment: Not usable outside of PowerShell
[0.208s] DEBUG:colcon.colcon_core.shell:Skip shell extension 'dsv' for command environment
[0.210s] INFO:colcon.colcon_ros.task.ament_cmake.build:Building ROS package in '/home/bestteamever/leo_sim_ws/src/leo_gz_plugins' with build type 'ament_cmake'
[0.210s] INFO:colcon.colcon_cmake.task.cmake.build:Building CMake package in '/home/bestteamever/leo_sim_ws/src/leo_gz_plugins'
[0.210s] INFO:colcon.colcon_core.shell:Skip shell extension 'powershell' for command environment: Not usable outside of PowerShell
[0.210s] DEBUG:colcon.colcon_core.shell:Skip shell extension 'dsv' for command environment
[0.212s] INFO:colcon.colcon_ros.task.ament_python.build:Building ROS package in '/home/bestteamever/leo_sim_ws/src/navigation_demos' with build type 'ament_python'
[0.213s] Level 1:colcon.colcon_core.shell:create_environment_hook('navigation_demos', 'ament_prefix_path')
[0.213s] INFO:colcon.colcon_core.shell:Creating environment hook '/home/bestteamever/leo_sim_ws/install/navigation_demos/share/navigation_demos/hook/ament_prefix_path.ps1'
[0.213s] INFO:colcon.colcon_core.shell:Creating environment descriptor '/home/bestteamever/leo_sim_ws/install/navigation_demos/share/navigation_demos/hook/ament_prefix_path.dsv'
[0.213s] INFO:colcon.colcon_core.shell:Creating environment hook '/home/bestteamever/leo_sim_ws/install/navigation_demos/share/navigation_demos/hook/ament_prefix_path.sh'
[0.213s] INFO:colcon.colcon_core.shell:Skip shell extension 'powershell' for command environment: Not usable outside of PowerShell
[0.213s] DEBUG:colcon.colcon_core.shell:Skip shell extension 'dsv' for command environment
[0.216s] INFO:colcon.colcon_ros.task.ament_cmake.build:Building ROS package in '/home/bestteamever/leo_sim_ws/src/pointcloud_to_laserscan-humble' with build type 'ament_cmake'
[0.216s] INFO:colcon.colcon_cmake.task.cmake.build:Building CMake package in '/home/bestteamever/leo_sim_ws/src/pointcloud_to_laserscan-humble'
[0.216s] INFO:colcon.colcon_core.shell:Skip shell extension 'powershell' for command environment: Not usable outside of PowerShell
[0.216s] DEBUG:colcon.colcon_core.shell:Skip shell extension 'dsv' for command environment
[0.221s] DEBUG:colcon.colcon_core.event_handler.log_command:Invoking command in '/home/bestteamever/leo_sim_ws/build/explore_lite': CMAKE_PREFIX_PATH=${CMAKE_PREFIX_PATH}:/home/bestteamever/leo_sim_ws/install/navigation_demos:/home/bestteamever/leo_sim_ws/install/leo_description:/opt/ros/humble /usr/bin/cmake --build /home/bestteamever/leo_sim_ws/build/explore_lite -- -j16 -l16
[0.223s] DEBUG:colcon.colcon_core.event_handler.log_command:Invoking command in '/home/bestteamever/leo_sim_ws/build/laser_scan_merger': CMAKE_PREFIX_PATH=${CMAKE_PREFIX_PATH}:/home/bestteamever/leo_sim_ws/install/navigation_demos:/home/bestteamever/leo_sim_ws/install/leo_description:/opt/ros/humble /usr/bin/cmake --build /home/bestteamever/leo_sim_ws/build/laser_scan_merger -- -j16 -l16
[0.382s] INFO:colcon.colcon_core.task.python.build:Building Python package in '/home/bestteamever/leo_sim_ws/src/leo_description'
[0.382s] INFO:colcon.colcon_core.shell:Skip shell extension 'powershell' for command environment: Not usable outside of PowerShell
[0.382s] DEBUG:colcon.colcon_core.shell:Skip shell extension 'dsv' for command environment
[0.387s] DEBUG:colcon.colcon_core.event_handler.log_command:Invoking command in '/home/bestteamever/leo_sim_ws/build/leo_gz_plugins': CMAKE_PREFIX_PATH=${CMAKE_PREFIX_PATH}:/home/bestteamever/leo_sim_ws/install/navigation_demos:/home/bestteamever/leo_sim_ws/install/leo_description:/opt/ros/humble /usr/bin/cmake --build /home/bestteamever/leo_sim_ws/build/leo_gz_plugins -- -j16 -l16
[0.524s] INFO:colcon.colcon_core.task.python.build:Building Python package in '/home/bestteamever/leo_sim_ws/src/navigation_demos'
[0.524s] INFO:colcon.colcon_core.shell:Skip shell extension 'powershell' for command environment: Not usable outside of PowerShell
[0.524s] DEBUG:colcon.colcon_core.shell:Skip shell extension 'dsv' for command environment
[0.532s] DEBUG:colcon.colcon_core.event_handler.log_command:Invoking command in '/home/bestteamever/leo_sim_ws/build/pointcloud_to_laserscan': CMAKE_PREFIX_PATH=${CMAKE_PREFIX_PATH}:/home/bestteamever/leo_sim_ws/install/navigation_demos:/home/bestteamever/leo_sim_ws/install/leo_description:/opt/ros/humble /usr/bin/cmake --build /home/bestteamever/leo_sim_ws/build/pointcloud_to_laserscan -- -j16 -l16
[0.533s] DEBUG:colcon.colcon_core.event_handler.log_command:Invoked command in '/home/bestteamever/leo_sim_ws/build/explore_lite' returned '0': CMAKE_PREFIX_PATH=${CMAKE_PREFIX_PATH}:/home/bestteamever/leo_sim_ws/install/navigation_demos:/home/bestteamever/leo_sim_ws/install/leo_description:/opt/ros/humble /usr/bin/cmake --build /home/bestteamever/leo_sim_ws/build/explore_lite -- -j16 -l16
[0.540s] DEBUG:colcon.colcon_core.event_handler.log_command:Invoking command in '/home/bestteamever/leo_sim_ws/build/explore_lite': CMAKE_PREFIX_PATH=${CMAKE_PREFIX_PATH}:/home/bestteamever/leo_sim_ws/install/navigation_demos:/home/bestteamever/leo_sim_ws/install/leo_description:/opt/ros/humble /usr/bin/cmake --install /home/bestteamever/leo_sim_ws/build/explore_lite
[0.544s] DEBUG:colcon.colcon_core.event_handler.log_command:Invoked command in '/home/bestteamever/leo_sim_ws/build/laser_scan_merger' returned '0': CMAKE_PREFIX_PATH=${CMAKE_PREFIX_PATH}:/home/bestteamever/leo_sim_ws/install/navigation_demos:/home/bestteamever/leo_sim_ws/install/leo_description:/opt/ros/humble /usr/bin/cmake --build /home/bestteamever/leo_sim_ws/build/laser_scan_merger -- -j16 -l16
[0.545s] DEBUG:colcon.colcon_core.event_handler.log_command:Invoking command in '/home/bestteamever/leo_sim_ws/build/laser_scan_merger': CMAKE_PREFIX_PATH=${CMAKE_PREFIX_PATH}:/home/bestteamever/leo_sim_ws/install/navigation_demos:/home/bestteamever/leo_sim_ws/install/leo_description:/opt/ros/humble /usr/bin/cmake --install /home/bestteamever/leo_sim_ws/build/laser_scan_merger
[0.546s] DEBUG:colcon.colcon_core.event_handler.log_command:Invoked command in '/home/bestteamever/leo_sim_ws/build/leo_gz_plugins' returned '0': CMAKE_PREFIX_PATH=${CMAKE_PREFIX_PATH}:/home/bestteamever/leo_sim_ws/install/navigation_demos:/home/bestteamever/leo_sim_ws/install/leo_description:/opt/ros/humble /usr/bin/cmake --build /home/bestteamever/leo_sim_ws/build/leo_gz_plugins -- -j16 -l16
[0.549s] DEBUG:colcon.colcon_core.event_handler.log_command:Invoking command in '/home/bestteamever/leo_sim_ws/build/leo_gz_plugins': CMAKE_PREFIX_PATH=${CMAKE_PREFIX_PATH}:/home/bestteamever/leo_sim_ws/install/navigation_demos:/home/bestteamever/leo_sim_ws/install/leo_description:/opt/ros/humble /usr/bin/cmake --install /home/bestteamever/leo_sim_ws/build/leo_gz_plugins
[0.550s] Level 1:colcon.colcon_core.environment:create_environment_scripts_only(explore_lite)
[0.551s] DEBUG:colcon.colcon_core.event_handler.log_command:Invoked command in '/home/bestteamever/leo_sim_ws/build/explore_lite' returned '0': CMAKE_PREFIX_PATH=${CMAKE_PREFIX_PATH}:/home/bestteamever/leo_sim_ws/install/navigation_demos:/home/bestteamever/leo_sim_ws/install/leo_description:/opt/ros/humble /usr/bin/cmake --install /home/bestteamever/leo_sim_ws/build/explore_lite
[0.557s] Level 1:colcon.colcon_core.environment:checking '/home/bestteamever/leo_sim_ws/install/explore_lite' for CMake module files
[0.558s] Level 1:colcon.colcon_core.environment:checking '/home/bestteamever/leo_sim_ws/install/explore_lite' for CMake config files
[0.558s] Level 1:colcon.colcon_core.shell:create_environment_hook('explore_lite', 'cmake_prefix_path')
[0.558s] INFO:colcon.colcon_core.shell:Creating environment hook '/home/bestteamever/leo_sim_ws/install/explore_lite/share/explore_lite/hook/cmake_prefix_path.ps1'
[0.559s] INFO:colcon.colcon_core.shell:Creating environment descriptor '/home/bestteamever/leo_sim_ws/install/explore_lite/share/explore_lite/hook/cmake_prefix_path.dsv'
[0.559s] INFO:colcon.colcon_core.shell:Creating environment hook '/home/bestteamever/leo_sim_ws/install/explore_lite/share/explore_lite/hook/cmake_prefix_path.sh'
[0.560s] Level 1:colcon.colcon_core.environment:checking '/home/bestteamever/leo_sim_ws/install/explore_lite/lib'
[0.560s] Level 1:colcon.colcon_core.environment:checking '/home/bestteamever/leo_sim_ws/install/explore_lite/bin'
[0.560s] Level 1:colcon.colcon_core.environment:checking '/home/bestteamever/leo_sim_ws/install/explore_lite/lib/pkgconfig/explore_lite.pc'
[0.560s] Level 1:colcon.colcon_core.environment:checking '/home/bestteamever/leo_sim_ws/install/explore_lite/lib/python3.10/site-packages'
[0.561s] Level 1:colcon.colcon_core.environment:checking '/home/bestteamever/leo_sim_ws/install/explore_lite/bin'
[0.561s] INFO:colcon.colcon_core.shell:Creating package script '/home/bestteamever/leo_sim_ws/install/explore_lite/share/explore_lite/package.ps1'
[0.562s] INFO:colcon.colcon_core.shell:Creating package descriptor '/home/bestteamever/leo_sim_ws/install/explore_lite/share/explore_lite/package.dsv'
[0.562s] INFO:colcon.colcon_core.shell:Creating package script '/home/bestteamever/leo_sim_ws/install/explore_lite/share/explore_lite/package.sh'
[0.563s] INFO:colcon.colcon_core.shell:Creating package script '/home/bestteamever/leo_sim_ws/install/explore_lite/share/explore_lite/package.bash'
[0.564s] INFO:colcon.colcon_core.shell:Creating package script '/home/bestteamever/leo_sim_ws/install/explore_lite/share/explore_lite/package.zsh'
[0.564s] Level 1:colcon.colcon_core.environment:create_file_with_runtime_dependencies(/home/bestteamever/leo_sim_ws/install/explore_lite/share/colcon-core/packages/explore_lite)
[0.565s] Level 1:colcon.colcon_core.environment:create_environment_scripts_only(explore_lite)
[0.565s] Level 1:colcon.colcon_core.environment:checking '/home/bestteamever/leo_sim_ws/install/explore_lite' for CMake module files
[0.566s] Level 1:colcon.colcon_core.environment:checking '/home/bestteamever/leo_sim_ws/install/explore_lite' for CMake config files
[0.566s] Level 1:colcon.colcon_core.shell:create_environment_hook('explore_lite', 'cmake_prefix_path')
[0.566s] INFO:colcon.colcon_core.shell:Creating environment hook '/home/bestteamever/leo_sim_ws/install/explore_lite/share/explore_lite/hook/cmake_prefix_path.ps1'
[0.567s] INFO:colcon.colcon_core.shell:Creating environment descriptor '/home/bestteamever/leo_sim_ws/install/explore_lite/share/explore_lite/hook/cmake_prefix_path.dsv'
[0.567s] INFO:colcon.colcon_core.shell:Creating environment hook '/home/bestteamever/leo_sim_ws/install/explore_lite/share/explore_lite/hook/cmake_prefix_path.sh'
[0.568s] Level 1:colcon.colcon_core.environment:checking '/home/bestteamever/leo_sim_ws/install/explore_lite/lib'
[0.568s] Level 1:colcon.colcon_core.environment:checking '/home/bestteamever/leo_sim_ws/install/explore_lite/bin'
[0.568s] Level 1:colcon.colcon_core.environment:checking '/home/bestteamever/leo_sim_ws/install/explore_lite/lib/pkgconfig/explore_lite.pc'
[0.568s] Level 1:colcon.colcon_core.environment:checking '/home/bestteamever/leo_sim_ws/install/explore_lite/lib/python3.10/site-packages'
[0.568s] Level 1:colcon.colcon_core.environment:checking '/home/bestteamever/leo_sim_ws/install/explore_lite/bin'
[0.569s] INFO:colcon.colcon_core.shell:Creating package script '/home/bestteamever/leo_sim_ws/install/explore_lite/share/explore_lite/package.ps1'
[0.569s] INFO:colcon.colcon_core.shell:Creating package descriptor '/home/bestteamever/leo_sim_ws/install/explore_lite/share/explore_lite/package.dsv'
[0.570s] INFO:colcon.colcon_core.shell:Creating package script '/home/bestteamever/leo_sim_ws/install/explore_lite/share/explore_lite/package.sh'
[0.570s] INFO:colcon.colcon_core.shell:Creating package script '/home/bestteamever/leo_sim_ws/install/explore_lite/share/explore_lite/package.bash'
[0.571s] INFO:colcon.colcon_core.shell:Creating package script '/home/bestteamever/leo_sim_ws/install/explore_lite/share/explore_lite/package.zsh'
[0.571s] Level 1:colcon.colcon_core.environment:create_file_with_runtime_dependencies(/home/bestteamever/leo_sim_ws/install/explore_lite/share/colcon-core/packages/explore_lite)
[0.572s] Level 1:colcon.colcon_core.environment:create_environment_scripts_only(leo_gz_plugins)
[0.573s] Level 1:colcon.colcon_core.environment:checking '/home/bestteamever/leo_sim_ws/install/leo_gz_plugins' for CMake module files
[0.573s] DEBUG:colcon.colcon_core.event_handler.log_command:Invoked command in '/home/bestteamever/leo_sim_ws/build/leo_gz_plugins' returned '0': CMAKE_PREFIX_PATH=${CMAKE_PREFIX_PATH}:/home/bestteamever/leo_sim_ws/install/navigation_demos:/home/bestteamever/leo_sim_ws/install/leo_description:/opt/ros/humble /usr/bin/cmake --install /home/bestteamever/leo_sim_ws/build/leo_gz_plugins
[0.574s] Level 1:colcon.colcon_core.environment:checking '/home/bestteamever/leo_sim_ws/install/leo_gz_plugins' for CMake config files
[0.574s] Level 1:colcon.colcon_core.shell:create_environment_hook('leo_gz_plugins', 'cmake_prefix_path')
[0.574s] INFO:colcon.colcon_core.shell:Creating environment hook '/home/bestteamever/leo_sim_ws/install/leo_gz_plugins/share/leo_gz_plugins/hook/cmake_prefix_path.ps1'
[0.575s] INFO:colcon.colcon_core.shell:Creating environment descriptor '/home/bestteamever/leo_sim_ws/install/leo_gz_plugins/share/leo_gz_plugins/hook/cmake_prefix_path.dsv'
[0.575s] INFO:colcon.colcon_core.shell:Creating environment hook '/home/bestteamever/leo_sim_ws/install/leo_gz_plugins/share/leo_gz_plugins/hook/cmake_prefix_path.sh'
[0.575s] Level 1:colcon.colcon_core.environment:checking '/home/bestteamever/leo_sim_ws/install/leo_gz_plugins/lib'
[0.575s] Level 1:colcon.colcon_core.shell:create_environment_hook('leo_gz_plugins', 'ld_library_path_lib')
[0.576s] INFO:colcon.colcon_core.shell:Creating environment hook '/home/bestteamever/leo_sim_ws/install/leo_gz_plugins/share/leo_gz_plugins/hook/ld_library_path_lib.ps1'
[0.576s] INFO:colcon.colcon_core.shell:Creating environment descriptor '/home/bestteamever/leo_sim_ws/install/leo_gz_plugins/share/leo_gz_plugins/hook/ld_library_path_lib.dsv'
[0.576s] INFO:colcon.colcon_core.shell:Creating environment hook '/home/bestteamever/leo_sim_ws/install/leo_gz_plugins/share/leo_gz_plugins/hook/ld_library_path_lib.sh'
[0.576s] Level 1:colcon.colcon_core.environment:checking '/home/bestteamever/leo_sim_ws/install/leo_gz_plugins/bin'
[0.576s] Level 1:colcon.colcon_core.environment:checking '/home/bestteamever/leo_sim_ws/install/leo_gz_plugins/lib/pkgconfig/leo_gz_plugins.pc'
[0.577s] Level 1:colcon.colcon_core.environment:checking '/home/bestteamever/leo_sim_ws/install/leo_gz_plugins/lib/python3.10/site-packages'
[0.577s] Level 1:colcon.colcon_core.environment:checking '/home/bestteamever/leo_sim_ws/install/leo_gz_plugins/bin'
[0.577s] INFO:colcon.colcon_core.shell:Creating package script '/home/bestteamever/leo_sim_ws/install/leo_gz_plugins/share/leo_gz_plugins/package.ps1'
[0.577s] INFO:colcon.colcon_core.shell:Creating package descriptor '/home/bestteamever/leo_sim_ws/install/leo_gz_plugins/share/leo_gz_plugins/package.dsv'
[0.577s] INFO:colcon.colcon_core.shell:Creating package script '/home/bestteamever/leo_sim_ws/install/leo_gz_plugins/share/leo_gz_plugins/package.sh'
[0.578s] INFO:colcon.colcon_core.shell:Creating package script '/home/bestteamever/leo_sim_ws/install/leo_gz_plugins/share/leo_gz_plugins/package.bash'
[0.578s] INFO:colcon.colcon_core.shell:Creating package script '/home/bestteamever/leo_sim_ws/install/leo_gz_plugins/share/leo_gz_plugins/package.zsh'
[0.578s] Level 1:colcon.colcon_core.environment:create_file_with_runtime_dependencies(/home/bestteamever/leo_sim_ws/install/leo_gz_plugins/share/colcon-core/packages/leo_gz_plugins)
[0.578s] Level 1:colcon.colcon_core.environment:create_environment_scripts_only(leo_gz_plugins)
[0.578s] Level 1:colcon.colcon_core.environment:checking '/home/bestteamever/leo_sim_ws/install/leo_gz_plugins' for CMake module files
[0.579s] Level 1:colcon.colcon_core.environment:checking '/home/bestteamever/leo_sim_ws/install/leo_gz_plugins' for CMake config files
[0.579s] Level 1:colcon.colcon_core.shell:create_environment_hook('leo_gz_plugins', 'cmake_prefix_path')
[0.579s] INFO:colcon.colcon_core.shell:Creating environment hook '/home/bestteamever/leo_sim_ws/install/leo_gz_plugins/share/leo_gz_plugins/hook/cmake_prefix_path.ps1'
[0.579s] INFO:colcon.colcon_core.shell:Creating environment descriptor '/home/bestteamever/leo_sim_ws/install/leo_gz_plugins/share/leo_gz_plugins/hook/cmake_prefix_path.dsv'
[0.579s] INFO:colcon.colcon_core.shell:Creating environment hook '/home/bestteamever/leo_sim_ws/install/leo_gz_plugins/share/leo_gz_plugins/hook/cmake_prefix_path.sh'
[0.580s] Level 1:colcon.colcon_core.environment:checking '/home/bestteamever/leo_sim_ws/install/leo_gz_plugins/lib'
[0.580s] Level 1:colcon.colcon_core.shell:create_environment_hook('leo_gz_plugins', 'ld_library_path_lib')
[0.580s] INFO:colcon.colcon_core.shell:Creating environment hook '/home/bestteamever/leo_sim_ws/install/leo_gz_plugins/share/leo_gz_plugins/hook/ld_library_path_lib.ps1'
[0.580s] INFO:colcon.colcon_core.shell:Creating environment descriptor '/home/bestteamever/leo_sim_ws/install/leo_gz_plugins/share/leo_gz_plugins/hook/ld_library_path_lib.dsv'
[0.580s] INFO:colcon.colcon_core.shell:Creating environment hook '/home/bestteamever/leo_sim_ws/install/leo_gz_plugins/share/leo_gz_plugins/hook/ld_library_path_lib.sh'
[0.580s] Level 1:colcon.colcon_core.environment:checking '/home/bestteamever/leo_sim_ws/install/leo_gz_plugins/bin'
[0.580s] Level 1:colcon.colcon_core.environment:checking '/home/bestteamever/leo_sim_ws/install/leo_gz_plugins/lib/pkgconfig/leo_gz_plugins.pc'
[0.580s] Level 1:colcon.colcon_core.environment:checking '/home/bestteamever/leo_sim_ws/install/leo_gz_plugins/lib/python3.10/site-packages'
[0.581s] Level 1:colcon.colcon_core.environment:checking '/home/bestteamever/leo_sim_ws/install/leo_gz_plugins/bin'
[0.581s] INFO:colcon.colcon_core.shell:Creating package script '/home/bestteamever/leo_sim_ws/install/leo_gz_plugins/share/leo_gz_plugins/package.ps1'
[0.581s] INFO:colcon.colcon_core.shell:Creating package descriptor '/home/bestteamever/leo_sim_ws/install/leo_gz_plugins/share/leo_gz_plugins/package.dsv'
[0.581s] INFO:colcon.colcon_core.shell:Creating package script '/home/bestteamever/leo_sim_ws/install/leo_gz_plugins/share/leo_gz_plugins/package.sh'
[0.582s] INFO:colcon.colcon_core.shell:Creating package script '/home/bestteamever/leo_sim_ws/install/leo_gz_plugins/share/leo_gz_plugins/package.bash'
[0.582s] INFO:colcon.colcon_core.shell:Creating package script '/home/bestteamever/leo_sim_ws/install/leo_gz_plugins/share/leo_gz_plugins/package.zsh'
[0.582s] Level 1:colcon.colcon_core.environment:create_file_with_runtime_dependencies(/home/bestteamever/leo_sim_ws/install/leo_gz_plugins/share/colcon-core/packages/leo_gz_plugins)
[0.582s] Level 1:colcon.colcon_core.environment:create_environment_scripts_only(laser_scan_merger)
[0.582s] Level 1:colcon.colcon_core.environment:checking '/home/bestteamever/leo_sim_ws/install/laser_scan_merger' for CMake module files
[0.583s] Level 1:colcon.colcon_core.environment:checking '/home/bestteamever/leo_sim_ws/install/laser_scan_merger' for CMake config files
[0.583s] DEBUG:colcon.colcon_core.event_handler.log_command:Invoked command in '/home/bestteamever/leo_sim_ws/build/laser_scan_merger' returned '0': CMAKE_PREFIX_PATH=${CMAKE_PREFIX_PATH}:/home/bestteamever/leo_sim_ws/install/navigation_demos:/home/bestteamever/leo_sim_ws/install/leo_description:/opt/ros/humble /usr/bin/cmake --install /home/bestteamever/leo_sim_ws/build/laser_scan_merger
[0.583s] Level 1:colcon.colcon_core.shell:create_environment_hook('laser_scan_merger', 'cmake_prefix_path')
[0.583s] INFO:colcon.colcon_core.shell:Creating environment hook '/home/bestteamever/leo_sim_ws/install/laser_scan_merger/share/laser_scan_merger/hook/cmake_prefix_path.ps1'
[0.584s] INFO:colcon.colcon_core.shell:Creating environment descriptor '/home/bestteamever/leo_sim_ws/install/laser_scan_merger/share/laser_scan_merger/hook/cmake_prefix_path.dsv'
[0.584s] INFO:colcon.colcon_core.shell:Creating environment hook '/home/bestteamever/leo_sim_ws/install/laser_scan_merger/share/laser_scan_merger/hook/cmake_prefix_path.sh'
[0.584s] Level 1:colcon.colcon_core.environment:checking '/home/bestteamever/leo_sim_ws/install/laser_scan_merger/lib'
[0.584s] Level 1:colcon.colcon_core.environment:checking '/home/bestteamever/leo_sim_ws/install/laser_scan_merger/bin'
[0.584s] Level 1:colcon.colcon_core.environment:checking '/home/bestteamever/leo_sim_ws/install/laser_scan_merger/lib/pkgconfig/laser_scan_merger.pc'
[0.584s] Level 1:colcon.colcon_core.environment:checking '/home/bestteamever/leo_sim_ws/install/laser_scan_merger/lib/python3.10/site-packages'
[0.585s] Level 1:colcon.colcon_core.environment:checking '/home/bestteamever/leo_sim_ws/install/laser_scan_merger/bin'
[0.585s] INFO:colcon.colcon_core.shell:Creating package script '/home/bestteamever/leo_sim_ws/install/laser_scan_merger/share/laser_scan_merger/package.ps1'
[0.585s] INFO:colcon.colcon_core.shell:Creating package descriptor '/home/bestteamever/leo_sim_ws/install/laser_scan_merger/share/laser_scan_merger/package.dsv'
[0.585s] INFO:colcon.colcon_core.shell:Creating package script '/home/bestteamever/leo_sim_ws/install/laser_scan_merger/share/laser_scan_merger/package.sh'
[0.585s] INFO:colcon.colcon_core.shell:Creating package script '/home/bestteamever/leo_sim_ws/install/laser_scan_merger/share/laser_scan_merger/package.bash'
[0.586s] INFO:colcon.colcon_core.shell:Creating package script '/home/bestteamever/leo_sim_ws/install/laser_scan_merger/share/laser_scan_merger/package.zsh'
[0.586s] Level 1:colcon.colcon_core.environment:create_file_with_runtime_dependencies(/home/bestteamever/leo_sim_ws/install/laser_scan_merger/share/colcon-core/packages/laser_scan_merger)
[0.586s] Level 1:colcon.colcon_core.environment:create_environment_scripts_only(laser_scan_merger)
[0.586s] Level 1:colcon.colcon_core.environment:checking '/home/bestteamever/leo_sim_ws/install/laser_scan_merger' for CMake module files
[0.586s] Level 1:colcon.colcon_core.environment:checking '/home/bestteamever/leo_sim_ws/install/laser_scan_merger' for CMake config files
[0.587s] Level 1:colcon.colcon_core.shell:create_environment_hook('laser_scan_merger', 'cmake_prefix_path')
[0.587s] INFO:colcon.colcon_core.shell:Creating environment hook '/home/bestteamever/leo_sim_ws/install/laser_scan_merger/share/laser_scan_merger/hook/cmake_prefix_path.ps1'
[0.587s] INFO:colcon.colcon_core.shell:Creating environment descriptor '/home/bestteamever/leo_sim_ws/install/laser_scan_merger/share/laser_scan_merger/hook/cmake_prefix_path.dsv'
[0.587s] INFO:colcon.colcon_core.shell:Creating environment hook '/home/bestteamever/leo_sim_ws/install/laser_scan_merger/share/laser_scan_merger/hook/cmake_prefix_path.sh'
[0.587s] Level 1:colcon.colcon_core.environment:checking '/home/bestteamever/leo_sim_ws/install/laser_scan_merger/lib'
[0.587s] Level 1:colcon.colcon_core.environment:checking '/home/bestteamever/leo_sim_ws/install/laser_scan_merger/bin'
[0.587s] Level 1:colcon.colcon_core.environment:checking '/home/bestteamever/leo_sim_ws/install/laser_scan_merger/lib/pkgconfig/laser_scan_merger.pc'
[0.588s] Level 1:colcon.colcon_core.environment:checking '/home/bestteamever/leo_sim_ws/install/laser_scan_merger/lib/python3.10/site-packages'
[0.588s] Level 1:colcon.colcon_core.environment:checking '/home/bestteamever/leo_sim_ws/install/laser_scan_merger/bin'
[0.588s] INFO:colcon.colcon_core.shell:Creating package script '/home/bestteamever/leo_sim_ws/install/laser_scan_merger/share/laser_scan_merger/package.ps1'
[0.588s] INFO:colcon.colcon_core.shell:Creating package descriptor '/home/bestteamever/leo_sim_ws/install/laser_scan_merger/share/laser_scan_merger/package.dsv'
[0.588s] INFO:colcon.colcon_core.shell:Creating package script '/home/bestteamever/leo_sim_ws/install/laser_scan_merger/share/laser_scan_merger/package.sh'
[0.589s] INFO:colcon.colcon_core.shell:Creating package script '/home/bestteamever/leo_sim_ws/install/laser_scan_merger/share/laser_scan_merger/package.bash'
[0.589s] INFO:colcon.colcon_core.shell:Creating package script '/home/bestteamever/leo_sim_ws/install/laser_scan_merger/share/laser_scan_merger/package.zsh'
[0.589s] Level 1:colcon.colcon_core.environment:create_file_with_runtime_dependencies(/home/bestteamever/leo_sim_ws/install/laser_scan_merger/share/colcon-core/packages/laser_scan_merger)
[0.631s] DEBUG:colcon.colcon_core.event_handler.log_command:Invoked command in '/home/bestteamever/leo_sim_ws/build/pointcloud_to_laserscan' returned '0': CMAKE_PREFIX_PATH=${CMAKE_PREFIX_PATH}:/home/bestteamever/leo_sim_ws/install/navigation_demos:/home/bestteamever/leo_sim_ws/install/leo_description:/opt/ros/humble /usr/bin/cmake --build /home/bestteamever/leo_sim_ws/build/pointcloud_to_laserscan -- -j16 -l16
[0.633s] DEBUG:colcon.colcon_core.event_handler.log_command:Invoking command in '/home/bestteamever/leo_sim_ws/build/pointcloud_to_laserscan': CMAKE_PREFIX_PATH=${CMAKE_PREFIX_PATH}:/home/bestteamever/leo_sim_ws/install/navigation_demos:/home/bestteamever/leo_sim_ws/install/leo_description:/opt/ros/humble /usr/bin/cmake --install /home/bestteamever/leo_sim_ws/build/pointcloud_to_laserscan
[0.643s] Level 1:colcon.colcon_core.environment:create_environment_scripts_only(pointcloud_to_laserscan)
[0.643s] Level 1:colcon.colcon_core.environment:checking '/home/bestteamever/leo_sim_ws/install/pointcloud_to_laserscan' for CMake module files
[0.644s] DEBUG:colcon.colcon_core.event_handler.log_command:Invoked command in '/home/bestteamever/leo_sim_ws/build/pointcloud_to_laserscan' returned '0': CMAKE_PREFIX_PATH=${CMAKE_PREFIX_PATH}:/home/bestteamever/leo_sim_ws/install/navigation_demos:/home/bestteamever/leo_sim_ws/install/leo_description:/opt/ros/humble /usr/bin/cmake --install /home/bestteamever/leo_sim_ws/build/pointcloud_to_laserscan
[0.644s] Level 1:colcon.colcon_core.environment:checking '/home/bestteamever/leo_sim_ws/install/pointcloud_to_laserscan' for CMake config files
[0.644s] Level 1:colcon.colcon_core.shell:create_environment_hook('pointcloud_to_laserscan', 'cmake_prefix_path')
[0.645s] INFO:colcon.colcon_core.shell:Creating environment hook '/home/bestteamever/leo_sim_ws/install/pointcloud_to_laserscan/share/pointcloud_to_laserscan/hook/cmake_prefix_path.ps1'
[0.645s] INFO:colcon.colcon_core.shell:Creating environment descriptor '/home/bestteamever/leo_sim_ws/install/pointcloud_to_laserscan/share/pointcloud_to_laserscan/hook/cmake_prefix_path.dsv'
[0.645s] INFO:colcon.colcon_core.shell:Creating environment hook '/home/bestteamever/leo_sim_ws/install/pointcloud_to_laserscan/share/pointcloud_to_laserscan/hook/cmake_prefix_path.sh'
[0.646s] Level 1:colcon.colcon_core.environment:checking '/home/bestteamever/leo_sim_ws/install/pointcloud_to_laserscan/lib'
[0.646s] Level 1:colcon.colcon_core.shell:create_environment_hook('pointcloud_to_laserscan', 'ld_library_path_lib')
[0.646s] INFO:colcon.colcon_core.shell:Creating environment hook '/home/bestteamever/leo_sim_ws/install/pointcloud_to_laserscan/share/pointcloud_to_laserscan/hook/ld_library_path_lib.ps1'
[0.647s] INFO:colcon.colcon_core.shell:Creating environment descriptor '/home/bestteamever/leo_sim_ws/install/pointcloud_to_laserscan/share/pointcloud_to_laserscan/hook/ld_library_path_lib.dsv'
[0.647s] INFO:colcon.colcon_core.shell:Creating environment hook '/home/bestteamever/leo_sim_ws/install/pointcloud_to_laserscan/share/pointcloud_to_laserscan/hook/ld_library_path_lib.sh'
[0.647s] Level 1:colcon.colcon_core.environment:checking '/home/bestteamever/leo_sim_ws/install/pointcloud_to_laserscan/bin'
[0.647s] Level 1:colcon.colcon_core.environment:checking '/home/bestteamever/leo_sim_ws/install/pointcloud_to_laserscan/lib/pkgconfig/pointcloud_to_laserscan.pc'
[0.647s] Level 1:colcon.colcon_core.environment:checking '/home/bestteamever/leo_sim_ws/install/pointcloud_to_laserscan/lib/python3.10/site-packages'
[0.648s] Level 1:colcon.colcon_core.environment:checking '/home/bestteamever/leo_sim_ws/install/pointcloud_to_laserscan/bin'
[0.648s] INFO:colcon.colcon_core.shell:Creating package script '/home/bestteamever/leo_sim_ws/install/pointcloud_to_laserscan/share/pointcloud_to_laserscan/package.ps1'
[0.648s] INFO:colcon.colcon_core.shell:Creating package descriptor '/home/bestteamever/leo_sim_ws/install/pointcloud_to_laserscan/share/pointcloud_to_laserscan/package.dsv'
[0.648s] INFO:colcon.colcon_core.shell:Creating package script '/home/bestteamever/leo_sim_ws/install/pointcloud_to_laserscan/share/pointcloud_to_laserscan/package.sh'
[0.649s] INFO:colcon.colcon_core.shell:Creating package script '/home/bestteamever/leo_sim_ws/install/pointcloud_to_laserscan/share/pointcloud_to_laserscan/package.bash'
[0.649s] INFO:colcon.colcon_core.shell:Creating package script '/home/bestteamever/leo_sim_ws/install/pointcloud_to_laserscan/share/pointcloud_to_laserscan/package.zsh'
[0.649s] Level 1:colcon.colcon_core.environment:create_file_with_runtime_dependencies(/home/bestteamever/leo_sim_ws/install/pointcloud_to_laserscan/share/colcon-core/packages/pointcloud_to_laserscan)
[0.649s] Level 1:colcon.colcon_core.environment:create_environment_scripts_only(pointcloud_to_laserscan)
[0.649s] Level 1:colcon.colcon_core.environment:checking '/home/bestteamever/leo_sim_ws/install/pointcloud_to_laserscan' for CMake module files
[0.650s] Level 1:colcon.colcon_core.environment:checking '/home/bestteamever/leo_sim_ws/install/pointcloud_to_laserscan' for CMake config files
[0.650s] Level 1:colcon.colcon_core.shell:create_environment_hook('pointcloud_to_laserscan', 'cmake_prefix_path')
[0.650s] INFO:colcon.colcon_core.shell:Creating environment hook '/home/bestteamever/leo_sim_ws/install/pointcloud_to_laserscan/share/pointcloud_to_laserscan/hook/cmake_prefix_path.ps1'
[0.650s] INFO:colcon.colcon_core.shell:Creating environment descriptor '/home/bestteamever/leo_sim_ws/install/pointcloud_to_laserscan/share/pointcloud_to_laserscan/hook/cmake_prefix_path.dsv'
[0.650s] INFO:colcon.colcon_core.shell:Creating environment hook '/home/bestteamever/leo_sim_ws/install/pointcloud_to_laserscan/share/pointcloud_to_laserscan/hook/cmake_prefix_path.sh'
[0.651s] Level 1:colcon.colcon_core.environment:checking '/home/bestteamever/leo_sim_ws/install/pointcloud_to_laserscan/lib'
[0.651s] Level 1:colcon.colcon_core.shell:create_environment_hook('pointcloud_to_laserscan', 'ld_library_path_lib')
[0.651s] INFO:colcon.colcon_core.shell:Creating environment hook '/home/bestteamever/leo_sim_ws/install/pointcloud_to_laserscan/share/pointcloud_to_laserscan/hook/ld_library_path_lib.ps1'
[0.651s] INFO:colcon.colcon_core.shell:Creating environment descriptor '/home/bestteamever/leo_sim_ws/install/pointcloud_to_laserscan/share/pointcloud_to_laserscan/hook/ld_library_path_lib.dsv'
[0.651s] INFO:colcon.colcon_core.shell:Creating environment hook '/home/bestteamever/leo_sim_ws/install/pointcloud_to_laserscan/share/pointcloud_to_laserscan/hook/ld_library_path_lib.sh'
[0.651s] Level 1:colcon.colcon_core.environment:checking '/home/bestteamever/leo_sim_ws/install/pointcloud_to_laserscan/bin'
[0.652s] Level 1:colcon.colcon_core.environment:checking '/home/bestteamever/leo_sim_ws/install/pointcloud_to_laserscan/lib/pkgconfig/pointcloud_to_laserscan.pc'
[0.652s] Level 1:colcon.colcon_core.environment:checking '/home/bestteamever/leo_sim_ws/install/pointcloud_to_laserscan/lib/python3.10/site-packages'
[0.652s] Level 1:colcon.colcon_core.environment:checking '/home/bestteamever/leo_sim_ws/install/pointcloud_to_laserscan/bin'
[0.652s] INFO:colcon.colcon_core.shell:Creating package script '/home/bestteamever/leo_sim_ws/install/pointcloud_to_laserscan/share/pointcloud_to_laserscan/package.ps1'
[0.652s] INFO:colcon.colcon_core.shell:Creating package descriptor '/home/bestteamever/leo_sim_ws/install/pointcloud_to_laserscan/share/pointcloud_to_laserscan/package.dsv'
[0.653s] INFO:colcon.colcon_core.shell:Creating package script '/home/bestteamever/leo_sim_ws/install/pointcloud_to_laserscan/share/pointcloud_to_laserscan/package.sh'
[0.653s] INFO:colcon.colcon_core.shell:Creating package script '/home/bestteamever/leo_sim_ws/install/pointcloud_to_laserscan/share/pointcloud_to_laserscan/package.bash'
[0.653s] INFO:colcon.colcon_core.shell:Creating package script '/home/bestteamever/leo_sim_ws/install/pointcloud_to_laserscan/share/pointcloud_to_laserscan/package.zsh'
[0.653s] Level 1:colcon.colcon_core.environment:create_file_with_runtime_dependencies(/home/bestteamever/leo_sim_ws/install/pointcloud_to_laserscan/share/colcon-core/packages/pointcloud_to_laserscan)
[0.763s] DEBUG:colcon.colcon_core.event_handler.log_command:Invoking command in '/home/bestteamever/leo_sim_ws/src/leo_description': PYTHONPATH=/home/bestteamever/leo_sim_ws/build/leo_description/prefix_override:/usr/lib/python3/dist-packages/colcon_core/task/python/colcon_distutils_commands:/home/bestteamever/leo_sim_ws/install/leo_description/lib/python3.10/site-packages:${PYTHONPATH} /usr/bin/python3 -W ignore:setup.py install is deprecated -W ignore:easy_install command is deprecated setup.py egg_info --egg-base ../../build/leo_description build --build-base /home/bestteamever/leo_sim_ws/build/leo_description/build install --record /home/bestteamever/leo_sim_ws/build/leo_description/install.log --single-version-externally-managed install_data
[0.764s] DEBUG:colcon.colcon_core.event_handler.log_command:Invoking command in '/home/bestteamever/leo_sim_ws/src/navigation_demos': PYTHONPATH=/home/bestteamever/leo_sim_ws/build/navigation_demos/prefix_override:/usr/lib/python3/dist-packages/colcon_core/task/python/colcon_distutils_commands:/home/bestteamever/leo_sim_ws/install/navigation_demos/lib/python3.10/site-packages:${PYTHONPATH} /usr/bin/python3 -W ignore:setup.py install is deprecated -W ignore:easy_install command is deprecated setup.py egg_info --egg-base ../../build/navigation_demos build --build-base /home/bestteamever/leo_sim_ws/build/navigation_demos/build install --record /home/bestteamever/leo_sim_ws/build/navigation_demos/install.log --single-version-externally-managed install_data
[0.921s] Level 1:colcon.colcon_core.environment:checking '/home/bestteamever/leo_sim_ws/install/navigation_demos' for CMake module files
[0.922s] DEBUG:colcon.colcon_core.event_handler.log_command:Invoked command in '/home/bestteamever/leo_sim_ws/src/navigation_demos' returned '0': PYTHONPATH=/home/bestteamever/leo_sim_ws/build/navigation_demos/prefix_override:/usr/lib/python3/dist-packages/colcon_core/task/python/colcon_distutils_commands:/home/bestteamever/leo_sim_ws/install/navigation_demos/lib/python3.10/site-packages:${PYTHONPATH} /usr/bin/python3 -W ignore:setup.py install is deprecated -W ignore:easy_install command is deprecated setup.py egg_info --egg-base ../../build/navigation_demos build --build-base /home/bestteamever/leo_sim_ws/build/navigation_demos/build install --record /home/bestteamever/leo_sim_ws/build/navigation_demos/install.log --single-version-externally-managed install_data
[0.922s] Level 1:colcon.colcon_core.environment:checking '/home/bestteamever/leo_sim_ws/install/navigation_demos' for CMake config files
[0.922s] Level 1:colcon.colcon_core.environment:checking '/home/bestteamever/leo_sim_ws/install/navigation_demos/lib'
[0.922s] Level 1:colcon.colcon_core.environment:checking '/home/bestteamever/leo_sim_ws/install/navigation_demos/bin'
[0.922s] Level 1:colcon.colcon_core.environment:checking '/home/bestteamever/leo_sim_ws/install/navigation_demos/lib/pkgconfig/navigation_demos.pc'
[0.922s] Level 1:colcon.colcon_core.environment:checking '/home/bestteamever/leo_sim_ws/install/navigation_demos/lib/python3.10/site-packages'
[0.922s] Level 1:colcon.colcon_core.shell:create_environment_hook('navigation_demos', 'pythonpath')
[0.923s] INFO:colcon.colcon_core.shell:Creating environment hook '/home/bestteamever/leo_sim_ws/install/navigation_demos/share/navigation_demos/hook/pythonpath.ps1'
[0.923s] INFO:colcon.colcon_core.shell:Creating environment descriptor '/home/bestteamever/leo_sim_ws/install/navigation_demos/share/navigation_demos/hook/pythonpath.dsv'
[0.923s] INFO:colcon.colcon_core.shell:Creating environment hook '/home/bestteamever/leo_sim_ws/install/navigation_demos/share/navigation_demos/hook/pythonpath.sh'
[0.923s] Level 1:colcon.colcon_core.environment:checking '/home/bestteamever/leo_sim_ws/install/navigation_demos/bin'
[0.924s] Level 1:colcon.colcon_core.environment:create_environment_scripts_only(navigation_demos)
[0.924s] INFO:colcon.colcon_core.shell:Creating package script '/home/bestteamever/leo_sim_ws/install/navigation_demos/share/navigation_demos/package.ps1'
[0.924s] INFO:colcon.colcon_core.shell:Creating package descriptor '/home/bestteamever/leo_sim_ws/install/navigation_demos/share/navigation_demos/package.dsv'
[0.924s] INFO:colcon.colcon_core.shell:Creating package script '/home/bestteamever/leo_sim_ws/install/navigation_demos/share/navigation_demos/package.sh'
[0.924s] INFO:colcon.colcon_core.shell:Creating package script '/home/bestteamever/leo_sim_ws/install/navigation_demos/share/navigation_demos/package.bash'
[0.925s] INFO:colcon.colcon_core.shell:Creating package script '/home/bestteamever/leo_sim_ws/install/navigation_demos/share/navigation_demos/package.zsh'
[0.925s] Level 1:colcon.colcon_core.environment:create_file_with_runtime_dependencies(/home/bestteamever/leo_sim_ws/install/navigation_demos/share/colcon-core/packages/navigation_demos)
[0.926s] Level 1:colcon.colcon_core.environment:checking '/home/bestteamever/leo_sim_ws/install/leo_description' for CMake module files
[0.926s] DEBUG:colcon.colcon_core.event_handler.log_command:Invoked command in '/home/bestteamever/leo_sim_ws/src/leo_description' returned '0': PYTHONPATH=/home/bestteamever/leo_sim_ws/build/leo_description/prefix_override:/usr/lib/python3/dist-packages/colcon_core/task/python/colcon_distutils_commands:/home/bestteamever/leo_sim_ws/install/leo_description/lib/python3.10/site-packages:${PYTHONPATH} /usr/bin/python3 -W ignore:setup.py install is deprecated -W ignore:easy_install command is deprecated setup.py egg_info --egg-base ../../build/leo_description build --build-base /home/bestteamever/leo_sim_ws/build/leo_description/build install --record /home/bestteamever/leo_sim_ws/build/leo_description/install.log --single-version-externally-managed install_data
[0.926s] Level 1:colcon.colcon_core.environment:checking '/home/bestteamever/leo_sim_ws/install/leo_description' for CMake config files
[0.926s] Level 1:colcon.colcon_core.environment:checking '/home/bestteamever/leo_sim_ws/install/leo_description/lib'
[0.926s] Level 1:colcon.colcon_core.environment:checking '/home/bestteamever/leo_sim_ws/install/leo_description/bin'
[0.926s] Level 1:colcon.colcon_core.environment:checking '/home/bestteamever/leo_sim_ws/install/leo_description/lib/pkgconfig/leo_description.pc'
[0.927s] Level 1:colcon.colcon_core.environment:checking '/home/bestteamever/leo_sim_ws/install/leo_description/lib/python3.10/site-packages'
[0.927s] Level 1:colcon.colcon_core.shell:create_environment_hook('leo_description', 'pythonpath')
[0.927s] INFO:colcon.colcon_core.shell:Creating environment hook '/home/bestteamever/leo_sim_ws/install/leo_description/share/leo_description/hook/pythonpath.ps1'
[0.927s] INFO:colcon.colcon_core.shell:Creating environment descriptor '/home/bestteamever/leo_sim_ws/install/leo_description/share/leo_description/hook/pythonpath.dsv'
[0.927s] INFO:colcon.colcon_core.shell:Creating environment hook '/home/bestteamever/leo_sim_ws/install/leo_description/share/leo_description/hook/pythonpath.sh'
[0.927s] Level 1:colcon.colcon_core.environment:checking '/home/bestteamever/leo_sim_ws/install/leo_description/bin'
[0.927s] Level 1:colcon.colcon_core.environment:create_environment_scripts_only(leo_description)
[0.928s] INFO:colcon.colcon_core.shell:Creating package script '/home/bestteamever/leo_sim_ws/install/leo_description/share/leo_description/package.ps1'
[0.928s] INFO:colcon.colcon_core.shell:Creating package descriptor '/home/bestteamever/leo_sim_ws/install/leo_description/share/leo_description/package.dsv'
[0.928s] INFO:colcon.colcon_core.shell:Creating package script '/home/bestteamever/leo_sim_ws/install/leo_description/share/leo_description/package.sh'
[0.928s] INFO:colcon.colcon_core.shell:Creating package script '/home/bestteamever/leo_sim_ws/install/leo_description/share/leo_description/package.bash'
[0.929s] INFO:colcon.colcon_core.shell:Creating package script '/home/bestteamever/leo_sim_ws/install/leo_description/share/leo_description/package.zsh'
[0.929s] Level 1:colcon.colcon_core.environment:create_file_with_runtime_dependencies(/home/bestteamever/leo_sim_ws/install/leo_description/share/colcon-core/packages/leo_description)
[0.929s] DEBUG:colcon.colcon_parallel_executor.executor.parallel:closing loop
[0.929s] DEBUG:colcon.colcon_parallel_executor.executor.parallel:loop closed
[0.929s] DEBUG:colcon.colcon_parallel_executor.executor.parallel:run_until_complete finished with '0'
[0.929s] DEBUG:colcon.colcon_core.event_reactor:joining thread
[0.933s] INFO:colcon.colcon_core.plugin_system:Skipping extension 'colcon_notification.desktop_notification.terminal_notifier': Not used on non-Darwin systems
[0.933s] INFO:colcon.colcon_core.plugin_system:Skipping extension 'colcon_notification.desktop_notification.win32': Not used on non-Windows systems
[0.933s] INFO:colcon.colcon_notification.desktop_notification:Sending desktop notification using 'notify2'
[0.940s] DEBUG:colcon.colcon_core.event_reactor:joined thread
[0.940s] INFO:colcon.colcon_core.shell:Creating prefix script '/home/bestteamever/leo_sim_ws/install/local_setup.ps1'
[0.941s] INFO:colcon.colcon_core.shell:Creating prefix util module '/home/bestteamever/leo_sim_ws/install/_local_setup_util_ps1.py'
[0.942s] INFO:colcon.colcon_core.shell:Creating prefix chain script '/home/bestteamever/leo_sim_ws/install/setup.ps1'
[0.942s] INFO:colcon.colcon_core.shell:Creating prefix script '/home/bestteamever/leo_sim_ws/install/local_setup.sh'
[0.943s] INFO:colcon.colcon_core.shell:Creating prefix util module '/home/bestteamever/leo_sim_ws/install/_local_setup_util_sh.py'
[0.943s] INFO:colcon.colcon_core.shell:Creating prefix chain script '/home/bestteamever/leo_sim_ws/install/setup.sh'
[0.944s] INFO:colcon.colcon_core.shell:Creating prefix script '/home/bestteamever/leo_sim_ws/install/local_setup.bash'
[0.944s] INFO:colcon.colcon_core.shell:Creating prefix chain script '/home/bestteamever/leo_sim_ws/install/setup.bash'
[0.944s] INFO:colcon.colcon_core.shell:Creating prefix script '/home/bestteamever/leo_sim_ws/install/local_setup.zsh'
[0.945s] INFO:colcon.colcon_core.shell:Creating prefix chain script '/home/bestteamever/leo_sim_ws/install/setup.zsh'
