[0.164s] Invoking command in '/home/bestteamever/leo_sim_ws/build/leo_gz_plugins': CMAKE_PREFIX_PATH=${CMAKE_PREFIX_PATH}:/home/bestteamever/leo_sim_ws/install/navigation_demos:/home/bestteamever/leo_sim_ws/install/leo_description:/opt/ros/humble /usr/bin/cmake /home/bestteamever/leo_sim_ws/src/leo_gz_plugins -DCMAKE_INSTALL_PREFIX=/home/bestteamever/leo_sim_ws/install/leo_gz_plugins
[0.338s] -- The C compiler identification is GNU 11.4.0
[0.338s] -- The CXX compiler identification is GNU 11.4.0
[0.338s] -- Detecting C compiler ABI info
[0.338s] -- Detecting C compiler ABI info - done
[0.338s] -- Check for working C compiler: /usr/bin/cc - skipped
[0.338s] -- Detecting C compile features
[0.338s] -- Detecting C compile features - done
[0.338s] -- Detecting CXX compiler ABI info
[0.355s] -- Detecting CXX compiler ABI info - done
[0.363s] -- Check for working CXX compiler: /usr/bin/c++ - skipped
[0.363s] -- Detecting CXX compile features
[0.363s] -- Detecting CXX compile features - done
[0.365s] -- Found ament_cmake: 1.3.11 (/opt/ros/humble/share/ament_cmake/cmake)
[0.475s] -- Found Python3: /usr/bin/python3 (found version "3.10.12") found components: Interpreter 
[0.545s] -- Looking for ignition-plugin1 -- found version 1.4.0
[0.552s] -- Searching for dependencies of ignition-plugin1
[0.553s] -- Searching for <ignition-plugin1> component [register]
[0.554s] -- Looking for ignition-plugin1-register -- found version 1.4.0
[0.555s] -- Searching for dependencies of ignition-plugin1-register
[0.558s] -- Looking for ignition-gazebo6 -- found version 6.17.0
[0.558s] -- Searching for dependencies of ignition-gazebo6
[0.561s] -- Looking for sdformat12 -- found version 12.8.0
[0.561s] -- Searching for dependencies of sdformat12
[0.566s] -- Checking for module 'tinyxml2'
[0.575s] --   Found tinyxml2, version 9.0.0
[0.604s] -- Looking for ignition-math6 -- found version 6.15.1
[0.604s] -- Searching for dependencies of ignition-math6
[0.607s] -- Looking for ignition-utils1 -- found version 1.5.1
[0.608s] -- Searching for dependencies of ignition-utils1
[0.610s] -- Looking for ignition-plugin1 -- found version 1.4.0
[0.610s] -- Searching for dependencies of ignition-plugin1
[0.611s] -- Searching for <ignition-plugin1> component [loader]
[0.613s] -- Looking for ignition-plugin1-loader -- found version 1.4.0
[0.613s] -- Searching for dependencies of ignition-plugin1-loader
[0.614s] -- Searching for <ignition-plugin1> component [register]
[0.617s] -- Looking for ignition-transport11 -- found version 11.4.1
[0.617s] -- Searching for dependencies of ignition-transport11
[0.763s] -- Found Protobuf: /usr/lib/x86_64-linux-gnu/libprotobuf.so (found version "3.12.4") 
[0.771s] -- Config-file not installed for ZeroMQ -- checking for pkg-config
[0.774s] -- Checking for module 'libzmq >= 4'
[0.786s] --   Found libzmq , version 4.3.4
[0.813s] -- Found ZeroMQ: TRUE (Required is at least version "4") 
[0.818s] -- Checking for module 'uuid'
[0.828s] --   Found uuid, version 2.37.2
[0.851s] -- Found UUID: TRUE  
[0.851s] -- Looking for ignition-utils1 -- found version 1.5.1
[0.852s] -- Searching for dependencies of ignition-utils1
[0.852s] -- Searching for <ignition-utils1> component [cli]
[0.853s] -- Looking for ignition-utils1-cli -- found version 1.5.1
[0.854s] -- Searching for dependencies of ignition-utils1-cli
[0.856s] -- Looking for ignition-msgs8 -- found version 8.7.0
[0.856s] -- Searching for dependencies of ignition-msgs8
[0.869s] -- Found Protobuf: /usr/lib/x86_64-linux-gnu/libprotobuf.so (found suitable version "3.12.4", minimum required is "3") 
[0.870s] -- Looking for ignition-math6 -- found version 6.15.1
[0.881s] -- Searching for <ignition-transport11> component [log]
[0.883s] -- Looking for ignition-transport11-log -- found version 11.4.1
[0.884s] -- Searching for dependencies of ignition-transport11-log
[0.884s] -- Searching for <ignition-transport11> component [parameters]
[0.886s] -- Looking for ignition-transport11-parameters -- found version 11.4.1
[0.886s] -- Searching for dependencies of ignition-transport11-parameters
[0.887s] -- Looking for ignition-msgs8 -- found version 8.7.0
[0.889s] -- Looking for ignition-common4 -- found version 4.7.0
[0.889s] -- Searching for dependencies of ignition-common4
[0.889s] -- Looking for dlfcn.h - found
[0.890s] -- Looking for libdl - found
[0.891s] -- Found DL: TRUE  
[0.898s] -- Searching for <ignition-common4> component [profiler]
[0.900s] -- Looking for ignition-common4-profiler -- found version 4.7.0
[0.900s] -- Searching for dependencies of ignition-common4-profiler
[0.901s] -- Searching for <ignition-common4> component [events]
[0.902s] -- Looking for ignition-common4-events -- found version 4.7.0
[0.903s] -- Searching for dependencies of ignition-common4-events
[0.903s] -- Looking for ignition-math6 -- found version 6.15.1
[0.903s] -- Searching for <ignition-common4> component [av]
[0.905s] -- Looking for ignition-common4-av -- found version 4.7.0
[0.905s] -- Searching for dependencies of ignition-common4-av
[0.909s] -- Checking for module 'libswscale'
[0.920s] --   Found libswscale, version 5.9.100
[0.945s] -- Found SWSCALE: TRUE  
[0.950s] -- Checking for module 'libavdevice >= 56.4.100'
[0.961s] --   Found libavdevice , version 58.13.100
[0.989s] -- Found AVDEVICE: TRUE (Required is at least version "56.4.100") 
[0.993s] -- Checking for module 'libavformat'
[1.003s] --   Found libavformat, version 58.76.100
[1.029s] -- Found AVFORMAT: TRUE  
[1.033s] -- Checking for module 'libavcodec'
[1.043s] --   Found libavcodec, version 58.134.100
[1.069s] -- Found AVCODEC: TRUE  
[1.073s] -- Checking for module 'libavutil'
[1.083s] --   Found libavutil, version 56.70.100
[1.107s] -- Found AVUTIL: TRUE  
[1.110s] -- Looking for ignition-fuel_tools7 -- found version 7.3.1
[1.111s] -- Searching for dependencies of ignition-fuel_tools7
[1.166s] -- Found CURL: /usr/lib/x86_64-linux-gnu/libcurl.so (found version "7.81.0")  
[1.173s] -- Checking for module 'jsoncpp'
[1.183s] --   Found jsoncpp, version 1.9.5
[1.207s] -- Found JSONCPP: TRUE  
[1.212s] -- Checking for module 'libzip'
[1.222s] --   Found libzip, version 1.7.3
[1.246s] -- Found ZIP: TRUE  
[1.246s] -- Looking for ignition-common4 -- found version 4.7.0
[1.246s] -- Looking for ignition-math6 -- found version 6.15.1
[1.246s] -- Looking for ignition-msgs8 -- found version 8.7.0
[1.249s] -- Looking for ignition-gui6 -- found version 6.8.0
[1.249s] -- Searching for dependencies of ignition-gui6
[1.268s] -- Looking for ignition-math6 -- found version 6.15.1
[1.268s] -- Looking for ignition-common4 -- found version 4.7.0
[1.269s] -- Looking for ignition-plugin1 -- found version 1.4.0
[1.269s] -- Looking for ignition-transport11 -- found version 11.4.1
[1.272s] -- Looking for ignition-rendering6 -- found version 6.6.3
[1.272s] -- Searching for dependencies of ignition-rendering6
[1.273s] -- Looking for ignition-math6 -- found version 6.15.1
[1.273s] -- Searching for dependencies of ignition-math6
[1.273s] -- Searching for <ignition-math6> component [eigen3]
[1.276s] -- Looking for ignition-math6-eigen3 -- found version 6.15.1
[1.276s] -- Searching for dependencies of ignition-math6-eigen3
[1.282s] -- Looking for ignition-common4 -- found version 4.7.0
[1.282s] -- Searching for dependencies of ignition-common4
[1.282s] -- Looking for dlfcn.h - found
[1.282s] -- Looking for libdl - found
[1.290s] -- Searching for <ignition-common4> component [graphics]
[1.292s] -- Looking for ignition-common4-graphics -- found version 4.7.0
[1.293s] -- Searching for dependencies of ignition-common4-graphics
[1.293s] -- Looking for ignition-math6 -- found version 6.15.1
[1.294s] -- Looking for ignition-utils1 -- found version 1.5.1
[1.294s] -- Searching for <ignition-common4> component [events]
[1.295s] -- Looking for ignition-plugin1 -- found version 1.4.0
[1.295s] -- Searching for dependencies of ignition-plugin1
[1.295s] -- Searching for <ignition-plugin1> component [all]
[1.297s] -- Looking for all libraries of ignition-plugin1 -- found version 1.4.0
[1.297s] -- Looking for ignition-plugin1 -- found version 1.4.0
[1.299s] -- Looking for ignition-msgs8 -- found version 8.7.0
[1.325s] -- Looking for ignition-physics5 -- found version 5.3.2
[1.325s] -- Searching for dependencies of ignition-physics5
[1.325s] -- Looking for ignition-math6 -- found version 6.15.1
[1.326s] -- Looking for ignition-plugin1 -- found version 1.4.0
[1.326s] -- Looking for ignition-utils1 -- found version 1.5.1
[1.327s] -- Searching for <ignition-physics5> component [heightmap]
[1.329s] -- Looking for ignition-physics5-heightmap -- found version 5.3.2
[1.329s] -- Searching for dependencies of ignition-physics5-heightmap
[1.329s] -- Looking for ignition-common4 -- found version 4.7.0
[1.330s] -- Searching for <ignition-physics5> component [mesh]
[1.332s] -- Looking for ignition-physics5-mesh -- found version 5.3.2
[1.332s] -- Searching for dependencies of ignition-physics5-mesh
[1.333s] -- Looking for ignition-common4 -- found version 4.7.0
[1.333s] -- Searching for <ignition-physics5> component [sdf]
[1.335s] -- Looking for ignition-physics5-sdf -- found version 5.3.2
[1.335s] -- Searching for dependencies of ignition-physics5-sdf
[1.335s] -- Looking for sdformat12 -- found version 12.8.0
[1.337s] -- Looking for ignition-sensors6 -- found version 6.8.1
[1.338s] -- Searching for dependencies of ignition-sensors6
[1.351s] -- Found Protobuf: /usr/lib/x86_64-linux-gnu/libprotobuf.so (found version "3.12.4") 
[1.351s] -- Looking for ignition-math6 -- found version 6.15.1
[1.353s] -- Looking for ignition-common4 -- found version 4.7.0
[1.353s] -- Looking for ignition-transport11 -- found version 11.4.1
[1.353s] -- Looking for ignition-rendering6 -- found version 6.6.3
[1.353s] -- Looking for ignition-msgs8 -- found version 8.7.0
[1.354s] -- Looking for sdformat12 -- found version 12.8.0
[1.354s] -- Searching for <ignition-sensors6> component [air_pressure]
[1.357s] -- Looking for ignition-sensors6-air_pressure -- found version 6.8.1
[1.357s] -- Searching for dependencies of ignition-sensors6-air_pressure
[1.358s] -- Searching for <ignition-sensors6> component [altimeter]
[1.361s] -- Looking for ignition-sensors6-altimeter -- found version 6.8.1
[1.361s] -- Searching for dependencies of ignition-sensors6-altimeter
[1.362s] -- Searching for <ignition-sensors6> component [imu]
[1.365s] -- Looking for ignition-sensors6-imu -- found version 6.8.1
[1.365s] -- Searching for dependencies of ignition-sensors6-imu
[1.366s] -- Searching for <ignition-sensors6> component [force_torque]
[1.368s] -- Looking for ignition-sensors6-force_torque -- found version 6.8.1
[1.369s] -- Searching for dependencies of ignition-sensors6-force_torque
[1.369s] -- Searching for <ignition-sensors6> component [logical_camera]
[1.372s] -- Looking for ignition-sensors6-logical_camera -- found version 6.8.1
[1.372s] -- Searching for dependencies of ignition-sensors6-logical_camera
[1.373s] -- Searching for <ignition-sensors6> component [magnetometer]
[1.376s] -- Looking for ignition-sensors6-magnetometer -- found version 6.8.1
[1.376s] -- Searching for dependencies of ignition-sensors6-magnetometer
[1.377s] -- Searching for <ignition-sensors6> component [navsat]
[1.379s] -- Looking for ignition-sensors6-navsat -- found version 6.8.1
[1.380s] -- Searching for dependencies of ignition-sensors6-navsat
[1.380s] -- Searching for <ignition-sensors6> component [rendering]
[1.383s] -- Looking for ignition-sensors6-rendering -- found version 6.8.1
[1.384s] -- Searching for dependencies of ignition-sensors6-rendering
[1.384s] -- Searching for <ignition-sensors6> component [lidar]
[1.387s] -- Looking for ignition-sensors6-lidar -- found version 6.8.1
[1.387s] -- Searching for dependencies of ignition-sensors6-lidar
[1.388s] -- Looking for ignition-sensors6 -- found version 6.8.1
[1.389s] -- Searching for <ignition-sensors6> component [gpu_lidar]
[1.391s] -- Looking for ignition-sensors6-gpu_lidar -- found version 6.8.1
[1.392s] -- Searching for dependencies of ignition-sensors6-gpu_lidar
[1.392s] -- Looking for ignition-sensors6 -- found version 6.8.1
[1.393s] -- Searching for <ignition-sensors6> component [camera]
[1.396s] -- Looking for ignition-sensors6-camera -- found version 6.8.1
[1.396s] -- Searching for dependencies of ignition-sensors6-camera
[1.396s] -- Looking for ignition-sensors6 -- found version 6.8.1
[1.397s] -- Searching for <ignition-sensors6> component [boundingbox_camera]
[1.400s] -- Looking for ignition-sensors6-boundingbox_camera -- found version 6.8.1
[1.400s] -- Searching for dependencies of ignition-sensors6-boundingbox_camera
[1.401s] -- Searching for <ignition-sensors6> component [segmentation_camera]
[1.404s] -- Looking for ignition-sensors6-segmentation_camera -- found version 6.8.1
[1.404s] -- Searching for dependencies of ignition-sensors6-segmentation_camera
[1.405s] -- Searching for <ignition-sensors6> component [depth_camera]
[1.407s] -- Looking for ignition-sensors6-depth_camera -- found version 6.8.1
[1.408s] -- Searching for dependencies of ignition-sensors6-depth_camera
[1.408s] -- Looking for ignition-sensors6 -- found version 6.8.1
[1.409s] -- Searching for <ignition-sensors6> component [rgbd_camera]
[1.412s] -- Looking for ignition-sensors6-rgbd_camera -- found version 6.8.1
[1.412s] -- Searching for dependencies of ignition-sensors6-rgbd_camera
[1.413s] -- Looking for ignition-sensors6 -- found version 6.8.1
[1.413s] -- Searching for <ignition-sensors6> component [thermal_camera]
[1.416s] -- Looking for ignition-sensors6-thermal_camera -- found version 6.8.1
[1.416s] -- Searching for dependencies of ignition-sensors6-thermal_camera
[1.417s] -- Looking for ignition-sensors6 -- found version 6.8.1
[1.418s] -- Looking for ignition-rendering6 -- found version 6.6.3
[1.418s] -- Looking for ignition-math6 -- found version 6.15.1
[1.421s] -- Looking for ignition-utils1 -- found version 1.5.1
[1.443s] -- Found ament_lint_auto: 0.12.11 (/opt/ros/humble/share/ament_lint_auto/cmake)
[1.502s] -- Added test 'copyright' to check source files copyright and LICENSE
[1.503s] -- Added test 'cpplint' to check C / C++ code against the Google style
[1.503s] -- Configured cpplint exclude dirs and/or files: 
[1.503s] -- Added test 'lint_cmake' to check CMake code style
[1.503s] -- Added test 'uncrustify' to check C / C++ code style
[1.504s] -- Configured uncrustify additional arguments: 
[1.504s] -- Added test 'xmllint' to check XML markup files
[1.505s] -- Configuring done
[1.512s] -- Generating done
[1.515s] -- Build files have been written to: /home/bestteamever/leo_sim_ws/build/leo_gz_plugins
[1.523s] Invoked command in '/home/bestteamever/leo_sim_ws/build/leo_gz_plugins' returned '0': CMAKE_PREFIX_PATH=${CMAKE_PREFIX_PATH}:/home/bestteamever/leo_sim_ws/install/navigation_demos:/home/bestteamever/leo_sim_ws/install/leo_description:/opt/ros/humble /usr/bin/cmake /home/bestteamever/leo_sim_ws/src/leo_gz_plugins -DCMAKE_INSTALL_PREFIX=/home/bestteamever/leo_sim_ws/install/leo_gz_plugins
[1.524s] Invoking command in '/home/bestteamever/leo_sim_ws/build/leo_gz_plugins': CMAKE_PREFIX_PATH=${CMAKE_PREFIX_PATH}:/home/bestteamever/leo_sim_ws/install/navigation_demos:/home/bestteamever/leo_sim_ws/install/leo_description:/opt/ros/humble /usr/bin/cmake --build /home/bestteamever/leo_sim_ws/build/leo_gz_plugins -- -j16 -l16
[1.557s] [ 50%] [32mBuilding CXX object CMakeFiles/leo_gz_differential_plugin.dir/src/differential_system.cpp.o[0m
[12.447s] [100%] [32m[1mLinking CXX shared library libleo_gz_differential_plugin.so[0m
[12.983s] [100%] Built target leo_gz_differential_plugin
[12.993s] Invoked command in '/home/bestteamever/leo_sim_ws/build/leo_gz_plugins' returned '0': CMAKE_PREFIX_PATH=${CMAKE_PREFIX_PATH}:/home/bestteamever/leo_sim_ws/install/navigation_demos:/home/bestteamever/leo_sim_ws/install/leo_description:/opt/ros/humble /usr/bin/cmake --build /home/bestteamever/leo_sim_ws/build/leo_gz_plugins -- -j16 -l16
[13.002s] Invoking command in '/home/bestteamever/leo_sim_ws/build/leo_gz_plugins': CMAKE_PREFIX_PATH=${CMAKE_PREFIX_PATH}:/home/bestteamever/leo_sim_ws/install/navigation_demos:/home/bestteamever/leo_sim_ws/install/leo_description:/opt/ros/humble /usr/bin/cmake --install /home/bestteamever/leo_sim_ws/build/leo_gz_plugins
[13.008s] -- Install configuration: ""
[13.008s] -- Installing: /home/bestteamever/leo_sim_ws/install/leo_gz_plugins/lib/libleo_gz_differential_plugin.so
[13.013s] -- Installing: /home/bestteamever/leo_sim_ws/install/leo_gz_plugins/share/leo_gz_plugins/environment/gz_sim_system_plugin_path.sh
[13.013s] -- Installing: /home/bestteamever/leo_sim_ws/install/leo_gz_plugins/share/leo_gz_plugins/environment/gz_sim_system_plugin_path.dsv
[13.013s] -- Installing: /home/bestteamever/leo_sim_ws/install/leo_gz_plugins/share/ament_index/resource_index/package_run_dependencies/leo_gz_plugins
[13.013s] -- Installing: /home/bestteamever/leo_sim_ws/install/leo_gz_plugins/share/ament_index/resource_index/parent_prefix_path/leo_gz_plugins
[13.013s] -- Installing: /home/bestteamever/leo_sim_ws/install/leo_gz_plugins/share/leo_gz_plugins/environment/ament_prefix_path.sh
[13.013s] -- Installing: /home/bestteamever/leo_sim_ws/install/leo_gz_plugins/share/leo_gz_plugins/environment/ament_prefix_path.dsv
[13.013s] -- Installing: /home/bestteamever/leo_sim_ws/install/leo_gz_plugins/share/leo_gz_plugins/environment/path.sh
[13.013s] -- Installing: /home/bestteamever/leo_sim_ws/install/leo_gz_plugins/share/leo_gz_plugins/environment/path.dsv
[13.013s] -- Installing: /home/bestteamever/leo_sim_ws/install/leo_gz_plugins/share/leo_gz_plugins/local_setup.bash
[13.013s] -- Installing: /home/bestteamever/leo_sim_ws/install/leo_gz_plugins/share/leo_gz_plugins/local_setup.sh
[13.013s] -- Installing: /home/bestteamever/leo_sim_ws/install/leo_gz_plugins/share/leo_gz_plugins/local_setup.zsh
[13.013s] -- Installing: /home/bestteamever/leo_sim_ws/install/leo_gz_plugins/share/leo_gz_plugins/local_setup.dsv
[13.014s] -- Installing: /home/bestteamever/leo_sim_ws/install/leo_gz_plugins/share/leo_gz_plugins/package.dsv
[13.014s] -- Installing: /home/bestteamever/leo_sim_ws/install/leo_gz_plugins/share/ament_index/resource_index/packages/leo_gz_plugins
[13.014s] -- Installing: /home/bestteamever/leo_sim_ws/install/leo_gz_plugins/share/leo_gz_plugins/cmake/leo_gz_pluginsConfig.cmake
[13.014s] -- Installing: /home/bestteamever/leo_sim_ws/install/leo_gz_plugins/share/leo_gz_plugins/cmake/leo_gz_pluginsConfig-version.cmake
[13.014s] -- Installing: /home/bestteamever/leo_sim_ws/install/leo_gz_plugins/share/leo_gz_plugins/package.xml
[13.015s] Invoked command in '/home/bestteamever/leo_sim_ws/build/leo_gz_plugins' returned '0': CMAKE_PREFIX_PATH=${CMAKE_PREFIX_PATH}:/home/bestteamever/leo_sim_ws/install/navigation_demos:/home/bestteamever/leo_sim_ws/install/leo_description:/opt/ros/humble /usr/bin/cmake --install /home/bestteamever/leo_sim_ws/build/leo_gz_plugins
