[0.336s] Invoking command in '/home/bestteamever/leo_sim_ws/build/pointcloud_to_laserscan': CMAKE_PREFIX_PATH=${CMAKE_PREFIX_PATH}:/home/bestteamever/leo_sim_ws/install/navigation_demos:/home/bestteamever/leo_sim_ws/install/leo_description:/opt/ros/humble /usr/bin/cmake /home/bestteamever/leo_sim_ws/src/pointcloud_to_laserscan-humble -DCMAKE_INSTALL_PREFIX=/home/bestteamever/leo_sim_ws/install/pointcloud_to_laserscan
[0.375s] -- The C compiler identification is GNU 11.4.0
[0.419s] -- The CXX compiler identification is GNU 11.4.0
[0.425s] -- Detecting C compiler ABI info
[0.475s] -- Detecting C compiler ABI info - done
[0.482s] -- Check for working C compiler: /usr/bin/cc - skipped
[0.482s] -- Detecting C compile features
[0.483s] -- Detecting C compile features - done
[0.485s] -- Detecting CXX compiler ABI info
[0.549s] -- Detecting CXX compiler ABI info - done
[0.555s] -- Check for working CXX compiler: /usr/bin/c++ - skipped
[0.555s] -- Detecting CXX compile features
[0.556s] -- Detecting CXX compile features - done
[0.558s] -- Found ament_cmake_auto: 1.3.11 (/opt/ros/humble/share/ament_cmake_auto/cmake)
[0.684s] -- Found Python3: /usr/bin/python3 (found version "3.10.12") found components: Interpreter 
[0.837s] -- Found rosidl_generator_c: 3.1.6 (/opt/ros/humble/share/rosidl_generator_c/cmake)
[0.841s] -- Found rosidl_adapter: 3.1.6 (/opt/ros/humble/share/rosidl_adapter/cmake)
[0.847s] -- Found rosidl_generator_cpp: 3.1.6 (/opt/ros/humble/share/rosidl_generator_cpp/cmake)
[0.855s] -- Using all available rosidl_typesupport_c: rosidl_typesupport_fastrtps_c;rosidl_typesupport_introspection_c
[0.867s] -- Using all available rosidl_typesupport_cpp: rosidl_typesupport_fastrtps_cpp;rosidl_typesupport_introspection_cpp
[0.894s] -- Found rmw_implementation_cmake: 6.1.2 (/opt/ros/humble/share/rmw_implementation_cmake/cmake)
[0.896s] -- Found rmw_fastrtps_cpp: 6.2.7 (/opt/ros/humble/share/rmw_fastrtps_cpp/cmake)
[0.957s] -- Found OpenSSL: /usr/lib/x86_64-linux-gnu/libcrypto.so (found version "3.0.2")  
[0.981s] -- Found FastRTPS: /opt/ros/humble/include  
[1.016s] -- Using RMW implementation 'rmw_fastrtps_cpp' as default
[1.022s] -- Looking for pthread.h
[1.072s] -- Looking for pthread.h - found
[1.072s] -- Performing Test CMAKE_HAVE_LIBC_PTHREAD
[1.129s] -- Performing Test CMAKE_HAVE_LIBC_PTHREAD - Success
[1.130s] -- Found Threads: TRUE  
[1.263s] -- Found ament_lint_auto: 0.12.11 (/opt/ros/humble/share/ament_lint_auto/cmake)
[1.276s] -- Added test 'cppcheck' to perform static code analysis on C / C++ code
[1.277s] -- Configured cppcheck include dirs: /home/bestteamever/leo_sim_ws/src/pointcloud_to_laserscan-humble/include
[1.277s] -- Configured cppcheck exclude dirs and/or files: 
[1.278s] -- Added test 'cpplint' to check C / C++ code against the Google style
[1.278s] -- Configured cpplint exclude dirs and/or files: 
[1.278s] -- Added test 'flake8' to check Python code syntax and style conventions
[1.278s] -- Added test 'lint_cmake' to check CMake code style
[1.278s] -- Added test 'pep257' to check Python code against some of the docstring style conventions in PEP 257
[1.279s] -- Added test 'uncrustify' to check C / C++ code style
[1.279s] -- Configured uncrustify additional arguments: 
[1.279s] -- Added test 'xmllint' to check XML markup files
[1.281s] -- Configuring done
[1.300s] -- Generating done
[1.307s] -- Build files have been written to: /home/bestteamever/leo_sim_ws/build/pointcloud_to_laserscan
[1.314s] Invoked command in '/home/bestteamever/leo_sim_ws/build/pointcloud_to_laserscan' returned '0': CMAKE_PREFIX_PATH=${CMAKE_PREFIX_PATH}:/home/bestteamever/leo_sim_ws/install/navigation_demos:/home/bestteamever/leo_sim_ws/install/leo_description:/opt/ros/humble /usr/bin/cmake /home/bestteamever/leo_sim_ws/src/pointcloud_to_laserscan-humble -DCMAKE_INSTALL_PREFIX=/home/bestteamever/leo_sim_ws/install/pointcloud_to_laserscan
[1.315s] Invoking command in '/home/bestteamever/leo_sim_ws/build/pointcloud_to_laserscan': CMAKE_PREFIX_PATH=${CMAKE_PREFIX_PATH}:/home/bestteamever/leo_sim_ws/install/navigation_demos:/home/bestteamever/leo_sim_ws/install/leo_description:/opt/ros/humble /usr/bin/cmake --build /home/bestteamever/leo_sim_ws/build/pointcloud_to_laserscan -- -j16 -l16
[1.352s] [ 10%] [32mBuilding CXX object CMakeFiles/laserscan_to_pointcloud_node.dir/rclcpp_components/node_main_laserscan_to_pointcloud_node.cpp.o[0m
[1.353s] [ 30%] [32mBuilding CXX object CMakeFiles/pointcloud_to_laserscan_node.dir/rclcpp_components/node_main_pointcloud_to_laserscan_node.cpp.o[0m
[1.353s] [ 30%] [32mBuilding CXX object CMakeFiles/laserscan_to_pointcloud.dir/src/laserscan_to_pointcloud_node.cpp.o[0m
[3.489s] [ 40%] [32m[1mLinking CXX executable laserscan_to_pointcloud_node[0m
[3.637s] [ 40%] Built target laserscan_to_pointcloud_node
[4.616s] [ 50%] [32m[1mLinking CXX executable pointcloud_to_laserscan_node[0m
[4.737s] [ 50%] Built target pointcloud_to_laserscan_node
[9.105s] [ 60%] [32m[1mLinking CXX shared library liblaserscan_to_pointcloud.so[0m
[9.489s] [ 60%] Built target laserscan_to_pointcloud
[9.507s] [ 70%] [32mBuilding CXX object CMakeFiles/pointcloud_to_laserscan.dir/src/pointcloud_to_laserscan_node.cpp.o[0m
[16.177s] [ 80%] [32m[1mLinking CXX shared library libpointcloud_to_laserscan.so[0m
[16.514s] [ 80%] Built target pointcloud_to_laserscan
[16.531s] [ 90%] [32mBuilding CXX object CMakeFiles/dummy_pointcloud_publisher.dir/src/dummy_pointcloud_publisher.cpp.o[0m
[18.961s] [100%] [32m[1mLinking CXX executable dummy_pointcloud_publisher[0m
[19.108s] [100%] Built target dummy_pointcloud_publisher
[19.116s] Invoked command in '/home/bestteamever/leo_sim_ws/build/pointcloud_to_laserscan' returned '0': CMAKE_PREFIX_PATH=${CMAKE_PREFIX_PATH}:/home/bestteamever/leo_sim_ws/install/navigation_demos:/home/bestteamever/leo_sim_ws/install/leo_description:/opt/ros/humble /usr/bin/cmake --build /home/bestteamever/leo_sim_ws/build/pointcloud_to_laserscan -- -j16 -l16
[19.116s] Invoking command in '/home/bestteamever/leo_sim_ws/build/pointcloud_to_laserscan': CMAKE_PREFIX_PATH=${CMAKE_PREFIX_PATH}:/home/bestteamever/leo_sim_ws/install/navigation_demos:/home/bestteamever/leo_sim_ws/install/leo_description:/opt/ros/humble /usr/bin/cmake --install /home/bestteamever/leo_sim_ws/build/pointcloud_to_laserscan
[19.120s] -- Install configuration: ""
[19.120s] -- Installing: /home/bestteamever/leo_sim_ws/install/pointcloud_to_laserscan/lib/pointcloud_to_laserscan/laserscan_to_pointcloud_node
[19.121s] -- Set runtime path of "/home/bestteamever/leo_sim_ws/install/pointcloud_to_laserscan/lib/pointcloud_to_laserscan/laserscan_to_pointcloud_node" to ""
[19.121s] -- Installing: /home/bestteamever/leo_sim_ws/install/pointcloud_to_laserscan/lib/pointcloud_to_laserscan/pointcloud_to_laserscan_node
[19.121s] -- Set runtime path of "/home/bestteamever/leo_sim_ws/install/pointcloud_to_laserscan/lib/pointcloud_to_laserscan/pointcloud_to_laserscan_node" to ""
[19.121s] -- Installing: /home/bestteamever/leo_sim_ws/install/pointcloud_to_laserscan/include
[19.121s] -- Installing: /home/bestteamever/leo_sim_ws/install/pointcloud_to_laserscan/include/pointcloud_to_laserscan
[19.121s] -- Installing: /home/bestteamever/leo_sim_ws/install/pointcloud_to_laserscan/include/pointcloud_to_laserscan/pointcloud_to_laserscan_node.hpp
[19.121s] -- Installing: /home/bestteamever/leo_sim_ws/install/pointcloud_to_laserscan/include/pointcloud_to_laserscan/visibility_control.h
[19.121s] -- Installing: /home/bestteamever/leo_sim_ws/install/pointcloud_to_laserscan/include/pointcloud_to_laserscan/laserscan_to_pointcloud_node.hpp
[19.121s] -- Installing: /home/bestteamever/leo_sim_ws/install/pointcloud_to_laserscan/share/pointcloud_to_laserscan/environment/library_path.sh
[19.121s] -- Installing: /home/bestteamever/leo_sim_ws/install/pointcloud_to_laserscan/share/pointcloud_to_laserscan/environment/library_path.dsv
[19.121s] -- Installing: /home/bestteamever/leo_sim_ws/install/pointcloud_to_laserscan/lib/liblaserscan_to_pointcloud.so
[19.125s] -- Set runtime path of "/home/bestteamever/leo_sim_ws/install/pointcloud_to_laserscan/lib/liblaserscan_to_pointcloud.so" to ""
[19.125s] -- Installing: /home/bestteamever/leo_sim_ws/install/pointcloud_to_laserscan/lib/libpointcloud_to_laserscan.so
[19.129s] -- Set runtime path of "/home/bestteamever/leo_sim_ws/install/pointcloud_to_laserscan/lib/libpointcloud_to_laserscan.so" to ""
[19.129s] -- Installing: /home/bestteamever/leo_sim_ws/install/pointcloud_to_laserscan/lib/pointcloud_to_laserscan/dummy_pointcloud_publisher
[19.129s] -- Set runtime path of "/home/bestteamever/leo_sim_ws/install/pointcloud_to_laserscan/lib/pointcloud_to_laserscan/dummy_pointcloud_publisher" to ""
[19.129s] -- Installing: /home/bestteamever/leo_sim_ws/install/pointcloud_to_laserscan/share/pointcloud_to_laserscan/launch
[19.129s] -- Installing: /home/bestteamever/leo_sim_ws/install/pointcloud_to_laserscan/share/pointcloud_to_laserscan/launch/sample_laserscan_to_pointcloud_launch.py
[19.129s] -- Installing: /home/bestteamever/leo_sim_ws/install/pointcloud_to_laserscan/share/pointcloud_to_laserscan/launch/sample_pointcloud_to_laserscan_launch.py
[19.130s] -- Installing: /home/bestteamever/leo_sim_ws/install/pointcloud_to_laserscan/share/ament_index/resource_index/package_run_dependencies/pointcloud_to_laserscan
[19.130s] -- Installing: /home/bestteamever/leo_sim_ws/install/pointcloud_to_laserscan/share/ament_index/resource_index/parent_prefix_path/pointcloud_to_laserscan
[19.130s] -- Installing: /home/bestteamever/leo_sim_ws/install/pointcloud_to_laserscan/share/pointcloud_to_laserscan/environment/ament_prefix_path.sh
[19.130s] -- Installing: /home/bestteamever/leo_sim_ws/install/pointcloud_to_laserscan/share/pointcloud_to_laserscan/environment/ament_prefix_path.dsv
[19.130s] -- Installing: /home/bestteamever/leo_sim_ws/install/pointcloud_to_laserscan/share/pointcloud_to_laserscan/environment/path.sh
[19.130s] -- Installing: /home/bestteamever/leo_sim_ws/install/pointcloud_to_laserscan/share/pointcloud_to_laserscan/environment/path.dsv
[19.130s] -- Installing: /home/bestteamever/leo_sim_ws/install/pointcloud_to_laserscan/share/pointcloud_to_laserscan/local_setup.bash
[19.130s] -- Installing: /home/bestteamever/leo_sim_ws/install/pointcloud_to_laserscan/share/pointcloud_to_laserscan/local_setup.sh
[19.130s] -- Installing: /home/bestteamever/leo_sim_ws/install/pointcloud_to_laserscan/share/pointcloud_to_laserscan/local_setup.zsh
[19.130s] -- Installing: /home/bestteamever/leo_sim_ws/install/pointcloud_to_laserscan/share/pointcloud_to_laserscan/local_setup.dsv
[19.130s] -- Installing: /home/bestteamever/leo_sim_ws/install/pointcloud_to_laserscan/share/pointcloud_to_laserscan/package.dsv
[19.130s] -- Installing: /home/bestteamever/leo_sim_ws/install/pointcloud_to_laserscan/share/ament_index/resource_index/packages/pointcloud_to_laserscan
[19.130s] -- Installing: /home/bestteamever/leo_sim_ws/install/pointcloud_to_laserscan/share/ament_index/resource_index/rclcpp_components/pointcloud_to_laserscan
[19.130s] -- Installing: /home/bestteamever/leo_sim_ws/install/pointcloud_to_laserscan/share/pointcloud_to_laserscan/cmake/ament_cmake_export_dependencies-extras.cmake
[19.130s] -- Installing: /home/bestteamever/leo_sim_ws/install/pointcloud_to_laserscan/share/pointcloud_to_laserscan/cmake/ament_cmake_export_include_directories-extras.cmake
[19.130s] -- Installing: /home/bestteamever/leo_sim_ws/install/pointcloud_to_laserscan/share/pointcloud_to_laserscan/cmake/ament_cmake_export_libraries-extras.cmake
[19.130s] -- Installing: /home/bestteamever/leo_sim_ws/install/pointcloud_to_laserscan/share/pointcloud_to_laserscan/cmake/pointcloud_to_laserscanConfig.cmake
[19.130s] -- Installing: /home/bestteamever/leo_sim_ws/install/pointcloud_to_laserscan/share/pointcloud_to_laserscan/cmake/pointcloud_to_laserscanConfig-version.cmake
[19.130s] -- Installing: /home/bestteamever/leo_sim_ws/install/pointcloud_to_laserscan/share/pointcloud_to_laserscan/package.xml
[19.132s] Invoked command in '/home/bestteamever/leo_sim_ws/build/pointcloud_to_laserscan' returned '0': CMAKE_PREFIX_PATH=${CMAKE_PREFIX_PATH}:/home/bestteamever/leo_sim_ws/install/navigation_demos:/home/bestteamever/leo_sim_ws/install/leo_description:/opt/ros/humble /usr/bin/cmake --install /home/bestteamever/leo_sim_ws/build/pointcloud_to_laserscan
