[0.681s] Invoking command in '/home/bestteamever/leo_sim_ws/src/navigation_demos': PYTHONPATH=/home/bestteamever/leo_sim_ws/build/navigation_demos/prefix_override:/usr/lib/python3/dist-packages/colcon_core/task/python/colcon_distutils_commands:/home/bestteamever/leo_sim_ws/install/navigation_demos/lib/python3.10/site-packages:${PYTHONPATH} /usr/bin/python3 -W ignore:setup.py install is deprecated -W ignore:easy_install command is deprecated setup.py egg_info --egg-base ../../build/navigation_demos build --build-base /home/bestteamever/leo_sim_ws/build/navigation_demos/build install --record /home/bestteamever/leo_sim_ws/build/navigation_demos/install.log --single-version-externally-managed install_data
[0.824s] running egg_info
[0.824s] creating ../../build/navigation_demos/navigation_demos.egg-info
[0.824s] writing ../../build/navigation_demos/navigation_demos.egg-info/PKG-INFO
[0.824s] writing dependency_links to ../../build/navigation_demos/navigation_demos.egg-info/dependency_links.txt
[0.825s] writing entry points to ../../build/navigation_demos/navigation_demos.egg-info/entry_points.txt
[0.825s] writing requirements to ../../build/navigation_demos/navigation_demos.egg-info/requires.txt
[0.825s] writing top-level names to ../../build/navigation_demos/navigation_demos.egg-info/top_level.txt
[0.825s] writing manifest file '../../build/navigation_demos/navigation_demos.egg-info/SOURCES.txt'
[0.826s] reading manifest file '../../build/navigation_demos/navigation_demos.egg-info/SOURCES.txt'
[0.827s] writing manifest file '../../build/navigation_demos/navigation_demos.egg-info/SOURCES.txt'
[0.827s] running build
[0.827s] running build_py
[0.827s] creating /home/bestteamever/leo_sim_ws/build/navigation_demos/build
[0.827s] creating /home/bestteamever/leo_sim_ws/build/navigation_demos/build/lib
[0.827s] creating /home/bestteamever/leo_sim_ws/build/navigation_demos/build/lib/navigation_demos
[0.827s] copying navigation_demos/exploration.py -> /home/bestteamever/leo_sim_ws/build/navigation_demos/build/lib/navigation_demos
[0.828s] copying navigation_demos/cube_detector.py -> /home/bestteamever/leo_sim_ws/build/navigation_demos/build/lib/navigation_demos
[0.828s] copying navigation_demos/scan_malware.py -> /home/bestteamever/leo_sim_ws/build/navigation_demos/build/lib/navigation_demos
[0.828s] copying navigation_demos/__init__.py -> /home/bestteamever/leo_sim_ws/build/navigation_demos/build/lib/navigation_demos
[0.828s] running install
[0.828s] running install_lib
[0.829s] creating /home/bestteamever/leo_sim_ws/install/navigation_demos/lib/python3.10/site-packages/navigation_demos
[0.829s] copying /home/bestteamever/leo_sim_ws/build/navigation_demos/build/lib/navigation_demos/exploration.py -> /home/bestteamever/leo_sim_ws/install/navigation_demos/lib/python3.10/site-packages/navigation_demos
[0.829s] copying /home/bestteamever/leo_sim_ws/build/navigation_demos/build/lib/navigation_demos/cube_detector.py -> /home/bestteamever/leo_sim_ws/install/navigation_demos/lib/python3.10/site-packages/navigation_demos
[0.829s] copying /home/bestteamever/leo_sim_ws/build/navigation_demos/build/lib/navigation_demos/scan_malware.py -> /home/bestteamever/leo_sim_ws/install/navigation_demos/lib/python3.10/site-packages/navigation_demos
[0.829s] copying /home/bestteamever/leo_sim_ws/build/navigation_demos/build/lib/navigation_demos/__init__.py -> /home/bestteamever/leo_sim_ws/install/navigation_demos/lib/python3.10/site-packages/navigation_demos
[0.829s] byte-compiling /home/bestteamever/leo_sim_ws/install/navigation_demos/lib/python3.10/site-packages/navigation_demos/exploration.py to exploration.cpython-310.pyc
[0.830s] byte-compiling /home/bestteamever/leo_sim_ws/install/navigation_demos/lib/python3.10/site-packages/navigation_demos/cube_detector.py to cube_detector.cpython-310.pyc
[0.830s] byte-compiling /home/bestteamever/leo_sim_ws/install/navigation_demos/lib/python3.10/site-packages/navigation_demos/scan_malware.py to scan_malware.cpython-310.pyc
[0.831s] byte-compiling /home/bestteamever/leo_sim_ws/install/navigation_demos/lib/python3.10/site-packages/navigation_demos/__init__.py to __init__.cpython-310.pyc
[0.831s] running install_data
[0.831s] creating /home/bestteamever/leo_sim_ws/install/navigation_demos/share/ament_index
[0.831s] creating /home/bestteamever/leo_sim_ws/install/navigation_demos/share/ament_index/resource_index
[0.831s] creating /home/bestteamever/leo_sim_ws/install/navigation_demos/share/ament_index/resource_index/packages
[0.831s] copying resource/navigation_demos -> /home/bestteamever/leo_sim_ws/install/navigation_demos/share/ament_index/resource_index/packages
[0.831s] copying package.xml -> /home/bestteamever/leo_sim_ws/install/navigation_demos/share/navigation_demos
[0.831s] creating /home/bestteamever/leo_sim_ws/install/navigation_demos/share/navigation_demos/launch
[0.832s] copying launch/nav_demo_1.launch.py -> /home/bestteamever/leo_sim_ws/install/navigation_demos/share/navigation_demos/launch
[0.832s] copying launch/nav_merged_lidar.launch.py -> /home/bestteamever/leo_sim_ws/install/navigation_demos/share/navigation_demos/launch
[0.832s] creating /home/bestteamever/leo_sim_ws/install/navigation_demos/share/navigation_demos/config
[0.832s] copying config/bt_nav.yaml -> /home/bestteamever/leo_sim_ws/install/navigation_demos/share/navigation_demos/config
[0.832s] copying config/slam_params.yaml -> /home/bestteamever/leo_sim_ws/install/navigation_demos/share/navigation_demos/config
[0.832s] copying config/nav_params_for_merged.yaml -> /home/bestteamever/leo_sim_ws/install/navigation_demos/share/navigation_demos/config
[0.832s] copying config/controller.yaml -> /home/bestteamever/leo_sim_ws/install/navigation_demos/share/navigation_demos/config
[0.832s] copying config/nav_params.yaml -> /home/bestteamever/leo_sim_ws/install/navigation_demos/share/navigation_demos/config
[0.832s] copying config/maze.yaml -> /home/bestteamever/leo_sim_ws/install/navigation_demos/share/navigation_demos/config
[0.832s] copying config/planner.yaml -> /home/bestteamever/leo_sim_ws/install/navigation_demos/share/navigation_demos/config
[0.832s] running install_egg_info
[0.834s] Copying ../../build/navigation_demos/navigation_demos.egg-info to /home/bestteamever/leo_sim_ws/install/navigation_demos/lib/python3.10/site-packages/navigation_demos-0.0.0-py3.10.egg-info
[0.835s] running install_scripts
[0.850s] Installing cube_detector script to /home/bestteamever/leo_sim_ws/install/navigation_demos/lib/navigation_demos
[0.850s] Installing exploration script to /home/bestteamever/leo_sim_ws/install/navigation_demos/lib/navigation_demos
[0.850s] Installing scan_malware script to /home/bestteamever/leo_sim_ws/install/navigation_demos/lib/navigation_demos
[0.851s] writing list of installed files to '/home/bestteamever/leo_sim_ws/build/navigation_demos/install.log'
[0.869s] Invoked command in '/home/bestteamever/leo_sim_ws/src/navigation_demos' returned '0': PYTHONPATH=/home/bestteamever/leo_sim_ws/build/navigation_demos/prefix_override:/usr/lib/python3/dist-packages/colcon_core/task/python/colcon_distutils_commands:/home/bestteamever/leo_sim_ws/install/navigation_demos/lib/python3.10/site-packages:${PYTHONPATH} /usr/bin/python3 -W ignore:setup.py install is deprecated -W ignore:easy_install command is deprecated setup.py egg_info --egg-base ../../build/navigation_demos build --build-base /home/bestteamever/leo_sim_ws/build/navigation_demos/build install --record /home/bestteamever/leo_sim_ws/build/navigation_demos/install.log --single-version-externally-managed install_data
